Loss	
 6.9342e-01	
 6.7786e-01	
 6.5543e-01	
 6.0668e-01	
 5.1786e-01	
 4.4438e-01	
 4.1976e-01	
 4.1093e-01	
 4.0479e-01	
 3.9836e-01	
 3.9116e-01	
 3.8687e-01	
 3.8061e-01	
 3.7778e-01	
 3.7143e-01	
 3.6701e-01	
 3.6146e-01	
 3.5912e-01	
 3.5495e-01	
 3.5044e-01	
 3.4635e-01	
 3.4214e-01	
 3.3711e-01	
 3.3400e-01	
 3.3208e-01	
 3.2994e-01	
 3.2994e-01	
 3.3138e-01	
 3.3271e-01	
 3.3377e-01	
 3.3430e-01	
 3.3245e-01	
 3.3243e-01	
 3.3165e-01	
 3.3134e-01	
 3.3087e-01	
 3.3088e-01	
 3.3026e-01	
 3.3068e-01	
 3.3005e-01	
 3.3049e-01	
 3.2977e-01	
 3.2963e-01	
 3.2910e-01	
 3.2902e-01	
 3.2784e-01	
 3.2709e-01	
 3.2607e-01	
 3.2618e-01	
 3.2628e-01	
 3.2566e-01	
 3.2491e-01	
 3.2561e-01	
 3.2741e-01	
 3.2743e-01	
 3.2810e-01	
 3.2860e-01	
 3.2888e-01	
 3.2865e-01	
 3.2866e-01	
 3.2909e-01	
 3.2887e-01	
 3.2871e-01	
 3.2845e-01	
 3.2814e-01	
 3.2790e-01	
 3.2800e-01	
 3.2739e-01	
 3.2761e-01	
 3.2681e-01	
 3.2666e-01	
 3.2691e-01	
 3.2689e-01	
 3.2683e-01	
 3.2675e-01	
 3.2694e-01	
 3.2673e-01	
 3.2726e-01	
 3.2728e-01	
 3.2829e-01	
 3.2838e-01	
 3.2801e-01	
 3.2831e-01	
 3.2831e-01	
 3.2788e-01	
 3.2774e-01	
 3.2716e-01	
 3.2728e-01	
 3.2707e-01	
 3.2685e-01	
 3.2636e-01	
 3.2676e-01	
 3.2649e-01	
 3.2612e-01	
 3.2662e-01	
 3.2611e-01	
 3.2588e-01	
 3.2576e-01	
 3.2640e-01	
 3.2621e-01	
 3.2631e-01	
 3.2635e-01	
 3.2603e-01	
 3.2753e-01	
 3.2722e-01	
 3.2647e-01	
 3.2692e-01	
 3.2718e-01	
 3.2696e-01	
 3.2700e-01	
 3.2651e-01	
 3.2713e-01	
 3.2687e-01	
 3.2683e-01	
 3.2671e-01	
 3.2614e-01	
 3.2531e-01	
