Loss	
 6.9342e-01	
 6.7786e-01	
 6.5543e-01	
 6.0668e-01	
 5.1786e-01	
 4.4438e-01	
 4.1976e-01	
 4.1093e-01	
 4.0479e-01	
 3.9836e-01	
 3.9116e-01	
 3.8687e-01	
 3.8061e-01	
 3.7778e-01	
 3.7143e-01	
 3.6701e-01	
 3.6146e-01	
 3.5912e-01	
 3.5495e-01	
 3.5044e-01	
 3.4635e-01	
 3.4214e-01	
 3.3711e-01	
 3.3400e-01	
 3.3208e-01	
 3.2994e-01	
 3.2994e-01	
 3.3138e-01	
 3.3271e-01	
 3.3377e-01	
 3.3430e-01	
 3.3245e-01	
 3.3243e-01	
 3.3165e-01	
 3.3134e-01	
 3.3087e-01	
 3.3088e-01	
 3.3026e-01	
 3.3068e-01	
 3.3005e-01	
 3.3049e-01	
 3.2977e-01	
 3.2963e-01	
 3.2910e-01	
 3.2902e-01	
 3.2784e-01	
 3.2709e-01	
 3.2607e-01	
 3.2618e-01	
 3.2628e-01	
 3.2566e-01	
 3.2491e-01	
 3.2561e-01	
 3.2741e-01	
 3.2743e-01	
 3.2810e-01	
 3.2860e-01	
 3.2888e-01	
 3.2865e-01	
 3.2866e-01	
 3.2909e-01	
 3.2887e-01	
 3.2871e-01	
 3.2845e-01	
 3.2814e-01	
 3.2790e-01	
 3.2800e-01	
 3.2739e-01	
 3.2761e-01	
 3.2681e-01	
 3.2666e-01	
 3.2691e-01	
 3.2689e-01	
 3.2683e-01	
 3.2675e-01	
 3.2694e-01	
 3.2673e-01	
 3.2726e-01	
 3.2728e-01	
 3.2829e-01	
 3.2838e-01	
 3.2801e-01	
 3.2831e-01	
 3.2831e-01	
 3.2788e-01	
 3.2774e-01	
 3.2716e-01	
 3.2728e-01	
 3.2707e-01	
 3.2685e-01	
 3.2636e-01	
 3.2676e-01	
 3.2649e-01	
 3.2612e-01	
 3.2662e-01	
 3.2611e-01	
 3.2588e-01	
 3.2576e-01	
 3.2640e-01	
 3.2621e-01	
 3.2631e-01	
 3.2635e-01	
 3.2603e-01	
 3.2753e-01	
 3.2722e-01	
 3.2647e-01	
 3.2692e-01	
 3.2718e-01	
 3.2696e-01	
 3.2700e-01	
 3.2651e-01	
 3.2713e-01	
 3.2687e-01	
 3.2683e-01	
 3.2671e-01	
 3.2614e-01	
 3.2531e-01	
 3.2636e-01	
 3.2609e-01	
 3.2639e-01	
 3.2600e-01	
 3.2685e-01	
 3.2654e-01	
 3.2642e-01	
 3.2633e-01	
 3.2604e-01	
 3.2607e-01	
 3.2624e-01	
 3.2649e-01	
 3.2625e-01	
 3.2653e-01	
 3.2689e-01	
 3.2732e-01	
 3.2735e-01	
 3.2746e-01	
 3.2779e-01	
 3.2755e-01	
 3.2782e-01	
 3.2795e-01	
 3.2758e-01	
 3.2669e-01	
 3.2660e-01	
 3.2616e-01	
 3.2632e-01	
 3.2670e-01	
 3.2643e-01	
 3.2576e-01	
 3.2590e-01	
 3.2645e-01	
 3.2609e-01	
 3.2597e-01	
 3.2645e-01	
 3.2642e-01	
 3.2670e-01	
 3.2647e-01	
 3.2615e-01	
 3.2670e-01	
 3.2658e-01	
 3.2626e-01	
 3.2657e-01	
 3.2605e-01	
 3.2582e-01	
 3.2564e-01	
 3.2533e-01	
 3.2519e-01	
 3.2538e-01	
 3.2523e-01	
 3.2523e-01	
 3.2552e-01	
 3.2528e-01	
 3.2567e-01	
 3.2578e-01	
 3.2582e-01	
 3.2622e-01	
 3.2604e-01	
 3.2665e-01	
 3.2667e-01	
 3.2653e-01	
 3.2633e-01	
 3.2676e-01	
 3.2719e-01	
 3.2726e-01	
 3.2711e-01	
 3.2762e-01	
 3.2756e-01	
 3.2715e-01	
 3.2703e-01	
 3.2725e-01	
 3.2680e-01	
 3.2684e-01	
 3.2669e-01	
 3.2645e-01	
 3.2615e-01	
 3.2567e-01	
 3.2514e-01	
 3.2457e-01	
 3.2465e-01	
 3.2473e-01	
 3.2361e-01	
 3.2409e-01	
 3.2415e-01	
 3.2359e-01	
 3.2336e-01	
 3.2228e-01	
 3.2144e-01	
 3.2165e-01	
 3.2049e-01	
 3.2139e-01	
 3.2085e-01	
 3.1894e-01	
 3.1889e-01	
 3.1824e-01	
 3.1878e-01	
 3.2049e-01	
 3.1783e-01	
 3.1850e-01	
 3.1878e-01	
 3.1827e-01	
 3.1904e-01	
 3.1585e-01	
 3.1527e-01	
 3.1381e-01	
 3.1676e-01	
 3.1935e-01	
 3.1886e-01	
 3.1697e-01	
 3.1619e-01	
 3.1561e-01	
 3.1526e-01	
 3.1490e-01	
 3.1662e-01	
 3.1616e-01	
 3.1566e-01	
 3.1304e-01	
 3.1180e-01	
 3.1375e-01	
 3.1533e-01	
 3.1705e-01	
 3.1381e-01	
 3.1338e-01	
 3.1301e-01	
 3.1089e-01	
 3.1153e-01	
 3.1158e-01	
 3.1208e-01	
 3.1257e-01	
 3.1093e-01	
 3.1279e-01	
 3.1190e-01	
 3.1420e-01	
 3.1307e-01	
 3.1264e-01	
 3.1176e-01	
 3.1331e-01	
 3.0899e-01	
 3.1142e-01	
 3.1232e-01	
 3.0971e-01	
 3.1277e-01	
 3.0900e-01	
 3.0786e-01	
 3.0802e-01	
 3.0625e-01	
 3.0871e-01	
 3.0795e-01	
 3.0991e-01	
 3.1299e-01	
 3.0977e-01	
 3.1131e-01	
 3.1104e-01	
 3.0813e-01	
 3.0844e-01	
 3.0426e-01	
 3.0838e-01	
 3.0886e-01	
 3.0966e-01	
 3.0605e-01	
 3.0889e-01	
 3.0651e-01	
 3.0848e-01	
 3.0534e-01	
 3.0889e-01	
 3.1002e-01	
 3.0761e-01	
 3.0901e-01	
 3.0676e-01	
 3.0620e-01	
 3.0963e-01	
 3.1050e-01	
 3.0955e-01	
 3.0923e-01	
 3.1203e-01	
 3.0621e-01	
 3.0421e-01	
 3.0618e-01	
 3.0543e-01	
 3.0831e-01	
 3.1028e-01	
 3.1034e-01	
 3.0571e-01	
 3.0644e-01	
 3.0324e-01	
 3.0554e-01	
 3.0732e-01	
 3.0891e-01	
 3.0525e-01	
 3.0781e-01	
 3.0935e-01	
 3.0252e-01	
 3.0252e-01	
 3.0555e-01	
 3.0546e-01	
 3.0429e-01	
 3.0574e-01	
 3.0357e-01	
 3.0342e-01	
 3.0740e-01	
 3.0611e-01	
 3.0478e-01	
 3.0904e-01	
 3.0464e-01	
 3.0647e-01	
 3.0628e-01	
 3.0468e-01	
 3.0320e-01	
 3.0767e-01	
 3.0384e-01	
 3.0622e-01	
 3.0389e-01	
 3.0144e-01	
 3.0444e-01	
 3.0556e-01	
 3.0273e-01	
 3.0285e-01	
 3.0421e-01	
 3.0101e-01	
 3.0548e-01	
 3.0407e-01	
 3.0056e-01	
 3.0588e-01	
 2.9817e-01	
 3.0012e-01	
 3.0223e-01	
 3.0071e-01	
 3.0198e-01	
 3.0309e-01	
 3.0363e-01	
 2.9944e-01	
 3.0298e-01	
 2.9930e-01	
 3.0040e-01	
 2.9957e-01	
 3.0195e-01	
 3.0380e-01	
 3.0144e-01	
 2.9803e-01	
 2.9889e-01	
 3.0412e-01	
 2.9992e-01	
 2.9748e-01	
 3.0254e-01	
 3.0072e-01	
 2.9861e-01	
 2.9711e-01	
 2.9873e-01	
 2.9661e-01	
 2.9724e-01	
 2.9966e-01	
 2.9946e-01	
 3.0267e-01	
 3.0458e-01	
 3.0327e-01	
 2.9836e-01	
 2.9881e-01	
 3.0014e-01	
 2.9890e-01	
 3.0170e-01	
 3.0538e-01	
 3.0239e-01	
 3.0489e-01	
 3.0008e-01	
 2.9885e-01	
 3.0180e-01	
 3.0040e-01	
 2.9702e-01	
 3.0072e-01	
 3.0174e-01	
 2.9884e-01	
 2.9489e-01	
 2.9987e-01	
 2.9774e-01	
 3.0204e-01	
 2.9756e-01	
 2.9545e-01	
 3.0059e-01	
 2.9946e-01	
 3.0346e-01	
 3.0144e-01	
 2.9541e-01	
 2.9904e-01	
 2.9587e-01	
 2.9855e-01	
 2.9971e-01	
 3.0308e-01	
 2.9762e-01	
 3.0475e-01	
 3.0094e-01	
 3.0090e-01	
 2.9585e-01	
 2.9655e-01	
 3.0128e-01	
 3.0185e-01	
 3.0187e-01	
 2.9590e-01	
 2.9846e-01	
 2.9834e-01	
 2.9556e-01	
 2.9812e-01	
 3.0054e-01	
 2.9661e-01	
 2.9321e-01	
 2.9986e-01	
 2.9898e-01	
 2.9856e-01	
 3.0162e-01	
 2.9452e-01	
 2.9933e-01	
 2.9800e-01	
 3.0016e-01	
 3.0126e-01	
 2.9819e-01	
 2.9631e-01	
 3.0232e-01	
 2.9767e-01	
 2.9680e-01	
 2.9517e-01	
 2.9696e-01	
 2.9808e-01	
 2.9231e-01	
 2.9746e-01	
 2.9786e-01	
 2.9811e-01	
 2.9649e-01	
 2.9450e-01	
 2.9863e-01	
 2.9437e-01	
 2.9432e-01	
 2.9511e-01	
 2.9231e-01	
 2.9710e-01	
 2.9686e-01	
 2.9710e-01	
 2.9398e-01	
 2.9630e-01	
 2.9670e-01	
 2.9462e-01	
 2.9515e-01	
 2.9761e-01	
 3.0023e-01	
 2.9328e-01	
 2.9410e-01	
 2.9718e-01	
 2.9158e-01	
 2.9386e-01	
 2.9960e-01	
 2.9654e-01	
 2.9427e-01	
 3.0093e-01	
 2.9756e-01	
 2.9385e-01	
 2.9523e-01	
 2.9815e-01	
 2.9616e-01	
 2.9255e-01	
 2.9750e-01	
 2.9289e-01	
 2.9669e-01	
 2.9841e-01	
 2.9768e-01	
 2.9237e-01	
 2.9459e-01	
 2.9738e-01	
 2.9436e-01	
 2.9596e-01	
 2.9259e-01	
 2.9528e-01	
 2.9265e-01	
 2.9522e-01	
 2.9833e-01	
 2.9458e-01	
 2.9884e-01	
 2.9796e-01	
 2.9356e-01	
 2.9296e-01	
 2.9324e-01	
 2.9451e-01	
 2.8615e-01	
 2.9347e-01	
 2.9271e-01	
 2.8829e-01	
 2.9024e-01	
 2.9477e-01	
 2.9799e-01	
 2.9595e-01	
 2.9436e-01	
 2.9294e-01	
 2.9495e-01	
 2.9568e-01	
 2.9138e-01	
 2.8746e-01	
 2.9338e-01	
 2.9167e-01	
 2.9301e-01	
 2.9461e-01	
 2.9062e-01	
 2.8843e-01	
 2.9109e-01	
 2.9603e-01	
 2.9266e-01	
 3.0040e-01	
 2.9294e-01	
 2.9196e-01	
 2.9304e-01	
 2.9458e-01	
 2.8303e-01	
 2.8764e-01	
 2.9377e-01	
 2.9540e-01	
 2.9391e-01	
 2.9031e-01	
 2.9666e-01	
 2.8930e-01	
 2.9286e-01	
 2.9677e-01	
 2.8890e-01	
 2.8917e-01	
 2.8612e-01	
 2.8847e-01	
 2.9214e-01	
 2.9503e-01	
 2.8943e-01	
 2.9136e-01	
 2.9117e-01	
 2.9025e-01	
 2.9399e-01	
 2.8879e-01	
 2.8937e-01	
 2.9565e-01	
 2.9146e-01	
 2.9193e-01	
 2.9371e-01	
 2.9409e-01	
 2.9371e-01	
 2.8673e-01	
 2.8855e-01	
 2.9611e-01	
 2.9279e-01	
 2.9051e-01	
 2.9466e-01	
 2.8934e-01	
 2.8889e-01	
 2.9202e-01	
 2.9040e-01	
 2.8964e-01	
 2.9499e-01	
 2.8579e-01	
 2.9143e-01	
 2.9002e-01	
 2.8806e-01	
 2.8677e-01	
 2.8646e-01	
 2.8952e-01	
 2.9042e-01	
 2.8687e-01	
 2.8889e-01	
 2.9302e-01	
 2.9076e-01	
 2.8407e-01	
 2.9332e-01	
 2.8773e-01	
 2.8678e-01	
 2.8770e-01	
 2.8523e-01	
 2.9458e-01	
 2.8974e-01	
 2.8644e-01	
 2.9196e-01	
 2.9391e-01	
 2.9152e-01	
 2.9339e-01	
 2.8880e-01	
 2.8701e-01	
 2.8439e-01	
 2.8653e-01	
 2.8643e-01	
 2.8891e-01	
 2.8748e-01	
 2.9083e-01	
 2.9193e-01	
 2.8824e-01	
 2.9399e-01	
 2.8872e-01	
 2.8582e-01	
 2.9018e-01	
 2.9052e-01	
 2.8919e-01	
 2.8947e-01	
 2.8833e-01	
 2.9169e-01	
 2.8564e-01	
 2.8784e-01	
 2.8663e-01	
 2.8865e-01	
 2.8528e-01	
 2.8609e-01	
 2.9431e-01	
 2.9177e-01	
 2.9178e-01	
 2.9105e-01	
 2.8731e-01	
 2.8525e-01	
 2.9119e-01	
 2.8944e-01	
 2.8550e-01	
 2.8954e-01	
 2.9078e-01	
 2.8908e-01	
 2.8508e-01	
 2.8914e-01	
 2.8791e-01	
 2.8829e-01	
 2.9345e-01	
 2.8470e-01	
 2.8370e-01	
 2.8570e-01	
 2.8779e-01	
 2.8896e-01	
 2.8708e-01	
 2.9024e-01	
 2.8726e-01	
 2.8849e-01	
 2.8991e-01	
 2.8976e-01	
 2.8463e-01	
 2.9041e-01	
 2.8899e-01	
 2.8559e-01	
 2.8616e-01	
 2.8966e-01	
 2.8958e-01	
 2.8779e-01	
 2.8177e-01	
 2.8550e-01	
 2.8509e-01	
 2.8476e-01	
 2.9135e-01	
 2.8988e-01	
 2.8940e-01	
 2.8211e-01	
 2.8468e-01	
 2.8468e-01	
 2.8223e-01	
 2.8435e-01	
 2.8701e-01	
 2.8711e-01	
 2.8408e-01	
 2.8623e-01	
 2.8837e-01	
 2.8232e-01	
 2.8702e-01	
 2.8633e-01	
 2.8326e-01	
 2.8677e-01	
 2.8310e-01	
 2.8315e-01	
 2.8492e-01	
 2.8365e-01	
 2.8660e-01	
 2.8569e-01	
 2.8446e-01	
 2.8826e-01	
 2.8431e-01	
 2.8330e-01	
 2.8391e-01	
 2.8473e-01	
 2.8330e-01	
 2.8805e-01	
 2.8633e-01	
 2.8510e-01	
 2.8439e-01	
 2.8947e-01	
 2.8501e-01	
 2.8406e-01	
 2.8432e-01	
 2.8593e-01	
 2.8173e-01	
 2.8486e-01	
 2.8583e-01	
 2.8859e-01	
 2.8348e-01	
 2.8694e-01	
 2.8774e-01	
 2.8232e-01	
 2.8244e-01	
 2.8705e-01	
 2.8565e-01	
 2.8533e-01	
 2.8560e-01	
 2.8521e-01	
 2.7694e-01	
 2.8567e-01	
 2.8902e-01	
 2.8595e-01	
 2.8198e-01	
 2.8436e-01	
 2.8496e-01	
 2.8354e-01	
 2.8636e-01	
 2.8224e-01	
 2.8474e-01	
 2.8477e-01	
 2.8594e-01	
 2.8885e-01	
 2.8643e-01	
 2.8448e-01	
 2.8631e-01	
 2.8798e-01	
 2.8379e-01	
 2.8567e-01	
 2.8816e-01	
 2.8536e-01	
 2.8231e-01	
 2.8340e-01	
 2.8022e-01	
 2.8246e-01	
 2.8589e-01	
 2.8541e-01	
 2.8456e-01	
 2.8448e-01	
 2.8124e-01	
 2.7850e-01	
 2.8321e-01	
 2.8535e-01	
 2.8582e-01	
 2.8133e-01	
 2.7793e-01	
 2.8144e-01	
 2.8154e-01	
 2.8724e-01	
 2.8617e-01	
 2.8012e-01	
 2.8058e-01	
 2.8681e-01	
 2.8889e-01	
 2.9109e-01	
 2.8760e-01	
 2.8658e-01	
 2.9026e-01	
 2.8985e-01	
 2.8062e-01	
 2.8379e-01	
 2.8548e-01	
 2.7937e-01	
 2.8535e-01	
 2.8389e-01	
 2.8285e-01	
 2.8316e-01	
 2.8248e-01	
 2.8622e-01	
 2.8904e-01	
 2.8762e-01	
 2.9132e-01	
 2.8209e-01	
 2.8395e-01	
 2.8988e-01	
 2.8687e-01	
 2.8450e-01	
 2.8387e-01	
 2.8257e-01	
 2.8253e-01	
 2.8578e-01	
 2.8043e-01	
 2.7940e-01	
 2.8582e-01	
 2.8888e-01	
 2.9156e-01	
 2.8777e-01	
 2.8303e-01	
 2.8284e-01	
 2.8191e-01	
 2.8216e-01	
 2.7956e-01	
 2.8628e-01	
 2.8536e-01	
 2.8480e-01	
 2.8556e-01	
 2.8029e-01	
 2.8228e-01	
 2.8564e-01	
 2.8656e-01	
 2.8190e-01	
 2.8367e-01	
 2.8908e-01	
 2.8539e-01	
 2.8215e-01	
 2.8497e-01	
 2.8410e-01	
 2.8453e-01	
 2.8665e-01	
 2.8533e-01	
 2.7879e-01	
 2.8565e-01	
 2.8340e-01	
 2.8396e-01	
 2.8557e-01	
 2.8350e-01	
 2.8217e-01	
 2.8030e-01	
 2.8016e-01	
 2.8323e-01	
 2.7782e-01	
 2.8606e-01	
 2.8386e-01	
 2.8566e-01	
 2.8481e-01	
 2.8348e-01	
 2.8574e-01	
 2.7640e-01	
 2.7822e-01	
 2.8241e-01	
 2.7667e-01	
 2.8268e-01	
 2.7899e-01	
 2.8107e-01	
 2.8266e-01	
 2.8441e-01	
 2.8031e-01	
 2.8109e-01	
 2.8044e-01	
 2.8014e-01	
 2.8060e-01	
 2.8331e-01	
 2.8018e-01	
 2.8253e-01	
 2.8451e-01	
 2.8135e-01	
 2.8271e-01	
 2.8199e-01	
 2.8512e-01	
 2.8315e-01	
 2.8429e-01	
 2.7976e-01	
 2.8289e-01	
 2.8236e-01	
 2.8262e-01	
 2.8500e-01	
 2.7764e-01	
 2.8369e-01	
 2.7931e-01	
 2.7797e-01	
 2.8039e-01	
 2.8393e-01	
 2.8301e-01	
 2.8208e-01	
 2.8312e-01	
 2.8763e-01	
 2.8380e-01	
 2.8498e-01	
 2.8770e-01	
 2.8157e-01	
 2.8471e-01	
 2.8687e-01	
 2.8042e-01	
 2.7749e-01	
 2.8045e-01	
 2.8017e-01	
 2.8385e-01	
 2.8369e-01	
 2.7957e-01	
 2.8141e-01	
 2.7973e-01	
 2.7686e-01	
 2.8129e-01	
 2.8246e-01	
 2.7965e-01	
 2.8345e-01	
 2.8028e-01	
 2.7785e-01	
 2.7647e-01	
 2.7772e-01	
 2.8096e-01	
 2.7400e-01	
 2.7874e-01	
 2.7734e-01	
 2.7917e-01	
 2.8131e-01	
 2.8263e-01	
 2.8596e-01	
 2.8031e-01	
 2.8000e-01	
 2.8248e-01	
 2.8330e-01	
 2.7882e-01	
 2.7950e-01	
 2.8059e-01	
 2.7794e-01	
 2.8154e-01	
 2.8495e-01	
 2.7915e-01	
 2.7852e-01	
 2.7913e-01	
 2.8331e-01	
 2.8059e-01	
 2.8211e-01	
 2.8497e-01	
 2.7877e-01	
 2.7742e-01	
 2.7482e-01	
 2.7777e-01	
 2.8223e-01	
 2.8030e-01	
 2.8234e-01	
 2.7448e-01	
 2.7671e-01	
 2.8544e-01	
 2.8353e-01	
 2.8572e-01	
 2.7930e-01	
 2.8263e-01	
 2.7967e-01	
 2.8005e-01	
 2.8263e-01	
 2.8009e-01	
 2.7852e-01	
 2.8132e-01	
 2.8175e-01	
 2.7926e-01	
 2.8677e-01	
 2.7981e-01	
 2.7959e-01	
 2.8336e-01	
 2.7999e-01	
 2.8321e-01	
 2.8668e-01	
 2.8703e-01	
 2.8052e-01	
 2.8596e-01	
 2.8010e-01	
 2.7878e-01	
 2.8149e-01	
 2.9661e-01	
 2.7506e-01	
 2.9497e-01	
 2.8088e-01	
 2.8525e-01	
 2.8171e-01	
 2.8014e-01	
 2.7615e-01	
 2.8940e-01	
 3.0050e-01	
 2.9615e-01	
 2.8456e-01	
 2.7850e-01	
 2.7850e-01	
 2.7726e-01	
 2.7579e-01	
 2.7726e-01	
 2.7693e-01	
 2.7086e-01	
 2.6904e-01	
 2.8111e-01	
 2.8186e-01	
 2.8549e-01	
 2.8548e-01	
 2.8613e-01	
 2.8563e-01	
 2.8614e-01	
 2.8173e-01	
 2.8692e-01	
 2.8264e-01	
 2.8461e-01	
 2.8364e-01	
 2.8499e-01	
 2.8295e-01	
 2.7903e-01	
 2.8338e-01	
 2.8308e-01	
 2.8056e-01	
 2.8027e-01	
 2.7728e-01	
 2.7866e-01	
 2.7632e-01	
 2.7810e-01	
 2.8241e-01	
 2.7615e-01	
 2.7373e-01	
 2.8071e-01	
 2.8207e-01	
 2.8346e-01	
 2.7957e-01	
 2.8147e-01	
 2.8521e-01	
 2.8119e-01	
 2.8402e-01	
 2.8759e-01	
 2.8113e-01	
 2.8032e-01	
 2.7753e-01	
 2.7979e-01	
 2.8253e-01	
 2.8352e-01	
 2.7893e-01	
 2.7957e-01	
 2.8126e-01	
 2.7851e-01	
 2.7898e-01	
 2.7757e-01	
 2.7748e-01	
 2.7563e-01	
 2.8123e-01	
 2.7889e-01	
 2.8467e-01	
 2.7991e-01	
 2.8120e-01	
 2.7765e-01	
 2.8125e-01	
 2.8308e-01	
 2.7754e-01	
 2.8404e-01	
 2.8135e-01	
 2.8787e-01	
 2.8232e-01	
 2.8520e-01	
 2.8206e-01	
 2.7960e-01	
 2.8337e-01	
 2.7457e-01	
 2.7357e-01	
 2.8251e-01	
 2.8235e-01	
 2.7918e-01	
 2.7699e-01	
 2.8196e-01	
 2.7437e-01	
 2.7589e-01	
 2.8085e-01	
 2.8249e-01	
 2.7961e-01	
 2.7556e-01	
 2.8623e-01	
 2.8419e-01	
 2.8208e-01	
 2.8356e-01	
 2.8723e-01	
 2.8196e-01	
 2.8080e-01	
 2.7799e-01	
 2.8122e-01	
 2.7813e-01	
 2.8765e-01	
 2.8363e-01	
 2.7781e-01	
 2.7993e-01	
 2.8238e-01	
 2.7684e-01	
 2.8328e-01	
 2.7988e-01	
 2.8271e-01	
 2.7976e-01	
 2.8247e-01	
 2.8154e-01	
 2.7716e-01	
 2.8070e-01	
 2.7839e-01	
 2.8442e-01	
 2.7882e-01	
 2.8344e-01	
 2.8314e-01	
 2.7839e-01	
 2.7860e-01	
 2.8167e-01	
 2.8088e-01	
 2.7847e-01	
 2.7747e-01	
 2.8250e-01	
 2.8097e-01	
 2.7841e-01	
 2.8157e-01	
 2.8263e-01	
 2.8373e-01	
 2.7624e-01	
 2.8049e-01	
 2.7845e-01	
 2.8597e-01	
 2.8202e-01	
 2.8002e-01	
 2.7920e-01	
 2.8029e-01	
 2.7812e-01	
 2.7891e-01	
 2.8072e-01	
 2.7848e-01	
 2.8012e-01	
 2.8416e-01	
 2.7834e-01	
 2.7606e-01	
 2.8458e-01	
 2.8440e-01	
 2.8478e-01	
 2.7765e-01	
 2.7983e-01	
 2.8168e-01	
 2.7762e-01	
 2.7682e-01	
 2.8042e-01	
 2.8126e-01	
 2.7834e-01	
 2.8112e-01	
 2.7532e-01	
 2.8604e-01	
 2.7823e-01	
 2.8136e-01	
 2.7758e-01	
 2.8525e-01	
 2.7961e-01	
 2.8134e-01	
 2.7811e-01	
 2.8029e-01	
 2.7471e-01	
 2.7925e-01	
 2.8351e-01	
 2.8456e-01	
 2.7798e-01	
 2.7795e-01	
 2.8677e-01	
 2.7783e-01	
 2.8258e-01	
 2.8249e-01	
 2.8181e-01	
 2.7971e-01	
 2.8705e-01	
 2.9085e-01	
 2.8697e-01	
 2.8565e-01	
 2.7999e-01	
 2.8051e-01	
 2.7619e-01	
 2.8234e-01	
 2.8053e-01	
 2.7966e-01	
 2.7904e-01	
 2.8099e-01	
 2.8218e-01	
 2.7509e-01	
 2.8104e-01	
 2.7727e-01	
 2.7986e-01	
 2.7972e-01	
 2.7769e-01	
 2.7782e-01	
 2.7976e-01	
 2.7753e-01	
 2.7826e-01	
 2.7942e-01	
 2.7030e-01	
 2.8156e-01	
 2.8646e-01	
 2.8475e-01	
 2.8374e-01	
 2.8009e-01	
 2.8108e-01	
 2.7611e-01	
 2.7734e-01	
 2.8540e-01	
 2.8286e-01	
 2.7747e-01	
 2.8045e-01	
 2.7965e-01	
 2.8582e-01	
 2.8166e-01	
 2.8320e-01	
 2.8481e-01	
 2.8445e-01	
 2.7867e-01	
 2.8055e-01	
 2.8253e-01	
 2.7989e-01	
 2.8490e-01	
 2.7841e-01	
 2.8099e-01	
 2.7992e-01	
 2.7909e-01	
 2.7944e-01	
 2.8213e-01	
 2.8463e-01	
 2.8193e-01	
 2.7980e-01	
 2.8379e-01	
 2.8179e-01	
 2.8476e-01	
 2.8402e-01	
 2.8366e-01	
 2.8083e-01	
 2.8077e-01	
 2.7893e-01	
 2.8329e-01	
 2.8312e-01	
 2.8069e-01	
 2.8331e-01	
 2.7910e-01	
 2.7563e-01	
 2.7853e-01	
 2.7793e-01	
 2.8307e-01	
 2.7968e-01	
 2.8036e-01	
 2.8773e-01	
 2.8320e-01	
 2.8378e-01	
 2.8222e-01	
 2.7889e-01	
 2.8051e-01	
 2.7398e-01	
 2.8003e-01	
 2.8202e-01	
 2.8119e-01	
 2.8321e-01	
 2.8232e-01	
 2.8035e-01	
 2.8140e-01	
 2.7900e-01	
 2.8031e-01	
 2.8263e-01	
 2.7953e-01	
 2.7763e-01	
 2.7996e-01	
 2.8012e-01	
 2.8323e-01	
 2.8199e-01	
 2.8097e-01	
 2.8101e-01	
 2.8033e-01	
 2.7620e-01	
 2.8011e-01	
 2.8167e-01	
 2.7835e-01	
 2.8622e-01	
 2.8772e-01	
 2.8281e-01	
 2.7741e-01	
 2.8426e-01	
 2.7833e-01	
 2.7969e-01	
 2.8333e-01	
 2.8119e-01	
 2.7907e-01	
 2.8285e-01	
 2.8260e-01	
 2.7859e-01	
 2.7668e-01	
 2.8210e-01	
 2.8270e-01	
 2.7884e-01	
 2.7978e-01	
 2.8139e-01	
 2.8158e-01	
 2.8386e-01	
 2.8235e-01	
 2.8318e-01	
 2.8203e-01	
 2.8198e-01	
 2.8265e-01	
 2.8549e-01	
 2.8141e-01	
 2.8079e-01	
 2.8574e-01	
 2.7830e-01	
 2.8071e-01	
 2.8040e-01	
 2.7797e-01	
 2.8114e-01	
 2.8049e-01	
 2.7948e-01	
 2.7648e-01	
 2.8437e-01	
 2.8198e-01	
 2.8239e-01	
 2.8288e-01	
 2.7890e-01	
 2.8542e-01	
 2.7875e-01	
 2.8032e-01	
 2.8122e-01	
 2.8067e-01	
 2.8392e-01	
 2.8061e-01	
 2.8365e-01	
 2.7986e-01	
 2.8155e-01	
 2.8372e-01	
 2.7955e-01	
 2.7708e-01	
 2.8208e-01	
 2.7942e-01	
 2.8388e-01	
 2.7655e-01	
 2.7993e-01	
 2.8119e-01	
 2.7721e-01	
 2.7912e-01	
 2.8215e-01	
 2.8177e-01	
 2.8161e-01	
 2.7748e-01	
 2.7704e-01	
 2.7818e-01	
 2.7720e-01	
 2.7757e-01	
 2.8138e-01	
 2.7743e-01	
 2.8365e-01	
 2.8156e-01	
 2.7838e-01	
 2.7932e-01	
 2.7962e-01	
 2.8187e-01	
 2.8300e-01	
 2.8668e-01	
 2.8251e-01	
 2.8459e-01	
 2.8229e-01	
 2.8231e-01	
 2.8671e-01	
 2.8310e-01	
 2.7829e-01	
 2.7944e-01	
 2.8484e-01	
 2.8050e-01	
 2.7943e-01	
 2.8177e-01	
 2.7545e-01	
 2.8052e-01	
 2.7684e-01	
 2.7523e-01	
 2.8368e-01	
 2.8122e-01	
 2.8763e-01	
 2.8301e-01	
 2.7656e-01	
 2.8000e-01	
 2.8116e-01	
 2.7975e-01	
 2.7797e-01	
 2.8066e-01	
 2.7959e-01	
 2.8361e-01	
 2.8055e-01	
 2.8601e-01	
 2.7958e-01	
 2.7868e-01	
 2.8275e-01	
 2.8173e-01	
 2.8412e-01	
 2.7488e-01	
 2.8314e-01	
 2.8110e-01	
 2.7843e-01	
 2.8044e-01	
 2.8249e-01	
 2.7992e-01	
 2.7626e-01	
 2.8330e-01	
 2.8149e-01	
 2.8000e-01	
 2.8235e-01	
 2.7900e-01	
 2.8088e-01	
 2.8361e-01	
 2.8719e-01	
 2.8562e-01	
 2.8211e-01	
 2.8098e-01	
 2.8525e-01	
 2.8247e-01	
 2.7955e-01	
 2.8048e-01	
 2.7747e-01	
 2.8500e-01	
 2.7651e-01	
 2.8391e-01	
 2.8171e-01	
 2.8273e-01	
 2.8253e-01	
 2.8253e-01	
 2.8051e-01	
 2.7681e-01	
 2.7749e-01	
 2.8110e-01	
 2.7652e-01	
 2.8125e-01	
 2.7981e-01	
 2.8312e-01	
 2.7829e-01	
 2.8060e-01	
 2.8010e-01	
 2.7993e-01	
 2.8187e-01	
 2.8538e-01	
 2.8304e-01	
 2.7806e-01	
 2.7758e-01	
 2.8340e-01	
 2.7613e-01	
 2.8065e-01	
 2.8644e-01	
 2.8100e-01	
 2.7978e-01	
 2.8739e-01	
 2.8045e-01	
 2.8209e-01	
 2.8161e-01	
 2.8598e-01	
 2.8263e-01	
 2.8024e-01	
 2.8391e-01	
 2.7723e-01	
 2.8315e-01	
 2.8733e-01	
 2.8331e-01	
 2.7817e-01	
 2.8307e-01	
 2.8186e-01	
 2.7958e-01	
 2.7895e-01	
 2.7630e-01	
 2.7908e-01	
 2.8019e-01	
 2.8182e-01	
 2.8679e-01	
 2.8340e-01	
 2.8531e-01	
 2.8522e-01	
 2.8184e-01	
 2.7989e-01	
 2.8151e-01	
 2.8235e-01	
 2.7531e-01	
 2.8044e-01	
 2.7784e-01	
 2.7522e-01	
 2.7844e-01	
 2.8172e-01	
 2.8346e-01	
 2.8554e-01	
 2.8310e-01	
 2.7961e-01	
 2.8398e-01	
 2.8451e-01	
 2.7896e-01	
 2.7803e-01	
 2.8132e-01	
 2.8039e-01	
 2.7824e-01	
 2.8058e-01	
 2.7773e-01	
 2.7578e-01	
 2.7756e-01	
 2.8323e-01	
 2.8020e-01	
 2.8828e-01	
 2.7984e-01	
 2.7915e-01	
 2.8119e-01	
 2.8351e-01	
 2.7206e-01	
 2.7720e-01	
 2.8251e-01	
 2.8133e-01	
 2.8097e-01	
 2.7975e-01	
 2.8706e-01	
 2.8005e-01	
 2.8286e-01	
 2.8752e-01	
 2.7917e-01	
 2.8001e-01	
 2.7583e-01	
 2.7682e-01	
 2.8221e-01	
 2.8087e-01	
 2.7669e-01	
 2.7750e-01	
 2.7907e-01	
 2.7809e-01	
 2.8278e-01	
 2.7642e-01	
 2.7807e-01	
 2.8254e-01	
 2.7929e-01	
 2.8141e-01	
 2.8587e-01	
 2.8533e-01	
 2.8409e-01	
 2.7397e-01	
 2.7607e-01	
 2.8358e-01	
 2.8295e-01	
 2.8122e-01	
 2.8283e-01	
 2.7790e-01	
 2.7890e-01	
 2.8217e-01	
 2.8065e-01	
 2.8210e-01	
 2.8457e-01	
 2.7730e-01	
 2.8185e-01	
 2.7858e-01	
 2.7646e-01	
 2.7900e-01	
 2.7848e-01	
 2.8041e-01	
 2.8123e-01	
 2.7594e-01	
 2.7907e-01	
 2.8099e-01	
 2.8164e-01	
 2.7597e-01	
 2.8141e-01	
 2.7677e-01	
 2.7807e-01	
 2.7864e-01	
 2.7551e-01	
 2.8510e-01	
 2.7920e-01	
 2.7955e-01	
 2.8269e-01	
 2.8331e-01	
 2.8220e-01	
 2.8214e-01	
 2.7903e-01	
 2.7679e-01	
 2.7639e-01	
 2.7675e-01	
 2.7812e-01	
 2.8175e-01	
 2.7929e-01	
 2.8116e-01	
 2.8232e-01	
 2.7659e-01	
 2.8336e-01	
 2.7968e-01	
 2.7656e-01	
 2.8034e-01	
 2.7910e-01	
 2.8211e-01	
 2.7879e-01	
 2.8195e-01	
 2.8048e-01	
 2.7839e-01	
 2.8122e-01	
 2.8052e-01	
 2.8185e-01	
 2.7589e-01	
 2.7578e-01	
 2.8424e-01	
 2.8451e-01	
 2.8348e-01	
 2.8308e-01	
 2.7964e-01	
 2.7883e-01	
 2.8311e-01	
 2.8215e-01	
 2.7784e-01	
 2.8014e-01	
 2.8256e-01	
 2.7781e-01	
 2.7554e-01	
 2.8152e-01	
 2.7979e-01	
 2.8173e-01	
 2.8682e-01	
 2.7682e-01	
 2.7883e-01	
 2.8029e-01	
 2.8129e-01	
 2.8503e-01	
 2.8116e-01	
 2.8441e-01	
 2.7965e-01	
 2.7893e-01	
 2.8382e-01	
 2.8152e-01	
 2.7931e-01	
 2.8309e-01	
 2.8322e-01	
 2.8150e-01	
 2.8045e-01	
 2.8202e-01	
 2.8063e-01	
 2.8151e-01	
 2.7639e-01	
 2.8013e-01	
 2.7880e-01	
 2.8073e-01	
 2.8367e-01	
 2.8328e-01	
 2.8421e-01	
 2.7558e-01	
 2.7762e-01	
 2.7754e-01	
 2.7620e-01	
 2.7735e-01	
 2.8102e-01	
 2.8134e-01	
 2.7917e-01	
 2.7802e-01	
 2.8137e-01	
 2.7581e-01	
 2.8133e-01	
 2.8307e-01	
 2.7846e-01	
 2.7782e-01	
 2.7523e-01	
 2.7897e-01	
 2.7579e-01	
 2.7857e-01	
 2.7953e-01	
 2.8164e-01	
 2.7831e-01	
 2.8288e-01	
 2.8063e-01	
 2.7978e-01	
 2.7648e-01	
 2.8050e-01	
 2.7635e-01	
 2.8315e-01	
 2.7985e-01	
 2.7928e-01	
 2.7647e-01	
 2.8158e-01	
 2.7805e-01	
 2.7799e-01	
 2.7760e-01	
 2.7988e-01	
 2.7648e-01	
 2.8013e-01	
 2.8065e-01	
 2.8416e-01	
 2.7693e-01	
 2.8351e-01	
 2.7932e-01	
 2.7694e-01	
 2.8139e-01	
 2.8232e-01	
 2.7930e-01	
 2.8021e-01	
 2.7999e-01	
 2.7770e-01	
 2.7380e-01	
 2.8081e-01	
 2.8252e-01	
 2.8050e-01	
 2.7909e-01	
 2.7840e-01	
 2.8087e-01	
 2.7666e-01	
 2.8078e-01	
 2.7911e-01	
 2.7828e-01	
 2.7888e-01	
 2.7976e-01	
 2.8356e-01	
 2.7952e-01	
 2.7977e-01	
 2.8067e-01	
 2.8362e-01	
 2.7696e-01	
 2.8082e-01	
 2.8329e-01	
 2.8169e-01	
 2.7848e-01	
 2.7795e-01	
 2.7823e-01	
 2.8127e-01	
 2.8421e-01	
 2.8086e-01	
 2.7993e-01	
 2.8033e-01	
 2.7656e-01	
 2.7399e-01	
 2.7895e-01	
 2.7980e-01	
 2.8153e-01	
 2.7848e-01	
 2.7472e-01	
 2.7897e-01	
 2.7711e-01	
 2.8186e-01	
 2.8280e-01	
 2.7623e-01	
 2.7605e-01	
 2.8284e-01	
 2.8510e-01	
 2.8758e-01	
 2.8393e-01	
 2.8324e-01	
 2.8590e-01	
 2.8528e-01	
 2.7742e-01	
 2.8121e-01	
 2.8089e-01	
 2.7543e-01	
 2.8057e-01	
 2.7918e-01	
 2.7952e-01	
 2.7762e-01	
 2.7958e-01	
 2.8268e-01	
 2.8514e-01	
 2.8421e-01	
 2.8603e-01	
 2.7729e-01	
 2.8168e-01	
 2.8453e-01	
 2.8401e-01	
 2.8018e-01	
 2.8006e-01	
 2.8227e-01	
 2.7949e-01	
 2.7992e-01	
 2.7432e-01	
 2.7625e-01	
 2.8303e-01	
 2.8527e-01	
 2.8904e-01	
 2.8601e-01	
 2.7856e-01	
 2.7873e-01	
 2.7688e-01	
 2.7771e-01	
 2.7422e-01	
 2.8211e-01	
 2.7999e-01	
 2.8085e-01	
 2.8200e-01	
 2.7626e-01	
 2.7861e-01	
 2.8496e-01	
 2.8367e-01	
 2.8017e-01	
 2.8101e-01	
 2.8719e-01	
 2.8218e-01	
 2.8005e-01	
 2.8375e-01	
 2.7964e-01	
 2.8166e-01	
 2.8335e-01	
 2.8309e-01	
 2.7612e-01	
 2.8175e-01	
 2.8178e-01	
 2.8187e-01	
 2.8123e-01	
 2.8078e-01	
 2.7829e-01	
 2.7775e-01	
 2.7510e-01	
 2.7826e-01	
 2.7602e-01	
 2.8473e-01	
 2.8386e-01	
 2.8090e-01	
 2.8436e-01	
 2.7937e-01	
 2.8267e-01	
 2.7610e-01	
 2.7514e-01	
 2.7979e-01	
 2.7450e-01	
 2.7944e-01	
 2.7675e-01	
 2.7802e-01	
 2.7957e-01	
 2.8042e-01	
 2.7807e-01	
 2.7856e-01	
 2.7900e-01	
 2.7774e-01	
 2.7787e-01	
 2.8104e-01	
 2.7737e-01	
 2.7985e-01	
 2.8270e-01	
 2.7848e-01	
 2.8136e-01	
 2.7808e-01	
 2.8099e-01	
 2.8118e-01	
 2.8238e-01	
 2.7704e-01	
 2.8206e-01	
 2.8230e-01	
 2.8157e-01	
 2.8308e-01	
 2.7430e-01	
 2.7748e-01	
 2.7724e-01	
 2.7561e-01	
 2.7847e-01	
 2.8168e-01	
 2.8035e-01	
 2.7920e-01	
 2.8063e-01	
 2.8519e-01	
 2.8408e-01	
 2.8135e-01	
 2.8407e-01	
 2.7895e-01	
 2.8095e-01	
 2.8587e-01	
 2.7820e-01	
 2.7730e-01	
 2.7802e-01	
 2.7902e-01	
 2.8137e-01	
 2.8208e-01	
 2.7894e-01	
 2.7943e-01	
 2.7721e-01	
 2.7408e-01	
 2.7981e-01	
 2.7824e-01	
 2.7808e-01	
 2.8195e-01	
 2.7661e-01	
 2.7781e-01	
 2.7751e-01	
 2.7776e-01	
 2.7773e-01	
 2.7181e-01	
 2.7776e-01	
 2.7768e-01	
 2.7608e-01	
 2.7859e-01	
 2.8263e-01	
 2.8356e-01	
 2.7750e-01	
 2.7903e-01	
 2.7998e-01	
 2.8183e-01	
 2.7780e-01	
 2.8002e-01	
 2.7879e-01	
 2.7621e-01	
 2.8134e-01	
 2.8133e-01	
 2.7952e-01	
 2.7733e-01	
 2.7815e-01	
 2.8059e-01	
 2.7638e-01	
 2.7911e-01	
 2.8202e-01	
 2.7742e-01	
 2.7492e-01	
 2.7372e-01	
 2.7590e-01	
 2.7826e-01	
 2.7909e-01	
 2.7963e-01	
 2.7544e-01	
 2.7425e-01	
 2.8376e-01	
 2.8363e-01	
 2.8492e-01	
 2.7481e-01	
 2.7947e-01	
 2.7906e-01	
 2.7829e-01	
 2.8314e-01	
 2.7929e-01	
 2.7631e-01	
 2.7851e-01	
 2.8065e-01	
 2.7792e-01	
 2.8409e-01	
 2.7897e-01	
 2.7918e-01	
 2.8110e-01	
 2.7823e-01	
 2.8165e-01	
 2.8495e-01	
 2.8739e-01	
 2.7958e-01	
 2.8313e-01	
 2.8000e-01	
 2.7806e-01	
 2.8076e-01	
 2.9402e-01	
 2.7523e-01	
 2.9637e-01	
 2.8339e-01	
 2.8426e-01	
 2.8004e-01	
 2.7965e-01	
 2.7641e-01	
 2.8897e-01	
 2.9812e-01	
 2.9406e-01	
 2.8360e-01	
 2.7521e-01	
 2.7260e-01	
 2.7336e-01	
 2.7135e-01	
 2.7314e-01	
 2.7242e-01	
 2.6784e-01	
 2.6656e-01	
 2.7850e-01	
 2.8423e-01	
 2.8578e-01	
 2.8601e-01	
 2.8370e-01	
 2.8454e-01	
 2.8659e-01	
 2.8269e-01	
 2.8441e-01	
 2.8076e-01	
 2.8627e-01	
 2.8172e-01	
 2.8512e-01	
 2.8105e-01	
 2.7851e-01	
 2.8115e-01	
 2.8086e-01	
 2.7752e-01	
 2.7706e-01	
 2.7496e-01	
 2.7644e-01	
 2.7444e-01	
 2.7774e-01	
 2.7795e-01	
 2.7416e-01	
 2.7035e-01	
 2.8114e-01	
 2.8064e-01	
 2.8121e-01	
 2.7980e-01	
 2.8015e-01	
 2.8350e-01	
 2.8069e-01	
 2.8330e-01	
 2.8492e-01	
 2.8029e-01	
 2.7890e-01	
 2.7601e-01	
 2.7858e-01	
 2.7891e-01	
 2.8241e-01	
 2.7770e-01	
 2.7629e-01	
 2.7857e-01	
 2.7876e-01	
 2.7604e-01	
 2.7495e-01	
 2.7473e-01	
 2.7282e-01	
 2.7889e-01	
 2.7836e-01	
 2.8426e-01	
 2.7929e-01	
 2.7911e-01	
 2.7624e-01	
 2.8009e-01	
 2.8167e-01	
 2.7789e-01	
 2.8451e-01	
 2.8038e-01	
 2.8584e-01	
 2.8150e-01	
 2.8524e-01	
 2.8024e-01	
 2.7883e-01	
 2.8098e-01	
 2.7409e-01	
 2.7185e-01	
 2.8165e-01	
 2.8131e-01	
 2.7816e-01	
 2.7709e-01	
 2.8199e-01	
 2.7558e-01	
 2.7704e-01	
 2.7988e-01	
 2.8228e-01	
 2.7988e-01	
 2.7481e-01	
 2.8639e-01	
 2.8311e-01	
 2.8350e-01	
 2.8415e-01	
 2.8804e-01	
 2.8103e-01	
 2.8052e-01	
 2.7699e-01	
 2.8009e-01	
 2.7940e-01	
 2.8634e-01	
 2.8201e-01	
 2.7490e-01	
 2.8145e-01	
 2.8113e-01	
 2.7659e-01	
 2.8206e-01	
 2.8098e-01	
 2.8278e-01	
 2.7794e-01	
 2.8176e-01	
 2.8286e-01	
 2.7623e-01	
 2.7906e-01	
 2.7748e-01	
 2.8380e-01	
 2.7760e-01	
 2.8216e-01	
 2.8395e-01	
 2.7807e-01	
 2.7845e-01	
 2.8173e-01	
 2.8069e-01	
 2.7778e-01	
 2.7876e-01	
 2.7969e-01	
 2.8016e-01	
 2.7688e-01	
 2.8077e-01	
 2.8088e-01	
 2.8173e-01	
 2.7620e-01	
 2.8031e-01	
 2.7760e-01	
 2.8424e-01	
 2.8106e-01	
 2.7702e-01	
 2.7859e-01	
 2.7883e-01	
 2.7871e-01	
 2.7687e-01	
 2.8180e-01	
 2.7883e-01	
 2.8017e-01	
 2.8245e-01	
 2.7763e-01	
 2.7491e-01	
 2.8359e-01	
 2.8337e-01	
 2.8477e-01	
 2.7534e-01	
 2.7854e-01	
 2.8085e-01	
 2.7767e-01	
 2.7710e-01	
 2.7892e-01	
 2.8173e-01	
 2.7761e-01	
 2.7748e-01	
 2.7631e-01	
 2.8540e-01	
 2.7600e-01	
 2.8048e-01	
 2.7852e-01	
 2.8423e-01	
 2.8160e-01	
 2.8058e-01	
 2.7847e-01	
 2.8048e-01	
 2.7444e-01	
 2.7900e-01	
 2.8372e-01	
 2.8413e-01	
 2.7550e-01	
 2.7448e-01	
 2.8491e-01	
 2.7873e-01	
 2.7985e-01	
 2.8414e-01	
 2.8077e-01	
 2.8050e-01	
 2.8688e-01	
 2.8840e-01	
 2.8314e-01	
 2.8517e-01	
 2.7858e-01	
 2.7972e-01	
 2.7656e-01	
 2.8320e-01	
 2.7845e-01	
 2.7894e-01	
 2.7983e-01	
 2.8187e-01	
 2.8319e-01	
 2.7494e-01	
 2.7976e-01	
 2.7614e-01	
 2.7743e-01	
 2.7855e-01	
 2.7832e-01	
 2.7584e-01	
 2.7780e-01	
 2.7612e-01	
 2.7612e-01	
 2.7736e-01	
 2.7056e-01	
 2.8070e-01	
 2.8512e-01	
 2.8383e-01	
 2.8427e-01	
 2.7947e-01	
 2.8065e-01	
 2.7747e-01	
 2.7790e-01	
 2.8568e-01	
 2.8094e-01	
 2.7794e-01	
 2.8150e-01	
 2.7854e-01	
 2.8636e-01	
 2.8032e-01	
 2.8312e-01	
 2.8205e-01	
 2.8407e-01	
 2.7770e-01	
 2.8033e-01	
 2.8197e-01	
 2.7867e-01	
 2.8398e-01	
 2.7671e-01	
 2.8084e-01	
 2.8096e-01	
 2.7848e-01	
 2.7995e-01	
 2.8200e-01	
 2.8552e-01	
 2.7934e-01	
 2.7690e-01	
 2.8417e-01	
 2.8198e-01	
 2.8238e-01	
 2.8543e-01	
 2.8192e-01	
 2.8004e-01	
 2.8044e-01	
 2.7881e-01	
 2.8124e-01	
 2.8122e-01	
 2.8134e-01	
 2.8246e-01	
 2.7721e-01	
 2.7400e-01	
 2.7900e-01	
 2.7614e-01	
 2.8224e-01	
 2.7827e-01	
 2.8112e-01	
 2.8827e-01	
 2.8259e-01	
 2.8264e-01	
 2.8028e-01	
 2.7891e-01	
 2.8023e-01	
 2.7474e-01	
 2.8087e-01	
 2.8183e-01	
 2.8070e-01	
 2.8217e-01	
 2.8123e-01	
 2.8127e-01	
 2.8047e-01	
 2.7911e-01	
 2.7822e-01	
 2.8223e-01	
 2.7878e-01	
 2.7796e-01	
 2.7868e-01	
 2.7939e-01	
 2.8351e-01	
 2.8240e-01	
 2.8210e-01	
 2.8121e-01	
 2.7910e-01	
 2.7421e-01	
 2.7868e-01	
 2.8047e-01	
 2.7804e-01	
 2.8497e-01	
 2.8747e-01	
 2.8213e-01	
 2.7755e-01	
 2.8146e-01	
 2.7675e-01	
 2.8110e-01	
 2.8366e-01	
 2.8074e-01	
 2.7806e-01	
 2.8332e-01	
 2.8423e-01	
 2.7828e-01	
 2.7767e-01	
 2.8354e-01	
 2.8057e-01	
 2.7842e-01	
 2.8172e-01	
 2.8208e-01	
 2.8070e-01	
 2.8514e-01	
 2.8174e-01	
 2.8393e-01	
 2.8107e-01	
 2.8061e-01	
 2.8353e-01	
 2.8388e-01	
 2.8106e-01	
 2.7976e-01	
 2.8467e-01	
 2.7817e-01	
 2.8169e-01	
 2.8120e-01	
 2.7765e-01	
 2.8096e-01	
 2.7978e-01	
 2.7923e-01	
 2.7628e-01	
 2.8407e-01	
 2.8221e-01	
 2.8105e-01	
 2.8413e-01	
 2.7830e-01	
 2.8512e-01	
 2.7724e-01	
 2.8044e-01	
 2.8237e-01	
 2.8019e-01	
 2.8416e-01	
 2.7984e-01	
 2.8283e-01	
 2.7931e-01	
 2.8265e-01	
 2.8466e-01	
 2.7907e-01	
 2.7863e-01	
 2.7953e-01	
 2.7947e-01	
 2.8446e-01	
 2.7851e-01	
 2.7879e-01	
 2.8118e-01	
 2.7746e-01	
 2.7590e-01	
 2.8151e-01	
 2.8250e-01	
 2.8080e-01	
 2.7758e-01	
 2.7837e-01	
 2.7818e-01	
 2.7701e-01	
 2.7571e-01	
 2.7983e-01	
 2.7885e-01	
 2.8274e-01	
 2.8028e-01	
 2.7831e-01	
 2.7729e-01	
 2.7880e-01	
 2.8181e-01	
 2.8259e-01	
 2.8428e-01	
 2.8201e-01	
 2.8377e-01	
 2.8068e-01	
 2.8186e-01	
 2.8478e-01	
 2.8348e-01	
 2.7764e-01	
 2.7904e-01	
 2.8547e-01	
 2.8085e-01	
 2.7845e-01	
 2.8018e-01	
 2.7508e-01	
 2.7784e-01	
 2.7725e-01	
 2.7443e-01	
 2.8307e-01	
 2.8132e-01	
 2.8670e-01	
 2.8200e-01	
 2.7579e-01	
 2.7827e-01	
 2.7906e-01	
 2.7838e-01	
 2.7734e-01	
 2.8172e-01	
 2.8139e-01	
 2.8323e-01	
 2.7823e-01	
 2.8549e-01	
 2.8036e-01	
 2.7733e-01	
 2.8043e-01	
 2.8136e-01	
 2.8295e-01	
 2.7432e-01	
 2.8390e-01	
 2.8037e-01	
 2.7858e-01	
 2.8012e-01	
 2.8348e-01	
 2.7822e-01	
 2.7585e-01	
 2.8303e-01	
 2.8104e-01	
 2.8048e-01	
 2.8293e-01	
 2.7982e-01	
 2.8136e-01	
 2.8260e-01	
 2.8520e-01	
 2.8442e-01	
 2.8258e-01	
 2.8104e-01	
 2.8308e-01	
 2.8058e-01	
 2.7921e-01	
 2.7961e-01	
 2.7900e-01	
 2.8255e-01	
 2.7596e-01	
 2.8036e-01	
 2.7998e-01	
 2.8164e-01	
 2.8154e-01	
 2.8113e-01	
 2.8042e-01	
 2.7666e-01	
 2.7770e-01	
 2.8141e-01	
 2.7597e-01	
 2.8014e-01	
 2.7987e-01	
 2.8201e-01	
 2.7955e-01	
 2.8172e-01	
 2.7984e-01	
 2.7778e-01	
 2.8337e-01	
 2.8486e-01	
 2.8425e-01	
 2.7737e-01	
 2.7684e-01	
 2.8107e-01	
 2.7592e-01	
 2.8074e-01	
 2.8794e-01	
 2.8113e-01	
 2.7867e-01	
 2.8643e-01	
 2.7913e-01	
 2.7966e-01	
 2.8245e-01	
 2.8553e-01	
 2.8043e-01	
 2.7860e-01	
 2.8438e-01	
 2.7579e-01	
 2.8287e-01	
 2.8728e-01	
 2.8112e-01	
 2.7780e-01	
 2.8309e-01	
 2.8221e-01	
 2.7904e-01	
 2.7911e-01	
 2.7488e-01	
 2.7801e-01	
 2.7907e-01	
 2.7984e-01	
 2.8620e-01	
 2.8154e-01	
 2.8668e-01	
 2.8721e-01	
 2.7877e-01	
 2.7986e-01	
 2.8225e-01	
 2.8192e-01	
 2.7561e-01	
 2.8259e-01	
 2.7894e-01	
 2.7447e-01	
 2.7729e-01	
 2.8120e-01	
 2.8335e-01	
 2.8275e-01	
 2.8143e-01	
 2.7871e-01	
 2.8351e-01	
 2.8395e-01	
 2.8026e-01	
 2.7564e-01	
 2.8034e-01	
 2.7842e-01	
 2.7853e-01	
 2.7972e-01	
 2.7778e-01	
 2.7476e-01	
 2.7809e-01	
 2.8103e-01	
 2.7962e-01	
 2.8748e-01	
 2.8164e-01	
 2.8003e-01	
 2.8070e-01	
 2.8393e-01	
 2.7136e-01	
 2.7797e-01	
 2.8245e-01	
 2.8220e-01	
 2.8112e-01	
 2.7626e-01	
 2.8591e-01	
 2.8124e-01	
 2.8126e-01	
 2.8757e-01	
 2.7912e-01	
 2.7960e-01	
 2.7588e-01	
 2.7812e-01	
 2.8335e-01	
 2.7969e-01	
 2.7676e-01	
 2.7878e-01	
 2.7832e-01	
 2.7666e-01	
 2.8048e-01	
 2.7546e-01	
 2.7804e-01	
 2.8439e-01	
 2.7989e-01	
 2.7688e-01	
 2.8414e-01	
 2.8397e-01	
 2.8310e-01	
 2.7556e-01	
 2.7692e-01	
 2.8405e-01	
 2.8261e-01	
 2.8169e-01	
 2.8255e-01	
 2.7643e-01	
 2.7784e-01	
 2.8150e-01	
 2.7819e-01	
 2.8133e-01	
 2.8344e-01	
 2.7598e-01	
 2.7913e-01	
 2.7960e-01	
 2.7703e-01	
 2.7832e-01	
 2.7785e-01	
 2.7893e-01	
 2.8041e-01	
 2.7781e-01	
 2.7750e-01	
 2.7998e-01	
 2.8131e-01	
 2.7611e-01	
 2.8058e-01	
 2.7547e-01	
 2.7633e-01	
 2.7972e-01	
 2.7527e-01	
 2.8462e-01	
 2.7952e-01	
 2.7887e-01	
 2.8059e-01	
 2.8379e-01	
 2.8099e-01	
 2.8059e-01	
 2.7767e-01	
 2.7907e-01	
 2.7582e-01	
 2.7595e-01	
 2.7734e-01	
 2.8205e-01	
 2.7873e-01	
 2.8017e-01	
 2.8235e-01	
 2.7821e-01	
 2.8395e-01	
 2.7740e-01	
 2.7624e-01	
 2.8226e-01	
 2.8140e-01	
 2.8153e-01	
 2.7789e-01	
 2.8170e-01	
 2.7986e-01	
 2.7848e-01	
 2.8068e-01	
 2.8179e-01	
 2.8183e-01	
 2.7644e-01	
 2.7593e-01	
 2.8539e-01	
 2.8344e-01	
 2.8382e-01	
 2.8318e-01	
 2.7884e-01	
 2.7782e-01	
 2.8462e-01	
 2.7999e-01	
 2.7748e-01	
 2.8099e-01	
 2.8213e-01	
 2.7668e-01	
 2.7648e-01	
 2.8004e-01	
 2.7965e-01	
 2.8086e-01	
 2.8675e-01	
 2.7584e-01	
 2.7843e-01	
 2.7995e-01	
 2.8065e-01	
 2.8460e-01	
 2.8008e-01	
 2.8324e-01	
 2.7812e-01	
 2.7980e-01	
 2.8441e-01	
 2.8204e-01	
 2.8177e-01	
 2.8239e-01	
 2.8368e-01	
 2.7965e-01	
 2.7960e-01	
 2.8143e-01	
 2.7998e-01	
 2.8335e-01	
 2.7559e-01	
 2.8117e-01	
 2.7813e-01	
 2.7869e-01	
 2.8410e-01	
 2.8198e-01	
 2.8347e-01	
 2.7507e-01	
 2.7892e-01	
 2.7766e-01	
 2.7620e-01	
 2.7747e-01	
 2.7823e-01	
 2.8125e-01	
 2.7755e-01	
 2.7966e-01	
 2.8084e-01	
 2.7569e-01	
 2.8116e-01	
 2.8135e-01	
 2.7776e-01	
 2.7846e-01	
 2.7540e-01	
 2.8079e-01	
 2.7615e-01	
 2.7817e-01	
 2.7871e-01	
 2.7970e-01	
 2.8023e-01	
 2.8158e-01	
 2.7907e-01	
 2.7727e-01	
 2.7731e-01	
 2.8035e-01	
 2.7677e-01	
 2.8313e-01	
 2.8183e-01	
 2.7939e-01	
 2.7683e-01	
 2.8220e-01	
 2.7916e-01	
 2.7794e-01	
 2.7827e-01	
 2.8108e-01	
 2.7610e-01	
 2.7839e-01	
 2.8150e-01	
 2.8341e-01	
 2.7720e-01	
 2.8384e-01	
 2.8031e-01	
 2.7677e-01	
 2.7947e-01	
 2.8151e-01	
 2.8009e-01	
 2.7845e-01	
 2.8014e-01	
 2.7800e-01	
 2.7310e-01	
 2.8005e-01	
 2.8265e-01	
 2.8161e-01	
 2.7582e-01	
 2.7726e-01	
 2.7923e-01	
 2.7716e-01	
 2.8046e-01	
 2.7822e-01	
 2.7865e-01	
 2.7846e-01	
 2.8011e-01	
 2.8400e-01	
 2.8183e-01	
 2.8006e-01	
 2.8018e-01	
 2.8153e-01	
 2.7732e-01	
 2.8284e-01	
 2.8261e-01	
 2.8129e-01	
 2.7804e-01	
 2.7836e-01	
 2.7729e-01	
 2.8068e-01	
 2.7848e-01	
 2.8169e-01	
 2.7796e-01	
 2.8148e-01	
 2.7698e-01	
 2.7451e-01	
 2.7872e-01	
 2.8028e-01	
 2.8286e-01	
 2.7913e-01	
 2.7458e-01	
 2.7822e-01	
 2.7480e-01	
 2.8061e-01	
 2.8164e-01	
 2.7586e-01	
 2.7534e-01	
 2.8254e-01	
 2.8656e-01	
 2.8884e-01	
 2.8457e-01	
 2.8334e-01	
 2.8509e-01	
 2.8696e-01	
 2.7609e-01	
 2.7979e-01	
 2.8205e-01	
 2.7510e-01	
 2.7947e-01	
 2.7882e-01	
 2.8000e-01	
 2.7861e-01	
 2.7774e-01	
 2.8270e-01	
 2.8436e-01	
 2.8591e-01	
 2.8636e-01	
 2.7739e-01	
 2.8169e-01	
 2.8529e-01	
 2.8268e-01	
 2.7970e-01	
 2.7766e-01	
 2.8088e-01	
 2.7986e-01	
 2.8113e-01	
 2.7508e-01	
 2.7838e-01	
 2.8196e-01	
 2.8313e-01	
 2.8951e-01	
 2.8472e-01	
 2.7902e-01	
 2.7798e-01	
 2.7984e-01	
 2.7751e-01	
 2.7553e-01	
 2.8234e-01	
 2.8150e-01	
 2.7972e-01	
 2.8095e-01	
 2.7669e-01	
 2.7802e-01	
 2.8506e-01	
 2.8281e-01	
 2.7783e-01	
 2.8075e-01	
 2.8534e-01	
 2.8390e-01	
 2.8003e-01	
 2.8311e-01	
 2.7991e-01	
 2.8176e-01	
 2.8429e-01	
 2.8220e-01	
 2.7522e-01	
 2.8066e-01	
 2.8089e-01	
 2.8085e-01	
 2.8055e-01	
 2.8030e-01	
 2.7910e-01	
 2.7729e-01	
 2.7748e-01	
 2.8054e-01	
 2.7804e-01	
 2.8371e-01	
 2.8159e-01	
 2.8391e-01	
 2.8342e-01	
 2.8067e-01	
 2.8299e-01	
 2.7560e-01	
 2.7572e-01	
 2.7824e-01	
 2.7422e-01	
 2.7929e-01	
 2.7737e-01	
 2.7789e-01	
 2.7645e-01	
 2.7990e-01	
 2.7881e-01	
 2.7967e-01	
 2.7819e-01	
 2.7753e-01	
 2.7922e-01	
 2.7986e-01	
 2.7711e-01	
 2.7971e-01	
 2.8201e-01	
 2.7863e-01	
 2.8044e-01	
 2.7832e-01	
 2.8232e-01	
 2.8236e-01	
 2.8331e-01	
 2.7901e-01	
 2.8115e-01	
 2.8085e-01	
 2.8183e-01	
 2.8361e-01	
 2.7565e-01	
 2.8059e-01	
 2.7692e-01	
 2.7425e-01	
 2.7887e-01	
 2.8138e-01	
 2.8095e-01	
 2.8070e-01	
 2.8072e-01	
 2.8523e-01	
 2.8349e-01	
 2.8261e-01	
 2.8333e-01	
 2.7830e-01	
 2.8089e-01	
 2.8484e-01	
 2.7805e-01	
 2.7691e-01	
 2.7746e-01	
 2.7876e-01	
 2.8171e-01	
 2.8397e-01	
 2.7825e-01	
 2.7930e-01	
 2.7906e-01	
 2.7502e-01	
 2.7949e-01	
 2.7861e-01	
 2.7885e-01	
 2.8004e-01	
 2.7703e-01	
 2.7669e-01	
 2.7602e-01	
 2.7638e-01	
 2.7797e-01	
 2.7389e-01	
 2.7902e-01	
 2.7722e-01	
 2.7694e-01	
 2.7893e-01	
 2.8278e-01	
 2.8364e-01	
 2.7664e-01	
 2.7855e-01	
 2.7984e-01	
 2.8143e-01	
 2.7864e-01	
 2.8054e-01	
 2.7768e-01	
 2.7753e-01	
 2.8310e-01	
 2.8174e-01	
 2.7926e-01	
 2.7664e-01	
 2.7759e-01	
 2.8238e-01	
 2.7832e-01	
 2.8060e-01	
 2.8341e-01	
 2.7709e-01	
 2.7744e-01	
 2.7207e-01	
 2.7857e-01	
 2.7826e-01	
 2.7879e-01	
 2.8197e-01	
 2.7443e-01	
 2.7335e-01	
 2.8321e-01	
 2.8285e-01	
 2.8547e-01	
 2.7568e-01	
 2.7954e-01	
 2.7716e-01	
 2.7794e-01	
 2.8174e-01	
 2.7839e-01	
 2.7510e-01	
 2.7776e-01	
 2.8138e-01	
 2.7891e-01	
 2.8493e-01	
 2.7976e-01	
 2.7996e-01	
 2.8251e-01	
 2.8046e-01	
 2.8281e-01	
 2.8688e-01	
 2.8795e-01	
 2.8032e-01	
 2.8298e-01	
 2.7872e-01	
 2.7693e-01	
 2.7944e-01	
 2.9288e-01	
 2.7404e-01	
 2.9557e-01	
 2.8447e-01	
 2.8660e-01	
 2.8167e-01	
 2.7784e-01	
 2.7651e-01	
 2.8734e-01	
 2.9845e-01	
 2.9354e-01	
 2.8157e-01	
 2.7520e-01	
 2.7211e-01	
 2.7259e-01	
 2.7107e-01	
 2.7332e-01	
 2.7151e-01	
 2.6774e-01	
 2.6549e-01	
 2.8014e-01	
 2.8261e-01	
 2.8838e-01	
 2.8639e-01	
 2.8433e-01	
 2.8449e-01	
 2.8778e-01	
 2.8293e-01	
 2.8433e-01	
 2.8232e-01	
 2.8485e-01	
 2.8090e-01	
 2.8359e-01	
 2.7913e-01	
 2.7745e-01	
 2.8231e-01	
 2.8228e-01	
 2.7692e-01	
 2.7658e-01	
 2.7523e-01	
 2.7588e-01	
 2.7259e-01	
 2.7721e-01	
 2.7930e-01	
 2.7294e-01	
 2.7240e-01	
 2.8030e-01	
 2.8038e-01	
 2.8192e-01	
 2.8018e-01	
 2.8067e-01	
 2.8459e-01	
 2.8175e-01	
 2.8244e-01	
 2.8554e-01	
 2.7877e-01	
 2.7963e-01	
 2.7455e-01	
 2.7834e-01	
 2.7948e-01	
 2.8093e-01	
 2.7747e-01	
 2.7604e-01	
 2.7813e-01	
 2.7843e-01	
 2.7566e-01	
 2.7630e-01	
 2.7526e-01	
 2.7319e-01	
 2.7915e-01	
 2.7928e-01	
 2.8424e-01	
 2.8023e-01	
 2.8085e-01	
 2.7602e-01	
 2.8032e-01	
 2.7951e-01	
 2.7775e-01	
 2.8380e-01	
 2.8134e-01	
 2.8577e-01	
 2.7991e-01	
 2.8581e-01	
 2.8234e-01	
 2.7799e-01	
 2.8187e-01	
 2.7422e-01	
 2.7370e-01	
 2.8110e-01	
 2.8168e-01	
 2.7710e-01	
 2.7712e-01	
 2.8269e-01	
 2.7509e-01	
 2.7498e-01	
 2.8243e-01	
 2.8380e-01	
 2.8005e-01	
 2.7457e-01	
 2.8420e-01	
 2.8325e-01	
 2.8253e-01	
 2.8434e-01	
 2.8581e-01	
 2.8115e-01	
 2.8060e-01	
 2.7793e-01	
 2.8036e-01	
 2.7710e-01	
 2.8683e-01	
 2.8150e-01	
 2.7705e-01	
 2.7875e-01	
 2.8055e-01	
 2.7636e-01	
 2.8232e-01	
 2.8031e-01	
 2.8183e-01	
 2.7892e-01	
 2.8096e-01	
 2.8226e-01	
 2.7523e-01	
 2.7842e-01	
 2.7825e-01	
 2.8350e-01	
 2.7665e-01	
 2.8220e-01	
 2.8193e-01	
 2.7772e-01	
 2.7863e-01	
 2.8162e-01	
 2.8095e-01	
 2.7768e-01	
 2.7700e-01	
 2.7980e-01	
 2.7959e-01	
 2.7618e-01	
 2.7977e-01	
 2.7967e-01	
 2.8303e-01	
 2.7533e-01	
 2.7925e-01	
 2.7816e-01	
 2.8481e-01	
 2.8184e-01	
 2.7737e-01	
 2.7758e-01	
 2.7800e-01	
 2.7802e-01	
 2.7745e-01	
 2.8040e-01	
 2.7793e-01	
 2.8015e-01	
 2.8396e-01	
 2.7873e-01	
 2.7574e-01	
 2.8504e-01	
 2.8169e-01	
 2.8391e-01	
 2.7572e-01	
 2.7845e-01	
 2.8127e-01	
 2.7823e-01	
 2.7735e-01	
 2.7660e-01	
 2.7904e-01	
 2.7832e-01	
 2.7843e-01	
 2.7529e-01	
 2.8361e-01	
 2.7494e-01	
 2.7803e-01	
 2.7683e-01	
 2.8414e-01	
 2.8031e-01	
 2.8133e-01	
 2.7849e-01	
 2.7975e-01	
 2.7454e-01	
 2.7934e-01	
 2.8182e-01	
 2.8344e-01	
 2.7643e-01	
 2.7652e-01	
 2.8458e-01	
 2.7747e-01	
 2.8127e-01	
 2.8455e-01	
 2.7934e-01	
 2.8066e-01	
 2.8641e-01	
 2.8766e-01	
 2.8487e-01	
 2.8365e-01	
 2.7876e-01	
 2.7869e-01	
 2.7509e-01	
 2.8267e-01	
 2.8043e-01	
 2.7870e-01	
 2.8012e-01	
 2.8233e-01	
 2.8249e-01	
 2.7485e-01	
 2.7953e-01	
 2.7725e-01	
 2.7804e-01	
 2.7853e-01	
 2.7658e-01	
 2.7700e-01	
 2.7868e-01	
 2.7693e-01	
 2.7710e-01	
 2.7839e-01	
 2.7120e-01	
 2.8176e-01	
 2.8463e-01	
 2.8378e-01	
 2.8372e-01	
 2.8019e-01	
 2.8148e-01	
 2.7463e-01	
 2.7818e-01	
 2.8601e-01	
 2.8119e-01	
 2.7780e-01	
 2.8001e-01	
 2.7893e-01	
 2.8593e-01	
 2.8174e-01	
 2.8231e-01	
 2.8172e-01	
 2.8253e-01	
 2.7868e-01	
 2.8091e-01	
 2.8151e-01	
 2.7799e-01	
 2.8364e-01	
 2.7498e-01	
 2.7953e-01	
 2.8038e-01	
 2.7829e-01	
 2.8014e-01	
 2.8265e-01	
 2.8510e-01	
 2.7945e-01	
 2.7914e-01	
 2.8371e-01	
 2.8214e-01	
 2.8330e-01	
 2.8433e-01	
 2.8331e-01	
 2.8048e-01	
 2.8077e-01	
 2.8027e-01	
 2.8203e-01	
 2.8222e-01	
 2.7991e-01	
 2.8282e-01	
 2.7780e-01	
 2.7235e-01	
 2.7904e-01	
 2.7718e-01	
 2.8075e-01	
 2.7854e-01	
 2.8039e-01	
 2.8784e-01	
 2.8219e-01	
 2.8299e-01	
 2.8095e-01	
 2.7776e-01	
 2.7844e-01	
 2.7486e-01	
 2.8039e-01	
 2.8259e-01	
 2.7994e-01	
 2.8146e-01	
 2.8242e-01	
 2.7900e-01	
 2.7982e-01	
 2.8060e-01	
 2.7835e-01	
 2.8128e-01	
 2.7797e-01	
 2.7756e-01	
 2.7935e-01	
 2.7993e-01	
 2.8266e-01	
 2.8151e-01	
 2.8133e-01	
 2.7990e-01	
 2.7930e-01	
 2.7398e-01	
 2.7985e-01	
 2.8026e-01	
 2.7900e-01	
 2.8509e-01	
 2.8624e-01	
 2.8249e-01	
 2.7858e-01	
 2.8266e-01	
 2.7626e-01	
 2.8097e-01	
 2.8385e-01	
 2.8090e-01	
 2.7871e-01	
 2.8182e-01	
 2.8219e-01	
 2.7892e-01	
 2.7799e-01	
 2.8198e-01	
 2.8130e-01	
 2.7802e-01	
 2.8080e-01	
 2.8109e-01	
 2.8084e-01	
 2.8502e-01	
 2.8202e-01	
 2.8332e-01	
 2.8262e-01	
 2.8021e-01	
 2.8344e-01	
 2.8397e-01	
 2.8034e-01	
 2.7938e-01	
 2.8344e-01	
 2.7809e-01	
 2.8092e-01	
 2.8054e-01	
 2.7813e-01	
 2.8000e-01	
 2.8227e-01	
 2.7702e-01	
 2.7580e-01	
 2.8426e-01	
 2.8098e-01	
 2.8135e-01	
 2.8381e-01	
 2.7758e-01	
 2.8414e-01	
 2.7695e-01	
 2.8024e-01	
 2.8096e-01	
 2.7891e-01	
 2.8482e-01	
 2.8014e-01	
 2.8294e-01	
 2.7995e-01	
 2.8342e-01	
 2.8301e-01	
 2.7937e-01	
 2.7743e-01	
 2.7927e-01	
 2.7991e-01	
 2.8247e-01	
 2.7741e-01	
 2.7736e-01	
 2.8224e-01	
 2.7717e-01	
 2.7751e-01	
 2.8158e-01	
 2.8242e-01	
 2.8232e-01	
 2.7789e-01	
 2.7807e-01	
 2.7724e-01	
 2.7906e-01	
 2.7801e-01	
 2.7958e-01	
 2.7739e-01	
 2.8176e-01	
 2.8172e-01	
 2.7856e-01	
 2.7773e-01	
 2.7801e-01	
 2.8232e-01	
 2.8019e-01	
 2.8459e-01	
 2.8034e-01	
 2.8323e-01	
 2.7866e-01	
 2.8209e-01	
 2.8515e-01	
 2.8207e-01	
 2.7832e-01	
 2.7829e-01	
 2.8374e-01	
 2.8117e-01	
 2.7698e-01	
 2.8074e-01	
 2.7490e-01	
 2.7829e-01	
 2.7678e-01	
 2.7370e-01	
 2.8436e-01	
 2.8098e-01	
 2.8753e-01	
 2.8154e-01	
 2.7702e-01	
 2.7923e-01	
 2.7888e-01	
 2.7877e-01	
 2.7630e-01	
 2.8148e-01	
 2.8037e-01	
 2.8335e-01	
 2.7979e-01	
 2.8559e-01	
 2.8117e-01	
 2.7846e-01	
 2.8109e-01	
 2.8103e-01	
 2.8296e-01	
 2.7482e-01	
 2.8278e-01	
 2.8081e-01	
 2.7871e-01	
 2.7938e-01	
 2.8252e-01	
 2.7763e-01	
 2.7535e-01	
 2.8123e-01	
 2.7990e-01	
 2.8059e-01	
 2.8243e-01	
 2.7929e-01	
 2.8137e-01	
 2.8281e-01	
 2.8660e-01	
 2.8339e-01	
 2.8239e-01	
 2.8086e-01	
 2.8466e-01	
 2.8049e-01	
 2.7948e-01	
 2.7796e-01	
 2.7549e-01	
 2.8365e-01	
 2.7771e-01	
 2.8068e-01	
 2.8171e-01	
 2.8393e-01	
 2.7963e-01	
 2.8049e-01	
 2.8041e-01	
 2.7527e-01	
 2.7739e-01	
 2.8051e-01	
 2.7535e-01	
 2.8007e-01	
 2.7831e-01	
 2.8135e-01	
 2.7834e-01	
 2.8133e-01	
 2.7839e-01	
 2.7892e-01	
 2.8374e-01	
 2.8386e-01	
 2.8340e-01	
 2.7644e-01	
 2.7713e-01	
 2.8208e-01	
 2.7602e-01	
 2.8065e-01	
 2.8791e-01	
 2.8087e-01	
 2.7893e-01	
 2.8754e-01	
 2.8150e-01	
 2.8008e-01	
 2.8206e-01	
 2.8496e-01	
 2.8115e-01	
 2.7867e-01	
 2.8252e-01	
 2.7751e-01	
 2.8326e-01	
 2.8676e-01	
 2.8223e-01	
 2.7772e-01	
 2.8142e-01	
 2.8065e-01	
 2.7873e-01	
 2.7827e-01	
 2.7508e-01	
 2.7771e-01	
 2.7872e-01	
 2.8269e-01	
 2.8609e-01	
 2.8107e-01	
 2.8654e-01	
 2.8522e-01	
 2.7992e-01	
 2.8156e-01	
 2.8195e-01	
 2.8245e-01	
 2.7433e-01	
 2.8149e-01	
 2.7656e-01	
 2.7460e-01	
 2.7939e-01	
 2.8239e-01	
 2.8419e-01	
 2.8261e-01	
 2.8216e-01	
 2.7836e-01	
 2.8218e-01	
 2.8321e-01	
 2.8070e-01	
 2.7579e-01	
 2.7981e-01	
 2.8038e-01	
 2.7743e-01	
 2.8085e-01	
 2.7744e-01	
 2.7543e-01	
 2.7624e-01	
 2.8174e-01	
 2.8077e-01	
 2.8765e-01	
 2.8070e-01	
 2.7939e-01	
 2.8093e-01	
 2.8199e-01	
 2.7025e-01	
 2.7767e-01	
 2.8269e-01	
 2.8090e-01	
 2.8183e-01	
 2.7868e-01	
 2.8641e-01	
 2.7992e-01	
 2.8259e-01	
 2.8851e-01	
 2.7878e-01	
 2.8044e-01	
 2.7634e-01	
 2.7803e-01	
 2.8213e-01	
 2.8009e-01	
 2.7610e-01	
 2.7616e-01	
 2.7869e-01	
 2.7603e-01	
 2.8073e-01	
 2.7645e-01	
 2.7924e-01	
 2.8279e-01	
 2.7862e-01	
 2.7925e-01	
 2.8481e-01	
 2.8449e-01	
 2.8237e-01	
 2.7433e-01	
 2.7475e-01	
 2.8548e-01	
 2.8381e-01	
 2.8103e-01	
 2.8372e-01	
 2.7719e-01	
 2.7898e-01	
 2.8170e-01	
 2.7762e-01	
 2.8114e-01	
 2.8587e-01	
 2.7622e-01	
 2.8008e-01	
 2.7944e-01	
 2.7717e-01	
 2.7800e-01	
 2.7796e-01	
 2.7842e-01	
 2.8133e-01	
 2.7617e-01	
 2.7900e-01	
 2.8064e-01	
 2.8091e-01	
 2.7634e-01	
 2.8151e-01	
 2.7692e-01	
 2.7759e-01	
 2.7913e-01	
 2.7593e-01	
 2.8410e-01	
 2.7768e-01	
 2.7745e-01	
 2.8370e-01	
 2.8410e-01	
 2.8211e-01	
 2.8191e-01	
 2.7801e-01	
 2.7845e-01	
 2.7668e-01	
 2.7865e-01	
 2.7862e-01	
 2.8099e-01	
 2.7791e-01	
 2.8064e-01	
 2.8185e-01	
 2.7732e-01	
 2.8345e-01	
 2.7804e-01	
 2.7650e-01	
 2.8123e-01	
 2.8070e-01	
 2.8275e-01	
 2.7869e-01	
 2.8185e-01	
 2.8035e-01	
 2.7778e-01	
 2.7956e-01	
 2.8043e-01	
 2.8180e-01	
 2.7610e-01	
 2.7685e-01	
 2.8464e-01	
 2.8240e-01	
 2.8489e-01	
 2.8332e-01	
 2.8013e-01	
 2.7682e-01	
 2.8467e-01	
 2.8264e-01	
 2.7816e-01	
 2.8072e-01	
 2.8074e-01	
 2.7758e-01	
 2.7632e-01	
 2.7999e-01	
 2.8050e-01	
 2.7896e-01	
 2.8775e-01	
 2.7707e-01	
 2.7803e-01	
 2.8140e-01	
 2.8119e-01	
 2.8260e-01	
 2.8131e-01	
 2.8446e-01	
 2.7906e-01	
 2.7740e-01	
 2.8297e-01	
 2.8317e-01	
 2.7997e-01	
 2.8130e-01	
 2.8225e-01	
 2.7951e-01	
 2.7741e-01	
 2.8265e-01	
 2.8250e-01	
 2.8428e-01	
 2.7656e-01	
 2.7999e-01	
 2.7957e-01	
 2.8051e-01	
 2.8405e-01	
 2.8183e-01	
 2.8417e-01	
 2.7562e-01	
 2.7857e-01	
 2.7789e-01	
 2.7650e-01	
 2.7828e-01	
 2.8021e-01	
 2.8088e-01	
 2.7817e-01	
 2.7858e-01	
 2.7890e-01	
 2.7625e-01	
 2.8267e-01	
 2.8071e-01	
 2.7756e-01	
 2.7738e-01	
 2.7581e-01	
 2.7923e-01	
 2.7624e-01	
 2.7915e-01	
 2.7916e-01	
 2.8050e-01	
 2.7931e-01	
 2.8298e-01	
 2.7960e-01	
 2.7648e-01	
 2.7696e-01	
 2.8055e-01	
 2.7678e-01	
 2.8427e-01	
 2.8072e-01	
 2.7999e-01	
 2.7750e-01	
 2.8300e-01	
 2.7803e-01	
 2.7985e-01	
 2.7855e-01	
 2.8036e-01	
 2.7541e-01	
 2.7968e-01	
 2.7968e-01	
 2.8341e-01	
 2.7781e-01	
 2.8275e-01	
 2.8047e-01	
 2.7723e-01	
 2.7963e-01	
 2.8292e-01	
 2.7958e-01	
 2.8141e-01	
 2.8010e-01	
 2.8024e-01	
 2.7378e-01	
 2.8122e-01	
 2.8306e-01	
 2.8138e-01	
 2.7973e-01	
 2.7874e-01	
 2.8006e-01	
 2.7836e-01	
 2.7894e-01	
 2.7834e-01	
 2.7868e-01	
 2.7849e-01	
 2.7840e-01	
 2.8381e-01	
 2.8065e-01	
 2.8119e-01	
 2.8129e-01	
 2.8100e-01	
 2.7661e-01	
 2.8148e-01	
 2.8250e-01	
 2.8203e-01	
 2.7873e-01	
 2.7686e-01	
 2.7738e-01	
 2.8037e-01	
 2.8155e-01	
 2.8230e-01	
 2.7985e-01	
 2.8037e-01	
 2.7548e-01	
 2.7474e-01	
 2.7896e-01	
 2.7953e-01	
 2.8122e-01	
 2.7870e-01	
 2.7386e-01	
 2.7741e-01	
 2.7574e-01	
 2.8126e-01	
 2.8043e-01	
 2.7627e-01	
 2.7665e-01	
 2.8207e-01	
 2.8659e-01	
 2.8685e-01	
 2.8337e-01	
 2.8379e-01	
 2.8422e-01	
 2.8478e-01	
 2.7679e-01	
 2.8019e-01	
 2.8079e-01	
 2.7568e-01	
 2.8002e-01	
 2.7791e-01	
 2.8014e-01	
 2.7857e-01	
 2.7720e-01	
 2.8181e-01	
 2.8471e-01	
 2.8551e-01	
 2.8585e-01	
 2.7824e-01	
 2.8096e-01	
 2.8588e-01	
 2.8346e-01	
 2.8098e-01	
 2.7914e-01	
 2.8082e-01	
 2.7781e-01	
 2.8214e-01	
 2.7560e-01	
 2.7776e-01	
 2.8216e-01	
 2.8334e-01	
 2.8972e-01	
 2.8532e-01	
 2.7919e-01	
 2.7897e-01	
 2.7778e-01	
 2.7637e-01	
 2.7443e-01	
 2.8195e-01	
 2.7908e-01	
 2.8086e-01	
 2.8266e-01	
 2.7775e-01	
 2.7887e-01	
 2.8484e-01	
 2.8287e-01	
 2.7871e-01	
 2.8133e-01	
 2.8532e-01	
 2.8185e-01	
 2.8175e-01	
 2.8409e-01	
 2.8133e-01	
 2.8095e-01	
 2.8382e-01	
 2.8196e-01	
 2.7653e-01	
 2.8106e-01	
 2.8062e-01	
 2.8092e-01	
 2.8108e-01	
 2.8059e-01	
 2.7858e-01	
 2.7662e-01	
 2.7702e-01	
 2.8002e-01	
 2.7775e-01	
 2.8378e-01	
 2.8222e-01	
 2.8229e-01	
 2.8318e-01	
 2.8116e-01	
 2.8225e-01	
 2.7549e-01	
 2.7629e-01	
 2.7926e-01	
 2.7615e-01	
 2.7829e-01	
 2.7511e-01	
 2.7833e-01	
 2.7811e-01	
 2.7981e-01	
 2.7892e-01	
 2.7846e-01	
 2.7887e-01	
 2.7725e-01	
 2.7846e-01	
 2.7927e-01	
 2.7715e-01	
 2.8005e-01	
 2.8182e-01	
 2.7859e-01	
 2.7982e-01	
 2.7643e-01	
 2.7954e-01	
 2.8089e-01	
 2.8257e-01	
 2.7798e-01	
 2.8086e-01	
 2.8125e-01	
 2.8070e-01	
 2.8076e-01	
 2.7657e-01	
 2.8115e-01	
 2.7592e-01	
 2.7539e-01	
 2.7833e-01	
 2.8027e-01	
 2.8251e-01	
 2.7880e-01	
 2.8301e-01	
 2.8586e-01	
 2.8413e-01	
 2.8070e-01	
 2.8424e-01	
 2.7927e-01	
 2.8160e-01	
 2.8431e-01	
 2.7907e-01	
 2.7484e-01	
 2.7670e-01	
 2.7999e-01	
 2.8171e-01	
 2.8273e-01	
 2.7938e-01	
 2.8130e-01	
 2.7741e-01	
 2.7595e-01	
 2.7762e-01	
 2.7710e-01	
 2.7969e-01	
 2.7986e-01	
 2.7789e-01	
 2.7763e-01	
 2.7393e-01	
 2.7584e-01	
 2.7675e-01	
 2.7274e-01	
 2.7838e-01	
 2.7563e-01	
 2.7656e-01	
 2.7835e-01	
 2.8219e-01	
 2.8471e-01	
 2.7662e-01	
 2.7725e-01	
 2.7972e-01	
 2.8143e-01	
 2.7826e-01	
 2.8064e-01	
 2.7854e-01	
 2.7713e-01	
 2.8153e-01	
 2.8223e-01	
 2.7762e-01	
 2.7614e-01	
 2.7832e-01	
 2.8173e-01	
 2.7834e-01	
 2.7967e-01	
 2.8362e-01	
 2.7837e-01	
 2.7715e-01	
 2.7238e-01	
 2.7654e-01	
 2.7833e-01	
 2.7931e-01	
 2.8146e-01	
 2.7613e-01	
 2.7460e-01	
 2.8271e-01	
 2.8465e-01	
 2.8507e-01	
 2.7611e-01	
 2.8082e-01	
 2.7823e-01	
 2.7770e-01	
 2.8011e-01	
 2.7853e-01	
 2.7586e-01	
 2.7926e-01	
 2.8109e-01	
 2.7769e-01	
 2.8508e-01	
 2.7857e-01	
 2.8087e-01	
 2.8156e-01	
 2.7819e-01	
 2.8110e-01	
 2.8697e-01	
 2.8732e-01	
 2.8060e-01	
 2.8561e-01	
 2.7788e-01	
 2.7681e-01	
 2.7994e-01	
 2.9249e-01	
 2.7421e-01	
 2.9530e-01	
 2.8346e-01	
 2.8547e-01	
 2.8015e-01	
 2.7877e-01	
 2.7406e-01	
 2.8688e-01	
 2.9847e-01	
 2.9408e-01	
 2.8137e-01	
 2.7397e-01	
 2.7312e-01	
 2.7307e-01	
 2.7188e-01	
 2.7264e-01	
 2.7213e-01	
 2.6845e-01	
 2.6730e-01	
 2.8019e-01	
 2.8378e-01	
 2.8563e-01	
 2.8467e-01	
 2.8546e-01	
 2.8529e-01	
 2.8556e-01	
 2.8232e-01	
 2.8476e-01	
 2.8024e-01	
 2.8383e-01	
 2.8027e-01	
 2.8348e-01	
 2.7952e-01	
 2.7518e-01	
 2.8153e-01	
 2.8315e-01	
 2.7799e-01	
 2.7629e-01	
 2.7491e-01	
 2.7746e-01	
 2.7285e-01	
 2.7673e-01	
 2.7790e-01	
 2.7409e-01	
 2.7098e-01	
 2.7973e-01	
 2.8072e-01	
 2.8272e-01	
 2.7908e-01	
 2.8092e-01	
 2.8490e-01	
 2.8082e-01	
 2.8418e-01	
 2.8507e-01	
 2.8057e-01	
 2.7898e-01	
 2.7567e-01	
 2.7776e-01	
 2.7930e-01	
 2.8320e-01	
 2.7837e-01	
 2.7795e-01	
 2.7886e-01	
 2.7690e-01	
 2.7486e-01	
 2.7542e-01	
 2.7508e-01	
 2.7249e-01	
 2.7879e-01	
 2.7917e-01	
 2.8324e-01	
 2.7821e-01	
 2.7984e-01	
 2.7658e-01	
 2.8093e-01	
 2.8017e-01	
 2.7922e-01	
 2.8444e-01	
 2.8108e-01	
 2.8639e-01	
 2.7894e-01	
 2.8593e-01	
 2.7956e-01	
 2.7906e-01	
 2.8189e-01	
 2.7244e-01	
 2.7321e-01	
 2.8075e-01	
 2.8149e-01	
 2.7705e-01	
 2.7697e-01	
 2.8287e-01	
 2.7395e-01	
 2.7678e-01	
 2.8034e-01	
 2.8335e-01	
 2.7795e-01	
 2.7404e-01	
 2.8570e-01	
 2.8327e-01	
 2.8364e-01	
 2.8510e-01	
 2.8705e-01	
 2.8128e-01	
 2.7975e-01	
 2.7843e-01	
 2.8044e-01	
 2.7746e-01	
 2.8651e-01	
 2.8091e-01	
 2.7611e-01	
 2.7901e-01	
 2.8185e-01	
 2.7682e-01	
 2.8256e-01	
 2.7860e-01	
 2.8195e-01	
 2.7773e-01	
 2.8224e-01	
 2.8283e-01	
 2.7664e-01	
 2.7945e-01	
 2.7811e-01	
 2.8304e-01	
 2.7794e-01	
 2.8223e-01	
 2.8359e-01	
 2.7797e-01	
 2.7835e-01	
 2.8069e-01	
 2.8027e-01	
 2.7686e-01	
 2.7827e-01	
 2.8009e-01	
 2.7892e-01	
 2.7780e-01	
 2.8011e-01	
 2.7914e-01	
 2.8239e-01	
 2.7552e-01	
 2.7954e-01	
 2.7838e-01	
 2.8415e-01	
 2.8018e-01	
 2.7782e-01	
 2.7700e-01	
 2.7967e-01	
 2.7821e-01	
 2.7780e-01	
 2.8021e-01	
 2.7615e-01	
 2.8038e-01	
 2.8297e-01	
 2.7679e-01	
 2.7492e-01	
 2.8449e-01	
 2.8163e-01	
 2.8323e-01	
 2.7439e-01	
 2.7863e-01	
 2.8059e-01	
 2.7898e-01	
 2.7727e-01	
 2.7777e-01	
 2.8114e-01	
 2.7778e-01	
 2.7849e-01	
 2.7495e-01	
 2.8444e-01	
 2.7493e-01	
 2.7902e-01	
 2.7617e-01	
 2.8502e-01	
 2.8097e-01	
 2.8149e-01	
 2.7830e-01	
 2.8094e-01	
 2.7239e-01	
 2.7843e-01	
 2.8105e-01	
 2.8356e-01	
 2.7557e-01	
 2.7551e-01	
 2.8480e-01	
 2.7773e-01	
 2.7982e-01	
 2.8364e-01	
 2.8023e-01	
 2.7900e-01	
 2.8600e-01	
 2.8896e-01	
 2.8505e-01	
 2.8435e-01	
 2.7822e-01	
 2.7892e-01	
 2.7512e-01	
 2.8279e-01	
 2.7852e-01	
 2.7727e-01	
 2.8000e-01	
 2.8289e-01	
 2.8251e-01	
 2.7534e-01	
 2.8083e-01	
 2.7670e-01	
 2.7844e-01	
 2.7847e-01	
 2.7687e-01	
 2.7593e-01	
 2.7942e-01	
 2.7600e-01	
 2.7675e-01	
 2.7857e-01	
 2.7034e-01	
 2.8181e-01	
 2.8354e-01	
 2.8464e-01	
 2.8285e-01	
 2.8064e-01	
 2.8262e-01	
 2.7574e-01	
 2.7846e-01	
 2.8579e-01	
 2.8264e-01	
 2.7640e-01	
 2.8158e-01	
 2.7811e-01	
 2.8568e-01	
 2.7768e-01	
 2.8159e-01	
 2.8262e-01	
 2.8432e-01	
 2.7830e-01	
 2.7887e-01	
 2.8111e-01	
 2.7961e-01	
 2.8290e-01	
 2.7590e-01	
 2.7950e-01	
 2.7904e-01	
 2.7699e-01	
 2.7974e-01	
 2.8168e-01	
 2.8287e-01	
 2.8089e-01	
 2.7979e-01	
 2.8395e-01	
 2.8164e-01	
 2.8375e-01	
 2.8304e-01	
 2.8350e-01	
 2.7960e-01	
 2.8168e-01	
 2.7703e-01	
 2.8140e-01	
 2.8120e-01	
 2.8152e-01	
 2.8073e-01	
 2.7675e-01	
 2.7397e-01	
 2.7891e-01	
 2.7652e-01	
 2.8008e-01	
 2.7764e-01	
 2.8031e-01	
 2.8761e-01	
 2.8250e-01	
 2.8221e-01	
 2.8133e-01	
 2.7835e-01	
 2.7847e-01	
 2.7554e-01	
 2.7943e-01	
 2.8239e-01	
 2.8030e-01	
 2.8033e-01	
 2.8276e-01	
 2.7852e-01	
 2.7834e-01	
 2.7830e-01	
 2.7868e-01	
 2.8267e-01	
 2.7721e-01	
 2.7767e-01	
 2.7870e-01	
 2.7754e-01	
 2.8166e-01	
 2.8246e-01	
 2.8126e-01	
 2.8220e-01	
 2.7887e-01	
 2.7413e-01	
 2.7857e-01	
 2.8088e-01	
 2.7962e-01	
 2.8498e-01	
 2.8741e-01	
 2.8192e-01	
 2.7666e-01	
 2.8322e-01	
 2.7725e-01	
 2.7959e-01	
 2.8262e-01	
 2.8141e-01	
 2.7759e-01	
 2.8322e-01	
 2.8409e-01	
 2.7840e-01	
 2.7685e-01	
 2.8255e-01	
 2.8111e-01	
 2.7909e-01	
 2.7936e-01	
 2.8127e-01	
 2.8146e-01	
 2.8348e-01	
 2.8160e-01	
 2.8406e-01	
 2.8367e-01	
 2.8252e-01	
 2.8321e-01	
 2.8437e-01	
 2.8032e-01	
 2.7909e-01	
 2.8422e-01	
 2.7790e-01	
 2.8197e-01	
 2.8057e-01	
 2.7822e-01	
 2.7892e-01	
 2.7992e-01	
 2.7833e-01	
 2.7488e-01	
 2.8368e-01	
 2.8120e-01	
 2.8206e-01	
 2.8223e-01	
 2.7868e-01	
 2.8462e-01	
 2.7742e-01	
 2.8026e-01	
 2.8211e-01	
 2.8122e-01	
 2.8393e-01	
 2.7940e-01	
 2.8229e-01	
 2.8119e-01	
 2.8285e-01	
 2.8254e-01	
 2.7733e-01	
 2.7861e-01	
 2.8013e-01	
 2.8072e-01	
 2.8329e-01	
 2.7964e-01	
 2.7873e-01	
 2.8297e-01	
 2.7640e-01	
 2.7634e-01	
 2.8183e-01	
 2.8052e-01	
 2.8039e-01	
 2.7784e-01	
 2.7823e-01	
 2.7679e-01	
 2.7775e-01	
 2.7661e-01	
 2.7976e-01	
 2.7874e-01	
 2.8079e-01	
 2.8097e-01	
 2.7804e-01	
 2.7752e-01	
 2.7723e-01	
 2.7924e-01	
 2.8205e-01	
 2.8510e-01	
 2.8077e-01	
 2.8423e-01	
 2.7999e-01	
 2.8177e-01	
 2.8345e-01	
 2.8282e-01	
 2.7835e-01	
 2.7771e-01	
 2.8450e-01	
 2.7962e-01	
 2.7836e-01	
 2.8260e-01	
 2.7434e-01	
 2.7924e-01	
 2.7595e-01	
 2.7188e-01	
 2.8249e-01	
 2.8057e-01	
 2.8794e-01	
 2.8230e-01	
 2.7589e-01	
 2.8066e-01	
 2.8072e-01	
 2.7761e-01	
 2.7634e-01	
 2.8104e-01	
 2.7926e-01	
 2.8419e-01	
 2.7923e-01	
 2.8461e-01	
 2.8053e-01	
 2.7717e-01	
 2.8123e-01	
 2.8090e-01	
 2.8348e-01	
 2.7519e-01	
 2.8348e-01	
 2.8034e-01	
 2.7941e-01	
 2.8032e-01	
 2.8286e-01	
 2.7832e-01	
 2.7430e-01	
 2.8380e-01	
 2.8120e-01	
 2.7919e-01	
 2.8291e-01	
 2.8075e-01	
 2.8177e-01	
 2.8405e-01	
 2.8563e-01	
 2.8464e-01	
 2.8036e-01	
 2.7997e-01	
 2.8306e-01	
 2.8114e-01	
 2.7940e-01	
 2.8044e-01	
 2.7774e-01	
 2.8414e-01	
 2.7634e-01	
 2.7996e-01	
 2.8029e-01	
 2.8187e-01	
 2.8139e-01	
 2.8257e-01	
 2.8076e-01	
 2.7614e-01	
 2.7858e-01	
 2.7996e-01	
 2.7493e-01	
 2.8149e-01	
 2.7855e-01	
 2.8060e-01	
 2.8031e-01	
 2.8097e-01	
 2.8026e-01	
 2.7981e-01	
 2.8216e-01	
 2.8462e-01	
 2.8348e-01	
 2.7698e-01	
 2.7704e-01	
 2.8122e-01	
 2.7655e-01	
 2.8044e-01	
 2.8727e-01	
 2.8068e-01	
 2.7999e-01	
 2.8704e-01	
 2.8099e-01	
 2.8054e-01	
 2.8249e-01	
 2.8556e-01	
 2.8187e-01	
 2.7854e-01	
 2.8335e-01	
 2.7860e-01	
 2.8359e-01	
 2.8765e-01	
 2.8218e-01	
 2.7788e-01	
 2.8312e-01	
 2.8027e-01	
 2.7974e-01	
 2.7715e-01	
 2.7688e-01	
 2.7880e-01	
 2.7805e-01	
 2.8000e-01	
 2.8571e-01	
 2.8287e-01	
 2.8546e-01	
 2.8564e-01	
 2.8160e-01	
 2.8062e-01	
 2.8270e-01	
 2.8218e-01	
 2.7499e-01	
 2.8147e-01	
 2.7708e-01	
 2.7396e-01	
 2.7699e-01	
 2.8147e-01	
 2.8134e-01	
 2.8342e-01	
 2.8240e-01	
 2.8016e-01	
 2.8267e-01	
 2.8272e-01	
 2.8110e-01	
 2.7728e-01	
 2.8039e-01	
 2.7962e-01	
 2.7840e-01	
 2.8048e-01	
 2.7844e-01	
 2.7532e-01	
 2.7631e-01	
 2.8275e-01	
 2.7894e-01	
 2.8623e-01	
 2.7986e-01	
 2.7904e-01	
 2.7981e-01	
 2.8289e-01	
 2.7043e-01	
 2.7728e-01	
 2.8098e-01	
 2.8077e-01	
 2.8083e-01	
 2.7972e-01	
 2.8591e-01	
 2.8040e-01	
 2.8274e-01	
 2.8790e-01	
 2.8026e-01	
 2.7904e-01	
 2.7549e-01	
 2.7935e-01	
 2.8225e-01	
 2.8225e-01	
 2.7668e-01	
 2.7651e-01	
 2.7929e-01	
 2.7513e-01	
 2.8182e-01	
 2.7695e-01	
 2.7672e-01	
 2.8309e-01	
 2.7901e-01	
 2.7890e-01	
 2.8409e-01	
 2.8300e-01	
 2.8336e-01	
 2.7532e-01	
 2.7584e-01	
 2.8405e-01	
 2.8354e-01	
 2.8149e-01	
 2.8173e-01	
 2.7774e-01	
 2.7926e-01	
 2.8210e-01	
 2.7875e-01	
 2.8169e-01	
 2.8518e-01	
 2.7644e-01	
 2.7901e-01	
 2.7944e-01	
 2.7774e-01	
 2.7860e-01	
 2.7852e-01	
 2.7948e-01	
 2.7920e-01	
 2.7593e-01	
 2.7756e-01	
 2.8234e-01	
 2.8204e-01	
 2.7562e-01	
 2.8079e-01	
 2.7697e-01	
 2.7780e-01	
 2.7894e-01	
 2.7578e-01	
 2.8607e-01	
 2.7897e-01	
 2.7766e-01	
 2.8200e-01	
 2.8345e-01	
 2.8207e-01	
 2.8164e-01	
 2.7713e-01	
 2.7973e-01	
 2.7517e-01	
 2.7595e-01	
 2.7906e-01	
 2.8118e-01	
 2.7897e-01	
 2.7971e-01	
 2.8151e-01	
 2.7715e-01	
 2.8282e-01	
 2.7950e-01	
 2.7617e-01	
 2.8087e-01	
 2.8052e-01	
 2.8397e-01	
 2.7928e-01	
 2.8182e-01	
 2.7940e-01	
 2.7834e-01	
 2.8031e-01	
 2.7994e-01	
 2.8227e-01	
 2.7576e-01	
 2.7729e-01	
 2.8287e-01	
 2.8152e-01	
 2.8477e-01	
 2.8312e-01	
 2.7798e-01	
 2.7814e-01	
 2.8414e-01	
 2.8102e-01	
 2.7854e-01	
 2.8045e-01	
 2.8140e-01	
 2.7660e-01	
 2.7404e-01	
 2.8045e-01	
 2.7987e-01	
 2.8074e-01	
 2.8739e-01	
 2.7629e-01	
 2.7807e-01	
 2.8045e-01	
 2.8033e-01	
 2.8426e-01	
 2.8023e-01	
 2.8281e-01	
 2.7946e-01	
 2.7820e-01	
 2.8388e-01	
 2.8259e-01	
 2.7958e-01	
 2.8184e-01	
 2.8352e-01	
 2.8041e-01	
 2.7830e-01	
 2.8154e-01	
 2.8189e-01	
 2.8394e-01	
 2.7612e-01	
 2.8075e-01	
 2.7873e-01	
 2.8016e-01	
 2.8425e-01	
 2.8169e-01	
 2.8413e-01	
 2.7418e-01	
 2.8010e-01	
 2.7820e-01	
 2.7552e-01	
 2.7772e-01	
 2.8118e-01	
 2.8398e-01	
 2.7686e-01	
 2.7866e-01	
 2.8151e-01	
 2.7675e-01	
 2.8218e-01	
 2.8287e-01	
 2.7702e-01	
 2.7930e-01	
 2.7647e-01	
 2.7919e-01	
 2.7764e-01	
 2.7807e-01	
 2.7826e-01	
 2.8204e-01	
 2.7713e-01	
 2.8260e-01	
 2.8017e-01	
 2.7671e-01	
 2.7758e-01	
 2.8092e-01	
 2.7726e-01	
 2.8373e-01	
 2.8034e-01	
 2.7889e-01	
 2.7705e-01	
 2.8416e-01	
 2.7931e-01	
 2.7875e-01	
 2.7789e-01	
 2.8040e-01	
 2.7491e-01	
 2.7925e-01	
 2.8059e-01	
 2.8318e-01	
 2.7708e-01	
 2.8326e-01	
 2.8109e-01	
 2.7674e-01	
 2.7882e-01	
 2.8156e-01	
 2.8044e-01	
 2.7911e-01	
 2.8162e-01	
 2.7910e-01	
 2.7231e-01	
 2.8058e-01	
 2.8193e-01	
 2.8076e-01	
 2.7842e-01	
 2.7826e-01	
 2.8046e-01	
 2.7868e-01	
 2.8036e-01	
 2.7787e-01	
 2.7943e-01	
 2.7978e-01	
 2.7997e-01	
 2.8280e-01	
 2.8081e-01	
 2.8109e-01	
 2.8199e-01	
 2.7927e-01	
 2.7531e-01	
 2.8148e-01	
 2.8133e-01	
 2.8153e-01	
 2.7875e-01	
 2.7756e-01	
 2.7709e-01	
 2.8383e-01	
 2.8042e-01	
 2.8146e-01	
 2.7822e-01	
 2.8034e-01	
 2.7557e-01	
 2.7371e-01	
 2.7946e-01	
 2.7947e-01	
 2.8260e-01	
 2.7822e-01	
 2.7489e-01	
 2.7868e-01	
 2.7503e-01	
 2.8068e-01	
 2.8267e-01	
 2.7567e-01	
 2.7628e-01	
 2.8223e-01	
 2.8503e-01	
 2.8717e-01	
 2.8358e-01	
 2.8355e-01	
 2.8443e-01	
 2.8807e-01	
 2.7691e-01	
 2.8136e-01	
 2.8139e-01	
 2.7517e-01	
 2.7913e-01	
 2.7914e-01	
 2.7974e-01	
 2.7761e-01	
 2.7855e-01	
 2.8198e-01	
 2.8583e-01	
 2.8441e-01	
 2.8480e-01	
 2.7836e-01	
 2.8211e-01	
 2.8563e-01	
 2.8260e-01	
 2.8080e-01	
 2.7939e-01	
 2.7977e-01	
 2.8008e-01	
 2.8022e-01	
 2.7598e-01	
 2.7667e-01	
 2.8261e-01	
 2.8296e-01	
 2.8906e-01	
 2.8416e-01	
 2.7983e-01	
 2.7837e-01	
 2.7862e-01	
 2.7662e-01	
 2.7359e-01	
 2.8264e-01	
 2.7880e-01	
 2.7879e-01	
 2.8296e-01	
 2.7764e-01	
 2.7842e-01	
 2.8381e-01	
 2.8326e-01	
 2.7707e-01	
 2.7940e-01	
 2.8481e-01	
 2.8278e-01	
 2.8095e-01	
 2.8224e-01	
 2.8093e-01	
 2.8214e-01	
 2.8404e-01	
 2.8096e-01	
 2.7491e-01	
 2.8239e-01	
 2.8239e-01	
 2.8248e-01	
 2.8041e-01	
 2.8129e-01	
 2.7790e-01	
 2.7717e-01	
 2.7653e-01	
 2.7911e-01	
 2.7782e-01	
 2.8378e-01	
 2.8147e-01	
 2.8106e-01	
 2.8179e-01	
 2.8007e-01	
 2.8167e-01	
 2.7571e-01	
 2.7501e-01	
 2.7865e-01	
 2.7437e-01	
 2.7714e-01	
 2.7615e-01	
 2.7765e-01	
 2.7909e-01	
 2.8065e-01	
 2.7836e-01	
 2.7911e-01	
 2.7884e-01	
 2.7758e-01	
 2.7971e-01	
 2.8036e-01	
 2.7650e-01	
 2.7969e-01	
 2.8256e-01	
 2.7835e-01	
 2.8146e-01	
 2.7803e-01	
 2.8193e-01	
 2.8064e-01	
 2.8284e-01	
 2.7828e-01	
 2.8063e-01	
 2.8207e-01	
 2.8006e-01	
 2.8340e-01	
 2.7624e-01	
 2.8075e-01	
 2.7774e-01	
 2.7376e-01	
 2.7842e-01	
 2.8233e-01	
 2.8100e-01	
 2.8103e-01	
 2.8013e-01	
 2.8498e-01	
 2.8286e-01	
 2.8122e-01	
 2.8407e-01	
 2.7925e-01	
 2.8127e-01	
 2.8480e-01	
 2.7994e-01	
 2.7663e-01	
 2.7674e-01	
 2.7885e-01	
 2.8144e-01	
 2.8260e-01	
 2.7701e-01	
 2.8049e-01	
 2.7715e-01	
 2.7570e-01	
 2.7926e-01	
 2.7700e-01	
 2.7723e-01	
 2.8055e-01	
 2.7724e-01	
 2.7658e-01	
 2.7421e-01	
 2.7593e-01	
 2.7842e-01	
 2.7260e-01	
 2.7601e-01	
 2.7694e-01	
 2.7537e-01	
 2.7961e-01	
 2.8230e-01	
 2.8300e-01	
 2.7626e-01	
 2.7828e-01	
 2.7990e-01	
 2.8186e-01	
 2.7897e-01	
 2.8066e-01	
 2.7752e-01	
 2.7596e-01	
 2.8204e-01	
 2.8306e-01	
 2.7688e-01	
 2.7719e-01	
 2.7833e-01	
 2.8183e-01	
 2.7842e-01	
 2.8026e-01	
 2.8475e-01	
 2.7774e-01	
 2.7641e-01	
 2.7186e-01	
 2.7821e-01	
 2.7741e-01	
 2.7998e-01	
 2.7973e-01	
 2.7651e-01	
 2.7534e-01	
 2.8301e-01	
 2.8333e-01	
 2.8356e-01	
 2.7587e-01	
 2.8021e-01	
 2.7943e-01	
 2.7715e-01	
 2.8145e-01	
 2.7853e-01	
 2.7460e-01	
 2.7874e-01	
 2.8083e-01	
 2.7833e-01	
 2.8606e-01	
 2.7707e-01	
 2.7990e-01	
 2.8202e-01	
 2.7936e-01	
 2.8050e-01	
 2.8668e-01	
 2.8577e-01	
 2.7988e-01	
 2.8303e-01	
 2.7809e-01	
 2.7760e-01	
 2.8018e-01	
