Loss	
 7.0164e-01	
 6.8635e-01	
 6.7070e-01	
 6.5220e-01	
 6.3004e-01	
 6.0421e-01	
 5.7682e-01	
 5.4674e-01	
 5.1710e-01	
 4.8990e-01	
 4.6718e-01	
 4.4627e-01	
 4.3098e-01	
 4.2005e-01	
 4.1126e-01	
 4.0460e-01	
 4.0022e-01	
 3.9590e-01	
 3.9238e-01	
 3.9021e-01	
 3.8768e-01	
 3.8520e-01	
 3.8308e-01	
 3.7977e-01	
 3.7907e-01	
 3.7675e-01	
 3.7426e-01	
 3.7471e-01	
 3.7486e-01	
 3.7410e-01	
 3.7380e-01	
 3.7205e-01	
 3.7048e-01	
 3.6921e-01	
 3.6770e-01	
 3.6627e-01	
 3.6481e-01	
 3.6377e-01	
 3.6149e-01	
 3.6015e-01	
 3.5939e-01	
 3.5759e-01	
 3.5639e-01	
 3.5460e-01	
 3.5382e-01	
 3.5182e-01	
 3.5076e-01	
 3.4913e-01	
 3.4827e-01	
 3.4684e-01	
 3.4640e-01	
 3.4468e-01	
 3.4397e-01	
 3.4350e-01	
 3.4345e-01	
 3.4284e-01	
 3.4207e-01	
 3.4243e-01	
 3.4158e-01	
 3.4094e-01	
 3.4007e-01	
 3.3912e-01	
 3.3858e-01	
 3.3819e-01	
 3.3730e-01	
 3.3657e-01	
 3.3562e-01	
 3.3574e-01	
 3.3477e-01	
 3.3366e-01	
 3.3317e-01	
 3.3252e-01	
 3.3193e-01	
 3.3204e-01	
 3.3143e-01	
 3.3107e-01	
 3.3048e-01	
 3.3146e-01	
 3.3060e-01	
 3.3074e-01	
 3.3144e-01	
 3.3112e-01	
 3.3074e-01	
 3.3116e-01	
 3.2992e-01	
 3.3003e-01	
 3.2956e-01	
 3.2931e-01	
 3.2930e-01	
 3.2919e-01	
 3.2808e-01	
 3.2768e-01	
 3.2780e-01	
 3.2759e-01	
 3.2691e-01	
 3.2677e-01	
 3.2617e-01	
 3.2639e-01	
 3.2629e-01	
 3.2629e-01	
 3.2614e-01	
 3.2623e-01	
 3.2612e-01	
 3.2684e-01	
 3.2656e-01	
 3.2679e-01	
 3.2687e-01	
 3.2691e-01	
 3.2700e-01	
 3.2701e-01	
 3.2663e-01	
 3.2646e-01	
 3.2660e-01	
 3.2629e-01	
 3.2605e-01	
 3.2623e-01	
 3.2566e-01	
 3.2613e-01	
 3.2581e-01	
 3.2543e-01	
 3.2572e-01	
 3.2613e-01	
 3.2629e-01	
 3.2580e-01	
 3.2598e-01	
 3.2590e-01	
 3.2580e-01	
 3.2575e-01	
 3.2598e-01	
 3.2611e-01	
 3.2632e-01	
 3.2599e-01	
 3.2697e-01	
 3.2691e-01	
 3.2696e-01	
 3.2689e-01	
 3.2650e-01	
 3.2680e-01	
 3.2707e-01	
 3.2683e-01	
 3.2640e-01	
 3.2663e-01	
 3.2597e-01	
 3.2620e-01	
 3.2597e-01	
 3.2605e-01	
 3.2553e-01	
 3.2575e-01	
 3.2616e-01	
 3.2580e-01	
 3.2572e-01	
 3.2646e-01	
 3.2643e-01	
 3.2612e-01	
 3.2590e-01	
 3.2604e-01	
 3.2586e-01	
 3.2567e-01	
 3.2616e-01	
 3.2539e-01	
 3.2558e-01	
 3.2526e-01	
 3.2461e-01	
 3.2494e-01	
 3.2436e-01	
 3.2464e-01	
 3.2520e-01	
 3.2518e-01	
 3.2499e-01	
 3.2483e-01	
 3.2497e-01	
 3.2547e-01	
 3.2514e-01	
 3.2607e-01	
 3.2595e-01	
 3.2577e-01	
 3.2662e-01	
 3.2564e-01	
 3.2595e-01	
 3.2591e-01	
 3.2612e-01	
 3.2683e-01	
 3.2642e-01	
 3.2716e-01	
 3.2701e-01	
 3.2723e-01	
 3.2682e-01	
 3.2633e-01	
 3.2635e-01	
 3.2641e-01	
 3.2697e-01	
 3.2633e-01	
 3.2610e-01	
 3.2587e-01	
 3.2516e-01	
 3.2538e-01	
 3.2535e-01	
 3.2514e-01	
 3.2514e-01	
 3.2489e-01	
 3.2459e-01	
 3.2446e-01	
 3.2417e-01	
 3.2429e-01	
 3.2399e-01	
 3.2363e-01	
 3.2389e-01	
 3.2380e-01	
 3.2299e-01	
 3.2245e-01	
 3.2265e-01	
 3.2243e-01	
 3.2183e-01	
 3.2107e-01	
 3.2026e-01	
 3.2123e-01	
 3.2141e-01	
 3.2286e-01	
 3.2206e-01	
 3.2141e-01	
 3.2122e-01	
 3.2017e-01	
 3.2059e-01	
 3.2178e-01	
 3.2270e-01	
 3.2112e-01	
 3.2151e-01	
 3.2154e-01	
 3.2312e-01	
 3.2089e-01	
 3.2204e-01	
 3.2110e-01	
 3.2179e-01	
 3.1950e-01	
 3.1951e-01	
 3.2082e-01	
 3.1947e-01	
 3.2021e-01	
 3.1930e-01	
 3.1873e-01	
 3.1935e-01	
 3.1845e-01	
 3.1755e-01	
 3.1794e-01	
 3.1920e-01	
 3.1716e-01	
 3.1524e-01	
 3.1684e-01	
 3.1706e-01	
 3.1724e-01	
 3.1719e-01	
 3.1595e-01	
 3.1713e-01	
 3.1726e-01	
 3.1501e-01	
 3.1611e-01	
 3.1627e-01	
 3.1525e-01	
 3.1785e-01	
 3.1400e-01	
 3.1286e-01	
 3.1403e-01	
 3.1291e-01	
 3.1521e-01	
 3.1315e-01	
 3.1517e-01	
 3.1719e-01	
 3.1510e-01	
 3.1520e-01	
 3.1443e-01	
 3.1255e-01	
 3.1384e-01	
 3.1223e-01	
 3.1408e-01	
 3.1462e-01	
 3.1346e-01	
 3.1513e-01	
 3.1413e-01	
 3.1218e-01	
 3.1339e-01	
 3.1191e-01	
 3.1313e-01	
 3.1566e-01	
 3.1348e-01	
 3.1474e-01	
 3.1169e-01	
 3.1273e-01	
 3.1386e-01	
 3.1448e-01	
 3.1295e-01	
 3.1416e-01	
 3.1487e-01	
 3.1260e-01	
 3.1082e-01	
 3.1353e-01	
 3.1304e-01	
 3.1416e-01	
 3.1364e-01	
 3.1250e-01	
 3.1037e-01	
 3.1209e-01	
 3.0864e-01	
 3.1129e-01	
 3.1348e-01	
 3.1250e-01	
 3.1010e-01	
 3.1324e-01	
 3.1280e-01	
 3.1027e-01	
 3.0901e-01	
 3.1246e-01	
 3.1225e-01	
 3.1013e-01	
 3.1149e-01	
 3.1007e-01	
 3.1132e-01	
 3.1267e-01	
 3.0968e-01	
 3.1161e-01	
 3.1234e-01	
 3.1211e-01	
 3.1200e-01	
 3.1055e-01	
 3.1065e-01	
 3.0910e-01	
 3.1309e-01	
 3.0914e-01	
 3.0827e-01	
 3.0865e-01	
 3.0850e-01	
 3.0981e-01	
 3.1085e-01	
 3.1085e-01	
 3.0883e-01	
 3.1131e-01	
 3.1002e-01	
 3.1034e-01	
 3.1125e-01	
 3.0992e-01	
 3.1228e-01	
 3.0932e-01	
 3.0883e-01	
 3.1000e-01	
 3.1009e-01	
 3.1111e-01	
 3.1004e-01	
 3.1237e-01	
 3.0833e-01	
 3.0973e-01	
 3.0952e-01	
 3.0885e-01	
 3.0763e-01	
 3.0926e-01	
 3.0894e-01	
 3.0942e-01	
 3.0766e-01	
 3.0798e-01	
 3.1014e-01	
 3.0794e-01	
 3.0656e-01	
 3.1011e-01	
 3.0944e-01	
 3.0855e-01	
 3.0575e-01	
 3.0835e-01	
 3.0550e-01	
 3.0751e-01	
 3.0784e-01	
 3.0787e-01	
 3.0824e-01	
 3.1054e-01	
 3.0825e-01	
 3.0809e-01	
 3.0664e-01	
 3.0987e-01	
 3.0846e-01	
 3.0758e-01	
 3.1065e-01	
 3.0861e-01	
 3.1101e-01	
 3.0808e-01	
 3.0736e-01	
 3.0962e-01	
 3.1143e-01	
 3.0766e-01	
 3.0824e-01	
 3.0870e-01	
 3.0705e-01	
 3.0491e-01	
 3.0726e-01	
 3.0474e-01	
 3.0744e-01	
 3.0646e-01	
 3.0341e-01	
 3.0859e-01	
 3.0645e-01	
 3.1053e-01	
 3.0840e-01	
 3.0389e-01	
 3.0727e-01	
 3.0938e-01	
 3.0690e-01	
 3.0584e-01	
 3.1052e-01	
 3.0702e-01	
 3.0973e-01	
 3.0855e-01	
 3.1043e-01	
 3.0749e-01	
 3.0681e-01	
 3.0876e-01	
 3.0856e-01	
 3.0820e-01	
 3.0582e-01	
 3.1020e-01	
 3.0560e-01	
 3.0523e-01	
 3.0741e-01	
 3.0826e-01	
 3.0608e-01	
 3.0425e-01	
 3.0849e-01	
 3.0863e-01	
 3.0708e-01	
 3.0836e-01	
 3.0590e-01	
 3.0660e-01	
 3.0836e-01	
 3.0974e-01	
 3.0858e-01	
 3.0716e-01	
 3.0651e-01	
 3.0966e-01	
 3.0817e-01	
 3.0664e-01	
 3.0681e-01	
 3.0517e-01	
 3.0891e-01	
 3.0554e-01	
 3.0712e-01	
 3.0820e-01	
 3.0848e-01	
 3.0730e-01	
 3.0654e-01	
 3.0744e-01	
 3.0641e-01	
 3.0664e-01	
 3.0634e-01	
 3.0441e-01	
 3.0650e-01	
 3.0587e-01	
 3.0700e-01	
 3.0562e-01	
 3.0591e-01	
 3.0535e-01	
 3.0584e-01	
 3.0738e-01	
 3.0931e-01	
 3.0900e-01	
 3.0498e-01	
 3.0594e-01	
 3.0700e-01	
 3.0274e-01	
 3.0535e-01	
 3.1029e-01	
 3.0651e-01	
 3.0573e-01	
 3.1038e-01	
 3.0785e-01	
 3.0544e-01	
 3.0680e-01	
 3.1086e-01	
 3.0607e-01	
 3.0379e-01	
 3.0791e-01	
 3.0476e-01	
 3.0831e-01	
 3.1043e-01	
 3.0770e-01	
 3.0391e-01	
 3.0788e-01	
 3.0748e-01	
 3.0611e-01	
 3.0671e-01	
 3.0398e-01	
 3.0521e-01	
 3.0549e-01	
 3.0575e-01	
 3.1021e-01	
 3.0487e-01	
 3.0867e-01	
 3.0910e-01	
 3.0621e-01	
 3.0626e-01	
 3.0494e-01	
 3.0732e-01	
 3.0285e-01	
 3.0438e-01	
 3.0475e-01	
 3.0236e-01	
 3.0392e-01	
 3.0478e-01	
 3.0808e-01	
 3.0724e-01	
 3.0611e-01	
 3.0416e-01	
 3.0685e-01	
 3.0639e-01	
 3.0429e-01	
 3.0265e-01	
 3.0580e-01	
 3.0312e-01	
 3.0330e-01	
 3.0550e-01	
 3.0278e-01	
 3.0351e-01	
 3.0356e-01	
 3.0634e-01	
 3.0484e-01	
 3.0808e-01	
 3.0624e-01	
 3.0477e-01	
 3.0421e-01	
 3.0448e-01	
 2.9901e-01	
 3.0297e-01	
 3.0602e-01	
 3.0589e-01	
 3.0316e-01	
 3.0303e-01	
 3.0741e-01	
 3.0311e-01	
 3.0364e-01	
 3.0905e-01	
 3.0411e-01	
 3.0210e-01	
 3.0150e-01	
 3.0265e-01	
 3.0655e-01	
 3.0574e-01	
 3.0351e-01	
 3.0279e-01	
 3.0173e-01	
 3.0416e-01	
 3.0717e-01	
 3.0383e-01	
 3.0281e-01	
 3.0751e-01	
 3.0342e-01	
 3.0249e-01	
 3.0817e-01	
 3.0741e-01	
 3.0580e-01	
 3.0097e-01	
 3.0138e-01	
 3.0856e-01	
 3.0605e-01	
 3.0421e-01	
 3.0652e-01	
 3.0054e-01	
 3.0353e-01	
 3.0483e-01	
 3.0358e-01	
 3.0599e-01	
 3.0770e-01	
 3.0187e-01	
 3.0395e-01	
 3.0329e-01	
 3.0201e-01	
 3.0331e-01	
 3.0240e-01	
 3.0501e-01	
 3.0377e-01	
 3.0131e-01	
 3.0232e-01	
 3.0468e-01	
 3.0363e-01	
 2.9988e-01	
 3.0551e-01	
 3.0389e-01	
 3.0335e-01	
 3.0370e-01	
 3.0045e-01	
 3.0697e-01	
 3.0349e-01	
 3.0396e-01	
 3.0540e-01	
 3.0556e-01	
 3.0602e-01	
 3.0601e-01	
 3.0554e-01	
 3.0445e-01	
 3.0184e-01	
 3.0195e-01	
 3.0180e-01	
 3.0517e-01	
 3.0298e-01	
 3.0472e-01	
 3.0414e-01	
 3.0254e-01	
 3.0645e-01	
 3.0303e-01	
 3.0191e-01	
 3.0454e-01	
 3.0406e-01	
 3.0452e-01	
 3.0252e-01	
 3.0300e-01	
 3.0281e-01	
 3.0231e-01	
 3.0477e-01	
 3.0416e-01	
 3.0447e-01	
 3.0230e-01	
 3.0130e-01	
 3.0642e-01	
 3.0444e-01	
 3.0412e-01	
 3.0604e-01	
 3.0379e-01	
 3.0124e-01	
 3.0697e-01	
 3.0303e-01	
 3.0329e-01	
 3.0361e-01	
 3.0668e-01	
 3.0230e-01	
 3.0127e-01	
 3.0376e-01	
 3.0350e-01	
 3.0268e-01	
 3.0708e-01	
 2.9881e-01	
 3.0168e-01	
 3.0124e-01	
 3.0279e-01	
 3.0559e-01	
 3.0344e-01	
 3.0602e-01	
 3.0286e-01	
 3.0375e-01	
 3.0384e-01	
 3.0524e-01	
 3.0210e-01	
 3.0349e-01	
 3.0147e-01	
 3.0248e-01	
 3.0198e-01	
 3.0333e-01	
 3.0393e-01	
 3.0310e-01	
 3.0069e-01	
 3.0293e-01	
 3.0199e-01	
 3.0223e-01	
 3.0608e-01	
 3.0575e-01	
 3.0619e-01	
 3.0086e-01	
 3.0176e-01	
 3.0157e-01	
 3.0121e-01	
 3.0203e-01	
 3.0274e-01	
 3.0296e-01	
 3.0199e-01	
 3.0243e-01	
 3.0440e-01	
 3.0095e-01	
 3.0325e-01	
 3.0381e-01	
 3.0120e-01	
 3.0052e-01	
 2.9977e-01	
 3.0228e-01	
 2.9859e-01	
 3.0151e-01	
 3.0188e-01	
 3.0179e-01	
 2.9916e-01	
 3.0171e-01	
 3.0063e-01	
 2.9975e-01	
 2.9852e-01	
 3.0191e-01	
 3.0050e-01	
 3.0415e-01	
 3.0139e-01	
 2.9971e-01	
 2.9949e-01	
 3.0353e-01	
 3.0090e-01	
 3.0139e-01	
 3.0119e-01	
 3.0117e-01	
 2.9735e-01	
 3.0179e-01	
 3.0377e-01	
 3.0401e-01	
 2.9985e-01	
 3.0271e-01	
 3.0134e-01	
 3.0133e-01	
 3.0216e-01	
 3.0418e-01	
 3.0101e-01	
 3.0276e-01	
 3.0333e-01	
 3.0234e-01	
 2.9721e-01	
 3.0247e-01	
 3.0460e-01	
 3.0375e-01	
 3.0130e-01	
 3.0124e-01	
 3.0317e-01	
 3.0075e-01	
 3.0359e-01	
 3.0316e-01	
 3.0158e-01	
 3.0183e-01	
 3.0429e-01	
 3.0400e-01	
 3.0409e-01	
 3.0322e-01	
 3.0390e-01	
 3.0325e-01	
 3.0181e-01	
 3.0108e-01	
 3.0466e-01	
 3.0277e-01	
 3.0149e-01	
 3.0042e-01	
 2.9931e-01	
 3.0285e-01	
 3.0131e-01	
 3.0283e-01	
 3.0145e-01	
 3.0181e-01	
 2.9932e-01	
 2.9775e-01	
 3.0194e-01	
 3.0297e-01	
 3.0208e-01	
 3.0018e-01	
 2.9827e-01	
 3.0091e-01	
 2.9839e-01	
 3.0321e-01	
 3.0240e-01	
 2.9926e-01	
 2.9908e-01	
 3.0360e-01	
 3.0425e-01	
 3.0687e-01	
 3.0426e-01	
 3.0246e-01	
 3.0500e-01	
 3.0361e-01	
 2.9804e-01	
 3.0047e-01	
 3.0397e-01	
 2.9912e-01	
 3.0304e-01	
 3.0133e-01	
 3.0289e-01	
 3.0005e-01	
 2.9985e-01	
 3.0355e-01	
 3.0400e-01	
 3.0457e-01	
 3.0488e-01	
 3.0110e-01	
 3.0316e-01	
 3.0398e-01	
 3.0318e-01	
 3.0198e-01	
 3.0177e-01	
 3.0240e-01	
 3.0095e-01	
 3.0358e-01	
 2.9949e-01	
 2.9982e-01	
 3.0440e-01	
 3.0322e-01	
 3.0716e-01	
 3.0495e-01	
 2.9990e-01	
 3.0086e-01	
 3.0080e-01	
 3.0131e-01	
 2.9712e-01	
 3.0258e-01	
 3.0298e-01	
 2.9993e-01	
 3.0368e-01	
 3.0070e-01	
 2.9996e-01	
 3.0480e-01	
 3.0448e-01	
 2.9976e-01	
 3.0054e-01	
 3.0553e-01	
 3.0315e-01	
 3.0171e-01	
 3.0458e-01	
 3.0280e-01	
 3.0154e-01	
 3.0395e-01	
 3.0140e-01	
 2.9955e-01	
 3.0221e-01	
 3.0113e-01	
 3.0169e-01	
 3.0149e-01	
 3.0125e-01	
 3.0136e-01	
 3.0057e-01	
 2.9892e-01	
 3.0049e-01	
 2.9831e-01	
 3.0236e-01	
 3.0396e-01	
 3.0219e-01	
 3.0164e-01	
 3.0085e-01	
 3.0126e-01	
 2.9783e-01	
 2.9662e-01	
 3.0098e-01	
 2.9904e-01	
 2.9988e-01	
 2.9888e-01	
 3.0028e-01	
 2.9889e-01	
 3.0137e-01	
 2.9812e-01	
 2.9883e-01	
 2.9944e-01	
 2.9956e-01	
 2.9886e-01	
 3.0256e-01	
 3.0191e-01	
 3.0007e-01	
 3.0278e-01	
 2.9986e-01	
 3.0211e-01	
 3.0038e-01	
 3.0190e-01	
 3.0148e-01	
 3.0154e-01	
 3.0123e-01	
 3.0217e-01	
 3.0296e-01	
 3.0077e-01	
 3.0262e-01	
 2.9706e-01	
 3.0216e-01	
 2.9982e-01	
 2.9860e-01	
 3.0047e-01	
 3.0174e-01	
 3.0034e-01	
 3.0089e-01	
 3.0340e-01	
 3.0455e-01	
 3.0215e-01	
 3.0331e-01	
 3.0158e-01	
 3.0125e-01	
 3.0410e-01	
 3.0383e-01	
 3.0182e-01	
 2.9863e-01	
 2.9862e-01	
 2.9973e-01	
 3.0215e-01	
 3.0205e-01	
 3.0165e-01	
 3.0196e-01	
 3.0055e-01	
 2.9782e-01	
 3.0181e-01	
 2.9875e-01	
 3.0049e-01	
 3.0298e-01	
 2.9946e-01	
 2.9987e-01	
 2.9815e-01	
 2.9733e-01	
 2.9970e-01	
 2.9607e-01	
 2.9942e-01	
 2.9831e-01	
 2.9883e-01	
 2.9914e-01	
 3.0098e-01	
 3.0271e-01	
 2.9888e-01	
 2.9921e-01	
 3.0067e-01	
 3.0125e-01	
 2.9885e-01	
 2.9963e-01	
 2.9902e-01	
 2.9815e-01	
 3.0002e-01	
 3.0159e-01	
 2.9922e-01	
 2.9869e-01	
 3.0021e-01	
 3.0115e-01	
 2.9920e-01	
 2.9854e-01	
 3.0271e-01	
 2.9868e-01	
 2.9683e-01	
 2.9491e-01	
 2.9848e-01	
 2.9919e-01	
 2.9969e-01	
 2.9946e-01	
 2.9579e-01	
 2.9763e-01	
 3.0160e-01	
 3.0111e-01	
 3.0241e-01	
 2.9773e-01	
 3.0082e-01	
 2.9913e-01	
 2.9825e-01	
 3.0240e-01	
 2.9750e-01	
 2.9683e-01	
 2.9927e-01	
 2.9949e-01	
 2.9807e-01	
 3.0306e-01	
 2.9888e-01	
 2.9904e-01	
 2.9979e-01	
 2.9861e-01	
 2.9980e-01	
 3.0289e-01	
 3.0356e-01	
 2.9850e-01	
 3.0267e-01	
 2.9900e-01	
 2.9861e-01	
 2.9979e-01	
 3.1218e-01	
 2.9675e-01	
 3.1215e-01	
 3.0338e-01	
 3.0503e-01	
 3.0261e-01	
 3.0273e-01	
 2.9991e-01	
 3.0668e-01	
 3.1327e-01	
 3.1081e-01	
 3.0509e-01	
 3.0149e-01	
 2.9906e-01	
 2.9926e-01	
 2.9784e-01	
 2.9773e-01	
 2.9813e-01	
 2.9412e-01	
 2.9147e-01	
 2.9982e-01	
 2.9915e-01	
 3.0140e-01	
 3.0032e-01	
 3.0085e-01	
 3.0005e-01	
 3.0136e-01	
 3.0110e-01	
 3.0241e-01	
 3.0225e-01	
 3.0380e-01	
 3.0432e-01	
 3.0536e-01	
 3.0317e-01	
 3.0249e-01	
 3.0419e-01	
 3.0337e-01	
 3.0043e-01	
 3.0215e-01	
 2.9969e-01	
 3.0090e-01	
 2.9707e-01	
 2.9938e-01	
 2.9993e-01	
 2.9622e-01	
 2.9400e-01	
 2.9800e-01	
 2.9822e-01	
 3.0068e-01	
 2.9904e-01	
 2.9835e-01	
 3.0164e-01	
 3.0042e-01	
 3.0051e-01	
 3.0405e-01	
 3.0018e-01	
 3.0086e-01	
 2.9844e-01	
 2.9915e-01	
 3.0259e-01	
 3.0284e-01	
 2.9967e-01	
 2.9924e-01	
 3.0159e-01	
 2.9912e-01	
 2.9758e-01	
 2.9880e-01	
 2.9756e-01	
 2.9610e-01	
 2.9939e-01	
 2.9801e-01	
 3.0194e-01	
 2.9855e-01	
 2.9992e-01	
 2.9735e-01	
 2.9992e-01	
 2.9960e-01	
 2.9924e-01	
 3.0322e-01	
 3.0000e-01	
 3.0525e-01	
 3.0041e-01	
 3.0263e-01	
 3.0122e-01	
 3.0185e-01	
 3.0143e-01	
 2.9726e-01	
 2.9540e-01	
 3.0195e-01	
 3.0039e-01	
 2.9984e-01	
 2.9899e-01	
 3.0090e-01	
 2.9633e-01	
 2.9699e-01	
 2.9890e-01	
 3.0005e-01	
 2.9903e-01	
 2.9476e-01	
 3.0160e-01	
 3.0179e-01	
 3.0144e-01	
 3.0156e-01	
 3.0419e-01	
 3.0134e-01	
 3.0158e-01	
 2.9893e-01	
 3.0151e-01	
 3.0024e-01	
 3.0427e-01	
 3.0208e-01	
 2.9810e-01	
 3.0125e-01	
 3.0241e-01	
 2.9795e-01	
 3.0148e-01	
 3.0101e-01	
 3.0129e-01	
 2.9899e-01	
 3.0246e-01	
 3.0406e-01	
 2.9700e-01	
 2.9932e-01	
 2.9855e-01	
 3.0278e-01	
 2.9894e-01	
 3.0168e-01	
 3.0118e-01	
 2.9993e-01	
 2.9990e-01	
 3.0071e-01	
 3.0148e-01	
 2.9943e-01	
 2.9871e-01	
 3.0063e-01	
 3.0211e-01	
 2.9874e-01	
 3.0129e-01	
 3.0116e-01	
 3.0346e-01	
 2.9767e-01	
 3.0001e-01	
 2.9842e-01	
 3.0334e-01	
 3.0143e-01	
 2.9919e-01	
 3.0053e-01	
 2.9865e-01	
 2.9935e-01	
 2.9921e-01	
 2.9987e-01	
 2.9906e-01	
 2.9956e-01	
 3.0219e-01	
 2.9994e-01	
 2.9771e-01	
 3.0161e-01	
 2.9956e-01	
 3.0294e-01	
 2.9863e-01	
 2.9924e-01	
 3.0088e-01	
 2.9773e-01	
 2.9812e-01	
 2.9815e-01	
 2.9976e-01	
 2.9916e-01	
 2.9809e-01	
 2.9705e-01	
 3.0265e-01	
 2.9797e-01	
 2.9940e-01	
 2.9667e-01	
 3.0143e-01	
 3.0111e-01	
 3.0102e-01	
 3.0010e-01	
 3.0206e-01	
 2.9646e-01	
 2.9953e-01	
 3.0240e-01	
 3.0224e-01	
 2.9940e-01	
 2.9771e-01	
 3.0449e-01	
 2.9946e-01	
 3.0117e-01	
 3.0304e-01	
 3.0153e-01	
 2.9800e-01	
 3.0467e-01	
 3.0532e-01	
 3.0340e-01	
 3.0428e-01	
 2.9841e-01	
 3.0058e-01	
 2.9677e-01	
 3.0276e-01	
 3.0111e-01	
 3.0022e-01	
 3.0017e-01	
 3.0129e-01	
 3.0168e-01	
 2.9639e-01	
 2.9927e-01	
 2.9824e-01	
 2.9913e-01	
 2.9977e-01	
 2.9924e-01	
 2.9799e-01	
 3.0038e-01	
 2.9625e-01	
 2.9719e-01	
 2.9899e-01	
 2.9525e-01	
 2.9990e-01	
 3.0245e-01	
 3.0233e-01	
 3.0213e-01	
 2.9970e-01	
 3.0047e-01	
 2.9749e-01	
 2.9769e-01	
 3.0257e-01	
 3.0146e-01	
 2.9860e-01	
 3.0266e-01	
 2.9946e-01	
 3.0596e-01	
 3.0122e-01	
 3.0068e-01	
 2.9981e-01	
 3.0420e-01	
 2.9969e-01	
 2.9926e-01	
 3.0272e-01	
 3.0149e-01	
 3.0347e-01	
 2.9725e-01	
 3.0089e-01	
 3.0069e-01	
 2.9790e-01	
 3.0045e-01	
 3.0170e-01	
 3.0279e-01	
 2.9985e-01	
 2.9886e-01	
 3.0272e-01	
 3.0038e-01	
 3.0159e-01	
 3.0305e-01	
 3.0141e-01	
 3.0052e-01	
 3.0068e-01	
 2.9954e-01	
 3.0201e-01	
 3.0156e-01	
 3.0135e-01	
 3.0173e-01	
 2.9905e-01	
 2.9729e-01	
 2.9935e-01	
 2.9791e-01	
 3.0105e-01	
 2.9951e-01	
 2.9999e-01	
 3.0433e-01	
 3.0098e-01	
 3.0271e-01	
 3.0097e-01	
 2.9909e-01	
 3.0008e-01	
 2.9590e-01	
 3.0041e-01	
 3.0057e-01	
 3.0049e-01	
 3.0122e-01	
 3.0148e-01	
 2.9896e-01	
 2.9980e-01	
 3.0082e-01	
 3.0108e-01	
 3.0216e-01	
 3.0067e-01	
 2.9963e-01	
 2.9844e-01	
 2.9976e-01	
 3.0033e-01	
 3.0272e-01	
 3.0060e-01	
 3.0235e-01	
 3.0069e-01	
 2.9787e-01	
 2.9971e-01	
 3.0021e-01	
 3.0136e-01	
 3.0235e-01	
 3.0443e-01	
 3.0411e-01	
 2.9927e-01	
 3.0158e-01	
 2.9824e-01	
 2.9957e-01	
 3.0277e-01	
 3.0133e-01	
 2.9847e-01	
 3.0166e-01	
 3.0160e-01	
 3.0011e-01	
 2.9794e-01	
 3.0131e-01	
 3.0122e-01	
 2.9726e-01	
 3.0163e-01	
 2.9977e-01	
 3.0073e-01	
 3.0248e-01	
 3.0098e-01	
 3.0133e-01	
 3.0235e-01	
 2.9985e-01	
 3.0311e-01	
 3.0241e-01	
 3.0020e-01	
 2.9842e-01	
 3.0452e-01	
 2.9894e-01	
 3.0212e-01	
 2.9843e-01	
 2.9814e-01	
 3.0040e-01	
 3.0214e-01	
 3.0058e-01	
 2.9824e-01	
 3.0209e-01	
 3.0187e-01	
 3.0118e-01	
 3.0232e-01	
 2.9854e-01	
 3.0349e-01	
 3.0085e-01	
 3.0023e-01	
 3.0190e-01	
 3.0119e-01	
 3.0277e-01	
 3.0175e-01	
 3.0095e-01	
 2.9970e-01	
 3.0147e-01	
 3.0186e-01	
 3.0121e-01	
 2.9977e-01	
 2.9923e-01	
 3.0048e-01	
 3.0148e-01	
 2.9802e-01	
 3.0101e-01	
 3.0118e-01	
 2.9805e-01	
 2.9762e-01	
 3.0174e-01	
 3.0051e-01	
 3.0139e-01	
 2.9845e-01	
 2.9809e-01	
 2.9909e-01	
 2.9709e-01	
 2.9757e-01	
 2.9952e-01	
 2.9817e-01	
 3.0251e-01	
 3.0176e-01	
 3.0014e-01	
 2.9885e-01	
 2.9946e-01	
 3.0090e-01	
 3.0129e-01	
 3.0351e-01	
 3.0037e-01	
 3.0323e-01	
 2.9912e-01	
 3.0143e-01	
 3.0221e-01	
 3.0424e-01	
 2.9978e-01	
 2.9821e-01	
 3.0376e-01	
 3.0074e-01	
 2.9737e-01	
 3.0145e-01	
 2.9775e-01	
 3.0089e-01	
 2.9889e-01	
 2.9606e-01	
 3.0235e-01	
 2.9961e-01	
 3.0422e-01	
 3.0070e-01	
 2.9687e-01	
 2.9922e-01	
 3.0080e-01	
 2.9938e-01	
 2.9941e-01	
 3.0173e-01	
 3.0014e-01	
 3.0124e-01	
 3.0030e-01	
 3.0332e-01	
 2.9902e-01	
 2.9920e-01	
 3.0220e-01	
 3.0073e-01	
 3.0204e-01	
 2.9764e-01	
 3.0280e-01	
 3.0025e-01	
 2.9743e-01	
 3.0076e-01	
 3.0045e-01	
 2.9868e-01	
 2.9762e-01	
 3.0265e-01	
 3.0148e-01	
 2.9972e-01	
 3.0249e-01	
 2.9896e-01	
 2.9991e-01	
 3.0201e-01	
 3.0476e-01	
 3.0265e-01	
 3.0087e-01	
 3.0165e-01	
 3.0232e-01	
 3.0186e-01	
 2.9984e-01	
 3.0064e-01	
 2.9845e-01	
 3.0229e-01	
 2.9860e-01	
 3.0203e-01	
 3.0071e-01	
 3.0182e-01	
 3.0164e-01	
 3.0086e-01	
 3.0146e-01	
 2.9824e-01	
 2.9919e-01	
 3.0134e-01	
 2.9716e-01	
 3.0035e-01	
 3.0017e-01	
 2.9934e-01	
 2.9968e-01	
 3.0004e-01	
 2.9946e-01	
 2.9993e-01	
 3.0285e-01	
 3.0440e-01	
 3.0243e-01	
 2.9718e-01	
 2.9948e-01	
 3.0203e-01	
 2.9809e-01	
 3.0056e-01	
 3.0501e-01	
 3.0024e-01	
 2.9921e-01	
 3.0560e-01	
 2.9916e-01	
 2.9964e-01	
 3.0046e-01	
 3.0301e-01	
 3.0061e-01	
 2.9959e-01	
 3.0282e-01	
 2.9748e-01	
 3.0372e-01	
 3.0422e-01	
 3.0199e-01	
 3.0031e-01	
 3.0311e-01	
 3.0184e-01	
 3.0133e-01	
 2.9846e-01	
 2.9652e-01	
 2.9760e-01	
 3.0006e-01	
 3.0056e-01	
 3.0445e-01	
 3.0027e-01	
 3.0311e-01	
 3.0442e-01	
 2.9922e-01	
 3.0066e-01	
 2.9992e-01	
 3.0155e-01	
 2.9812e-01	
 3.0104e-01	
 2.9954e-01	
 2.9614e-01	
 2.9818e-01	
 2.9920e-01	
 3.0312e-01	
 3.0234e-01	
 3.0214e-01	
 2.9966e-01	
 3.0276e-01	
 3.0219e-01	
 2.9966e-01	
 2.9616e-01	
 3.0067e-01	
 3.0015e-01	
 2.9815e-01	
 3.0018e-01	
 2.9808e-01	
 2.9790e-01	
 2.9751e-01	
 3.0131e-01	
 2.9976e-01	
 3.0384e-01	
 3.0011e-01	
 3.0042e-01	
 3.0073e-01	
 3.0234e-01	
 2.9433e-01	
 2.9825e-01	
 3.0001e-01	
 3.0067e-01	
 3.0042e-01	
 2.9788e-01	
 3.0373e-01	
 3.0002e-01	
 2.9943e-01	
 3.0378e-01	
 2.9850e-01	
 2.9824e-01	
 2.9723e-01	
 2.9763e-01	
 3.0162e-01	
 3.0022e-01	
 2.9878e-01	
 2.9817e-01	
 2.9785e-01	
 2.9714e-01	
 3.0117e-01	
 2.9803e-01	
 2.9836e-01	
 3.0369e-01	
 2.9869e-01	
 3.0039e-01	
 3.0349e-01	
 3.0342e-01	
 3.0337e-01	
 2.9699e-01	
 2.9669e-01	
 3.0318e-01	
 3.0083e-01	
 3.0170e-01	
 3.0063e-01	
 2.9849e-01	
 3.0068e-01	
 3.0244e-01	
 2.9861e-01	
 2.9995e-01	
 3.0211e-01	
 2.9730e-01	
 2.9957e-01	
 2.9820e-01	
 2.9907e-01	
 2.9957e-01	
 2.9791e-01	
 3.0084e-01	
 3.0068e-01	
 2.9947e-01	
 2.9938e-01	
 3.0273e-01	
 3.0090e-01	
 2.9666e-01	
 3.0151e-01	
 2.9838e-01	
 2.9894e-01	
 3.0029e-01	
 2.9634e-01	
 3.0317e-01	
 2.9927e-01	
 2.9925e-01	
 3.0102e-01	
 3.0252e-01	
 3.0210e-01	
 3.0274e-01	
 2.9929e-01	
 2.9871e-01	
 2.9922e-01	
 2.9856e-01	
 2.9903e-01	
 3.0237e-01	
 2.9998e-01	
 2.9971e-01	
 3.0133e-01	
 2.9910e-01	
 3.0286e-01	
 2.9807e-01	
 2.9866e-01	
 3.0039e-01	
 3.0042e-01	
 3.0177e-01	
 2.9831e-01	
 2.9992e-01	
 2.9993e-01	
 2.9793e-01	
 3.0191e-01	
 3.0060e-01	
 3.0079e-01	
 2.9802e-01	
 2.9769e-01	
 3.0250e-01	
 3.0055e-01	
 3.0213e-01	
 3.0211e-01	
 3.0056e-01	
 2.9723e-01	
 3.0318e-01	
 3.0091e-01	
 2.9986e-01	
 3.0122e-01	
 3.0066e-01	
 2.9892e-01	
 2.9777e-01	
 3.0004e-01	
 3.0005e-01	
 3.0154e-01	
 3.0337e-01	
 2.9743e-01	
 2.9799e-01	
 2.9918e-01	
 3.0016e-01	
 3.0130e-01	
 2.9981e-01	
 3.0256e-01	
 2.9894e-01	
 2.9980e-01	
 3.0192e-01	
 3.0130e-01	
 3.0013e-01	
 3.0040e-01	
 2.9973e-01	
 3.0077e-01	
 2.9922e-01	
 3.0171e-01	
 3.0106e-01	
 3.0194e-01	
 2.9625e-01	
 3.0017e-01	
 2.9796e-01	
 3.0075e-01	
 3.0307e-01	
 3.0117e-01	
 3.0210e-01	
 2.9580e-01	
 2.9917e-01	
 2.9940e-01	
 2.9740e-01	
 2.9778e-01	
 3.0034e-01	
 3.0097e-01	
 2.9756e-01	
 3.0050e-01	
 3.0127e-01	
 2.9870e-01	
 3.0123e-01	
 2.9976e-01	
 2.9865e-01	
 2.9880e-01	
 2.9794e-01	
 3.0133e-01	
 2.9677e-01	
 2.9916e-01	
 2.9942e-01	
 3.0061e-01	
 2.9934e-01	
 2.9993e-01	
 2.9912e-01	
 2.9779e-01	
 2.9666e-01	
 2.9949e-01	
 2.9668e-01	
 3.0096e-01	
 2.9939e-01	
 2.9876e-01	
 2.9671e-01	
 3.0186e-01	
 2.9944e-01	
 2.9788e-01	
 2.9865e-01	
 3.0020e-01	
 2.9551e-01	
 2.9940e-01	
 3.0172e-01	
 3.0153e-01	
 2.9606e-01	
 3.0148e-01	
 2.9784e-01	
 2.9788e-01	
 3.0010e-01	
 3.0149e-01	
 2.9842e-01	
 2.9959e-01	
 3.0088e-01	
 2.9955e-01	
 2.9507e-01	
 3.0071e-01	
 3.0082e-01	
 3.0055e-01	
 2.9921e-01	
 2.9858e-01	
 3.0084e-01	
 2.9910e-01	
 3.0139e-01	
 2.9887e-01	
 2.9954e-01	
 3.0001e-01	
 3.0034e-01	
 3.0380e-01	
 3.0066e-01	
 3.0115e-01	
 3.0365e-01	
 3.0233e-01	
 2.9849e-01	
 2.9973e-01	
 3.0199e-01	
 3.0123e-01	
 3.0021e-01	
 2.9679e-01	
 2.9690e-01	
 3.0226e-01	
 2.9988e-01	
 3.0066e-01	
 2.9927e-01	
 3.0100e-01	
 2.9766e-01	
 2.9609e-01	
 2.9958e-01	
 3.0047e-01	
 3.0074e-01	
 2.9883e-01	
 2.9763e-01	
 2.9857e-01	
 2.9580e-01	
 2.9996e-01	
 3.0167e-01	
 2.9855e-01	
 2.9645e-01	
 3.0194e-01	
 3.0293e-01	
 3.0265e-01	
 3.0219e-01	
 3.0154e-01	
 3.0321e-01	
 3.0428e-01	
 2.9715e-01	
 3.0054e-01	
 3.0075e-01	
 2.9764e-01	
 3.0149e-01	
 2.9853e-01	
 3.0049e-01	
 2.9832e-01	
 2.9862e-01	
 3.0148e-01	
 3.0386e-01	
 3.0171e-01	
 3.0452e-01	
 2.9929e-01	
 3.0124e-01	
 3.0361e-01	
 3.0278e-01	
 3.0019e-01	
 2.9960e-01	
 2.9958e-01	
 2.9952e-01	
 3.0046e-01	
 2.9656e-01	
 2.9847e-01	
 3.0182e-01	
 3.0281e-01	
 3.0493e-01	
 3.0451e-01	
 2.9806e-01	
 2.9865e-01	
 2.9782e-01	
 2.9889e-01	
 2.9583e-01	
 3.0210e-01	
 2.9839e-01	
 2.9854e-01	
 3.0144e-01	
 2.9961e-01	
 3.0092e-01	
 3.0216e-01	
 3.0330e-01	
 2.9940e-01	
 3.0079e-01	
 3.0314e-01	
 3.0182e-01	
 2.9969e-01	
 3.0239e-01	
 3.0057e-01	
 3.0148e-01	
 3.0161e-01	
 3.0103e-01	
 2.9802e-01	
 3.0140e-01	
 3.0173e-01	
 2.9951e-01	
 2.9999e-01	
 2.9806e-01	
 3.0021e-01	
 2.9744e-01	
 2.9786e-01	
 2.9901e-01	
 2.9740e-01	
 3.0188e-01	
 3.0252e-01	
 3.0149e-01	
 3.0046e-01	
 2.9880e-01	
 3.0130e-01	
 2.9640e-01	
 2.9516e-01	
 2.9916e-01	
 2.9748e-01	
 2.9797e-01	
 2.9662e-01	
 2.9827e-01	
 2.9700e-01	
 2.9990e-01	
 2.9834e-01	
 2.9797e-01	
 2.9799e-01	
 2.9914e-01	
 2.9865e-01	
 2.9997e-01	
 2.9870e-01	
 2.9951e-01	
 3.0097e-01	
 2.9939e-01	
 3.0073e-01	
 2.9767e-01	
 3.0029e-01	
 3.0020e-01	
 3.0069e-01	
 2.9731e-01	
 3.0094e-01	
 3.0202e-01	
 3.0200e-01	
 3.0150e-01	
 2.9700e-01	
 3.0015e-01	
 2.9800e-01	
 2.9773e-01	
 2.9969e-01	
 3.0073e-01	
 2.9934e-01	
 2.9959e-01	
 3.0239e-01	
 3.0335e-01	
 3.0327e-01	
 3.0071e-01	
 3.0181e-01	
 2.9988e-01	
 3.0128e-01	
 3.0317e-01	
 2.9874e-01	
 2.9678e-01	
 2.9767e-01	
 2.9888e-01	
 3.0098e-01	
 2.9956e-01	
 2.9869e-01	
 3.0115e-01	
 2.9944e-01	
 2.9575e-01	
 3.0025e-01	
 2.9871e-01	
 2.9946e-01	
 3.0128e-01	
 2.9770e-01	
 2.9824e-01	
 2.9714e-01	
 2.9826e-01	
 3.0002e-01	
 2.9575e-01	
 2.9980e-01	
 2.9774e-01	
 2.9780e-01	
 2.9786e-01	
 3.0009e-01	
 3.0238e-01	
 2.9679e-01	
 2.9822e-01	
 3.0056e-01	
 3.0048e-01	
 3.0007e-01	
 2.9954e-01	
 2.9804e-01	
 2.9738e-01	
 2.9997e-01	
 3.0079e-01	
 2.9823e-01	
 2.9936e-01	
 2.9852e-01	
 3.0146e-01	
 2.9758e-01	
 2.9837e-01	
 3.0350e-01	
 2.9808e-01	
 2.9713e-01	
 2.9494e-01	
 2.9725e-01	
 2.9783e-01	
 3.0012e-01	
 2.9719e-01	
 2.9688e-01	
 2.9591e-01	
 3.0163e-01	
 3.0148e-01	
 3.0191e-01	
 2.9748e-01	
 3.0074e-01	
 2.9917e-01	
 2.9786e-01	
 3.0070e-01	
 2.9781e-01	
 2.9695e-01	
 2.9911e-01	
 2.9985e-01	
 2.9819e-01	
 3.0258e-01	
 2.9883e-01	
 2.9856e-01	
 3.0036e-01	
 2.9955e-01	
 2.9913e-01	
 3.0319e-01	
 3.0341e-01	
 3.0052e-01	
 3.0158e-01	
 2.9976e-01	
 2.9691e-01	
 2.9857e-01	
 3.1054e-01	
 2.9540e-01	
 3.1085e-01	
 3.0325e-01	
 3.0293e-01	
 3.0219e-01	
 3.0136e-01	
 2.9964e-01	
 3.0404e-01	
 3.1121e-01	
 3.0865e-01	
 3.0279e-01	
 3.0005e-01	
 2.9726e-01	
 2.9731e-01	
 2.9823e-01	
 2.9659e-01	
 2.9779e-01	
 2.9505e-01	
 2.9107e-01	
 3.0028e-01	
 2.9964e-01	
 3.0272e-01	
 3.0183e-01	
 3.0269e-01	
 3.0138e-01	
 3.0327e-01	
 3.0038e-01	
 3.0223e-01	
 3.0051e-01	
 3.0402e-01	
 3.0296e-01	
 3.0427e-01	
 3.0173e-01	
 2.9963e-01	
 3.0153e-01	
 3.0283e-01	
 2.9950e-01	
 3.0083e-01	
 2.9847e-01	
 2.9986e-01	
 2.9783e-01	
 2.9931e-01	
 3.0033e-01	
 2.9575e-01	
 2.9492e-01	
 2.9938e-01	
 2.9818e-01	
 3.0010e-01	
 2.9899e-01	
 2.9889e-01	
 3.0156e-01	
 2.9957e-01	
 2.9993e-01	
 3.0246e-01	
 2.9978e-01	
 2.9963e-01	
 2.9852e-01	
 2.9724e-01	
 3.0072e-01	
 3.0208e-01	
 2.9811e-01	
 2.9787e-01	
 2.9956e-01	
 2.9926e-01	
 2.9731e-01	
 2.9736e-01	
 2.9770e-01	
 2.9597e-01	
 2.9949e-01	
 2.9817e-01	
 3.0102e-01	
 2.9945e-01	
 3.0123e-01	
 2.9710e-01	
 3.0137e-01	
 3.0010e-01	
 2.9877e-01	
 3.0152e-01	
 3.0041e-01	
 3.0482e-01	
 3.0088e-01	
 3.0343e-01	
 3.0150e-01	
 2.9984e-01	
 3.0114e-01	
 2.9658e-01	
 2.9517e-01	
 3.0219e-01	
 3.0181e-01	
 2.9989e-01	
 2.9963e-01	
 3.0127e-01	
 2.9810e-01	
 2.9595e-01	
 2.9941e-01	
 3.0138e-01	
 2.9915e-01	
 2.9670e-01	
 3.0274e-01	
 3.0018e-01	
 3.0174e-01	
 3.0173e-01	
 3.0265e-01	
 3.0148e-01	
 3.0027e-01	
 2.9805e-01	
 2.9965e-01	
 2.9808e-01	
 3.0391e-01	
 3.0222e-01	
 2.9713e-01	
 3.0038e-01	
 3.0145e-01	
 2.9652e-01	
 3.0180e-01	
 2.9938e-01	
 3.0008e-01	
 2.9729e-01	
 3.0098e-01	
 3.0113e-01	
 2.9616e-01	
 2.9860e-01	
 2.9850e-01	
 3.0302e-01	
 2.9837e-01	
 2.9992e-01	
 3.0131e-01	
 2.9847e-01	
 2.9920e-01	
 2.9931e-01	
 3.0161e-01	
 2.9879e-01	
 2.9722e-01	
 3.0071e-01	
 2.9978e-01	
 2.9842e-01	
 3.0007e-01	
 2.9989e-01	
 3.0190e-01	
 2.9556e-01	
 2.9917e-01	
 2.9843e-01	
 3.0231e-01	
 2.9881e-01	
 2.9929e-01	
 2.9832e-01	
 2.9852e-01	
 2.9852e-01	
 2.9837e-01	
 3.0025e-01	
 2.9768e-01	
 2.9962e-01	
 3.0174e-01	
 2.9922e-01	
 2.9721e-01	
 3.0213e-01	
 3.0116e-01	
 3.0374e-01	
 2.9726e-01	
 2.9794e-01	
 3.0017e-01	
 2.9734e-01	
 2.9830e-01	
 2.9706e-01	
 3.0026e-01	
 2.9913e-01	
 2.9968e-01	
 2.9707e-01	
 3.0390e-01	
 2.9664e-01	
 2.9904e-01	
 2.9799e-01	
 3.0134e-01	
 3.0139e-01	
 2.9934e-01	
 2.9965e-01	
 3.0146e-01	
 2.9613e-01	
 2.9890e-01	
 3.0089e-01	
 3.0301e-01	
 2.9850e-01	
 2.9819e-01	
 3.0333e-01	
 3.0052e-01	
 3.0119e-01	
 3.0380e-01	
 3.0178e-01	
 3.0093e-01	
 3.0290e-01	
 3.0544e-01	
 3.0279e-01	
 3.0328e-01	
 2.9925e-01	
 2.9993e-01	
 2.9722e-01	
 3.0205e-01	
 2.9979e-01	
 3.0062e-01	
 3.0043e-01	
 3.0022e-01	
 3.0176e-01	
 2.9570e-01	
 2.9841e-01	
 2.9660e-01	
 2.9783e-01	
 2.9861e-01	
 2.9883e-01	
 2.9581e-01	
 3.0040e-01	
 2.9679e-01	
 2.9785e-01	
 2.9841e-01	
 2.9379e-01	
 2.9865e-01	
 3.0241e-01	
 3.0185e-01	
 3.0227e-01	
 2.9991e-01	
 3.0035e-01	
 2.9602e-01	
 2.9915e-01	
 3.0222e-01	
 3.0187e-01	
 2.9668e-01	
 3.0092e-01	
 2.9926e-01	
 3.0349e-01	
 3.0077e-01	
 2.9987e-01	
 3.0100e-01	
 3.0326e-01	
 2.9764e-01	
 3.0011e-01	
 3.0208e-01	
 2.9995e-01	
 3.0222e-01	
 2.9719e-01	
 3.0052e-01	
 3.0025e-01	
 2.9737e-01	
 2.9913e-01	
 3.0051e-01	
 3.0283e-01	
 2.9882e-01	
 2.9724e-01	
 3.0237e-01	
 3.0052e-01	
 3.0145e-01	
 3.0148e-01	
 3.0234e-01	
 3.0038e-01	
 2.9901e-01	
 2.9888e-01	
 2.9962e-01	
 3.0189e-01	
 3.0162e-01	
 3.0017e-01	
 2.9817e-01	
 2.9690e-01	
 2.9806e-01	
 2.9934e-01	
 3.0022e-01	
 2.9940e-01	
 2.9938e-01	
 3.0425e-01	
 3.0090e-01	
 3.0158e-01	
 3.0035e-01	
 2.9949e-01	
 2.9944e-01	
 2.9736e-01	
 3.0008e-01	
 3.0080e-01	
 2.9996e-01	
 3.0099e-01	
 3.0277e-01	
 2.9844e-01	
 3.0113e-01	
 3.0107e-01	
 3.0046e-01	
 3.0283e-01	
 2.9960e-01	
 3.0040e-01	
 2.9979e-01	
 2.9968e-01	
 3.0228e-01	
 3.0262e-01	
 3.0060e-01	
 3.0066e-01	
 3.0038e-01	
 2.9704e-01	
 2.9877e-01	
 3.0016e-01	
 3.0192e-01	
 3.0428e-01	
 3.0368e-01	
 3.0299e-01	
 2.9872e-01	
 3.0198e-01	
 2.9860e-01	
 3.0109e-01	
 3.0118e-01	
 2.9963e-01	
 2.9920e-01	
 3.0207e-01	
 3.0287e-01	
 2.9954e-01	
 2.9635e-01	
 3.0173e-01	
 3.0301e-01	
 2.9831e-01	
 3.0091e-01	
 3.0071e-01	
 2.9927e-01	
 3.0199e-01	
 3.0011e-01	
 3.0206e-01	
 3.0109e-01	
 3.0128e-01	
 3.0209e-01	
 3.0139e-01	
 3.0199e-01	
 2.9909e-01	
 3.0441e-01	
 2.9937e-01	
 3.0067e-01	
 2.9904e-01	
 2.9824e-01	
 2.9935e-01	
 3.0015e-01	
 2.9996e-01	
 2.9574e-01	
 3.0220e-01	
 3.0152e-01	
 3.0039e-01	
 3.0186e-01	
 2.9801e-01	
 3.0293e-01	
 3.0050e-01	
 3.0028e-01	
 3.0237e-01	
 2.9961e-01	
 3.0259e-01	
 3.0129e-01	
 3.0167e-01	
 3.0011e-01	
 3.0205e-01	
 3.0273e-01	
 3.0055e-01	
 3.0052e-01	
 3.0038e-01	
 2.9927e-01	
 3.0232e-01	
 2.9852e-01	
 3.0071e-01	
 3.0101e-01	
 2.9786e-01	
 2.9850e-01	
 3.0227e-01	
 2.9930e-01	
 3.0229e-01	
 2.9857e-01	
 2.9975e-01	
 2.9947e-01	
 2.9801e-01	
 2.9886e-01	
 3.0063e-01	
 2.9783e-01	
 3.0179e-01	
 3.0125e-01	
 2.9962e-01	
 2.9785e-01	
 2.9924e-01	
 2.9884e-01	
 3.0081e-01	
 3.0270e-01	
 3.0143e-01	
 3.0252e-01	
 2.9955e-01	
 3.0088e-01	
 3.0295e-01	
 3.0274e-01	
 3.0056e-01	
 2.9834e-01	
 3.0191e-01	
 2.9987e-01	
 2.9714e-01	
 3.0059e-01	
 2.9788e-01	
 3.0049e-01	
 2.9907e-01	
 2.9666e-01	
 3.0216e-01	
 2.9965e-01	
 3.0550e-01	
 2.9985e-01	
 2.9661e-01	
 2.9861e-01	
 2.9933e-01	
 2.9981e-01	
 2.9882e-01	
 3.0103e-01	
 2.9922e-01	
 3.0264e-01	
 3.0000e-01	
 3.0290e-01	
 2.9981e-01	
 2.9849e-01	
 2.9991e-01	
 2.9982e-01	
 3.0273e-01	
 2.9646e-01	
 3.0155e-01	
 3.0104e-01	
 2.9707e-01	
 3.0073e-01	
 3.0160e-01	
 2.9784e-01	
 2.9769e-01	
 3.0108e-01	
 3.0180e-01	
 3.0016e-01	
 3.0133e-01	
 2.9836e-01	
 3.0067e-01	
 3.0282e-01	
 3.0259e-01	
 3.0239e-01	
 3.0021e-01	
 2.9918e-01	
 3.0105e-01	
 3.0072e-01	
 3.0156e-01	
 3.0082e-01	
 2.9967e-01	
 3.0322e-01	
 2.9766e-01	
 2.9956e-01	
 3.0225e-01	
 3.0024e-01	
 3.0130e-01	
 3.0062e-01	
 2.9983e-01	
 2.9765e-01	
 3.0022e-01	
 3.0124e-01	
 2.9804e-01	
 3.0107e-01	
 2.9997e-01	
 3.0048e-01	
 2.9985e-01	
 3.0048e-01	
 2.9957e-01	
 2.9883e-01	
 3.0114e-01	
 3.0316e-01	
 3.0252e-01	
 2.9811e-01	
 2.9858e-01	
 3.0125e-01	
 2.9640e-01	
 3.0058e-01	
 3.0625e-01	
 2.9920e-01	
 3.0057e-01	
 3.0452e-01	
 3.0032e-01	
 3.0094e-01	
 2.9927e-01	
 3.0341e-01	
 3.0088e-01	
 3.0004e-01	
 3.0279e-01	
 2.9717e-01	
 3.0305e-01	
 3.0574e-01	
 3.0017e-01	
 2.9983e-01	
 3.0309e-01	
 3.0111e-01	
 3.0029e-01	
 2.9829e-01	
 2.9810e-01	
 2.9745e-01	
 2.9905e-01	
 3.0017e-01	
 3.0428e-01	
 3.0035e-01	
 3.0273e-01	
 3.0474e-01	
 2.9959e-01	
 3.0082e-01	
 2.9989e-01	
 3.0175e-01	
 2.9610e-01	
 3.0031e-01	
 2.9889e-01	
 2.9560e-01	
 2.9964e-01	
 2.9884e-01	
 3.0323e-01	
 3.0157e-01	
 3.0047e-01	
 2.9828e-01	
 3.0123e-01	
 3.0208e-01	
 3.0073e-01	
 2.9718e-01	
 2.9988e-01	
 2.9854e-01	
 2.9782e-01	
 2.9990e-01	
 2.9804e-01	
 2.9725e-01	
 2.9767e-01	
 3.0170e-01	
 2.9957e-01	
 3.0381e-01	
 2.9971e-01	
 3.0219e-01	
 3.0072e-01	
 3.0172e-01	
 2.9369e-01	
 2.9816e-01	
 3.0133e-01	
 3.0049e-01	
 3.0031e-01	
 3.0043e-01	
 3.0346e-01	
 2.9951e-01	
 2.9953e-01	
 3.0484e-01	
 2.9996e-01	
 2.9981e-01	
 2.9662e-01	
 2.9880e-01	
 3.0063e-01	
 3.0023e-01	
 2.9919e-01	
 2.9757e-01	
 2.9836e-01	
 2.9759e-01	
 3.0152e-01	
 2.9593e-01	
 2.9845e-01	
 3.0231e-01	
 2.9958e-01	
 2.9873e-01	
 3.0270e-01	
 3.0183e-01	
 3.0243e-01	
 2.9666e-01	
 2.9826e-01	
 3.0465e-01	
 3.0024e-01	
 3.0092e-01	
 3.0188e-01	
 2.9752e-01	
 2.9988e-01	
 3.0186e-01	
 3.0012e-01	
 2.9991e-01	
 3.0187e-01	
 2.9581e-01	
 3.0113e-01	
 2.9805e-01	
 2.9947e-01	
 2.9860e-01	
 2.9925e-01	
 3.0125e-01	
 3.0010e-01	
 2.9836e-01	
 2.9917e-01	
 3.0219e-01	
 3.0111e-01	
 2.9551e-01	
 3.0062e-01	
 2.9724e-01	
 2.9920e-01	
 3.0058e-01	
 2.9621e-01	
 3.0386e-01	
 2.9964e-01	
 2.9923e-01	
 3.0061e-01	
 3.0165e-01	
 3.0045e-01	
 3.0199e-01	
 2.9887e-01	
 2.9842e-01	
 2.9917e-01	
 2.9835e-01	
 2.9870e-01	
 2.9987e-01	
 2.9919e-01	
 3.0172e-01	
 3.0143e-01	
 2.9752e-01	
 3.0308e-01	
 2.9936e-01	
 2.9829e-01	
 3.0152e-01	
 3.0176e-01	
 3.0168e-01	
 2.9838e-01	
 3.0156e-01	
 3.0091e-01	
 2.9899e-01	
 3.0175e-01	
 3.0057e-01	
 3.0076e-01	
 2.9799e-01	
 2.9833e-01	
 3.0340e-01	
 3.0178e-01	
 3.0225e-01	
 3.0237e-01	
 3.0120e-01	
 2.9825e-01	
 3.0143e-01	
 3.0176e-01	
 2.9948e-01	
 3.0171e-01	
 2.9993e-01	
 2.9838e-01	
 2.9717e-01	
 2.9953e-01	
 3.0066e-01	
 3.0122e-01	
 3.0324e-01	
 2.9607e-01	
 2.9840e-01	
 2.9883e-01	
 2.9936e-01	
 3.0425e-01	
 3.0049e-01	
 3.0208e-01	
 2.9861e-01	
 2.9811e-01	
 3.0070e-01	
 3.0175e-01	
 3.0069e-01	
 3.0131e-01	
 3.0007e-01	
 3.0111e-01	
 2.9959e-01	
 3.0199e-01	
 3.0066e-01	
 3.0247e-01	
 2.9805e-01	
 3.0132e-01	
 2.9887e-01	
 2.9923e-01	
 3.0219e-01	
 3.0191e-01	
 3.0165e-01	
 2.9714e-01	
 2.9931e-01	
 2.9960e-01	
 2.9721e-01	
 2.9823e-01	
 3.0001e-01	
 3.0022e-01	
 2.9888e-01	
 2.9848e-01	
 2.9922e-01	
 2.9791e-01	
 2.9994e-01	
 3.0000e-01	
 2.9844e-01	
 2.9950e-01	
 2.9790e-01	
 3.0174e-01	
 2.9705e-01	
 2.9817e-01	
 2.9926e-01	
 3.0139e-01	
 2.9838e-01	
 3.0066e-01	
 2.9955e-01	
 2.9665e-01	
 2.9689e-01	
 2.9907e-01	
 2.9566e-01	
 3.0187e-01	
 3.0008e-01	
 2.9727e-01	
 2.9725e-01	
 3.0044e-01	
 2.9836e-01	
 2.9793e-01	
 2.9955e-01	
 3.0154e-01	
 2.9724e-01	
 2.9985e-01	
 3.0021e-01	
 3.0307e-01	
 2.9630e-01	
 3.0107e-01	
 2.9872e-01	
 2.9893e-01	
 3.0027e-01	
 3.0064e-01	
 2.9951e-01	
 3.0007e-01	
 3.0041e-01	
 3.0015e-01	
 2.9551e-01	
 3.0004e-01	
 3.0179e-01	
 3.0121e-01	
 2.9921e-01	
 2.9883e-01	
 3.0013e-01	
 3.0028e-01	
 3.0154e-01	
 2.9885e-01	
 2.9956e-01	
 2.9877e-01	
 2.9854e-01	
 3.0327e-01	
 3.0180e-01	
 3.0017e-01	
 3.0105e-01	
 3.0114e-01	
 2.9988e-01	
 2.9896e-01	
 3.0186e-01	
 2.9922e-01	
 2.9912e-01	
 2.9741e-01	
 2.9729e-01	
 3.0085e-01	
 3.0082e-01	
 3.0067e-01	
 2.9948e-01	
 3.0167e-01	
 2.9830e-01	
 2.9703e-01	
 3.0015e-01	
 2.9961e-01	
 3.0160e-01	
 3.0015e-01	
 2.9878e-01	
 2.9963e-01	
 2.9718e-01	
 3.0055e-01	
 3.0172e-01	
 2.9885e-01	
 2.9779e-01	
 3.0104e-01	
 3.0219e-01	
 3.0307e-01	
 3.0295e-01	
 3.0211e-01	
 3.0341e-01	
 3.0316e-01	
 2.9801e-01	
 2.9944e-01	
 3.0194e-01	
 2.9748e-01	
 3.0104e-01	
 3.0060e-01	
 3.0048e-01	
 2.9870e-01	
 2.9857e-01	
 3.0246e-01	
 3.0365e-01	
 3.0319e-01	
 3.0379e-01	
 2.9917e-01	
 3.0165e-01	
 3.0308e-01	
 3.0155e-01	
 3.0085e-01	
 2.9944e-01	
 3.0026e-01	
 3.0021e-01	
 3.0188e-01	
 2.9644e-01	
 2.9731e-01	
 3.0231e-01	
 3.0109e-01	
 3.0492e-01	
 3.0346e-01	
 2.9853e-01	
 2.9840e-01	
 2.9976e-01	
 2.9761e-01	
 2.9636e-01	
 3.0278e-01	
 3.0047e-01	
 3.0061e-01	
 3.0232e-01	
 2.9925e-01	
 2.9910e-01	
 3.0318e-01	
 3.0149e-01	
 2.9732e-01	
 2.9965e-01	
 3.0338e-01	
 3.0094e-01	
 2.9988e-01	
 3.0341e-01	
 2.9929e-01	
 3.0162e-01	
 3.0192e-01	
 3.0155e-01	
 2.9877e-01	
 3.0117e-01	
 3.0119e-01	
 2.9847e-01	
 3.0042e-01	
 3.0023e-01	
 2.9873e-01	
 2.9853e-01	
 2.9661e-01	
 3.0003e-01	
 2.9648e-01	
 3.0180e-01	
 3.0200e-01	
 3.0125e-01	
 3.0079e-01	
 3.0004e-01	
 3.0150e-01	
 2.9804e-01	
 2.9554e-01	
 3.0013e-01	
 2.9732e-01	
 2.9904e-01	
 2.9744e-01	
 2.9875e-01	
 2.9839e-01	
 3.0070e-01	
 2.9825e-01	
 2.9861e-01	
 2.9736e-01	
 2.9859e-01	
 2.9808e-01	
 3.0113e-01	
 2.9814e-01	
 2.9823e-01	
 3.0135e-01	
 3.0008e-01	
 3.0019e-01	
 2.9864e-01	
 2.9943e-01	
 3.0033e-01	
 3.0134e-01	
 3.0017e-01	
 3.0014e-01	
 3.0290e-01	
 3.0010e-01	
 3.0253e-01	
 2.9830e-01	
 3.0161e-01	
 2.9848e-01	
 2.9842e-01	
 3.0043e-01	
 3.0224e-01	
 2.9957e-01	
 3.0019e-01	
 3.0258e-01	
 3.0377e-01	
 3.0220e-01	
 3.0076e-01	
 3.0352e-01	
 2.9913e-01	
 3.0222e-01	
 3.0315e-01	
 2.9868e-01	
 2.9847e-01	
 2.9735e-01	
 2.9945e-01	
 3.0147e-01	
 3.0253e-01	
 2.9971e-01	
 3.0114e-01	
 2.9896e-01	
 2.9689e-01	
 2.9928e-01	
 2.9758e-01	
 2.9822e-01	
 3.0127e-01	
 2.9750e-01	
 2.9743e-01	
 2.9716e-01	
 2.9769e-01	
 2.9993e-01	
 2.9522e-01	
 2.9975e-01	
 2.9886e-01	
 2.9714e-01	
 2.9879e-01	
 3.0101e-01	
 3.0159e-01	
 2.9747e-01	
 2.9808e-01	
 3.0027e-01	
 3.0115e-01	
 2.9884e-01	
 3.0071e-01	
 2.9949e-01	
 2.9756e-01	
 3.0118e-01	
 3.0185e-01	
 2.9939e-01	
 2.9797e-01	
 2.9910e-01	
 3.0122e-01	
 2.9840e-01	
 2.9984e-01	
 3.0259e-01	
 2.9767e-01	
 2.9744e-01	
 2.9494e-01	
 2.9804e-01	
 2.9925e-01	
 2.9901e-01	
 2.9956e-01	
 2.9730e-01	
 2.9626e-01	
 3.0125e-01	
 3.0214e-01	
 3.0177e-01	
 2.9653e-01	
 2.9870e-01	
 2.9860e-01	
 2.9734e-01	
 3.0099e-01	
 2.9823e-01	
 2.9746e-01	
 2.9777e-01	
 2.9806e-01	
 2.9759e-01	
 3.0357e-01	
 2.9893e-01	
 2.9846e-01	
 2.9985e-01	
 2.9895e-01	
 2.9870e-01	
 3.0294e-01	
 3.0237e-01	
 2.9926e-01	
 3.0284e-01	
 2.9874e-01	
 2.9659e-01	
 2.9838e-01	
 3.0913e-01	
 2.9493e-01	
 3.0870e-01	
 3.0165e-01	
 3.0323e-01	
 3.0100e-01	
 3.0145e-01	
 2.9843e-01	
 3.0407e-01	
 3.1224e-01	
 3.0758e-01	
 3.0318e-01	
 2.9999e-01	
 2.9785e-01	
 2.9709e-01	
 2.9692e-01	
 2.9686e-01	
 2.9624e-01	
 2.9355e-01	
 2.9158e-01	
 3.0021e-01	
 3.0037e-01	
 3.0256e-01	
 3.0110e-01	
 3.0173e-01	
 3.0104e-01	
 3.0265e-01	
 3.0092e-01	
 3.0195e-01	
 3.0106e-01	
 3.0423e-01	
 3.0250e-01	
 3.0393e-01	
 3.0169e-01	
 3.0110e-01	
 3.0310e-01	
 3.0265e-01	
 2.9929e-01	
 3.0010e-01	
 2.9805e-01	
 2.9912e-01	
 2.9584e-01	
 2.9834e-01	
 2.9872e-01	
 2.9601e-01	
 2.9366e-01	
 2.9985e-01	
 2.9924e-01	
 3.0014e-01	
 2.9876e-01	
 2.9783e-01	
 3.0241e-01	
 2.9868e-01	
 3.0008e-01	
 3.0215e-01	
 2.9951e-01	
 2.9809e-01	
 2.9676e-01	
 2.9957e-01	
 3.0005e-01	
 3.0285e-01	
 2.9912e-01	
 2.9808e-01	
 3.0017e-01	
 2.9927e-01	
 2.9769e-01	
 2.9750e-01	
 2.9758e-01	
 2.9672e-01	
 2.9949e-01	
 2.9781e-01	
 3.0131e-01	
 2.9845e-01	
 3.0072e-01	
 2.9645e-01	
 3.0061e-01	
 2.9928e-01	
 2.9794e-01	
 3.0202e-01	
 3.0122e-01	
 3.0455e-01	
 3.0032e-01	
 3.0440e-01	
 3.0098e-01	
 3.0093e-01	
 3.0145e-01	
 2.9688e-01	
 2.9611e-01	
 3.0237e-01	
 3.0258e-01	
 3.0012e-01	
 2.9793e-01	
 3.0122e-01	
 2.9743e-01	
 2.9602e-01	
 2.9940e-01	
 3.0059e-01	
 2.9797e-01	
 2.9681e-01	
 3.0278e-01	
 3.0061e-01	
 3.0015e-01	
 3.0144e-01	
 3.0451e-01	
 3.0103e-01	
 3.0073e-01	
 2.9807e-01	
 2.9855e-01	
 2.9808e-01	
 3.0378e-01	
 3.0137e-01	
 2.9832e-01	
 3.0016e-01	
 3.0178e-01	
 2.9743e-01	
 3.0117e-01	
 3.0032e-01	
 3.0097e-01	
 2.9715e-01	
 3.0151e-01	
 3.0084e-01	
 2.9658e-01	
 2.9981e-01	
 2.9776e-01	
 3.0320e-01	
 2.9852e-01	
 3.0065e-01	
 3.0142e-01	
 2.9843e-01	
 2.9845e-01	
 3.0027e-01	
 3.0089e-01	
 2.9900e-01	
 2.9660e-01	
 3.0006e-01	
 3.0140e-01	
 2.9790e-01	
 2.9993e-01	
 3.0056e-01	
 3.0150e-01	
 2.9802e-01	
 2.9878e-01	
 2.9696e-01	
 3.0246e-01	
 2.9949e-01	
 2.9894e-01	
 3.0007e-01	
 2.9792e-01	
 2.9940e-01	
 2.9691e-01	
 2.9993e-01	
 2.9850e-01	
 3.0015e-01	
 3.0055e-01	
 2.9805e-01	
 2.9687e-01	
 3.0257e-01	
 3.0142e-01	
 3.0348e-01	
 2.9777e-01	
 2.9929e-01	
 2.9950e-01	
 2.9882e-01	
 2.9858e-01	
 2.9813e-01	
 3.0005e-01	
 2.9753e-01	
 2.9967e-01	
 2.9791e-01	
 3.0346e-01	
 2.9689e-01	
 2.9988e-01	
 2.9771e-01	
 3.0198e-01	
 2.9990e-01	
 3.0047e-01	
 2.9977e-01	
 3.0175e-01	
 2.9637e-01	
 2.9950e-01	
 3.0086e-01	
 3.0225e-01	
 2.9839e-01	
 2.9619e-01	
 3.0306e-01	
 2.9928e-01	
 3.0007e-01	
 3.0183e-01	
 2.9956e-01	
 2.9999e-01	
 3.0249e-01	
 3.0536e-01	
 3.0276e-01	
 3.0262e-01	
 2.9866e-01	
 3.0000e-01	
 2.9664e-01	
 3.0030e-01	
 2.9875e-01	
 2.9983e-01	
 2.9930e-01	
 3.0072e-01	
 3.0114e-01	
 2.9604e-01	
 2.9993e-01	
 2.9822e-01	
 2.9892e-01	
 2.9953e-01	
 2.9884e-01	
 2.9722e-01	
 3.0045e-01	
 2.9809e-01	
 2.9620e-01	
 2.9964e-01	
 2.9425e-01	
 3.0013e-01	
 3.0354e-01	
 3.0174e-01	
 3.0200e-01	
 2.9951e-01	
 3.0099e-01	
 2.9648e-01	
 2.9913e-01	
 3.0199e-01	
 3.0087e-01	
 2.9737e-01	
 3.0101e-01	
 2.9825e-01	
 3.0345e-01	
 2.9957e-01	
 2.9982e-01	
 3.0047e-01	
 3.0239e-01	
 2.9882e-01	
 2.9987e-01	
 3.0209e-01	
 2.9879e-01	
 3.0324e-01	
 2.9764e-01	
 2.9999e-01	
 2.9878e-01	
 2.9858e-01	
 2.9930e-01	
 3.0143e-01	
 3.0347e-01	
 2.9900e-01	
 2.9828e-01	
 3.0275e-01	
 2.9889e-01	
 3.0074e-01	
 3.0359e-01	
 3.0172e-01	
 3.0033e-01	
 2.9860e-01	
 2.9824e-01	
 3.0073e-01	
 3.0225e-01	
 3.0024e-01	
 3.0109e-01	
 2.9869e-01	
 2.9625e-01	
 2.9911e-01	
 2.9793e-01	
 3.0023e-01	
 3.0054e-01	
 2.9855e-01	
 3.0390e-01	
 3.0181e-01	
 3.0226e-01	
 3.0120e-01	
 2.9802e-01	
 2.9895e-01	
 2.9698e-01	
 2.9970e-01	
 3.0093e-01	
 3.0019e-01	
 3.0153e-01	
 3.0142e-01	
 2.9924e-01	
 3.0072e-01	
 2.9900e-01	
 2.9973e-01	
 3.0301e-01	
 2.9956e-01	
 2.9851e-01	
 2.9963e-01	
 2.9976e-01	
 3.0070e-01	
 3.0110e-01	
 2.9928e-01	
 3.0098e-01	
 3.0009e-01	
 2.9804e-01	
 2.9849e-01	
 3.0062e-01	
 2.9873e-01	
 3.0330e-01	
 3.0313e-01	
 3.0180e-01	
 2.9825e-01	
 3.0177e-01	
 2.9854e-01	
 3.0095e-01	
 3.0217e-01	
 3.0003e-01	
 2.9947e-01	
 3.0269e-01	
 3.0187e-01	
 3.0007e-01	
 2.9830e-01	
 3.0175e-01	
 3.0182e-01	
 2.9840e-01	
 3.0206e-01	
 3.0027e-01	
 2.9975e-01	
 3.0262e-01	
 3.0008e-01	
 3.0226e-01	
 3.0244e-01	
 2.9950e-01	
 3.0312e-01	
 3.0216e-01	
 2.9967e-01	
 2.9979e-01	
 3.0320e-01	
 2.9808e-01	
 3.0000e-01	
 2.9946e-01	
 2.9953e-01	
 2.9915e-01	
 2.9900e-01	
 2.9926e-01	
 2.9642e-01	
 3.0198e-01	
 3.0055e-01	
 3.0007e-01	
 3.0078e-01	
 2.9780e-01	
 3.0308e-01	
 3.0034e-01	
 2.9957e-01	
 3.0249e-01	
 3.0053e-01	
 3.0319e-01	
 3.0142e-01	
 3.0199e-01	
 3.0036e-01	
 3.0292e-01	
 3.0293e-01	
 3.0048e-01	
 2.9988e-01	
 2.9990e-01	
 3.0049e-01	
 3.0234e-01	
 2.9858e-01	
 2.9965e-01	
 3.0165e-01	
 2.9810e-01	
 2.9805e-01	
 3.0112e-01	
 2.9995e-01	
 3.0108e-01	
 2.9875e-01	
 2.9889e-01	
 2.9831e-01	
 2.9661e-01	
 2.9946e-01	
 3.0013e-01	
 2.9815e-01	
 3.0089e-01	
 3.0036e-01	
 2.9858e-01	
 2.9771e-01	
 2.9758e-01	
 2.9983e-01	
 3.0013e-01	
 3.0158e-01	
 2.9945e-01	
 3.0302e-01	
 2.9973e-01	
 2.9959e-01	
 3.0211e-01	
 3.0298e-01	
 2.9895e-01	
 2.9962e-01	
 3.0207e-01	
 2.9978e-01	
 2.9760e-01	
 3.0086e-01	
 2.9745e-01	
 2.9971e-01	
 2.9790e-01	
 2.9699e-01	
 3.0083e-01	
 2.9926e-01	
 3.0474e-01	
 3.0023e-01	
 2.9626e-01	
 2.9920e-01	
 2.9913e-01	
 2.9924e-01	
 2.9732e-01	
 3.0234e-01	
 2.9909e-01	
 3.0265e-01	
 3.0049e-01	
 3.0334e-01	
 2.9948e-01	
 2.9756e-01	
 3.0029e-01	
 3.0004e-01	
 3.0175e-01	
 2.9712e-01	
 3.0310e-01	
 3.0066e-01	
 2.9682e-01	
 3.0064e-01	
 3.0164e-01	
 2.9899e-01	
 2.9839e-01	
 3.0114e-01	
 3.0041e-01	
 3.0002e-01	
 3.0105e-01	
 2.9975e-01	
 3.0061e-01	
 3.0149e-01	
 3.0349e-01	
 3.0156e-01	
 3.0095e-01	
 2.9942e-01	
 3.0237e-01	
 3.0108e-01	
 2.9904e-01	
 2.9909e-01	
 2.9860e-01	
 3.0358e-01	
 2.9848e-01	
 3.0149e-01	
 3.0134e-01	
 3.0059e-01	
 3.0106e-01	
 3.0033e-01	
 2.9969e-01	
 2.9734e-01	
 2.9959e-01	
 3.0111e-01	
 2.9713e-01	
 3.0174e-01	
 2.9952e-01	
 3.0104e-01	
 3.0046e-01	
 3.0028e-01	
 2.9884e-01	
 2.9900e-01	
 3.0209e-01	
 3.0304e-01	
 3.0267e-01	
 2.9797e-01	
 2.9682e-01	
 3.0107e-01	
 2.9636e-01	
 3.0071e-01	
 3.0448e-01	
 3.0005e-01	
 2.9905e-01	
 3.0404e-01	
 3.0013e-01	
 2.9872e-01	
 2.9985e-01	
 3.0455e-01	
 3.0037e-01	
 2.9959e-01	
 3.0284e-01	
 2.9854e-01	
 3.0254e-01	
 3.0430e-01	
 2.9993e-01	
 2.9988e-01	
 3.0200e-01	
 3.0090e-01	
 2.9994e-01	
 2.9906e-01	
 2.9696e-01	
 2.9864e-01	
 2.9940e-01	
 3.0061e-01	
 3.0439e-01	
 3.0055e-01	
 3.0250e-01	
 3.0433e-01	
 2.9940e-01	
 2.9995e-01	
 3.0031e-01	
 3.0111e-01	
 2.9588e-01	
 3.0109e-01	
 2.9923e-01	
 2.9682e-01	
 2.9944e-01	
 2.9996e-01	
 3.0249e-01	
 3.0209e-01	
 3.0114e-01	
 2.9840e-01	
 3.0117e-01	
 3.0148e-01	
 3.0068e-01	
 2.9665e-01	
 3.0068e-01	
 2.9816e-01	
 2.9662e-01	
 2.9991e-01	
 2.9902e-01	
 2.9665e-01	
 2.9818e-01	
 3.0180e-01	
 2.9974e-01	
 3.0541e-01	
 3.0040e-01	
 3.0004e-01	
 3.0053e-01	
 3.0133e-01	
 2.9554e-01	
 2.9671e-01	
 3.0206e-01	
 2.9956e-01	
 3.0012e-01	
 2.9857e-01	
 3.0408e-01	
 3.0013e-01	
 2.9936e-01	
 3.0481e-01	
 2.9966e-01	
 2.9750e-01	
 2.9826e-01	
 2.9936e-01	
 3.0176e-01	
 2.9980e-01	
 2.9843e-01	
 2.9805e-01	
 2.9813e-01	
 2.9667e-01	
 3.0330e-01	
 2.9780e-01	
 2.9799e-01	
 3.0338e-01	
 2.9859e-01	
 2.9953e-01	
 3.0382e-01	
 3.0165e-01	
 3.0207e-01	
 2.9604e-01	
 2.9722e-01	
 3.0254e-01	
 3.0138e-01	
 3.0161e-01	
 3.0025e-01	
 2.9774e-01	
 2.9933e-01	
 3.0210e-01	
 2.9932e-01	
 3.0118e-01	
 3.0320e-01	
 2.9843e-01	
 3.0003e-01	
 3.0021e-01	
 2.9790e-01	
 2.9887e-01	
 2.9751e-01	
 2.9975e-01	
 2.9982e-01	
 2.9751e-01	
 2.9988e-01	
 3.0072e-01	
 3.0131e-01	
 2.9733e-01	
 3.0092e-01	
 2.9843e-01	
 2.9837e-01	
 3.0006e-01	
 2.9696e-01	
 3.0352e-01	
 2.9984e-01	
 3.0013e-01	
 3.0166e-01	
 3.0221e-01	
 3.0048e-01	
 3.0284e-01	
 2.9854e-01	
 3.0003e-01	
 2.9834e-01	
 2.9885e-01	
 2.9839e-01	
 3.0058e-01	
 2.9956e-01	
 3.0180e-01	
 3.0071e-01	
 2.9628e-01	
 3.0276e-01	
 2.9906e-01	
 2.9850e-01	
 3.0233e-01	
 3.0068e-01	
 3.0105e-01	
 2.9815e-01	
 3.0043e-01	
 3.0047e-01	
 2.9813e-01	
 3.0075e-01	
 3.0026e-01	
 3.0037e-01	
 2.9734e-01	
 2.9769e-01	
 3.0275e-01	
 3.0181e-01	
 3.0284e-01	
 3.0186e-01	
 3.0227e-01	
 2.9784e-01	
 3.0253e-01	
 3.0068e-01	
 2.9818e-01	
 3.0083e-01	
 3.0122e-01	
 2.9857e-01	
 2.9721e-01	
 2.9946e-01	
 2.9950e-01	
 3.0002e-01	
 3.0337e-01	
 2.9736e-01	
 2.9742e-01	
 3.0048e-01	
 3.0033e-01	
 3.0292e-01	
 2.9968e-01	
 3.0108e-01	
 2.9778e-01	
 2.9884e-01	
 3.0159e-01	
 3.0152e-01	
 3.0027e-01	
 3.0027e-01	
 3.0059e-01	
 3.0018e-01	
 2.9924e-01	
 3.0039e-01	
 3.0116e-01	
 3.0148e-01	
 2.9888e-01	
 3.0070e-01	
 2.9842e-01	
 3.0065e-01	
 3.0324e-01	
 3.0285e-01	
 3.0346e-01	
 2.9666e-01	
 3.0047e-01	
 2.9925e-01	
 2.9785e-01	
 2.9795e-01	
 3.0064e-01	
 3.0066e-01	
 2.9796e-01	
 2.9980e-01	
 3.0077e-01	
 2.9703e-01	
 3.0054e-01	
 3.0008e-01	
 2.9687e-01	
 2.9952e-01	
 2.9674e-01	
 3.0054e-01	
 2.9795e-01	
 2.9831e-01	
 2.9877e-01	
 3.0012e-01	
 2.9902e-01	
 3.0056e-01	
 2.9884e-01	
 2.9810e-01	
 2.9734e-01	
 2.9905e-01	
 2.9568e-01	
 3.0271e-01	
 3.0074e-01	
 2.9801e-01	
 2.9811e-01	
 3.0000e-01	
 2.9974e-01	
 2.9786e-01	
 2.9912e-01	
 3.0064e-01	
 2.9723e-01	
 3.0054e-01	
 3.0085e-01	
 3.0247e-01	
 2.9761e-01	
 3.0198e-01	
 2.9953e-01	
 2.9913e-01	
 2.9867e-01	
 3.0289e-01	
 3.0044e-01	
 2.9927e-01	
 2.9941e-01	
 2.9945e-01	
 2.9555e-01	
 2.9951e-01	
 3.0146e-01	
 3.0208e-01	
 2.9897e-01	
 2.9823e-01	
 2.9944e-01	
 2.9881e-01	
 3.0062e-01	
 3.0004e-01	
 2.9851e-01	
 2.9987e-01	
 2.9988e-01	
 3.0277e-01	
 3.0104e-01	
 3.0007e-01	
 3.0183e-01	
 3.0052e-01	
 2.9695e-01	
 3.0046e-01	
 3.0258e-01	
 2.9982e-01	
 2.9999e-01	
 2.9850e-01	
 2.9888e-01	
 2.9987e-01	
 3.0159e-01	
 3.0078e-01	
 2.9893e-01	
 3.0090e-01	
 2.9791e-01	
 2.9653e-01	
 2.9907e-01	
 3.0156e-01	
 3.0147e-01	
 3.0071e-01	
 2.9743e-01	
 2.9908e-01	
 2.9718e-01	
 3.0074e-01	
 3.0144e-01	
 2.9897e-01	
 2.9673e-01	
 3.0066e-01	
 3.0279e-01	
 3.0420e-01	
 3.0161e-01	
 3.0281e-01	
 3.0358e-01	
 3.0410e-01	
 2.9913e-01	
 3.0193e-01	
 3.0202e-01	
 2.9627e-01	
 3.0074e-01	
 2.9951e-01	
 3.0021e-01	
 2.9830e-01	
 2.9872e-01	
 3.0263e-01	
 3.0420e-01	
 3.0379e-01	
 3.0476e-01	
 2.9887e-01	
 3.0214e-01	
 3.0305e-01	
 3.0276e-01	
 3.0002e-01	
 3.0032e-01	
 2.9828e-01	
 3.0017e-01	
 3.0098e-01	
 2.9631e-01	
 2.9830e-01	
 3.0327e-01	
 3.0045e-01	
 3.0445e-01	
 3.0432e-01	
 2.9797e-01	
 2.9922e-01	
 2.9848e-01	
 2.9879e-01	
 2.9574e-01	
 3.0141e-01	
 3.0044e-01	
 2.9916e-01	
 3.0224e-01	
 2.9986e-01	
 2.9959e-01	
 3.0356e-01	
 3.0147e-01	
 2.9850e-01	
 2.9992e-01	
 3.0302e-01	
 3.0029e-01	
 2.9992e-01	
 3.0144e-01	
 3.0103e-01	
 3.0010e-01	
 3.0279e-01	
 3.0182e-01	
 2.9746e-01	
 3.0007e-01	
 3.0010e-01	
 3.0084e-01	
 3.0007e-01	
 3.0000e-01	
 3.0074e-01	
 2.9915e-01	
 2.9680e-01	
 3.0052e-01	
 2.9803e-01	
 3.0326e-01	
 3.0277e-01	
 3.0071e-01	
 3.0098e-01	
 2.9959e-01	
 3.0080e-01	
 2.9745e-01	
 2.9466e-01	
 2.9995e-01	
 2.9660e-01	
 2.9934e-01	
 2.9839e-01	
 2.9930e-01	
 2.9857e-01	
 3.0074e-01	
 2.9831e-01	
 2.9986e-01	
 2.9892e-01	
 2.9962e-01	
 2.9902e-01	
 3.0028e-01	
 2.9945e-01	
 3.0037e-01	
 3.0295e-01	
 2.9899e-01	
 2.9952e-01	
 2.9764e-01	
 2.9942e-01	
 2.9994e-01	
 3.0126e-01	
 2.9802e-01	
 3.0162e-01	
 3.0248e-01	
 3.0141e-01	
 3.0204e-01	
 2.9517e-01	
 3.0299e-01	
 2.9870e-01	
 2.9660e-01	
 2.9991e-01	
 3.0151e-01	
 2.9967e-01	
 2.9975e-01	
 3.0257e-01	
 3.0336e-01	
 3.0227e-01	
 3.0168e-01	
 3.0187e-01	
 2.9833e-01	
 3.0218e-01	
 3.0219e-01	
 3.0077e-01	
 2.9696e-01	
 2.9783e-01	
 2.9924e-01	
 3.0133e-01	
 3.0076e-01	
 2.9928e-01	
 3.0126e-01	
 2.9787e-01	
 2.9610e-01	
 3.0071e-01	
 2.9824e-01	
 2.9971e-01	
 2.9982e-01	
 2.9797e-01	
 2.9824e-01	
 2.9741e-01	
 2.9770e-01	
 2.9983e-01	
 2.9514e-01	
 2.9848e-01	
 2.9841e-01	
 2.9770e-01	
 2.9774e-01	
 3.0064e-01	
 3.0216e-01	
 2.9896e-01	
 2.9939e-01	
 2.9985e-01	
 2.9925e-01	
 3.0020e-01	
 3.0013e-01	
 2.9877e-01	
 2.9843e-01	
 3.0103e-01	
 3.0157e-01	
 2.9740e-01	
 2.9912e-01	
 2.9934e-01	
 3.0112e-01	
 2.9871e-01	
 2.9959e-01	
 3.0185e-01	
 2.9756e-01	
 2.9794e-01	
 2.9592e-01	
 2.9733e-01	
 2.9851e-01	
 2.9981e-01	
 2.9922e-01	
 2.9697e-01	
 2.9576e-01	
 3.0205e-01	
 3.0182e-01	
 3.0235e-01	
 2.9726e-01	
 3.0095e-01	
 2.9937e-01	
 2.9700e-01	
 2.9973e-01	
 2.9920e-01	
 2.9863e-01	
 2.9892e-01	
 2.9882e-01	
 2.9775e-01	
 3.0248e-01	
 2.9912e-01	
 2.9829e-01	
 3.0059e-01	
 2.9883e-01	
 2.9839e-01	
 3.0257e-01	
 3.0388e-01	
 2.9863e-01	
 3.0293e-01	
 3.0021e-01	
 2.9717e-01	
 2.9934e-01	
 3.0943e-01	
 2.9392e-01	
 3.1006e-01	
 3.0150e-01	
 3.0396e-01	
 3.0089e-01	
 3.0252e-01	
 2.9940e-01	
 3.0322e-01	
 3.1237e-01	
 3.0827e-01	
 3.0346e-01	
 2.9947e-01	
 2.9821e-01	
 2.9705e-01	
 2.9529e-01	
 2.9688e-01	
 2.9664e-01	
 2.9456e-01	
 2.9106e-01	
 2.9878e-01	
 2.9936e-01	
 3.0252e-01	
 3.0187e-01	
 3.0102e-01	
 2.9958e-01	
 3.0255e-01	
 3.0031e-01	
 3.0161e-01	
 3.0187e-01	
 3.0338e-01	
 3.0247e-01	
 3.0560e-01	
 3.0175e-01	
 3.0041e-01	
 3.0346e-01	
 3.0305e-01	
 3.0011e-01	
 2.9935e-01	
 2.9800e-01	
 2.9948e-01	
 2.9580e-01	
 2.9893e-01	
 2.9870e-01	
 2.9549e-01	
 2.9491e-01	
 2.9936e-01	
 2.9841e-01	
 3.0174e-01	
 2.9950e-01	
 2.9853e-01	
 3.0204e-01	
 2.9952e-01	
 3.0059e-01	
 3.0347e-01	
 2.9985e-01	
 2.9942e-01	
 2.9678e-01	
 2.9899e-01	
 3.0118e-01	
 3.0154e-01	
 2.9768e-01	
 2.9828e-01	
 2.9996e-01	
 2.9803e-01	
 2.9734e-01	
 2.9800e-01	
 2.9678e-01	
 2.9581e-01	
 2.9949e-01	
 2.9774e-01	
 3.0153e-01	
 2.9821e-01	
 3.0054e-01	
 2.9644e-01	
 3.0047e-01	
 2.9845e-01	
 2.9853e-01	
 3.0107e-01	
 2.9967e-01	
 3.0468e-01	
 3.0104e-01	
 3.0433e-01	
 3.0005e-01	
 2.9989e-01	
 3.0064e-01	
 2.9770e-01	
 2.9505e-01	
 3.0237e-01	
 3.0122e-01	
 3.0036e-01	
 2.9902e-01	
 3.0138e-01	
 2.9619e-01	
 2.9790e-01	
 2.9901e-01	
 3.0217e-01	
 2.9841e-01	
 2.9799e-01	
 3.0302e-01	
 3.0095e-01	
 3.0076e-01	
 3.0177e-01	
 3.0608e-01	
 3.0095e-01	
 3.0001e-01	
 2.9852e-01	
 3.0039e-01	
 2.9853e-01	
 3.0312e-01	
 3.0040e-01	
 2.9822e-01	
 3.0107e-01	
 3.0018e-01	
 2.9658e-01	
 3.0260e-01	
 2.9930e-01	
 3.0148e-01	
 2.9890e-01	
 3.0086e-01	
 3.0046e-01	
 2.9553e-01	
 2.9945e-01	
 2.9764e-01	
 3.0332e-01	
 2.9939e-01	
 3.0020e-01	
 3.0133e-01	
 2.9879e-01	
 2.9871e-01	
 2.9989e-01	
 3.0057e-01	
 2.9801e-01	
 2.9613e-01	
 3.0128e-01	
 2.9980e-01	
 2.9942e-01	
 3.0021e-01	
 2.9877e-01	
 3.0104e-01	
 2.9611e-01	
 2.9833e-01	
 2.9673e-01	
 3.0165e-01	
 3.0086e-01	
 2.9789e-01	
 2.9823e-01	
 2.9861e-01	
 2.9864e-01	
 2.9937e-01	
 2.9915e-01	
 2.9790e-01	
 2.9926e-01	
 3.0063e-01	
 2.9855e-01	
 2.9685e-01	
 3.0309e-01	
 2.9968e-01	
 3.0190e-01	
 2.9861e-01	
 2.9854e-01	
 3.0035e-01	
 2.9858e-01	
 2.9685e-01	
 2.9609e-01	
 2.9995e-01	
 2.9878e-01	
 2.9942e-01	
 2.9646e-01	
 3.0248e-01	
 2.9708e-01	
 2.9937e-01	
 2.9734e-01	
 3.0152e-01	
 3.0099e-01	
 3.0157e-01	
 2.9897e-01	
 3.0062e-01	
 2.9611e-01	
 2.9993e-01	
 3.0101e-01	
 3.0201e-01	
 2.9813e-01	
 2.9749e-01	
 3.0452e-01	
 3.0117e-01	
 3.0112e-01	
 3.0351e-01	
 3.0083e-01	
 2.9842e-01	
 3.0326e-01	
 3.0451e-01	
 3.0236e-01	
 3.0277e-01	
 2.9710e-01	
 2.9934e-01	
 2.9714e-01	
 3.0164e-01	
 2.9854e-01	
 2.9898e-01	
 2.9897e-01	
 2.9992e-01	
 3.0103e-01	
 2.9712e-01	
 2.9869e-01	
 2.9778e-01	
 2.9920e-01	
 2.9887e-01	
 2.9851e-01	
 2.9654e-01	
 2.9925e-01	
 2.9660e-01	
 2.9711e-01	
 2.9831e-01	
 2.9429e-01	
 2.9972e-01	
 3.0262e-01	
 3.0214e-01	
 3.0267e-01	
 3.0015e-01	
 3.0122e-01	
 2.9644e-01	
 2.9749e-01	
 3.0203e-01	
 3.0067e-01	
 2.9800e-01	
 3.0088e-01	
 2.9885e-01	
 3.0337e-01	
 3.0055e-01	
 3.0071e-01	
 3.0004e-01	
 3.0191e-01	
 2.9956e-01	
 3.0047e-01	
 3.0204e-01	
 2.9939e-01	
 3.0338e-01	
 2.9656e-01	
 3.0062e-01	
 2.9891e-01	
 2.9860e-01	
 2.9947e-01	
 3.0229e-01	
 3.0239e-01	
 2.9885e-01	
 2.9844e-01	
 3.0261e-01	
 3.0013e-01	
 3.0258e-01	
 3.0259e-01	
 3.0083e-01	
 3.0094e-01	
 2.9807e-01	
 2.9835e-01	
 3.0093e-01	
 3.0111e-01	
 3.0151e-01	
 3.0129e-01	
 2.9906e-01	
 2.9556e-01	
 2.9808e-01	
 2.9846e-01	
 2.9915e-01	
 2.9878e-01	
 2.9966e-01	
 3.0340e-01	
 3.0065e-01	
 3.0208e-01	
 2.9982e-01	
 2.9737e-01	
 2.9983e-01	
 2.9685e-01	
 2.9880e-01	
 3.0108e-01	
 3.0009e-01	
 3.0036e-01	
 3.0110e-01	
 2.9843e-01	
 2.9998e-01	
 2.9945e-01	
 3.0102e-01	
 3.0146e-01	
 2.9883e-01	
 3.0029e-01	
 2.9994e-01	
 2.9975e-01	
 3.0141e-01	
 3.0310e-01	
 2.9979e-01	
 3.0142e-01	
 3.0018e-01	
 2.9666e-01	
 2.9879e-01	
 2.9932e-01	
 3.0089e-01	
 3.0293e-01	
 3.0392e-01	
 3.0197e-01	
 2.9847e-01	
 3.0226e-01	
 2.9801e-01	
 2.9918e-01	
 3.0149e-01	
 3.0099e-01	
 2.9981e-01	
 3.0175e-01	
 3.0145e-01	
 2.9985e-01	
 2.9872e-01	
 3.0200e-01	
 3.0093e-01	
 2.9771e-01	
 3.0175e-01	
 2.9966e-01	
 3.0020e-01	
 3.0202e-01	
 2.9957e-01	
 3.0296e-01	
 3.0165e-01	
 2.9865e-01	
 3.0175e-01	
 3.0312e-01	
 3.0012e-01	
 2.9945e-01	
 3.0421e-01	
 2.9858e-01	
 2.9995e-01	
 2.9959e-01	
 2.9814e-01	
 3.0077e-01	
 2.9991e-01	
 3.0018e-01	
 2.9716e-01	
 3.0137e-01	
 3.0141e-01	
 3.0001e-01	
 3.0268e-01	
 2.9781e-01	
 3.0307e-01	
 2.9774e-01	
 3.0007e-01	
 3.0233e-01	
 3.0042e-01	
 3.0243e-01	
 3.0061e-01	
 3.0234e-01	
 2.9908e-01	
 3.0312e-01	
 3.0342e-01	
 3.0054e-01	
 3.0032e-01	
 3.0103e-01	
 3.0122e-01	
 3.0246e-01	
 2.9923e-01	
 2.9912e-01	
 3.0151e-01	
 2.9854e-01	
 2.9809e-01	
 2.9966e-01	
 3.0070e-01	
 3.0179e-01	
 2.9883e-01	
 2.9934e-01	
 2.9923e-01	
 2.9736e-01	
 2.9860e-01	
 2.9976e-01	
 2.9817e-01	
 3.0149e-01	
 3.0005e-01	
 2.9933e-01	
 2.9879e-01	
 2.9762e-01	
 2.9938e-01	
 3.0034e-01	
 3.0168e-01	
 3.0029e-01	
 3.0263e-01	
 3.0090e-01	
 2.9930e-01	
 3.0177e-01	
 3.0321e-01	
 2.9946e-01	
 2.9778e-01	
 3.0068e-01	
 2.9977e-01	
 2.9688e-01	
 3.0027e-01	
 2.9751e-01	
 3.0017e-01	
 2.9870e-01	
 2.9579e-01	
 3.0118e-01	
 2.9954e-01	
 3.0483e-01	
 2.9982e-01	
 2.9595e-01	
 2.9909e-01	
 2.9856e-01	
 2.9830e-01	
 2.9795e-01	
 3.0119e-01	
 3.0031e-01	
 3.0014e-01	
 3.0023e-01	
 3.0123e-01	
 2.9996e-01	
 2.9851e-01	
 3.0078e-01	
 3.0135e-01	
 3.0161e-01	
 2.9673e-01	
 3.0181e-01	
 2.9986e-01	
 2.9817e-01	
 3.0065e-01	
 3.0191e-01	
 2.9888e-01	
 2.9792e-01	
 3.0131e-01	
 3.0127e-01	
 2.9996e-01	
 3.0236e-01	
 2.9874e-01	
 3.0063e-01	
 3.0097e-01	
 3.0395e-01	
 3.0261e-01	
 3.0010e-01	
 3.0075e-01	
 3.0222e-01	
 3.0129e-01	
 2.9874e-01	
 2.9991e-01	
 2.9785e-01	
 3.0340e-01	
 2.9957e-01	
 3.0035e-01	
 3.0031e-01	
 2.9979e-01	
 3.0133e-01	
 2.9997e-01	
 3.0022e-01	
 2.9884e-01	
 3.0011e-01	
 3.0086e-01	
 2.9738e-01	
 3.0054e-01	
 2.9821e-01	
 3.0118e-01	
 3.0077e-01	
 3.0205e-01	
 2.9915e-01	
 3.0068e-01	
 3.0206e-01	
 3.0334e-01	
 3.0195e-01	
 2.9898e-01	
 2.9761e-01	
 3.0139e-01	
 2.9734e-01	
 3.0027e-01	
 3.0393e-01	
 2.9962e-01	
 2.9861e-01	
 3.0476e-01	
 3.0174e-01	
 2.9968e-01	
 2.9965e-01	
 3.0292e-01	
 3.0003e-01	
 2.9888e-01	
 3.0238e-01	
 2.9774e-01	
 3.0264e-01	
 3.0545e-01	
 3.0168e-01	
 2.9949e-01	
 3.0310e-01	
 3.0201e-01	
 2.9987e-01	
 2.9847e-01	
 2.9659e-01	
 2.9684e-01	
 2.9935e-01	
 2.9929e-01	
 3.0404e-01	
 3.0057e-01	
 3.0227e-01	
 3.0400e-01	
 3.0160e-01	
 2.9935e-01	
 3.0055e-01	
 3.0161e-01	
 2.9677e-01	
 3.0062e-01	
 2.9869e-01	
 2.9699e-01	
 2.9757e-01	
 2.9830e-01	
 3.0102e-01	
 3.0166e-01	
 3.0195e-01	
 2.9954e-01	
 3.0121e-01	
 3.0199e-01	
 3.0019e-01	
 2.9643e-01	
 3.0008e-01	
 2.9967e-01	
 2.9821e-01	
 2.9946e-01	
 2.9749e-01	
 2.9707e-01	
 2.9784e-01	
 3.0049e-01	
 2.9963e-01	
 3.0424e-01	
 3.0009e-01	
 3.0036e-01	
 2.9974e-01	
 3.0053e-01	
 2.9393e-01	
 2.9850e-01	
 3.0039e-01	
 2.9920e-01	
 3.0039e-01	
 2.9828e-01	
 3.0450e-01	
 2.9990e-01	
 2.9999e-01	
 3.0388e-01	
 2.9988e-01	
 3.0013e-01	
 2.9820e-01	
 2.9858e-01	
 3.0001e-01	
 3.0027e-01	
 2.9893e-01	
 2.9809e-01	
 2.9876e-01	
 2.9770e-01	
 3.0155e-01	
 2.9756e-01	
 2.9868e-01	
 3.0350e-01	
 2.9992e-01	
 2.9924e-01	
 3.0349e-01	
 3.0291e-01	
 3.0316e-01	
 2.9653e-01	
 2.9740e-01	
 3.0306e-01	
 3.0086e-01	
 3.0098e-01	
 3.0037e-01	
 2.9856e-01	
 3.0007e-01	
 3.0047e-01	
 2.9790e-01	
 3.0180e-01	
 3.0329e-01	
 2.9798e-01	
 3.0091e-01	
 2.9924e-01	
 2.9859e-01	
 3.0008e-01	
 2.9784e-01	
 2.9993e-01	
 3.0011e-01	
 2.9814e-01	
 2.9808e-01	
 3.0120e-01	
 3.0105e-01	
 2.9614e-01	
 3.0059e-01	
 2.9794e-01	
 2.9787e-01	
 3.0056e-01	
 2.9691e-01	
 3.0342e-01	
 2.9932e-01	
 2.9899e-01	
 3.0133e-01	
 3.0297e-01	
 3.0026e-01	
 3.0322e-01	
 2.9850e-01	
 2.9899e-01	
 2.9889e-01	
 2.9826e-01	
 2.9878e-01	
 3.0078e-01	
 2.9954e-01	
 3.0139e-01	
 3.0193e-01	
 2.9904e-01	
 3.0226e-01	
 2.9880e-01	
 2.9786e-01	
 3.0093e-01	
 3.0067e-01	
 3.0145e-01	
 2.9907e-01	
 3.0065e-01	
 2.9936e-01	
 2.9889e-01	
 2.9973e-01	
 3.0057e-01	
 2.9973e-01	
 2.9727e-01	
 2.9722e-01	
 3.0123e-01	
 3.0168e-01	
 3.0289e-01	
 3.0022e-01	
 3.0031e-01	
 2.9794e-01	
 3.0337e-01	
 3.0036e-01	
 2.9921e-01	
 3.0135e-01	
 3.0036e-01	
 2.9791e-01	
 2.9653e-01	
 2.9882e-01	
 2.9924e-01	
 3.0011e-01	
 3.0493e-01	
 2.9775e-01	
 2.9682e-01	
 2.9840e-01	
 2.9979e-01	
 3.0315e-01	
 3.0034e-01	
 3.0196e-01	
 2.9900e-01	
 2.9827e-01	
 3.0029e-01	
 3.0076e-01	
 2.9915e-01	
 3.0130e-01	
 2.9942e-01	
 3.0093e-01	
 2.9814e-01	
 3.0004e-01	
 3.0009e-01	
 3.0183e-01	
 2.9758e-01	
 3.0160e-01	
 2.9876e-01	
 2.9816e-01	
 3.0155e-01	
 3.0133e-01	
 3.0183e-01	
 2.9653e-01	
 3.0078e-01	
 2.9962e-01	
 2.9737e-01	
 2.9675e-01	
 2.9871e-01	
 3.0210e-01	
 2.9862e-01	
 2.9947e-01	
 3.0109e-01	
 2.9774e-01	
 3.0122e-01	
 3.0005e-01	
 2.9910e-01	
 2.9778e-01	
 2.9621e-01	
 3.0085e-01	
 2.9744e-01	
 2.9770e-01	
 2.9944e-01	
 3.0003e-01	
 2.9750e-01	
 3.0097e-01	
 2.9790e-01	
 2.9709e-01	
 2.9736e-01	
 2.9928e-01	
 2.9695e-01	
 3.0070e-01	
 3.0017e-01	
 2.9951e-01	
 2.9787e-01	
 3.0145e-01	
 2.9848e-01	
 2.9852e-01	
 2.9824e-01	
 3.0093e-01	
 2.9655e-01	
 3.0039e-01	
 2.9929e-01	
 3.0275e-01	
 2.9736e-01	
 3.0191e-01	
 2.9893e-01	
 2.9795e-01	
 2.9865e-01	
 3.0112e-01	
 2.9890e-01	
 3.0023e-01	
 3.0118e-01	
 2.9950e-01	
 2.9580e-01	
 2.9982e-01	
 3.0039e-01	
 3.0045e-01	
 2.9880e-01	
 2.9848e-01	
 3.0125e-01	
 2.9842e-01	
 3.0179e-01	
 3.0042e-01	
 2.9974e-01	
 2.9847e-01	
 2.9948e-01	
 3.0301e-01	
 3.0052e-01	
 3.0046e-01	
 3.0062e-01	
 3.0177e-01	
 2.9715e-01	
 3.0003e-01	
 3.0243e-01	
 3.0101e-01	
 3.0030e-01	
 2.9757e-01	
 2.9825e-01	
 2.9978e-01	
 3.0157e-01	
 3.0059e-01	
 2.9782e-01	
 3.0028e-01	
 2.9720e-01	
 2.9555e-01	
 2.9946e-01	
 3.0029e-01	
 3.0098e-01	
 2.9984e-01	
 2.9662e-01	
 2.9860e-01	
 2.9614e-01	
 3.0104e-01	
 3.0165e-01	
 2.9714e-01	
 2.9777e-01	
 3.0210e-01	
 3.0302e-01	
 3.0352e-01	
 3.0188e-01	
 3.0199e-01	
 3.0279e-01	
 3.0405e-01	
 2.9704e-01	
 3.0080e-01	
 3.0104e-01	
 2.9626e-01	
 3.0193e-01	
 2.9927e-01	
 3.0066e-01	
 2.9868e-01	
 2.9844e-01	
 3.0188e-01	
 3.0321e-01	
 3.0280e-01	
 3.0431e-01	
 2.9894e-01	
 3.0126e-01	
 3.0281e-01	
 3.0126e-01	
 3.0134e-01	
 2.9859e-01	
 2.9949e-01	
 2.9979e-01	
 3.0224e-01	
 2.9705e-01	
 2.9785e-01	
 3.0290e-01	
 3.0161e-01	
 3.0500e-01	
 3.0357e-01	
 2.9791e-01	
 2.9843e-01	
 2.9829e-01	
 2.9872e-01	
 2.9686e-01	
 3.0197e-01	
 3.0102e-01	
 2.9937e-01	
 3.0304e-01	
 2.9830e-01	
 2.9798e-01	
 3.0388e-01	
 3.0316e-01	
 2.9876e-01	
 3.0018e-01	
 3.0370e-01	
 3.0154e-01	
 2.9993e-01	
 3.0244e-01	
 3.0055e-01	
 3.0144e-01	
 3.0151e-01	
 3.0078e-01	
 2.9744e-01	
 2.9951e-01	
 3.0260e-01	
 2.9820e-01	
 2.9985e-01	
 2.9934e-01	
 2.9868e-01	
 2.9921e-01	
 2.9626e-01	
 3.0063e-01	
 2.9783e-01	
 3.0160e-01	
 3.0090e-01	
 3.0140e-01	
 3.0123e-01	
 2.9932e-01	
 3.0185e-01	
 2.9485e-01	
 2.9334e-01	
 3.0062e-01	
 2.9707e-01	
 2.9910e-01	
 2.9844e-01	
 2.9867e-01	
 2.9775e-01	
 2.9895e-01	
 2.9891e-01	
 2.9994e-01	
 2.9809e-01	
 3.0090e-01	
 2.9816e-01	
 3.0009e-01	
 2.9817e-01	
 2.9873e-01	
 3.0147e-01	
 2.9861e-01	
 3.0020e-01	
 2.9876e-01	
 3.0040e-01	
 2.9939e-01	
 3.0147e-01	
 2.9971e-01	
 3.0070e-01	
 3.0155e-01	
 3.0159e-01	
 3.0084e-01	
 2.9735e-01	
 3.0220e-01	
 2.9853e-01	
 2.9819e-01	
 2.9942e-01	
 3.0173e-01	
 3.0089e-01	
 3.0110e-01	
 3.0175e-01	
 3.0288e-01	
 3.0188e-01	
 3.0255e-01	
 3.0224e-01	
 2.9991e-01	
 3.0165e-01	
 3.0336e-01	
 3.0056e-01	
 2.9750e-01	
 2.9896e-01	
 2.9811e-01	
 3.0010e-01	
 2.9965e-01	
 2.9984e-01	
 3.0213e-01	
 2.9772e-01	
 2.9721e-01	
 3.0010e-01	
 2.9838e-01	
 2.9970e-01	
 3.0098e-01	
 2.9901e-01	
 2.9855e-01	
 2.9617e-01	
 2.9698e-01	
 2.9855e-01	
 2.9494e-01	
 2.9885e-01	
 2.9815e-01	
 2.9829e-01	
 2.9769e-01	
 3.0178e-01	
 3.0249e-01	
 2.9604e-01	
 2.9798e-01	
 3.0037e-01	
 3.0177e-01	
 2.9963e-01	
 2.9978e-01	
 2.9919e-01	
 2.9780e-01	
 3.0046e-01	
 3.0144e-01	
 2.9814e-01	
 2.9864e-01	
 2.9864e-01	
 3.0184e-01	
 2.9753e-01	
 2.9910e-01	
 3.0121e-01	
 2.9740e-01	
 2.9811e-01	
 2.9621e-01	
 2.9743e-01	
 2.9819e-01	
 3.0017e-01	
 2.9854e-01	
 2.9587e-01	
 2.9605e-01	
 3.0036e-01	
 3.0129e-01	
 3.0283e-01	
 2.9523e-01	
 2.9988e-01	
 2.9917e-01	
 2.9727e-01	
 3.0068e-01	
 2.9824e-01	
 2.9636e-01	
 2.9766e-01	
 2.9945e-01	
 2.9813e-01	
 3.0243e-01	
 2.9778e-01	
 2.9843e-01	
 2.9956e-01	
 2.9862e-01	
 2.9994e-01	
 3.0319e-01	
 3.0255e-01	
 2.9775e-01	
 3.0214e-01	
 2.9888e-01	
 2.9699e-01	
 2.9828e-01	
