Loss	
 6.9949e-01	
 6.9800e-01	
 6.9650e-01	
 6.9502e-01	
 6.9352e-01	
 6.9204e-01	
 6.9098e-01	
 6.9015e-01	
 6.8871e-01	
 6.8648e-01	
 6.8478e-01	
 6.8332e-01	
 6.8195e-01	
 6.8065e-01	
 6.7952e-01	
 6.7820e-01	
 6.7668e-01	
 6.7486e-01	
 6.7329e-01	
 6.7165e-01	
 6.7018e-01	
 6.6888e-01	
 6.6747e-01	
 6.6585e-01	
 6.6451e-01	
 6.6285e-01	
 6.6128e-01	
 6.5991e-01	
 6.5848e-01	
 6.5705e-01	
 6.5565e-01	
 6.5414e-01	
 6.5277e-01	
 6.5125e-01	
 6.4969e-01	
 6.4827e-01	
 6.4690e-01	
 6.4553e-01	
 6.4413e-01	
 6.4266e-01	
 6.4118e-01	
 6.3949e-01	
 6.3802e-01	
 6.3654e-01	
 6.3517e-01	
 6.3374e-01	
 6.3229e-01	
 6.3078e-01	
 6.2925e-01	
 6.2788e-01	
 6.2648e-01	
 6.2499e-01	
 6.2350e-01	
 6.2209e-01	
 6.2064e-01	
 6.1913e-01	
 6.1781e-01	
 6.1631e-01	
 6.1483e-01	
 6.1351e-01	
 6.1211e-01	
 6.1070e-01	
 6.0926e-01	
 6.0781e-01	
 6.0647e-01	
 6.0512e-01	
 6.0378e-01	
 6.0245e-01	
 6.0099e-01	
 5.9958e-01	
 5.9820e-01	
 5.9665e-01	
 5.9522e-01	
 5.9386e-01	
 5.9246e-01	
 5.9116e-01	
 5.8979e-01	
 5.8839e-01	
 5.8709e-01	
 5.8575e-01	
 5.8434e-01	
 5.8298e-01	
 5.8160e-01	
 5.8022e-01	
 5.7881e-01	
 5.7740e-01	
 5.7596e-01	
 5.7461e-01	
 5.7326e-01	
 5.7197e-01	
 5.7082e-01	
 5.6950e-01	
 5.6823e-01	
 5.6697e-01	
 5.6567e-01	
 5.6438e-01	
 5.6306e-01	
 5.6172e-01	
 5.6035e-01	
 5.5902e-01	
 5.5764e-01	
 5.5635e-01	
 5.5507e-01	
 5.5375e-01	
 5.5243e-01	
 5.5119e-01	
 5.4991e-01	
 5.4864e-01	
 5.4731e-01	
 5.4610e-01	
 5.4483e-01	
 5.4356e-01	
 5.4234e-01	
 5.4114e-01	
 5.3985e-01	
 5.3860e-01	
 5.3731e-01	
 5.3608e-01	
 5.3476e-01	
