Loss	
 6.9383e-01	
 6.9221e-01	
 6.9055e-01	
 6.8886e-01	
 6.8715e-01	
 6.8537e-01	
 6.8291e-01	
 6.8042e-01	
 6.7898e-01	
 6.7821e-01	
 6.7649e-01	
 6.7457e-01	
 6.7237e-01	
 6.7011e-01	
 6.6772e-01	
 6.6562e-01	
 6.6360e-01	
 6.6200e-01	
 6.6018e-01	
 6.5815e-01	
 6.5588e-01	
 6.5351e-01	
 6.5107e-01	
 6.4907e-01	
 6.4684e-01	
 6.4467e-01	
 6.4253e-01	
 6.4014e-01	
 6.3760e-01	
 6.3500e-01	
 6.3257e-01	
 6.3018e-01	
 6.2773e-01	
 6.2549e-01	
 6.2308e-01	
 6.2049e-01	
 6.1797e-01	
 6.1536e-01	
 6.1281e-01	
 6.1020e-01	
 6.0762e-01	
 6.0517e-01	
 6.0263e-01	
 6.0006e-01	
 5.9721e-01	
 5.9441e-01	
 5.9148e-01	
 5.8875e-01	
 5.8607e-01	
 5.8327e-01	
 5.8039e-01	
 5.7752e-01	
 5.7474e-01	
 5.7198e-01	
 5.6908e-01	
 5.6604e-01	
 5.6302e-01	
 5.6014e-01	
 5.5713e-01	
 5.5394e-01	
 5.5061e-01	
 5.4753e-01	
 5.4426e-01	
 5.4094e-01	
 5.3752e-01	
 5.3401e-01	
 5.3060e-01	
 5.2713e-01	
 5.2369e-01	
 5.2019e-01	
 5.1673e-01	
 5.1306e-01	
 5.0928e-01	
 5.0534e-01	
 5.0121e-01	
 4.9696e-01	
 4.9240e-01	
 4.8786e-01	
 4.8319e-01	
 4.7872e-01	
 4.7392e-01	
 4.6891e-01	
 4.6393e-01	
 4.5876e-01	
 4.5350e-01	
 4.4819e-01	
 4.4242e-01	
 4.3693e-01	
 4.3114e-01	
 4.2540e-01	
 4.1945e-01	
 4.1350e-01	
 4.0781e-01	
 4.0207e-01	
 3.9613e-01	
 3.9056e-01	
 3.8517e-01	
 3.7958e-01	
 3.7450e-01	
 3.6942e-01	
 3.6519e-01	
 3.6111e-01	
 3.5728e-01	
 3.5391e-01	
 3.5068e-01	
 3.4808e-01	
 3.4576e-01	
 3.4369e-01	
 3.4161e-01	
 3.4013e-01	
 3.3878e-01	
 3.3771e-01	
 3.3647e-01	
 3.3554e-01	
 3.3521e-01	
 3.3465e-01	
 3.3418e-01	
 3.3383e-01	
 3.3335e-01	
 3.3296e-01	
 3.3287e-01	
 3.3266e-01	
 3.3227e-01	
 3.3193e-01	
 3.3134e-01	
 3.3135e-01	
 3.3177e-01	
 3.3176e-01	
 3.3159e-01	
 3.3145e-01	
 3.3150e-01	
 3.3120e-01	
 3.3125e-01	
 3.3133e-01	
 3.3119e-01	
 3.3106e-01	
 3.3098e-01	
 3.3124e-01	
 3.3137e-01	
 3.3138e-01	
 3.3131e-01	
 3.3080e-01	
 3.3061e-01	
 3.3028e-01	
 3.3054e-01	
 3.3007e-01	
 3.3015e-01	
 3.2974e-01	
 3.2940e-01	
 3.2977e-01	
 3.2998e-01	
 3.2946e-01	
 3.2947e-01	
 3.2949e-01	
 3.2949e-01	
 3.2880e-01	
 3.2811e-01	
 3.2786e-01	
 3.2790e-01	
 3.2799e-01	
 3.2749e-01	
 3.2810e-01	
 3.2847e-01	
 3.2789e-01	
 3.2711e-01	
 3.2718e-01	
 3.2687e-01	
 3.2684e-01	
 3.2687e-01	
 3.2775e-01	
 3.2789e-01	
 3.2755e-01	
 3.2790e-01	
 3.2810e-01	
 3.2753e-01	
 3.2678e-01	
 3.2704e-01	
 3.2654e-01	
 3.2621e-01	
 3.2651e-01	
 3.2704e-01	
 3.2716e-01	
 3.2699e-01	
 3.2728e-01	
 3.2705e-01	
 3.2706e-01	
 3.2685e-01	
 3.2663e-01	
 3.2677e-01	
 3.2641e-01	
 3.2649e-01	
 3.2612e-01	
 3.2588e-01	
 3.2534e-01	
 3.2491e-01	
 3.2588e-01	
 3.2582e-01	
 3.2538e-01	
 3.2465e-01	
 3.2504e-01	
 3.2600e-01	
 3.2593e-01	
 3.2530e-01	
 3.2450e-01	
 3.2470e-01	
 3.2507e-01	
 3.2468e-01	
 3.2493e-01	
 3.2472e-01	
 3.2443e-01	
 3.2347e-01	
 3.2370e-01	
 3.2329e-01	
 3.2315e-01	
 3.2169e-01	
 3.2145e-01	
 3.2266e-01	
 3.2238e-01	
 3.2291e-01	
 3.2287e-01	
 3.2324e-01	
 3.2410e-01	
 3.2506e-01	
 3.2512e-01	
 3.2475e-01	
 3.2468e-01	
 3.2443e-01	
 3.2446e-01	
 3.2416e-01	
 3.2323e-01	
 3.2359e-01	
 3.2322e-01	
 3.2338e-01	
 3.2380e-01	
 3.2381e-01	
 3.2362e-01	
 3.2370e-01	
 3.2496e-01	
 3.2427e-01	
 3.2417e-01	
 3.2423e-01	
 3.2411e-01	
 3.2428e-01	
 3.2456e-01	
 3.2406e-01	
 3.2404e-01	
 3.2415e-01	
 3.2358e-01	
 3.2409e-01	
 3.2388e-01	
 3.2358e-01	
 3.2350e-01	
 3.2362e-01	
 3.2392e-01	
 3.2338e-01	
 3.2296e-01	
 3.2291e-01	
 3.2297e-01	
 3.2198e-01	
 3.2188e-01	
 3.2195e-01	
 3.2234e-01	
 3.2309e-01	
 3.2332e-01	
 3.2302e-01	
 3.2313e-01	
 3.2520e-01	
 3.2610e-01	
 3.2613e-01	
 3.2572e-01	
 3.2496e-01	
 3.2491e-01	
 3.2451e-01	
 3.2359e-01	
 3.2313e-01	
 3.2372e-01	
 3.2391e-01	
 3.2387e-01	
 3.2344e-01	
 3.2293e-01	
 3.2160e-01	
 3.2226e-01	
 3.2263e-01	
 3.2238e-01	
 3.2215e-01	
 3.2209e-01	
 3.2196e-01	
 3.2186e-01	
 3.2128e-01	
 3.2160e-01	
 3.2169e-01	
 3.2228e-01	
 3.2124e-01	
 3.2086e-01	
 3.2225e-01	
 3.2464e-01	
 3.2085e-01	
 3.1837e-01	
 3.1597e-01	
 3.1018e-01	
 3.1207e-01	
 3.2488e-01	
 3.2671e-01	
 3.2546e-01	
 3.1358e-01	
 3.1059e-01	
 3.0646e-01	
 3.0263e-01	
 3.0264e-01	
 3.0726e-01	
 3.0742e-01	
 3.0003e-01	
 2.9939e-01	
 2.9909e-01	
 2.9852e-01	
 3.0206e-01	
 2.9006e-01	
 2.8665e-01	
 2.9002e-01	
 2.9711e-01	
 2.9896e-01	
 2.9255e-01	
 2.8829e-01	
 2.8536e-01	
 2.8326e-01	
 2.8123e-01	
 2.8306e-01	
 2.8328e-01	
 2.8684e-01	
 2.8242e-01	
 2.7993e-01	
 2.8180e-01	
 2.7590e-01	
 2.8061e-01	
 2.7859e-01	
 2.9094e-01	
 2.8757e-01	
 2.8663e-01	
 2.8125e-01	
 2.7972e-01	
 2.7227e-01	
 2.7273e-01	
 2.7099e-01	
 2.7207e-01	
 2.7138e-01	
 2.7045e-01	
 2.7690e-01	
 2.6480e-01	
 2.7138e-01	
 2.7175e-01	
 2.6790e-01	
 2.7786e-01	
 2.6715e-01	
 2.6563e-01	
 2.6877e-01	
 2.6517e-01	
 2.6188e-01	
 2.6660e-01	
 2.7330e-01	
 2.6291e-01	
 2.6535e-01	
 2.6266e-01	
 2.5687e-01	
 2.5786e-01	
 2.6164e-01	
 2.6612e-01	
 2.6481e-01	
 2.6084e-01	
 2.5640e-01	
 2.5342e-01	
 2.4962e-01	
 2.4966e-01	
 2.4861e-01	
 2.5018e-01	
 2.5471e-01	
 2.5418e-01	
 2.5653e-01	
 2.5344e-01	
 2.5288e-01	
 2.5007e-01	
 2.4729e-01	
 2.5061e-01	
 2.4459e-01	
 2.5124e-01	
 2.4208e-01	
 2.5072e-01	
 2.5392e-01	
 2.5496e-01	
 2.4217e-01	
 2.4270e-01	
 2.5091e-01	
 2.5656e-01	
 2.4429e-01	
 2.4409e-01	
 2.4591e-01	
 2.4655e-01	
 2.4033e-01	
 2.4297e-01	
 2.3671e-01	
 2.4144e-01	
 2.4948e-01	
 2.4879e-01	
 2.4284e-01	
 2.4361e-01	
 2.4642e-01	
 2.3934e-01	
 2.4447e-01	
 2.4467e-01	
 2.4209e-01	
 2.4557e-01	
 2.4104e-01	
 2.3876e-01	
 2.3258e-01	
 2.4420e-01	
 2.3381e-01	
 2.3587e-01	
 2.4076e-01	
 2.3370e-01	
 2.3898e-01	
 2.3979e-01	
 2.3599e-01	
 2.3956e-01	
 2.3800e-01	
 2.3430e-01	
 2.4134e-01	
 2.3455e-01	
 2.3474e-01	
 2.4278e-01	
 2.3567e-01	
 2.3776e-01	
 2.3175e-01	
 2.3189e-01	
 2.3544e-01	
 2.3103e-01	
 2.4008e-01	
 2.3399e-01	
 2.3657e-01	
 2.3837e-01	
 2.3552e-01	
 2.3498e-01	
 2.3447e-01	
 2.3577e-01	
 2.3406e-01	
 2.3813e-01	
 2.3050e-01	
 2.3378e-01	
 2.2550e-01	
 2.3169e-01	
 2.3254e-01	
 2.3179e-01	
 2.3098e-01	
 2.3504e-01	
 2.3483e-01	
 2.3145e-01	
 2.2838e-01	
 2.3257e-01	
 2.2884e-01	
 2.3291e-01	
 2.2647e-01	
 2.3284e-01	
 2.2649e-01	
 2.2842e-01	
 2.2682e-01	
 2.2648e-01	
 2.2428e-01	
 2.3127e-01	
 2.2495e-01	
 2.3415e-01	
 2.2953e-01	
 2.2146e-01	
 2.2370e-01	
 2.2633e-01	
 2.2333e-01	
 2.2930e-01	
 2.2279e-01	
 2.2706e-01	
 2.2351e-01	
 2.2780e-01	
 2.2774e-01	
 2.2497e-01	
 2.2490e-01	
 2.2263e-01	
 2.2991e-01	
 2.2304e-01	
 2.2616e-01	
 2.2598e-01	
 2.2838e-01	
 2.3167e-01	
 2.2706e-01	
 2.2408e-01	
 2.2556e-01	
 2.2779e-01	
 2.2707e-01	
 2.2349e-01	
 2.2027e-01	
 2.3021e-01	
 2.2368e-01	
 2.2334e-01	
 2.1853e-01	
 2.2341e-01	
 2.2232e-01	
 2.2832e-01	
 2.1917e-01	
 2.2683e-01	
 2.2548e-01	
 2.2382e-01	
 2.1704e-01	
 2.1989e-01	
 2.1913e-01	
 2.2513e-01	
 2.2147e-01	
 2.2115e-01	
 2.2238e-01	
 2.2175e-01	
 2.2414e-01	
 2.1347e-01	
 2.2149e-01	
 2.1585e-01	
 2.1811e-01	
 2.1642e-01	
 2.2091e-01	
 2.1941e-01	
 2.2294e-01	
 2.2407e-01	
 2.2445e-01	
 2.1941e-01	
 2.2018e-01	
 2.2146e-01	
 2.2041e-01	
 2.2475e-01	
 2.1918e-01	
 2.1904e-01	
 2.2273e-01	
 2.2031e-01	
 2.1988e-01	
 2.1925e-01	
 2.2075e-01	
 2.1465e-01	
 2.1791e-01	
 2.1944e-01	
 2.2115e-01	
 2.1644e-01	
 2.1900e-01	
 2.1279e-01	
 2.2149e-01	
 2.2445e-01	
 2.2329e-01	
 2.2310e-01	
 2.1823e-01	
 2.1534e-01	
 2.1791e-01	
 2.1799e-01	
 2.1302e-01	
 2.1251e-01	
 2.1453e-01	
 2.1181e-01	
 2.2196e-01	
 2.1290e-01	
 2.1876e-01	
 2.1473e-01	
 2.0980e-01	
 2.1579e-01	
 2.1281e-01	
 2.2441e-01	
 2.1995e-01	
 2.1982e-01	
 2.2080e-01	
 2.1497e-01	
 2.1563e-01	
 2.2541e-01	
 2.1131e-01	
 2.1908e-01	
 2.1711e-01	
 2.2172e-01	
 2.1606e-01	
 2.1615e-01	
 2.1678e-01	
 2.1403e-01	
 2.1791e-01	
 2.1763e-01	
 2.1954e-01	
 2.1441e-01	
 2.1351e-01	
 2.1701e-01	
 2.2333e-01	
 2.1779e-01	
 2.1742e-01	
 2.1935e-01	
 2.1696e-01	
 2.1514e-01	
 2.1918e-01	
 2.2430e-01	
 2.1159e-01	
 2.1069e-01	
 2.1444e-01	
 2.1111e-01	
 2.2029e-01	
 2.1550e-01	
 2.1600e-01	
 2.2216e-01	
 2.1455e-01	
 2.0941e-01	
 2.1051e-01	
 2.1952e-01	
 2.1401e-01	
 2.2037e-01	
 2.1705e-01	
 2.1517e-01	
 2.1516e-01	
 2.2317e-01	
 2.1316e-01	
 2.1994e-01	
 2.1340e-01	
 2.2094e-01	
 2.1462e-01	
 2.1927e-01	
 2.0990e-01	
 2.1441e-01	
 2.1156e-01	
 2.2031e-01	
 2.1851e-01	
 2.1248e-01	
 2.0964e-01	
 2.1923e-01	
 2.2521e-01	
 2.2271e-01	
 2.2189e-01	
 2.1794e-01	
 2.1501e-01	
 2.1648e-01	
 2.1801e-01	
 2.2154e-01	
 2.1981e-01	
 2.1474e-01	
 2.1658e-01	
 2.1637e-01	
 2.1632e-01	
 2.0875e-01	
 2.1879e-01	
 2.1830e-01	
 2.1712e-01	
 2.1576e-01	
 2.1029e-01	
 2.1624e-01	
 2.1629e-01	
 2.1296e-01	
 2.2149e-01	
 2.1873e-01	
 2.1389e-01	
 2.1230e-01	
 2.1605e-01	
 2.1478e-01	
 2.1475e-01	
 2.1319e-01	
 2.1345e-01	
 2.1751e-01	
 2.1509e-01	
 2.1361e-01	
 2.1941e-01	
 2.1290e-01	
 2.1684e-01	
 2.1425e-01	
 2.0770e-01	
 2.1135e-01	
 2.1077e-01	
 2.1092e-01	
 2.1443e-01	
 2.0922e-01	
 2.1650e-01	
 2.1425e-01	
 2.2032e-01	
 2.0812e-01	
 2.1852e-01	
 2.1074e-01	
 2.1292e-01	
 2.1168e-01	
 2.2216e-01	
 2.2123e-01	
 2.2049e-01	
 2.1628e-01	
 2.1230e-01	
 2.1313e-01	
 2.1140e-01	
 2.1342e-01	
 2.2064e-01	
 2.1303e-01	
 2.1752e-01	
 2.1244e-01	
 2.1619e-01	
 2.1288e-01	
 2.1199e-01	
 2.1402e-01	
 2.1368e-01	
 2.1607e-01	
 2.1115e-01	
 2.1332e-01	
 2.1295e-01	
 2.1079e-01	
 2.1671e-01	
 2.1300e-01	
 2.1231e-01	
 2.1349e-01	
 2.1949e-01	
 2.2060e-01	
 2.0928e-01	
 2.1173e-01	
 2.1150e-01	
 2.1997e-01	
 2.1583e-01	
 2.0710e-01	
 2.0945e-01	
 2.1449e-01	
 2.1194e-01	
 2.1837e-01	
 2.0944e-01	
 2.1237e-01	
 2.1262e-01	
 2.1521e-01	
 2.1492e-01	
 2.1904e-01	
 2.1236e-01	
 2.1200e-01	
 2.0944e-01	
 2.1518e-01	
 2.1369e-01	
 2.1586e-01	
 2.1619e-01	
 2.1213e-01	
 2.1879e-01	
 2.1756e-01	
 2.1283e-01	
 2.2023e-01	
 2.1529e-01	
 2.1863e-01	
 2.0905e-01	
 2.1637e-01	
 2.2059e-01	
 2.1842e-01	
 2.2207e-01	
 2.1486e-01	
 2.1161e-01	
 2.1614e-01	
 2.1093e-01	
 2.1573e-01	
 2.1773e-01	
 2.1585e-01	
 2.1623e-01	
 2.1595e-01	
 2.1638e-01	
 2.1756e-01	
 2.1286e-01	
 2.0998e-01	
 2.1550e-01	
 2.0903e-01	
 2.1544e-01	
 2.1575e-01	
 2.1662e-01	
 2.1166e-01	
 2.0956e-01	
 2.1462e-01	
 2.1607e-01	
 2.0931e-01	
 2.0819e-01	
 2.1389e-01	
 2.2028e-01	
 2.2333e-01	
 2.1432e-01	
 2.0913e-01	
 2.1384e-01	
 2.1779e-01	
 2.1027e-01	
 2.1184e-01	
 2.0938e-01	
 2.0832e-01	
 2.1434e-01	
 2.1184e-01	
 2.0742e-01	
 2.1156e-01	
 2.1702e-01	
 2.1480e-01	
 2.1620e-01	
 2.1751e-01	
 2.1047e-01	
 2.0818e-01	
 2.1330e-01	
 2.1230e-01	
 2.0884e-01	
 2.1451e-01	
 2.1377e-01	
 2.1309e-01	
 2.1292e-01	
 2.0788e-01	
 2.1261e-01	
 2.0363e-01	
 2.1709e-01	
 2.1681e-01	
 2.1122e-01	
 2.1296e-01	
 2.1252e-01	
 2.1683e-01	
 2.1988e-01	
 2.1010e-01	
 2.1544e-01	
 2.1141e-01	
 2.1363e-01	
 2.1010e-01	
 2.1363e-01	
 2.0896e-01	
 2.1325e-01	
 2.0831e-01	
 2.0680e-01	
 2.1193e-01	
 2.1503e-01	
 2.1197e-01	
 2.1061e-01	
 2.1230e-01	
 2.1570e-01	
 2.1786e-01	
 2.1538e-01	
 2.1755e-01	
 2.1283e-01	
 2.1816e-01	
 2.0747e-01	
 2.1387e-01	
 2.1124e-01	
 2.1480e-01	
 2.1414e-01	
 2.1265e-01	
 2.1265e-01	
 2.1157e-01	
 2.1467e-01	
 2.1741e-01	
 2.1169e-01	
 2.1222e-01	
 2.1080e-01	
 2.1127e-01	
 2.1482e-01	
 2.1355e-01	
 2.0583e-01	
 2.1529e-01	
 2.0914e-01	
 2.0765e-01	
 2.1001e-01	
 2.1598e-01	
 2.1120e-01	
 2.1397e-01	
 2.1636e-01	
 2.0632e-01	
 2.1901e-01	
 2.1413e-01	
 2.1392e-01	
 2.1356e-01	
 2.1712e-01	
 2.1820e-01	
 2.1220e-01	
 2.1144e-01	
 2.1045e-01	
 2.1352e-01	
 2.1324e-01	
 2.1639e-01	
 2.0949e-01	
 2.1386e-01	
 2.1349e-01	
 2.1742e-01	
 2.1727e-01	
 2.2051e-01	
 2.0907e-01	
 2.1289e-01	
 2.0826e-01	
 2.1195e-01	
 2.0954e-01	
 2.1004e-01	
 2.1479e-01	
 2.1119e-01	
 2.0450e-01	
 2.0667e-01	
 2.0687e-01	
 2.1507e-01	
 2.1051e-01	
 2.1327e-01	
 2.0987e-01	
 2.0733e-01	
 2.1945e-01	
 2.1436e-01	
 2.1509e-01	
 2.0880e-01	
 2.1269e-01	
 2.1028e-01	
 2.1247e-01	
 2.1086e-01	
 2.1986e-01	
 2.1728e-01	
 2.1167e-01	
 2.0883e-01	
 2.0435e-01	
 2.0454e-01	
 2.1124e-01	
 2.0856e-01	
 2.1049e-01	
 2.0795e-01	
 2.1822e-01	
 2.1602e-01	
 2.1809e-01	
 2.0615e-01	
 2.1372e-01	
 2.0794e-01	
 2.1549e-01	
 2.1643e-01	
 2.1356e-01	
 2.1660e-01	
 2.1532e-01	
 2.1231e-01	
 2.1193e-01	
 2.0790e-01	
 2.1258e-01	
 2.1687e-01	
 2.1256e-01	
 2.0855e-01	
 2.1265e-01	
 2.1263e-01	
 2.0980e-01	
 2.1224e-01	
 2.1634e-01	
 2.1242e-01	
 2.1293e-01	
 2.1074e-01	
 2.1594e-01	
 2.1300e-01	
 2.0871e-01	
 2.0694e-01	
 2.1649e-01	
 2.1360e-01	
 2.1558e-01	
 2.1525e-01	
 2.1023e-01	
 2.0810e-01	
 2.1507e-01	
 2.1634e-01	
 2.1051e-01	
 2.1128e-01	
 2.0864e-01	
 2.1496e-01	
 2.1469e-01	
 2.1400e-01	
 2.1528e-01	
 2.1426e-01	
 2.1223e-01	
 2.1422e-01	
 2.0977e-01	
 2.1098e-01	
 2.0183e-01	
 2.3990e-01	
 2.5457e-01	
 2.4902e-01	
 2.2665e-01	
 2.2079e-01	
 2.2311e-01	
 2.1646e-01	
 2.1967e-01	
 2.1730e-01	
 2.3100e-01	
 2.2061e-01	
 2.2118e-01	
 2.1701e-01	
 2.1472e-01	
 2.1219e-01	
 2.2124e-01	
 2.2233e-01	
 2.2062e-01	
 2.1711e-01	
 2.1660e-01	
 2.1781e-01	
 2.0970e-01	
 2.1557e-01	
 2.1591e-01	
 2.1683e-01	
 2.2278e-01	
 2.1434e-01	
 2.2029e-01	
 2.1665e-01	
 2.1451e-01	
 2.1610e-01	
 2.2336e-01	
 2.1902e-01	
 2.1059e-01	
 2.1421e-01	
 2.1574e-01	
 2.1396e-01	
 2.1976e-01	
 2.0930e-01	
 2.0888e-01	
 2.1109e-01	
 2.1243e-01	
 2.1674e-01	
 2.1336e-01	
 2.1846e-01	
 2.0991e-01	
 2.1187e-01	
 2.1458e-01	
 2.1625e-01	
 2.1339e-01	
 2.1563e-01	
 2.1747e-01	
 2.0859e-01	
 2.1520e-01	
 2.0994e-01	
 2.1458e-01	
 2.0898e-01	
 2.1605e-01	
 2.1564e-01	
 2.0661e-01	
 2.1152e-01	
 2.1337e-01	
 2.0947e-01	
 2.1179e-01	
 2.1276e-01	
 2.0933e-01	
 2.0455e-01	
 2.0894e-01	
 2.1240e-01	
 2.0906e-01	
 2.1138e-01	
 2.1970e-01	
 2.1549e-01	
 2.0808e-01	
 2.1075e-01	
 2.1340e-01	
 2.1161e-01	
 2.1530e-01	
 2.1231e-01	
 2.0965e-01	
 2.0906e-01	
 2.1176e-01	
 2.1627e-01	
 2.1509e-01	
 2.1617e-01	
 2.1174e-01	
 2.1008e-01	
 2.1157e-01	
 2.1101e-01	
 2.1088e-01	
 2.1390e-01	
 2.1073e-01	
 2.1496e-01	
 2.1618e-01	
 2.0841e-01	
 2.1038e-01	
 2.1331e-01	
 2.1053e-01	
 2.1235e-01	
 2.1523e-01	
 2.1832e-01	
 2.1021e-01	
 2.0586e-01	
 2.1229e-01	
 2.1932e-01	
 2.1053e-01	
 2.0730e-01	
 2.0820e-01	
 2.1344e-01	
 2.0864e-01	
 2.1562e-01	
 2.1066e-01	
 2.1060e-01	
 2.0851e-01	
 2.0557e-01	
 2.0661e-01	
 2.0900e-01	
 2.1585e-01	
 2.1624e-01	
 2.1987e-01	
 2.1426e-01	
 2.1535e-01	
 2.0614e-01	
 2.1197e-01	
 2.0504e-01	
 2.1114e-01	
 2.0923e-01	
 2.0656e-01	
 2.1169e-01	
 2.1445e-01	
 2.1352e-01	
 2.0926e-01	
 2.1505e-01	
 2.1628e-01	
 2.1514e-01	
 2.1179e-01	
 2.1268e-01	
 2.1568e-01	
 2.0984e-01	
 2.0694e-01	
 2.1089e-01	
 2.1002e-01	
 2.1467e-01	
 2.1172e-01	
 2.0948e-01	
 2.1434e-01	
 2.1640e-01	
 2.1500e-01	
 2.1058e-01	
 2.0867e-01	
 2.0775e-01	
 2.0345e-01	
 2.1367e-01	
 2.1656e-01	
 2.1762e-01	
 2.0952e-01	
 2.0523e-01	
 2.1221e-01	
 2.1081e-01	
 2.1063e-01	
 2.0569e-01	
 2.1761e-01	
 2.1423e-01	
 2.1133e-01	
 2.1031e-01	
 2.0640e-01	
 2.1727e-01	
 2.1655e-01	
 2.1255e-01	
 2.0540e-01	
 2.0784e-01	
 2.1413e-01	
 2.1449e-01	
 2.0712e-01	
 2.1479e-01	
 2.1326e-01	
 2.0728e-01	
 2.1424e-01	
 2.1148e-01	
 2.1015e-01	
 2.1255e-01	
 2.0643e-01	
 2.0977e-01	
 2.1538e-01	
 2.1128e-01	
 2.0563e-01	
 2.0926e-01	
 2.1016e-01	
 2.1081e-01	
 2.1372e-01	
 2.1367e-01	
 2.0504e-01	
 2.0958e-01	
 2.1094e-01	
 2.1011e-01	
 2.0405e-01	
 2.0567e-01	
 2.1480e-01	
 2.1716e-01	
 2.1195e-01	
 2.1400e-01	
 2.0568e-01	
 2.0987e-01	
 2.0782e-01	
 2.1989e-01	
 2.1016e-01	
 2.0864e-01	
 2.1373e-01	
 2.0555e-01	
 2.1452e-01	
 2.0481e-01	
 2.0941e-01	
 2.1064e-01	
 2.0798e-01	
 2.0913e-01	
 2.1291e-01	
 2.1182e-01	
 2.1098e-01	
 2.1265e-01	
 2.0966e-01	
 2.1353e-01	
 2.0768e-01	
 2.1442e-01	
 2.0319e-01	
 2.1300e-01	
 2.1296e-01	
 2.0981e-01	
 2.1612e-01	
 2.1477e-01	
 2.1080e-01	
 2.1028e-01	
 2.1041e-01	
 2.0599e-01	
 2.0293e-01	
 2.1395e-01	
 2.1661e-01	
 2.1764e-01	
 2.1255e-01	
 2.0937e-01	
 2.0222e-01	
 2.1153e-01	
 2.2152e-01	
 2.1237e-01	
 2.0722e-01	
 2.1335e-01	
 2.1146e-01	
 2.1385e-01	
 2.0297e-01	
 2.0812e-01	
 2.1117e-01	
 2.1685e-01	
 2.1158e-01	
 2.1248e-01	
 2.1265e-01	
 2.0855e-01	
 2.0759e-01	
 2.0996e-01	
 2.1343e-01	
 2.1522e-01	
 2.0124e-01	
 2.1079e-01	
 2.1204e-01	
 2.1457e-01	
 2.1078e-01	
 2.0549e-01	
 2.1287e-01	
 2.0914e-01	
 2.1142e-01	
 2.1114e-01	
 2.1004e-01	
 2.1317e-01	
 2.1263e-01	
 2.0801e-01	
 2.1143e-01	
 2.0902e-01	
 2.1153e-01	
 2.1315e-01	
 2.0807e-01	
 2.0612e-01	
 1.9875e-01	
 2.1083e-01	
 2.1684e-01	
 2.0596e-01	
 2.1199e-01	
 2.0872e-01	
 2.1267e-01	
 2.0434e-01	
 2.1019e-01	
 2.0752e-01	
 2.0718e-01	
 2.0964e-01	
 2.0943e-01	
 2.0729e-01	
 2.0955e-01	
 2.1341e-01	
 2.1649e-01	
 2.1652e-01	
 2.0927e-01	
 2.0886e-01	
 2.1608e-01	
 2.1217e-01	
 2.1019e-01	
 2.1185e-01	
 2.1388e-01	
 2.1204e-01	
 2.1235e-01	
 2.1302e-01	
 2.0980e-01	
 2.1730e-01	
 2.1259e-01	
 2.1752e-01	
 2.1537e-01	
 2.1087e-01	
 2.1552e-01	
 2.1272e-01	
 2.0968e-01	
 2.0326e-01	
 2.1420e-01	
 2.0994e-01	
 2.0786e-01	
 2.0877e-01	
 2.1026e-01	
 2.1846e-01	
 2.1360e-01	
 2.1207e-01	
 2.0991e-01	
 2.0940e-01	
 2.1285e-01	
 2.1203e-01	
 2.1265e-01	
 2.1464e-01	
 2.1009e-01	
 2.0954e-01	
 2.1024e-01	
 2.1335e-01	
 2.0700e-01	
 2.1166e-01	
 2.1336e-01	
 2.0791e-01	
 2.1131e-01	
 2.1259e-01	
 2.1264e-01	
 2.1293e-01	
 2.1330e-01	
 2.0894e-01	
 2.1581e-01	
 2.0845e-01	
 2.1123e-01	
 2.1216e-01	
 2.0660e-01	
 2.1392e-01	
 2.0878e-01	
 2.0766e-01	
 2.1311e-01	
 2.1251e-01	
 2.1410e-01	
 2.0860e-01	
 2.1521e-01	
 2.0895e-01	
 2.1757e-01	
 2.1370e-01	
 2.1312e-01	
 2.0505e-01	
 2.1056e-01	
 2.1456e-01	
 2.1286e-01	
 2.1060e-01	
 2.0988e-01	
 2.1184e-01	
 2.1204e-01	
 2.1081e-01	
 2.0921e-01	
 2.1269e-01	
 2.1731e-01	
 2.1133e-01	
 2.1351e-01	
 2.1145e-01	
 2.1253e-01	
 2.1124e-01	
 2.0905e-01	
 2.1183e-01	
 2.0730e-01	
 2.1810e-01	
 2.0892e-01	
 2.0863e-01	
 2.0689e-01	
 2.1574e-01	
 2.0824e-01	
 2.0626e-01	
 2.1233e-01	
 2.1645e-01	
 2.0385e-01	
 2.1213e-01	
 2.1192e-01	
 2.1519e-01	
 2.0832e-01	
 2.1191e-01	
 2.0380e-01	
 2.0782e-01	
 2.1474e-01	
 2.1212e-01	
 2.1168e-01	
 2.1178e-01	
 2.1627e-01	
 2.1057e-01	
 2.1013e-01	
 2.1032e-01	
 2.1087e-01	
 2.1820e-01	
 2.1746e-01	
 2.1244e-01	
 2.0499e-01	
 2.1519e-01	
 2.0693e-01	
 2.0875e-01	
 2.1489e-01	
 2.0948e-01	
 2.1110e-01	
 2.1387e-01	
 2.0871e-01	
 2.1312e-01	
 2.0998e-01	
 2.0828e-01	
 2.1347e-01	
 2.0834e-01	
 2.1085e-01	
 2.1586e-01	
 2.0624e-01	
 2.1243e-01	
 2.0793e-01	
 2.1130e-01	
 2.1074e-01	
 2.0640e-01	
 2.1830e-01	
 2.0884e-01	
 2.1470e-01	
 2.1391e-01	
 2.0950e-01	
 2.0855e-01	
 2.1086e-01	
 2.1292e-01	
 2.1190e-01	
 2.1536e-01	
 2.0960e-01	
 2.1185e-01	
 2.0612e-01	
 2.1386e-01	
 2.1189e-01	
 2.0798e-01	
 2.0880e-01	
 2.1350e-01	
 2.0912e-01	
 2.0759e-01	
 2.0832e-01	
 2.1232e-01	
 2.1153e-01	
 2.1530e-01	
 2.0709e-01	
 2.1325e-01	
 2.0677e-01	
 2.1121e-01	
 2.0991e-01	
 2.0895e-01	
 2.0787e-01	
 2.1192e-01	
 2.0301e-01	
 2.1451e-01	
 2.1355e-01	
 2.0606e-01	
 2.0502e-01	
 2.1134e-01	
 2.1151e-01	
 2.1327e-01	
 2.0726e-01	
 2.1158e-01	
 2.0912e-01	
 2.1670e-01	
 2.1157e-01	
 2.1174e-01	
 2.1086e-01	
 2.0777e-01	
 2.1444e-01	
 2.1027e-01	
 2.1134e-01	
 2.1232e-01	
 2.0737e-01	
 2.1311e-01	
 2.0943e-01	
 2.0854e-01	
 2.1201e-01	
 2.1200e-01	
 2.1233e-01	
 2.1293e-01	
 2.0802e-01	
 2.1641e-01	
 2.1185e-01	
 2.1026e-01	
 2.0715e-01	
 2.1278e-01	
 2.1348e-01	
 2.1653e-01	
 2.0621e-01	
 2.1353e-01	
 2.1127e-01	
 2.0947e-01	
 2.0374e-01	
 2.1053e-01	
 2.0934e-01	
 2.1464e-01	
 2.0792e-01	
 2.1024e-01	
 2.0970e-01	
 2.0851e-01	
 2.1204e-01	
 2.0402e-01	
 2.1082e-01	
 2.0632e-01	
 2.0809e-01	
 2.0804e-01	
 2.1253e-01	
 2.1100e-01	
 2.1188e-01	
 2.1364e-01	
 2.1375e-01	
 2.0583e-01	
 2.1217e-01	
 2.1150e-01	
 2.0894e-01	
 2.1305e-01	
 2.0874e-01	
 2.0915e-01	
 2.1321e-01	
 2.1086e-01	
 2.1025e-01	
 2.0949e-01	
 2.1185e-01	
 2.0564e-01	
 2.0890e-01	
 2.1067e-01	
 2.1215e-01	
 2.0792e-01	
 2.1143e-01	
 2.0256e-01	
 2.1043e-01	
 2.1377e-01	
 2.1341e-01	
 2.1547e-01	
 2.0995e-01	
 2.0869e-01	
 2.0958e-01	
 2.1015e-01	
 2.0583e-01	
 2.0490e-01	
 2.0583e-01	
 2.0384e-01	
 2.1095e-01	
 2.0604e-01	
 2.1296e-01	
 2.0723e-01	
 2.0223e-01	
 2.0909e-01	
 2.0683e-01	
 2.1507e-01	
 2.1245e-01	
 2.0867e-01	
 2.1351e-01	
 2.0719e-01	
 2.0892e-01	
 2.2132e-01	
 2.0576e-01	
 2.1078e-01	
 2.1013e-01	
 2.1476e-01	
 2.0887e-01	
 2.1091e-01	
 2.1191e-01	
 2.0582e-01	
 2.1080e-01	
 2.0999e-01	
 2.1192e-01	
 2.0712e-01	
 2.0575e-01	
 2.1119e-01	
 2.1490e-01	
 2.0761e-01	
 2.1099e-01	
 2.1357e-01	
 2.1113e-01	
 2.0844e-01	
 2.1241e-01	
 2.1771e-01	
 2.0651e-01	
 2.0507e-01	
 2.0816e-01	
 2.0327e-01	
 2.1116e-01	
 2.0753e-01	
 2.0878e-01	
 2.1598e-01	
 2.0831e-01	
 2.0358e-01	
 2.0370e-01	
 2.1383e-01	
 2.0842e-01	
 2.1311e-01	
 2.1259e-01	
 2.0826e-01	
 2.0557e-01	
 2.1753e-01	
 2.0815e-01	
 2.1431e-01	
 2.0851e-01	
 2.1473e-01	
 2.1006e-01	
 2.1242e-01	
 2.0405e-01	
 2.0942e-01	
 2.0377e-01	
 2.1566e-01	
 2.1139e-01	
 2.0701e-01	
 2.0353e-01	
 2.1356e-01	
 2.1996e-01	
 2.1672e-01	
 2.1780e-01	
 2.1253e-01	
 2.1028e-01	
 2.0996e-01	
 2.1192e-01	
 2.1518e-01	
 2.1396e-01	
 2.1002e-01	
 2.1306e-01	
 2.1149e-01	
 2.1037e-01	
 2.0371e-01	
 2.1171e-01	
 2.1288e-01	
 2.1273e-01	
 2.1100e-01	
 2.0595e-01	
 2.1115e-01	
 2.1244e-01	
 2.0707e-01	
 2.1755e-01	
 2.1382e-01	
 2.0804e-01	
 2.0794e-01	
 2.1131e-01	
 2.0975e-01	
 2.1075e-01	
 2.0822e-01	
 2.0863e-01	
 2.1058e-01	
 2.1013e-01	
 2.0885e-01	
 2.1522e-01	
 2.0824e-01	
 2.1244e-01	
 2.1076e-01	
 2.0302e-01	
 2.0738e-01	
 2.0529e-01	
 2.0629e-01	
 2.1068e-01	
 2.0491e-01	
 2.1259e-01	
 2.0994e-01	
 2.1466e-01	
 2.0414e-01	
 2.1318e-01	
 2.0529e-01	
 2.0929e-01	
 2.0808e-01	
 2.1614e-01	
 2.1494e-01	
 2.1560e-01	
 2.1174e-01	
 2.0823e-01	
 2.0920e-01	
 2.0691e-01	
 2.1043e-01	
 2.1601e-01	
 2.0870e-01	
 2.1402e-01	
 2.0903e-01	
 2.1323e-01	
 2.0972e-01	
 2.0821e-01	
 2.1177e-01	
 2.0952e-01	
 2.1216e-01	
 2.0824e-01	
 2.0964e-01	
 2.0870e-01	
 2.0747e-01	
 2.1250e-01	
 2.0863e-01	
 2.0796e-01	
 2.1062e-01	
 2.1419e-01	
 2.1761e-01	
 2.0541e-01	
 2.0650e-01	
 2.0751e-01	
 2.1673e-01	
 2.1030e-01	
 2.0129e-01	
 2.0385e-01	
 2.0952e-01	
 2.0821e-01	
 2.1534e-01	
 2.0549e-01	
 2.0817e-01	
 2.0773e-01	
 2.1108e-01	
 2.1126e-01	
 2.1394e-01	
 2.0837e-01	
 2.0793e-01	
 2.0590e-01	
 2.1221e-01	
 2.1038e-01	
 2.1327e-01	
 2.1395e-01	
 2.0816e-01	
 2.1534e-01	
 2.1352e-01	
 2.0930e-01	
 2.1793e-01	
 2.1388e-01	
 2.1383e-01	
 2.0630e-01	
 2.1288e-01	
 2.1776e-01	
 2.1416e-01	
 2.1793e-01	
 2.1184e-01	
 2.0934e-01	
 2.1155e-01	
 2.0774e-01	
 2.1237e-01	
 2.1460e-01	
 2.1243e-01	
 2.1343e-01	
 2.1309e-01	
 2.1269e-01	
 2.1562e-01	
 2.1039e-01	
 2.0759e-01	
 2.1152e-01	
 2.0473e-01	
 2.1311e-01	
 2.1247e-01	
 2.1398e-01	
 2.0906e-01	
 2.0603e-01	
 2.1179e-01	
 2.1286e-01	
 2.0555e-01	
 2.0493e-01	
 2.0989e-01	
 2.1514e-01	
 2.1661e-01	
 2.1000e-01	
 2.0494e-01	
 2.1118e-01	
 2.1430e-01	
 2.0741e-01	
 2.0687e-01	
 2.0729e-01	
 2.0676e-01	
 2.1176e-01	
 2.0995e-01	
 2.0461e-01	
 2.0968e-01	
 2.1297e-01	
 2.1197e-01	
 2.1321e-01	
 2.1501e-01	
 2.0594e-01	
 2.0548e-01	
 2.1072e-01	
 2.0948e-01	
 2.0513e-01	
 2.1145e-01	
 2.1080e-01	
 2.0999e-01	
 2.0998e-01	
 2.0420e-01	
 2.1041e-01	
 2.0111e-01	
 2.1358e-01	
 2.1401e-01	
 2.0923e-01	
 2.1041e-01	
 2.0947e-01	
 2.1393e-01	
 2.1747e-01	
 2.0787e-01	
 2.1075e-01	
 2.0844e-01	
 2.1128e-01	
 2.0724e-01	
 2.1150e-01	
 2.0667e-01	
 2.1102e-01	
 2.0653e-01	
 2.0455e-01	
 2.0890e-01	
 2.1264e-01	
 2.0881e-01	
 2.0815e-01	
 2.0952e-01	
 2.1286e-01	
 2.1478e-01	
 2.1256e-01	
 2.1557e-01	
 2.0863e-01	
 2.1548e-01	
 2.0454e-01	
 2.1093e-01	
 2.0949e-01	
 2.1256e-01	
 2.1249e-01	
 2.1097e-01	
 2.1008e-01	
 2.0896e-01	
 2.1096e-01	
 2.1521e-01	
 2.0865e-01	
 2.0971e-01	
 2.0761e-01	
 2.0964e-01	
 2.1191e-01	
 2.1043e-01	
 2.0352e-01	
 2.1264e-01	
 2.0696e-01	
 2.0348e-01	
 2.0712e-01	
 2.1340e-01	
 2.0963e-01	
 2.1251e-01	
 2.1467e-01	
 2.0509e-01	
 2.1634e-01	
 2.1135e-01	
 2.1113e-01	
 2.1156e-01	
 2.1467e-01	
 2.1699e-01	
 2.0952e-01	
 2.0860e-01	
 2.0766e-01	
 2.1124e-01	
 2.1040e-01	
 2.1325e-01	
 2.0710e-01	
 2.1083e-01	
 2.1230e-01	
 2.1442e-01	
 2.1495e-01	
 2.1792e-01	
 2.0615e-01	
 2.0991e-01	
 2.0695e-01	
 2.1012e-01	
 2.0734e-01	
 2.0799e-01	
 2.1351e-01	
 2.1047e-01	
 2.0396e-01	
 2.0522e-01	
 2.0479e-01	
 2.1259e-01	
 2.0898e-01	
 2.1131e-01	
 2.0741e-01	
 2.0505e-01	
 2.1531e-01	
 2.1157e-01	
 2.1255e-01	
 2.0623e-01	
 2.1095e-01	
 2.0834e-01	
 2.1029e-01	
 2.0913e-01	
 2.1864e-01	
 2.1574e-01	
 2.1032e-01	
 2.0626e-01	
 2.0371e-01	
 2.0340e-01	
 2.1000e-01	
 2.0707e-01	
 2.0846e-01	
 2.0494e-01	
 2.1599e-01	
 2.1375e-01	
 2.1477e-01	
 2.0395e-01	
 2.1059e-01	
 2.0624e-01	
 2.1307e-01	
 2.1437e-01	
 2.1179e-01	
 2.1506e-01	
 2.1482e-01	
 2.1026e-01	
 2.0981e-01	
 2.0452e-01	
 2.0999e-01	
 2.1549e-01	
 2.0999e-01	
 2.0613e-01	
 2.1083e-01	
 2.1064e-01	
 2.0712e-01	
 2.0896e-01	
 2.1348e-01	
 2.1038e-01	
 2.1106e-01	
 2.0880e-01	
 2.1345e-01	
 2.1030e-01	
 2.0669e-01	
 2.0447e-01	
 2.1552e-01	
 2.1276e-01	
 2.1331e-01	
 2.1259e-01	
 2.0910e-01	
 2.0598e-01	
 2.1293e-01	
 2.1451e-01	
 2.0783e-01	
 2.0974e-01	
 2.0688e-01	
 2.1284e-01	
 2.1323e-01	
 2.1158e-01	
 2.1267e-01	
 2.1268e-01	
 2.0999e-01	
 2.1230e-01	
 2.0643e-01	
 2.0824e-01	
 1.9661e-01	
 2.2486e-01	
 2.2168e-01	
 2.3165e-01	
 2.0599e-01	
 2.0178e-01	
 2.0435e-01	
 2.0505e-01	
 2.1389e-01	
 2.1403e-01	
 2.1706e-01	
 2.0812e-01	
 2.0930e-01	
 2.0640e-01	
 2.0502e-01	
 2.0444e-01	
 2.1458e-01	
 2.1250e-01	
 2.1117e-01	
 2.0828e-01	
 2.0596e-01	
 2.0980e-01	
 2.0421e-01	
 2.1125e-01	
 2.1127e-01	
 2.1347e-01	
 2.1670e-01	
 2.0803e-01	
 2.1299e-01	
 2.1061e-01	
 2.0851e-01	
 2.1240e-01	
 2.1838e-01	
 2.1410e-01	
 2.0725e-01	
 2.0845e-01	
 2.1159e-01	
 2.0926e-01	
 2.1641e-01	
 2.0629e-01	
 2.0585e-01	
 2.0746e-01	
 2.1011e-01	
 2.1296e-01	
 2.0914e-01	
 2.1573e-01	
 2.0705e-01	
 2.0967e-01	
 2.1225e-01	
 2.1337e-01	
 2.0962e-01	
 2.1239e-01	
 2.1549e-01	
 2.0650e-01	
 2.1365e-01	
 2.0778e-01	
 2.1269e-01	
 2.0644e-01	
 2.1417e-01	
 2.1383e-01	
 2.0505e-01	
 2.1047e-01	
 2.1142e-01	
 2.0766e-01	
 2.0984e-01	
 2.1153e-01	
 2.0734e-01	
 2.0344e-01	
 2.0712e-01	
 2.1126e-01	
 2.0757e-01	
 2.1075e-01	
 2.1837e-01	
 2.1462e-01	
 2.0753e-01	
 2.0993e-01	
 2.1256e-01	
 2.1078e-01	
 2.1473e-01	
 2.1158e-01	
 2.0892e-01	
 2.0812e-01	
 2.1089e-01	
 2.1594e-01	
 2.1486e-01	
 2.1573e-01	
 2.1091e-01	
 2.0961e-01	
 2.1071e-01	
 2.1036e-01	
 2.0998e-01	
 2.1324e-01	
 2.0980e-01	
 2.1403e-01	
 2.1523e-01	
 2.0728e-01	
 2.1002e-01	
 2.1226e-01	
 2.0972e-01	
 2.1193e-01	
 2.1468e-01	
 2.1833e-01	
 2.0949e-01	
 2.0467e-01	
 2.1158e-01	
 2.1882e-01	
 2.0996e-01	
 2.0680e-01	
 2.0719e-01	
 2.1274e-01	
 2.0821e-01	
 2.1547e-01	
 2.1013e-01	
 2.1048e-01	
 2.0796e-01	
 2.0511e-01	
 2.0578e-01	
 2.0828e-01	
 2.1510e-01	
 2.1600e-01	
 2.1916e-01	
 2.1377e-01	
 2.1530e-01	
 2.0570e-01	
 2.1141e-01	
 2.0470e-01	
 2.1030e-01	
 2.0853e-01	
 2.0575e-01	
 2.1080e-01	
 2.1372e-01	
 2.1294e-01	
 2.0880e-01	
 2.1499e-01	
 2.1632e-01	
 2.1551e-01	
 2.1160e-01	
 2.1214e-01	
 2.1555e-01	
 2.0937e-01	
 2.0621e-01	
 2.1055e-01	
 2.0937e-01	
 2.1422e-01	
 2.1122e-01	
 2.0869e-01	
 2.1397e-01	
 2.1637e-01	
 2.1448e-01	
 2.1006e-01	
 2.0822e-01	
 2.0680e-01	
 2.0315e-01	
 2.1285e-01	
 2.1660e-01	
 2.1724e-01	
 2.0936e-01	
 2.0488e-01	
 2.1151e-01	
 2.0993e-01	
 2.0984e-01	
 2.0514e-01	
 2.1740e-01	
 2.1382e-01	
 2.1091e-01	
 2.1024e-01	
 2.0647e-01	
 2.1723e-01	
 2.1641e-01	
 2.1208e-01	
 2.0472e-01	
 2.0790e-01	
 2.1339e-01	
 2.1358e-01	
 2.0635e-01	
 2.1449e-01	
 2.1235e-01	
 2.0701e-01	
 2.1415e-01	
 2.1125e-01	
 2.0941e-01	
 2.1212e-01	
 2.0561e-01	
 2.0925e-01	
 2.1435e-01	
 2.1061e-01	
 2.0544e-01	
 2.0913e-01	
 2.1001e-01	
 2.1045e-01	
 2.1363e-01	
 2.1341e-01	
 2.0469e-01	
 2.0905e-01	
 2.1056e-01	
 2.0983e-01	
 2.0347e-01	
 2.0502e-01	
 2.1441e-01	
 2.1688e-01	
 2.1132e-01	
 2.1325e-01	
 2.0474e-01	
 2.0970e-01	
 2.0769e-01	
 2.1934e-01	
 2.1010e-01	
 2.0840e-01	
 2.1343e-01	
 2.0544e-01	
 2.1388e-01	
 2.0415e-01	
 2.0870e-01	
 2.1018e-01	
 2.0837e-01	
 2.0939e-01	
 2.1282e-01	
 2.1171e-01	
 2.1056e-01	
 2.1271e-01	
 2.0946e-01	
 2.1332e-01	
 2.0695e-01	
 2.1350e-01	
 2.0293e-01	
 2.1228e-01	
 2.1210e-01	
 2.0891e-01	
 2.1529e-01	
 2.1458e-01	
 2.1026e-01	
 2.0981e-01	
 2.1022e-01	
 2.0593e-01	
 2.0293e-01	
 2.1366e-01	
 2.1646e-01	
 2.1748e-01	
 2.1273e-01	
 2.0912e-01	
 2.0188e-01	
 2.1118e-01	
 2.2161e-01	
 2.1170e-01	
 2.0698e-01	
 2.1332e-01	
 2.1110e-01	
 2.1382e-01	
 2.0246e-01	
 2.0776e-01	
 2.1089e-01	
 2.1618e-01	
 2.1158e-01	
 2.1231e-01	
 2.1290e-01	
 2.0865e-01	
 2.0750e-01	
 2.0975e-01	
 2.1312e-01	
 2.1507e-01	
 2.0112e-01	
 2.0995e-01	
 2.1182e-01	
 2.1398e-01	
 2.1046e-01	
 2.0494e-01	
 2.1205e-01	
 2.0861e-01	
 2.1111e-01	
 2.1078e-01	
 2.0961e-01	
 2.1253e-01	
 2.1269e-01	
 2.0788e-01	
 2.1127e-01	
 2.0877e-01	
 2.1100e-01	
 2.1291e-01	
 2.0790e-01	
 2.0586e-01	
 1.9878e-01	
 2.1102e-01	
 2.1641e-01	
 2.0594e-01	
 2.1199e-01	
 2.0903e-01	
 2.1236e-01	
 2.0444e-01	
 2.1004e-01	
 2.0738e-01	
 2.0726e-01	
 2.0903e-01	
 2.0870e-01	
 2.0686e-01	
 2.0887e-01	
 2.1276e-01	
 2.1590e-01	
 2.1620e-01	
 2.0838e-01	
 2.0842e-01	
 2.1550e-01	
 2.1158e-01	
 2.1008e-01	
 2.1166e-01	
 2.1360e-01	
 2.1162e-01	
 2.1182e-01	
 2.1261e-01	
 2.0902e-01	
 2.1700e-01	
 2.1245e-01	
 2.1709e-01	
 2.1517e-01	
 2.1098e-01	
 2.1517e-01	
 2.1252e-01	
 2.0971e-01	
 2.0324e-01	
 2.1418e-01	
 2.1001e-01	
 2.0774e-01	
 2.0886e-01	
 2.1058e-01	
 2.1837e-01	
 2.1350e-01	
 2.1223e-01	
 2.1030e-01	
 2.0966e-01	
 2.1228e-01	
 2.1163e-01	
 2.1264e-01	
 2.1425e-01	
 2.0934e-01	
 2.0910e-01	
 2.0985e-01	
 2.1327e-01	
 2.0729e-01	
 2.1144e-01	
 2.1298e-01	
 2.0761e-01	
 2.1102e-01	
 2.1217e-01	
 2.1276e-01	
 2.1253e-01	
 2.1309e-01	
 2.0855e-01	
 2.1526e-01	
 2.0775e-01	
 2.1092e-01	
 2.1208e-01	
 2.0641e-01	
 2.1356e-01	
 2.0817e-01	
 2.0740e-01	
 2.1240e-01	
 2.1167e-01	
 2.1362e-01	
 2.0841e-01	
 2.1472e-01	
 2.0819e-01	
 2.1723e-01	
 2.1347e-01	
 2.1310e-01	
 2.0487e-01	
 2.1053e-01	
 2.1455e-01	
 2.1272e-01	
 2.1054e-01	
 2.0983e-01	
 2.1179e-01	
 2.1211e-01	
 2.1134e-01	
 2.0907e-01	
 2.1252e-01	
 2.1666e-01	
 2.1136e-01	
 2.1306e-01	
 2.1117e-01	
 2.1165e-01	
 2.1059e-01	
 2.0865e-01	
 2.1162e-01	
 2.0699e-01	
 2.1772e-01	
 2.0864e-01	
 2.0831e-01	
 2.0648e-01	
 2.1547e-01	
 2.0846e-01	
 2.0634e-01	
 2.1266e-01	
 2.1670e-01	
 2.0388e-01	
 2.1219e-01	
 2.1151e-01	
 2.1469e-01	
 2.0792e-01	
 2.1181e-01	
 2.0335e-01	
 2.0742e-01	
 2.1403e-01	
 2.1165e-01	
 2.1150e-01	
 2.1136e-01	
 2.1589e-01	
 2.1033e-01	
 2.0985e-01	
 2.0972e-01	
 2.1038e-01	
 2.1792e-01	
 2.1713e-01	
 2.1210e-01	
 2.0455e-01	
 2.1502e-01	
 2.0658e-01	
 2.0862e-01	
 2.1476e-01	
 2.0957e-01	
 2.1137e-01	
 2.1359e-01	
 2.0866e-01	
 2.1256e-01	
 2.0979e-01	
 2.0784e-01	
 2.1309e-01	
 2.0805e-01	
 2.1013e-01	
 2.1539e-01	
 2.0600e-01	
 2.1173e-01	
 2.0781e-01	
 2.1105e-01	
 2.1025e-01	
 2.0623e-01	
 2.1780e-01	
 2.0853e-01	
 2.1439e-01	
 2.1369e-01	
 2.0936e-01	
 2.0862e-01	
 2.1052e-01	
 2.1291e-01	
 2.1149e-01	
 2.1549e-01	
 2.0951e-01	
 2.1200e-01	
 2.0574e-01	
 2.1428e-01	
 2.1168e-01	
 2.0789e-01	
 2.0831e-01	
 2.1328e-01	
 2.0874e-01	
 2.0707e-01	
 2.0790e-01	
 2.1153e-01	
 2.1105e-01	
 2.1493e-01	
 2.0654e-01	
 2.1308e-01	
 2.0683e-01	
 2.1086e-01	
 2.0970e-01	
 2.0880e-01	
 2.0803e-01	
 2.1226e-01	
 2.0324e-01	
 2.1477e-01	
 2.1375e-01	
 2.0611e-01	
 2.0474e-01	
 2.1116e-01	
 2.1107e-01	
 2.1253e-01	
 2.0650e-01	
 2.1158e-01	
 2.0875e-01	
 2.1625e-01	
 2.1091e-01	
 2.1110e-01	
 2.1016e-01	
 2.0750e-01	
 2.1401e-01	
 2.0981e-01	
 2.1088e-01	
 2.1200e-01	
 2.0701e-01	
 2.1252e-01	
 2.0901e-01	
 2.0824e-01	
 2.1150e-01	
 2.1130e-01	
 2.1203e-01	
 2.1297e-01	
 2.0830e-01	
 2.1647e-01	
 2.1195e-01	
 2.1041e-01	
 2.0743e-01	
 2.1249e-01	
 2.1385e-01	
 2.1631e-01	
 2.0571e-01	
 2.1340e-01	
 2.1089e-01	
 2.0940e-01	
 2.0357e-01	
 2.1065e-01	
 2.0919e-01	
 2.1432e-01	
 2.0790e-01	
 2.0996e-01	
 2.0959e-01	
 2.0840e-01	
 2.1175e-01	
 2.0370e-01	
 2.1057e-01	
 2.0617e-01	
 2.0790e-01	
 2.0809e-01	
 2.1235e-01	
 2.1051e-01	
 2.1193e-01	
 2.1342e-01	
 2.1345e-01	
 2.0547e-01	
 2.1187e-01	
 2.1125e-01	
 2.0881e-01	
 2.1279e-01	
 2.0808e-01	
 2.0838e-01	
 2.1293e-01	
 2.1049e-01	
 2.0989e-01	
 2.0934e-01	
 2.1205e-01	
 2.0586e-01	
 2.0871e-01	
 2.1073e-01	
 2.1191e-01	
 2.0836e-01	
 2.1158e-01	
 2.0267e-01	
 2.1081e-01	
 2.1390e-01	
 2.1358e-01	
 2.1554e-01	
 2.0950e-01	
 2.0813e-01	
 2.0948e-01	
 2.0989e-01	
 2.0566e-01	
 2.0498e-01	
 2.0534e-01	
 2.0379e-01	
 2.1055e-01	
 2.0597e-01	
 2.1353e-01	
 2.0740e-01	
 2.0200e-01	
 2.0869e-01	
 2.0658e-01	
 2.1437e-01	
 2.1227e-01	
 2.0807e-01	
 2.1319e-01	
 2.0654e-01	
 2.0814e-01	
 2.2058e-01	
 2.0551e-01	
 2.1039e-01	
 2.0983e-01	
 2.1453e-01	
 2.0848e-01	
 2.1098e-01	
 2.1183e-01	
 2.0593e-01	
 2.1111e-01	
 2.0977e-01	
 2.1156e-01	
 2.0702e-01	
 2.0563e-01	
 2.1133e-01	
 2.1441e-01	
 2.0715e-01	
 2.1042e-01	
 2.1283e-01	
 2.1054e-01	
 2.0797e-01	
 2.1188e-01	
 2.1734e-01	
 2.0623e-01	
 2.0501e-01	
 2.0801e-01	
 2.0311e-01	
 2.1097e-01	
 2.0737e-01	
 2.0844e-01	
 2.1601e-01	
 2.0814e-01	
 2.0343e-01	
 2.0357e-01	
 2.1350e-01	
 2.0819e-01	
 2.1247e-01	
 2.1255e-01	
 2.0777e-01	
 2.0517e-01	
 2.1714e-01	
 2.0817e-01	
 2.1437e-01	
 2.0868e-01	
 2.1469e-01	
 2.0991e-01	
 2.1238e-01	
 2.0360e-01	
 2.0950e-01	
 2.0360e-01	
 2.1553e-01	
 2.1162e-01	
 2.0684e-01	
 2.0347e-01	
 2.1311e-01	
 2.1999e-01	
 2.1659e-01	
 2.1761e-01	
 2.1221e-01	
 2.0985e-01	
 2.0979e-01	
 2.1184e-01	
 2.1492e-01	
 2.1359e-01	
 2.0966e-01	
 2.1270e-01	
 2.1103e-01	
 2.1003e-01	
 2.0358e-01	
 2.1173e-01	
 2.1255e-01	
 2.1290e-01	
 2.1096e-01	
 2.0549e-01	
 2.1075e-01	
 2.1200e-01	
 2.0677e-01	
 2.1763e-01	
 2.1365e-01	
 2.0740e-01	
 2.0767e-01	
 2.1118e-01	
 2.0945e-01	
 2.1060e-01	
 2.0804e-01	
 2.0831e-01	
 2.1054e-01	
 2.1010e-01	
 2.0910e-01	
 2.1536e-01	
 2.0846e-01	
 2.1267e-01	
 2.1094e-01	
 2.0310e-01	
 2.0721e-01	
 2.0538e-01	
 2.0615e-01	
 2.1032e-01	
 2.0476e-01	
 2.1264e-01	
 2.1005e-01	
 2.1372e-01	
 2.0441e-01	
 2.1296e-01	
 2.0506e-01	
 2.0881e-01	
 2.0748e-01	
 2.1585e-01	
 2.1469e-01	
 2.1506e-01	
 2.1123e-01	
 2.0806e-01	
 2.0913e-01	
 2.0681e-01	
 2.1087e-01	
 2.1579e-01	
 2.0853e-01	
 2.1378e-01	
 2.0873e-01	
 2.1327e-01	
 2.0964e-01	
 2.0792e-01	
 2.1149e-01	
 2.0968e-01	
 2.1206e-01	
 2.0844e-01	
 2.0954e-01	
 2.0867e-01	
 2.0754e-01	
 2.1258e-01	
 2.0828e-01	
 2.0741e-01	
 2.1026e-01	
 2.1389e-01	
 2.1749e-01	
 2.0497e-01	
 2.0645e-01	
 2.0729e-01	
 2.1687e-01	
 2.0993e-01	
 2.0093e-01	
 2.0344e-01	
 2.0940e-01	
 2.0813e-01	
 2.1496e-01	
 2.0490e-01	
 2.0772e-01	
 2.0768e-01	
 2.1065e-01	
 2.1106e-01	
 2.1375e-01	
 2.0803e-01	
 2.0772e-01	
 2.0568e-01	
 2.1233e-01	
 2.1031e-01	
 2.1334e-01	
 2.1377e-01	
 2.0775e-01	
 2.1544e-01	
 2.1364e-01	
 2.0935e-01	
 2.1807e-01	
 2.1352e-01	
 2.1353e-01	
 2.0626e-01	
 2.1282e-01	
 2.1760e-01	
 2.1424e-01	
 2.1792e-01	
 2.1209e-01	
 2.0978e-01	
 2.1182e-01	
 2.0753e-01	
 2.1272e-01	
 2.1440e-01	
 2.1219e-01	
 2.1344e-01	
 2.1245e-01	
 2.1188e-01	
 2.1520e-01	
 2.1009e-01	
 2.0737e-01	
 2.1142e-01	
 2.0445e-01	
 2.1371e-01	
 2.1229e-01	
 2.1389e-01	
 2.0891e-01	
 2.0633e-01	
 2.1237e-01	
 2.1279e-01	
 2.0526e-01	
 2.0503e-01	
 2.0973e-01	
 2.1529e-01	
 2.1643e-01	
 2.0987e-01	
 2.0473e-01	
 2.1102e-01	
 2.1405e-01	
 2.0732e-01	
 2.0643e-01	
 2.0721e-01	
 2.0734e-01	
 2.1227e-01	
 2.0981e-01	
 2.0458e-01	
 2.0994e-01	
 2.1300e-01	
 2.1237e-01	
 2.1317e-01	
 2.1494e-01	
 2.0585e-01	
 2.0533e-01	
 2.1052e-01	
 2.0973e-01	
 2.0506e-01	
 2.1134e-01	
 2.1031e-01	
 2.0971e-01	
 2.0977e-01	
 2.0411e-01	
 2.1031e-01	
 2.0102e-01	
 2.1338e-01	
 2.1360e-01	
 2.0928e-01	
 2.1039e-01	
 2.0962e-01	
 2.1396e-01	
 2.1721e-01	
 2.0793e-01	
 2.1043e-01	
 2.0852e-01	
 2.1117e-01	
 2.0698e-01	
 2.1154e-01	
 2.0679e-01	
 2.1094e-01	
 2.0657e-01	
 2.0371e-01	
 2.0837e-01	
 2.1238e-01	
 2.0829e-01	
 2.0792e-01	
 2.0914e-01	
 2.1267e-01	
 2.1444e-01	
 2.1194e-01	
 2.1549e-01	
 2.0820e-01	
 2.1535e-01	
 2.0459e-01	
 2.1085e-01	
 2.0936e-01	
 2.1268e-01	
 2.1246e-01	
 2.1074e-01	
 2.0994e-01	
 2.0860e-01	
 2.1022e-01	
 2.1482e-01	
 2.0844e-01	
 2.0949e-01	
 2.0759e-01	
 2.0964e-01	
 2.1155e-01	
 2.1068e-01	
 2.0373e-01	
 2.1292e-01	
 2.0746e-01	
 2.0350e-01	
 2.0774e-01	
 2.1395e-01	
 2.1063e-01	
 2.1335e-01	
 2.1571e-01	
 2.0579e-01	
 2.1654e-01	
 2.1107e-01	
 2.1108e-01	
 2.1099e-01	
 2.1474e-01	
 2.1681e-01	
 2.1005e-01	
 2.0869e-01	
 2.0782e-01	
 2.1123e-01	
 2.1030e-01	
 2.1229e-01	
 2.0664e-01	
 2.1061e-01	
 2.1234e-01	
 2.1441e-01	
 2.1539e-01	
 2.1799e-01	
 2.0547e-01	
 2.0956e-01	
 2.0612e-01	
 2.0966e-01	
 2.0700e-01	
 2.0793e-01	
 2.1334e-01	
 2.1003e-01	
 2.0373e-01	
 2.0506e-01	
 2.0446e-01	
 2.1235e-01	
 2.0902e-01	
 2.1095e-01	
 2.0729e-01	
 2.0492e-01	
 2.1495e-01	
 2.1134e-01	
 2.1247e-01	
 2.0622e-01	
 2.1089e-01	
 2.0796e-01	
 2.1036e-01	
 2.0923e-01	
 2.1870e-01	
 2.1608e-01	
 2.1071e-01	
 2.0642e-01	
 2.0403e-01	
 2.0374e-01	
 2.1056e-01	
 2.0717e-01	
 2.0895e-01	
 2.0490e-01	
 2.1657e-01	
 2.1423e-01	
 2.1544e-01	
 2.0367e-01	
 2.1064e-01	
 2.0649e-01	
 2.1340e-01	
 2.1423e-01	
 2.1141e-01	
 2.1461e-01	
 2.1423e-01	
 2.1046e-01	
 2.0967e-01	
 2.0437e-01	
 2.0973e-01	
 2.1482e-01	
 2.0984e-01	
 2.0566e-01	
 2.1067e-01	
 2.1028e-01	
 2.0667e-01	
 2.0866e-01	
 2.1262e-01	
 2.1033e-01	
 2.1084e-01	
 2.0870e-01	
 2.1319e-01	
 2.1014e-01	
 2.0677e-01	
 2.0394e-01	
 2.1497e-01	
 2.1274e-01	
 2.1326e-01	
 2.1224e-01	
 2.0905e-01	
 2.0601e-01	
 2.1285e-01	
 2.1469e-01	
 2.0738e-01	
 2.0959e-01	
 2.0679e-01	
 2.1251e-01	
 2.1312e-01	
 2.1143e-01	
 2.1215e-01	
 2.1246e-01	
 2.1013e-01	
 2.1227e-01	
 2.0605e-01	
 2.0825e-01	
 1.9600e-01	
 2.2434e-01	
 2.1917e-01	
 2.2953e-01	
 2.0558e-01	
 2.0068e-01	
 2.0325e-01	
 2.0561e-01	
 2.1533e-01	
 2.1483e-01	
 2.1628e-01	
 2.0709e-01	
 2.0844e-01	
 2.0574e-01	
 2.0473e-01	
 2.0466e-01	
 2.1483e-01	
 2.1215e-01	
 2.1052e-01	
 2.0768e-01	
 2.0484e-01	
 2.0919e-01	
 2.0417e-01	
 2.1119e-01	
 2.1139e-01	
 2.1375e-01	
 2.1663e-01	
 2.0797e-01	
 2.1259e-01	
 2.1051e-01	
 2.0854e-01	
 2.1242e-01	
 2.1825e-01	
 2.1402e-01	
 2.0706e-01	
 2.0778e-01	
 2.1092e-01	
 2.0883e-01	
 2.1620e-01	
 2.0626e-01	
 2.0575e-01	
 2.0702e-01	
 2.1012e-01	
 2.1222e-01	
 2.0861e-01	
 2.1528e-01	
 2.0682e-01	
 2.0963e-01	
 2.1196e-01	
 2.1281e-01	
 2.0880e-01	
 2.1151e-01	
 2.1500e-01	
 2.0644e-01	
 2.1341e-01	
 2.0787e-01	
 2.1259e-01	
 2.0595e-01	
 2.1368e-01	
 2.1330e-01	
 2.0482e-01	
 2.1031e-01	
 2.1106e-01	
 2.0717e-01	
 2.0979e-01	
 2.1116e-01	
 2.0718e-01	
 2.0323e-01	
 2.0725e-01	
 2.1109e-01	
 2.0752e-01	
 2.1082e-01	
 2.1797e-01	
 2.1398e-01	
 2.0753e-01	
 2.0976e-01	
 2.1230e-01	
 2.1048e-01	
 2.1457e-01	
 2.1123e-01	
 2.0873e-01	
 2.0800e-01	
 2.1039e-01	
 2.1600e-01	
 2.1487e-01	
 2.1554e-01	
 2.1069e-01	
 2.0938e-01	
 2.1014e-01	
 2.1011e-01	
 2.0995e-01	
 2.1309e-01	
 2.0976e-01	
 2.1406e-01	
 2.1547e-01	
 2.0722e-01	
 2.1049e-01	
 2.1233e-01	
 2.0965e-01	
 2.1204e-01	
 2.1464e-01	
 2.1831e-01	
 2.0953e-01	
 2.0447e-01	
 2.1137e-01	
 2.1840e-01	
 2.0990e-01	
 2.0664e-01	
 2.0707e-01	
 2.1255e-01	
 2.0805e-01	
 2.1542e-01	
 2.1029e-01	
 2.1040e-01	
 2.0801e-01	
 2.0505e-01	
 2.0555e-01	
 2.0816e-01	
 2.1491e-01	
 2.1591e-01	
 2.1900e-01	
 2.1352e-01	
 2.1481e-01	
 2.0545e-01	
 2.1128e-01	
 2.0460e-01	
 2.1034e-01	
 2.0844e-01	
 2.0585e-01	
 2.1050e-01	
 2.1335e-01	
 2.1256e-01	
 2.0873e-01	
 2.1491e-01	
 2.1620e-01	
 2.1496e-01	
 2.1145e-01	
 2.1189e-01	
 2.1537e-01	
 2.0918e-01	
 2.0606e-01	
 2.1061e-01	
 2.0928e-01	
 2.1423e-01	
 2.1122e-01	
 2.0880e-01	
 2.1394e-01	
 2.1622e-01	
 2.1450e-01	
 2.1017e-01	
 2.0804e-01	
 2.0681e-01	
 2.0297e-01	
 2.1296e-01	
 2.1667e-01	
 2.1722e-01	
 2.0923e-01	
 2.0471e-01	
 2.1151e-01	
 2.0983e-01	
 2.0972e-01	
 2.0522e-01	
 2.1729e-01	
 2.1382e-01	
 2.1093e-01	
 2.1032e-01	
 2.0649e-01	
 2.1738e-01	
 2.1646e-01	
 2.1205e-01	
 2.0455e-01	
 2.0768e-01	
 2.1329e-01	
 2.1351e-01	
 2.0627e-01	
 2.1447e-01	
 2.1234e-01	
 2.0687e-01	
 2.1413e-01	
 2.1127e-01	
 2.0933e-01	
 2.1203e-01	
 2.0566e-01	
 2.0934e-01	
 2.1460e-01	
 2.1087e-01	
 2.0543e-01	
 2.0929e-01	
 2.0985e-01	
 2.1061e-01	
 2.1352e-01	
 2.1332e-01	
 2.0450e-01	
 2.0869e-01	
 2.1047e-01	
 2.1015e-01	
 2.0356e-01	
 2.0492e-01	
 2.1433e-01	
 2.1675e-01	
 2.1127e-01	
 2.1306e-01	
 2.0470e-01	
 2.0967e-01	
 2.0753e-01	
 2.1923e-01	
 2.0996e-01	
 2.0840e-01	
 2.1353e-01	
 2.0545e-01	
 2.1377e-01	
 2.0413e-01	
 2.0864e-01	
 2.1012e-01	
 2.0815e-01	
 2.0933e-01	
 2.1274e-01	
 2.1155e-01	
 2.1041e-01	
 2.1264e-01	
 2.0944e-01	
 2.1338e-01	
 2.0695e-01	
 2.1344e-01	
 2.0297e-01	
 2.1219e-01	
 2.1214e-01	
 2.0883e-01	
 2.1511e-01	
 2.1453e-01	
 2.1023e-01	
 2.0958e-01	
 2.0980e-01	
 2.0548e-01	
 2.0270e-01	
 2.1351e-01	
 2.1643e-01	
 2.1730e-01	
 2.1261e-01	
 2.0908e-01	
 2.0191e-01	
 2.1117e-01	
 2.2167e-01	
 2.1185e-01	
 2.0707e-01	
 2.1332e-01	
 2.1115e-01	
 2.1385e-01	
 2.0249e-01	
 2.0757e-01	
 2.1080e-01	
 2.1624e-01	
 2.1165e-01	
 2.1205e-01	
 2.1264e-01	
 2.0848e-01	
 2.0737e-01	
 2.0970e-01	
 2.1314e-01	
 2.1501e-01	
 2.0114e-01	
 2.0984e-01	
 2.1166e-01	
 2.1384e-01	
 2.1042e-01	
 2.0490e-01	
 2.1192e-01	
 2.0845e-01	
 2.1101e-01	
 2.1061e-01	
 2.0950e-01	
 2.1250e-01	
 2.1258e-01	
 2.0767e-01	
 2.1114e-01	
 2.0865e-01	
 2.1081e-01	
 2.1274e-01	
 2.0784e-01	
 2.0577e-01	
 1.9862e-01	
 2.1100e-01	
 2.1639e-01	
 2.0592e-01	
 2.1191e-01	
 2.0900e-01	
 2.1232e-01	
 2.0451e-01	
 2.1000e-01	
 2.0754e-01	
 2.0729e-01	
 2.0902e-01	
 2.0870e-01	
 2.0685e-01	
 2.0900e-01	
 2.1282e-01	
 2.1583e-01	
 2.1611e-01	
 2.0831e-01	
 2.0850e-01	
 2.1543e-01	
 2.1155e-01	
 2.1015e-01	
 2.1162e-01	
 2.1370e-01	
 2.1158e-01	
 2.1193e-01	
 2.1258e-01	
 2.0891e-01	
 2.1682e-01	
 2.1235e-01	
 2.1705e-01	
 2.1507e-01	
 2.1113e-01	
 2.1504e-01	
 2.1264e-01	
 2.0959e-01	
 2.0322e-01	
 2.1409e-01	
 2.0992e-01	
 2.0768e-01	
 2.0888e-01	
 2.1053e-01	
 2.1829e-01	
 2.1332e-01	
 2.1216e-01	
 2.1003e-01	
 2.0970e-01	
 2.1220e-01	
 2.1157e-01	
 2.1270e-01	
 2.1427e-01	
 2.0934e-01	
 2.0928e-01	
 2.0991e-01	
 2.1347e-01	
 2.0761e-01	
 2.1156e-01	
 2.1312e-01	
 2.0778e-01	
 2.1115e-01	
 2.1214e-01	
 2.1295e-01	
 2.1281e-01	
 2.1319e-01	
 2.0868e-01	
 2.1535e-01	
 2.0771e-01	
 2.1089e-01	
 2.1215e-01	
 2.0656e-01	
 2.1358e-01	
 2.0811e-01	
 2.0728e-01	
 2.1244e-01	
 2.1162e-01	
 2.1360e-01	
 2.0833e-01	
 2.1471e-01	
 2.0821e-01	
 2.1724e-01	
 2.1343e-01	
 2.1301e-01	
 2.0480e-01	
 2.1062e-01	
 2.1445e-01	
 2.1271e-01	
 2.1046e-01	
 2.0973e-01	
 2.1167e-01	
 2.1202e-01	
 2.1122e-01	
 2.0889e-01	
 2.1239e-01	
 2.1652e-01	
 2.1129e-01	
 2.1310e-01	
 2.1119e-01	
 2.1160e-01	
 2.1046e-01	
 2.0881e-01	
 2.1153e-01	
 2.0698e-01	
 2.1768e-01	
 2.0854e-01	
 2.0828e-01	
 2.0643e-01	
 2.1542e-01	
 2.0854e-01	
 2.0644e-01	
 2.1289e-01	
 2.1679e-01	
 2.0401e-01	
 2.1235e-01	
 2.1170e-01	
 2.1474e-01	
 2.0771e-01	
 2.1161e-01	
 2.0315e-01	
 2.0744e-01	
 2.1389e-01	
 2.1151e-01	
 2.1165e-01	
 2.1157e-01	
 2.1611e-01	
 2.1038e-01	
 2.1005e-01	
 2.0976e-01	
 2.1055e-01	
 2.1792e-01	
 2.1705e-01	
 2.1197e-01	
 2.0440e-01	
 2.1499e-01	
 2.0655e-01	
 2.0849e-01	
 2.1446e-01	
 2.0937e-01	
 2.1123e-01	
 2.1349e-01	
 2.0855e-01	
 2.1259e-01	
 2.0991e-01	
 2.0782e-01	
 2.1310e-01	
 2.0809e-01	
 2.0984e-01	
 2.1536e-01	
 2.0605e-01	
 2.1174e-01	
 2.0778e-01	
 2.1117e-01	
 2.1037e-01	
 2.0628e-01	
 2.1797e-01	
 2.0854e-01	
 2.1446e-01	
 2.1377e-01	
 2.0942e-01	
 2.0863e-01	
 2.1050e-01	
 2.1291e-01	
 2.1155e-01	
 2.1557e-01	
 2.0952e-01	
 2.1188e-01	
 2.0557e-01	
 2.1424e-01	
 2.1163e-01	
 2.0786e-01	
 2.0816e-01	
 2.1316e-01	
 2.0863e-01	
 2.0693e-01	
 2.0780e-01	
 2.1145e-01	
 2.1091e-01	
 2.1489e-01	
 2.0631e-01	
 2.1297e-01	
 2.0669e-01	
 2.1066e-01	
 2.0947e-01	
 2.0857e-01	
 2.0781e-01	
 2.1210e-01	
 2.0312e-01	
 2.1461e-01	
 2.1382e-01	
 2.0610e-01	
 2.0476e-01	
 2.1112e-01	
 2.1098e-01	
 2.1260e-01	
 2.0643e-01	
 2.1136e-01	
 2.0858e-01	
 2.1611e-01	
 2.1089e-01	
 2.1098e-01	
 2.1006e-01	
 2.0736e-01	
 2.1389e-01	
 2.0973e-01	
 2.1082e-01	
 2.1193e-01	
 2.0704e-01	
 2.1245e-01	
 2.0899e-01	
 2.0821e-01	
 2.1151e-01	
 2.1134e-01	
 2.1205e-01	
 2.1318e-01	
 2.0841e-01	
 2.1658e-01	
 2.1211e-01	
 2.1045e-01	
 2.0760e-01	
 2.1255e-01	
 2.1393e-01	
 2.1633e-01	
 2.0564e-01	
 2.1332e-01	
 2.1078e-01	
 2.0942e-01	
 2.0363e-01	
 2.1079e-01	
 2.0917e-01	
 2.1430e-01	
 2.0797e-01	
 2.1002e-01	
 2.0968e-01	
 2.0849e-01	
 2.1174e-01	
 2.0364e-01	
 2.1052e-01	
 2.0611e-01	
 2.0786e-01	
 2.0811e-01	
 2.1235e-01	
 2.1050e-01	
 2.1193e-01	
 2.1344e-01	
 2.1355e-01	
 2.0558e-01	
 2.1186e-01	
 2.1131e-01	
 2.0890e-01	
 2.1288e-01	
 2.0803e-01	
 2.0826e-01	
 2.1291e-01	
 2.1037e-01	
 2.0995e-01	
 2.0917e-01	
 2.1192e-01	
 2.0580e-01	
 2.0856e-01	
 2.1061e-01	
 2.1174e-01	
 2.0812e-01	
 2.1148e-01	
 2.0248e-01	
 2.1080e-01	
 2.1393e-01	
 2.1366e-01	
 2.1559e-01	
 2.0955e-01	
 2.0814e-01	
 2.0952e-01	
 2.0991e-01	
 2.0568e-01	
 2.0499e-01	
 2.0532e-01	
 2.0379e-01	
 2.1050e-01	
 2.0583e-01	
 2.1355e-01	
 2.0738e-01	
 2.0206e-01	
 2.0849e-01	
 2.0659e-01	
 2.1431e-01	
 2.1221e-01	
 2.0787e-01	
 2.1303e-01	
 2.0638e-01	
 2.0792e-01	
 2.2035e-01	
 2.0530e-01	
 2.1034e-01	
 2.0966e-01	
 2.1442e-01	
 2.0842e-01	
 2.1101e-01	
 2.1175e-01	
 2.0593e-01	
 2.1109e-01	
 2.0972e-01	
 2.1148e-01	
 2.0695e-01	
 2.0566e-01	
 2.1136e-01	
 2.1430e-01	
 2.0714e-01	
 2.1035e-01	
 2.1275e-01	
 2.1035e-01	
 2.0785e-01	
 2.1180e-01	
 2.1732e-01	
 2.0618e-01	
 2.0503e-01	
 2.0814e-01	
 2.0312e-01	
 2.1087e-01	
 2.0727e-01	
 2.0842e-01	
 2.1613e-01	
 2.0817e-01	
 2.0346e-01	
 2.0358e-01	
 2.1350e-01	
 2.0823e-01	
 2.1245e-01	
 2.1258e-01	
 2.0774e-01	
 2.0521e-01	
 2.1711e-01	
 2.0815e-01	
 2.1439e-01	
 2.0876e-01	
 2.1472e-01	
 2.0985e-01	
 2.1236e-01	
 2.0359e-01	
 2.0954e-01	
 2.0362e-01	
 2.1544e-01	
 2.1161e-01	
 2.0659e-01	
 2.0331e-01	
 2.1299e-01	
 2.1999e-01	
 2.1649e-01	
 2.1738e-01	
 2.1212e-01	
 2.0982e-01	
 2.0978e-01	
 2.1181e-01	
 2.1491e-01	
 2.1364e-01	
 2.0967e-01	
 2.1279e-01	
 2.1102e-01	
 2.1012e-01	
 2.0361e-01	
 2.1181e-01	
 2.1258e-01	
 2.1303e-01	
 2.1105e-01	
 2.0544e-01	
 2.1083e-01	
 2.1202e-01	
 2.0676e-01	
 2.1756e-01	
 2.1361e-01	
 2.0726e-01	
 2.0763e-01	
 2.1109e-01	
 2.0951e-01	
 2.1056e-01	
 2.0807e-01	
 2.0831e-01	
 2.1057e-01	
 2.1021e-01	
 2.0929e-01	
 2.1557e-01	
 2.0854e-01	
 2.1284e-01	
 2.1105e-01	
 2.0319e-01	
 2.0723e-01	
 2.0541e-01	
 2.0618e-01	
 2.1020e-01	
 2.0477e-01	
 2.1275e-01	
 2.1011e-01	
 2.1358e-01	
 2.0444e-01	
 2.1296e-01	
 2.0496e-01	
 2.0879e-01	
 2.0754e-01	
 2.1592e-01	
 2.1465e-01	
 2.1491e-01	
 2.1109e-01	
 2.0807e-01	
 2.0910e-01	
 2.0660e-01	
 2.1087e-01	
 2.1557e-01	
 2.0847e-01	
 2.1379e-01	
 2.0867e-01	
 2.1327e-01	
 2.0955e-01	
 2.0790e-01	
 2.1145e-01	
 2.0983e-01	
 2.1193e-01	
 2.0838e-01	
 2.0952e-01	
 2.0872e-01	
 2.0757e-01	
 2.1260e-01	
 2.0819e-01	
 2.0725e-01	
 2.1020e-01	
 2.1371e-01	
 2.1732e-01	
 2.0482e-01	
 2.0638e-01	
 2.0715e-01	
 2.1674e-01	
 2.0984e-01	
 2.0086e-01	
 2.0345e-01	
 2.0947e-01	
 2.0810e-01	
 2.1497e-01	
 2.0495e-01	
 2.0766e-01	
 2.0767e-01	
 2.1065e-01	
 2.1108e-01	
 2.1384e-01	
 2.0794e-01	
 2.0777e-01	
 2.0576e-01	
 2.1240e-01	
 2.1025e-01	
 2.1338e-01	
 2.1376e-01	
 2.0779e-01	
 2.1549e-01	
 2.1373e-01	
 2.0937e-01	
 2.1820e-01	
 2.1360e-01	
 2.1350e-01	
 2.0628e-01	
 2.1290e-01	
 2.1773e-01	
 2.1437e-01	
 2.1797e-01	
 2.1214e-01	
 2.0997e-01	
 2.1199e-01	
 2.0750e-01	
 2.1280e-01	
 2.1438e-01	
 2.1222e-01	
 2.1351e-01	
 2.1229e-01	
 2.1179e-01	
 2.1511e-01	
 2.1003e-01	
 2.0726e-01	
 2.1137e-01	
 2.0424e-01	
 2.1365e-01	
 2.1214e-01	
 2.1373e-01	
 2.0878e-01	
 2.0618e-01	
 2.1226e-01	
 2.1276e-01	
 2.0521e-01	
 2.0505e-01	
 2.0965e-01	
 2.1529e-01	
 2.1640e-01	
 2.0998e-01	
 2.0460e-01	
 2.1079e-01	
 2.1406e-01	
 2.0729e-01	
 2.0643e-01	
 2.0711e-01	
 2.0726e-01	
 2.1219e-01	
 2.0989e-01	
 2.0454e-01	
 2.0998e-01	
 2.1304e-01	
 2.1246e-01	
 2.1311e-01	
 2.1489e-01	
 2.0585e-01	
 2.0531e-01	
 2.1044e-01	
 2.0981e-01	
 2.0497e-01	
 2.1133e-01	
 2.1021e-01	
 2.0965e-01	
 2.0978e-01	
 2.0416e-01	
 2.1026e-01	
 2.0102e-01	
 2.1339e-01	
 2.1345e-01	
 2.0922e-01	
 2.1040e-01	
 2.0962e-01	
 2.1390e-01	
 2.1722e-01	
 2.0807e-01	
 2.1051e-01	
 2.0865e-01	
 2.1124e-01	
 2.0704e-01	
 2.1170e-01	
 2.0678e-01	
 2.1104e-01	
 2.0664e-01	
 2.0351e-01	
 2.0834e-01	
 2.1237e-01	
 2.0826e-01	
 2.0792e-01	
 2.0897e-01	
 2.1252e-01	
 2.1436e-01	
 2.1179e-01	
 2.1547e-01	
 2.0809e-01	
 2.1518e-01	
 2.0440e-01	
 2.1057e-01	
 2.0924e-01	
 2.1264e-01	
 2.1245e-01	
 2.1067e-01	
 2.0991e-01	
 2.0852e-01	
 2.1022e-01	
 2.1484e-01	
 2.0845e-01	
 2.0946e-01	
 2.0760e-01	
 2.0969e-01	
 2.1155e-01	
 2.1071e-01	
 2.0367e-01	
 2.1297e-01	
 2.0748e-01	
 2.0341e-01	
 2.0784e-01	
 2.1407e-01	
 2.1074e-01	
 2.1339e-01	
 2.1577e-01	
 2.0595e-01	
 2.1664e-01	
 2.1118e-01	
 2.1110e-01	
 2.1091e-01	
 2.1472e-01	
 2.1681e-01	
 2.1019e-01	
 2.0883e-01	
 2.0783e-01	
 2.1118e-01	
 2.1047e-01	
 2.1225e-01	
 2.0656e-01	
 2.1050e-01	
 2.1235e-01	
 2.1433e-01	
 2.1546e-01	
 2.1808e-01	
 2.0544e-01	
 2.0945e-01	
 2.0586e-01	
 2.0948e-01	
 2.0685e-01	
 2.0781e-01	
 2.1321e-01	
 2.0993e-01	
 2.0371e-01	
 2.0505e-01	
 2.0452e-01	
 2.1236e-01	
 2.0905e-01	
 2.1105e-01	
 2.0745e-01	
 2.0494e-01	
 2.1492e-01	
 2.1125e-01	
 2.1250e-01	
 2.0631e-01	
 2.1093e-01	
 2.0786e-01	
 2.1023e-01	
 2.0916e-01	
 2.1855e-01	
 2.1596e-01	
 2.1053e-01	
 2.0631e-01	
 2.0384e-01	
 2.0360e-01	
 2.1054e-01	
 2.0712e-01	
 2.0901e-01	
 2.0496e-01	
 2.1661e-01	
 2.1434e-01	
 2.1550e-01	
 2.0364e-01	
 2.1048e-01	
 2.0645e-01	
 2.1337e-01	
 2.1410e-01	
 2.1137e-01	
 2.1442e-01	
 2.1408e-01	
 2.1041e-01	
 2.0956e-01	
 2.0434e-01	
 2.0969e-01	
 2.1485e-01	
 2.0975e-01	
 2.0563e-01	
 2.1068e-01	
 2.1029e-01	
 2.0669e-01	
 2.0861e-01	
 2.1255e-01	
 2.1023e-01	
 2.1075e-01	
 2.0870e-01	
 2.1318e-01	
 2.1012e-01	
 2.0675e-01	
 2.0381e-01	
 2.1488e-01	
 2.1271e-01	
 2.1318e-01	
 2.1214e-01	
 2.0902e-01	
 2.0596e-01	
 2.1275e-01	
 2.1467e-01	
 2.0736e-01	
 2.0952e-01	
 2.0676e-01	
 2.1242e-01	
 2.1308e-01	
 2.1135e-01	
 2.1213e-01	
 2.1242e-01	
 2.1009e-01	
 2.1210e-01	
 2.0592e-01	
 2.0811e-01	
 1.9537e-01	
 2.2445e-01	
 2.1904e-01	
 2.2930e-01	
 2.0527e-01	
 2.0057e-01	
 2.0332e-01	
 2.0570e-01	
 2.1533e-01	
 2.1493e-01	
 2.1626e-01	
 2.0698e-01	
 2.0838e-01	
 2.0571e-01	
 2.0477e-01	
 2.0476e-01	
 2.1486e-01	
 2.1210e-01	
 2.1055e-01	
 2.0766e-01	
 2.0481e-01	
 2.0922e-01	
 2.0429e-01	
 2.1124e-01	
 2.1149e-01	
 2.1384e-01	
 2.1664e-01	
 2.0800e-01	
 2.1261e-01	
 2.1043e-01	
 2.0853e-01	
 2.1237e-01	
 2.1822e-01	
 2.1395e-01	
 2.0698e-01	
 2.0770e-01	
 2.1084e-01	
 2.0878e-01	
 2.1620e-01	
 2.0631e-01	
 2.0572e-01	
 2.0702e-01	
 2.1007e-01	
 2.1223e-01	
 2.0856e-01	
 2.1520e-01	
 2.0677e-01	
 2.0960e-01	
 2.1203e-01	
 2.1281e-01	
 2.0884e-01	
 2.1151e-01	
 2.1502e-01	
 2.0646e-01	
 2.1350e-01	
 2.0793e-01	
 2.1255e-01	
 2.0587e-01	
 2.1364e-01	
 2.1323e-01	
 2.0476e-01	
 2.1032e-01	
 2.1096e-01	
 2.0717e-01	
 2.0976e-01	
 2.1114e-01	
 2.0714e-01	
 2.0319e-01	
 2.0723e-01	
 2.1101e-01	
 2.0745e-01	
 2.1076e-01	
 2.1791e-01	
 2.1397e-01	
 2.0750e-01	
 2.0971e-01	
 2.1224e-01	
 2.1042e-01	
 2.1448e-01	
 2.1116e-01	
 2.0865e-01	
 2.0789e-01	
 2.1021e-01	
 2.1597e-01	
 2.1483e-01	
 2.1550e-01	
 2.1067e-01	
 2.0936e-01	
 2.1009e-01	
 2.1012e-01	
 2.0992e-01	
 2.1306e-01	
 2.0975e-01	
 2.1403e-01	
 2.1542e-01	
 2.0720e-01	
 2.1046e-01	
 2.1231e-01	
 2.0963e-01	
 2.1202e-01	
 2.1456e-01	
 2.1826e-01	
 2.0945e-01	
 2.0440e-01	
 2.1136e-01	
 2.1836e-01	
 2.0990e-01	
 2.0670e-01	
 2.0711e-01	
 2.1257e-01	
 2.0812e-01	
 2.1545e-01	
 2.1032e-01	
 2.1040e-01	
 2.0801e-01	
 2.0500e-01	
 2.0553e-01	
 2.0811e-01	
 2.1483e-01	
 2.1584e-01	
 2.1897e-01	
 2.1352e-01	
 2.1478e-01	
 2.0540e-01	
 2.1124e-01	
 2.0460e-01	
 2.1032e-01	
 2.0841e-01	
 2.0583e-01	
 2.1045e-01	
 2.1329e-01	
 2.1252e-01	
 2.0870e-01	
 2.1487e-01	
 2.1619e-01	
 2.1492e-01	
 2.1144e-01	
 2.1188e-01	
 2.1536e-01	
 2.0918e-01	
 2.0604e-01	
 2.1061e-01	
 2.0930e-01	
 2.1419e-01	
 2.1119e-01	
 2.0882e-01	
 2.1386e-01	
 2.1612e-01	
 2.1443e-01	
 2.1016e-01	
 2.0807e-01	
 2.0681e-01	
 2.0294e-01	
 2.1294e-01	
 2.1663e-01	
 2.1720e-01	
 2.0916e-01	
 2.0468e-01	
 2.1148e-01	
 2.0981e-01	
 2.0967e-01	
 2.0517e-01	
 2.1725e-01	
 2.1382e-01	
 2.1086e-01	
 2.1027e-01	
 2.0643e-01	
 2.1729e-01	
 2.1642e-01	
 2.1206e-01	
 2.0455e-01	
 2.0765e-01	
 2.1323e-01	
 2.1349e-01	
 2.0626e-01	
 2.1444e-01	
 2.1234e-01	
 2.0684e-01	
 2.1410e-01	
 2.1123e-01	
 2.0934e-01	
 2.1204e-01	
 2.0566e-01	
 2.0932e-01	
 2.1459e-01	
 2.1085e-01	
 2.0541e-01	
 2.0924e-01	
 2.0982e-01	
 2.1063e-01	
 2.1349e-01	
 2.1330e-01	
 2.0448e-01	
 2.0866e-01	
 2.1042e-01	
 2.1013e-01	
 2.0358e-01	
 2.0488e-01	
 2.1427e-01	
 2.1667e-01	
 2.1125e-01	
 2.1305e-01	
 2.0468e-01	
 2.0967e-01	
 2.0753e-01	
 2.1923e-01	
 2.0996e-01	
 2.0839e-01	
 2.1354e-01	
 2.0546e-01	
 2.1376e-01	
 2.0410e-01	
 2.0862e-01	
 2.1008e-01	
 2.0805e-01	
 2.0924e-01	
 2.1268e-01	
 2.1152e-01	
 2.1039e-01	
 2.1264e-01	
 2.0940e-01	
 2.1336e-01	
 2.0695e-01	
 2.1343e-01	
 2.0295e-01	
 2.1217e-01	
 2.1215e-01	
 2.0881e-01	
 2.1512e-01	
 2.1451e-01	
 2.1021e-01	
 2.0961e-01	
 2.0982e-01	
 2.0551e-01	
 2.0275e-01	
 2.1350e-01	
 2.1643e-01	
 2.1730e-01	
 2.1260e-01	
 2.0908e-01	
 2.0193e-01	
 2.1111e-01	
 2.2162e-01	
 2.1183e-01	
 2.0708e-01	
 2.1331e-01	
 2.1109e-01	
 2.1382e-01	
 2.0246e-01	
 2.0753e-01	
 2.1076e-01	
 2.1622e-01	
 2.1167e-01	
 2.1204e-01	
 2.1263e-01	
 2.0845e-01	
 2.0739e-01	
 2.0970e-01	
 2.1318e-01	
 2.1501e-01	
 2.0120e-01	
 2.0986e-01	
 2.1164e-01	
 2.1384e-01	
 2.1042e-01	
 2.0488e-01	
 2.1194e-01	
 2.0845e-01	
 2.1101e-01	
 2.1060e-01	
 2.0950e-01	
 2.1251e-01	
 2.1258e-01	
 2.0766e-01	
 2.1114e-01	
 2.0866e-01	
 2.1080e-01	
 2.1273e-01	
 2.0782e-01	
 2.0575e-01	
 1.9864e-01	
 2.1102e-01	
 2.1638e-01	
 2.0592e-01	
 2.1190e-01	
 2.0898e-01	
 2.1233e-01	
 2.0447e-01	
 2.0996e-01	
 2.0752e-01	
 2.0725e-01	
 2.0900e-01	
 2.0865e-01	
 2.0679e-01	
 2.0896e-01	
 2.1277e-01	
 2.1580e-01	
 2.1607e-01	
 2.0832e-01	
 2.0854e-01	
 2.1548e-01	
 2.1158e-01	
 2.1019e-01	
 2.1165e-01	
 2.1372e-01	
 2.1158e-01	
 2.1193e-01	
 2.1254e-01	
 2.0891e-01	
 2.1682e-01	
 2.1233e-01	
 2.1700e-01	
 2.1500e-01	
 2.1106e-01	
 2.1503e-01	
 2.1262e-01	
 2.0956e-01	
 2.0317e-01	
 2.1405e-01	
 2.0988e-01	
 2.0766e-01	
 2.0888e-01	
 2.1049e-01	
 2.1825e-01	
 2.1329e-01	
 2.1215e-01	
 2.1000e-01	
 2.0964e-01	
 2.1218e-01	
 2.1151e-01	
 2.1264e-01	
 2.1426e-01	
 2.0931e-01	
 2.0926e-01	
 2.0992e-01	
 2.1347e-01	
 2.0760e-01	
 2.1157e-01	
 2.1312e-01	
 2.0778e-01	
 2.1116e-01	
 2.1215e-01	
 2.1294e-01	
 2.1279e-01	
 2.1316e-01	
 2.0866e-01	
 2.1531e-01	
 2.0770e-01	
 2.1088e-01	
 2.1218e-01	
 2.0657e-01	
 2.1357e-01	
 2.0811e-01	
 2.0729e-01	
 2.1243e-01	
 2.1160e-01	
 2.1360e-01	
 2.0832e-01	
 2.1469e-01	
 2.0823e-01	
 2.1721e-01	
 2.1341e-01	
 2.1301e-01	
 2.0480e-01	
 2.1060e-01	
 2.1444e-01	
 2.1269e-01	
 2.1043e-01	
 2.0971e-01	
 2.1163e-01	
 2.1197e-01	
 2.1117e-01	
 2.0887e-01	
 2.1236e-01	
 2.1649e-01	
 2.1125e-01	
 2.1309e-01	
 2.1118e-01	
 2.1159e-01	
 2.1045e-01	
 2.0880e-01	
 2.1153e-01	
 2.0696e-01	
 2.1768e-01	
 2.0855e-01	
 2.0828e-01	
 2.0642e-01	
 2.1544e-01	
 2.0853e-01	
 2.0644e-01	
 2.1292e-01	
 2.1678e-01	
 2.0401e-01	
 2.1234e-01	
 2.1170e-01	
 2.1474e-01	
 2.0770e-01	
 2.1159e-01	
 2.0314e-01	
 2.0744e-01	
 2.1390e-01	
 2.1150e-01	
 2.1164e-01	
 2.1158e-01	
 2.1610e-01	
 2.1036e-01	
 2.1003e-01	
 2.0976e-01	
 2.1054e-01	
 2.1792e-01	
 2.1704e-01	
 2.1196e-01	
 2.0439e-01	
 2.1499e-01	
 2.0656e-01	
 2.0849e-01	
 2.1446e-01	
 2.0938e-01	
 2.1124e-01	
 2.1348e-01	
 2.0854e-01	
 2.1259e-01	
 2.0992e-01	
 2.0783e-01	
 2.1311e-01	
 2.0811e-01	
 2.0983e-01	
 2.1536e-01	
 2.0605e-01	
 2.1176e-01	
 2.0781e-01	
 2.1121e-01	
 2.1039e-01	
 2.0631e-01	
 2.1799e-01	
 2.0856e-01	
 2.1448e-01	
 2.1379e-01	
 2.0943e-01	
 2.0864e-01	
 2.1053e-01	
 2.1295e-01	
 2.1157e-01	
 2.1562e-01	
 2.0954e-01	
 2.1190e-01	
 2.0557e-01	
 2.1428e-01	
 2.1165e-01	
 2.0788e-01	
 2.0814e-01	
 2.1317e-01	
 2.0860e-01	
 2.0691e-01	
 2.0779e-01	
 2.1143e-01	
 2.1090e-01	
 2.1485e-01	
 2.0629e-01	
 2.1294e-01	
 2.0665e-01	
 2.1063e-01	
 2.0942e-01	
 2.0852e-01	
 2.0777e-01	
 2.1205e-01	
 2.0307e-01	
 2.1457e-01	
 2.1379e-01	
 2.0610e-01	
 2.0475e-01	
 2.1110e-01	
 2.1098e-01	
 2.1260e-01	
 2.0646e-01	
 2.1134e-01	
 2.0856e-01	
 2.1609e-01	
 2.1090e-01	
 2.1098e-01	
 2.1005e-01	
 2.0737e-01	
 2.1391e-01	
 2.0974e-01	
 2.1082e-01	
 2.1192e-01	
 2.0703e-01	
 2.1242e-01	
 2.0899e-01	
 2.0817e-01	
 2.1149e-01	
 2.1132e-01	
 2.1204e-01	
 2.1317e-01	
 2.0839e-01	
 2.1657e-01	
 2.1209e-01	
 2.1044e-01	
 2.0760e-01	
 2.1255e-01	
 2.1392e-01	
 2.1631e-01	
 2.0563e-01	
 2.1328e-01	
 2.1076e-01	
 2.0940e-01	
 2.0364e-01	
 2.1080e-01	
 2.0919e-01	
 2.1430e-01	
 2.0797e-01	
 2.1000e-01	
 2.0968e-01	
 2.0850e-01	
 2.1172e-01	
 2.0362e-01	
 2.1052e-01	
 2.0611e-01	
 2.0783e-01	
 2.0809e-01	
 2.1235e-01	
 2.1050e-01	
 2.1192e-01	
 2.1343e-01	
 2.1359e-01	
 2.0560e-01	
 2.1188e-01	
 2.1133e-01	
 2.0890e-01	
 2.1292e-01	
 2.0801e-01	
 2.0824e-01	
 2.1287e-01	
 2.1034e-01	
 2.0993e-01	
 2.0914e-01	
 2.1187e-01	
 2.0576e-01	
 2.0853e-01	
 2.1057e-01	
 2.1172e-01	
 2.0808e-01	
 2.1143e-01	
 2.0244e-01	
 2.1076e-01	
 2.1390e-01	
 2.1364e-01	
 2.1554e-01	
 2.0953e-01	
 2.0814e-01	
 2.0951e-01	
 2.0990e-01	
 2.0567e-01	
 2.0499e-01	
 2.0530e-01	
 2.0378e-01	
 2.1049e-01	
 2.0580e-01	
 2.1353e-01	
 2.0735e-01	
 2.0204e-01	
 2.0847e-01	
 2.0657e-01	
 2.1430e-01	
 2.1221e-01	
 2.0787e-01	
 2.1302e-01	
 2.0638e-01	
 2.0793e-01	
 2.2035e-01	
 2.0530e-01	
 2.1034e-01	
 2.0968e-01	
 2.1443e-01	
 2.0841e-01	
 2.1099e-01	
 2.1174e-01	
 2.0592e-01	
 2.1109e-01	
 2.0970e-01	
 2.1146e-01	
 2.0694e-01	
 2.0564e-01	
 2.1136e-01	
 2.1431e-01	
 2.0714e-01	
 2.1034e-01	
 2.1274e-01	
 2.1034e-01	
 2.0785e-01	
 2.1178e-01	
 2.1730e-01	
 2.0617e-01	
 2.0501e-01	
 2.0814e-01	
 2.0313e-01	
 2.1089e-01	
 2.0728e-01	
 2.0841e-01	
 2.1613e-01	
 2.0817e-01	
 2.0346e-01	
 2.0357e-01	
 2.1349e-01	
 2.0822e-01	
 2.1243e-01	
 2.1257e-01	
 2.0773e-01	
 2.0522e-01	
 2.1711e-01	
 2.0815e-01	
 2.1438e-01	
 2.0875e-01	
 2.1471e-01	
 2.0983e-01	
 2.1234e-01	
 2.0357e-01	
 2.0952e-01	
 2.0361e-01	
 2.1543e-01	
 2.1160e-01	
 2.0658e-01	
 2.0330e-01	
 2.1297e-01	
 2.1997e-01	
 2.1647e-01	
 2.1736e-01	
 2.1211e-01	
 2.0982e-01	
 2.0978e-01	
 2.1181e-01	
 2.1491e-01	
 2.1365e-01	
 2.0967e-01	
 2.1279e-01	
 2.1100e-01	
 2.1011e-01	
 2.0359e-01	
 2.1180e-01	
 2.1257e-01	
 2.1302e-01	
 2.1104e-01	
 2.0544e-01	
 2.1083e-01	
 2.1202e-01	
 2.0676e-01	
 2.1757e-01	
 2.1362e-01	
 2.0725e-01	
 2.0763e-01	
 2.1109e-01	
 2.0952e-01	
 2.1055e-01	
 2.0806e-01	
 2.0831e-01	
 2.1057e-01	
 2.1020e-01	
 2.0928e-01	
 2.1558e-01	
 2.0853e-01	
 2.1284e-01	
 2.1105e-01	
 2.0319e-01	
 2.0723e-01	
 2.0541e-01	
 2.0618e-01	
 2.1019e-01	
 2.0476e-01	
 2.1274e-01	
 2.1010e-01	
 2.1356e-01	
 2.0444e-01	
 2.1296e-01	
 2.0494e-01	
 2.0879e-01	
 2.0755e-01	
 2.1593e-01	
 2.1465e-01	
 2.1490e-01	
 2.1110e-01	
 2.0808e-01	
 2.0910e-01	
 2.0661e-01	
 2.1089e-01	
 2.1557e-01	
 2.0847e-01	
 2.1379e-01	
 2.0865e-01	
 2.1327e-01	
 2.0955e-01	
 2.0789e-01	
 2.1144e-01	
 2.0985e-01	
 2.1192e-01	
 2.0837e-01	
 2.0953e-01	
 2.0873e-01	
 2.0756e-01	
 2.1261e-01	
 2.0819e-01	
 2.0724e-01	
 2.1019e-01	
 2.1370e-01	
 2.1731e-01	
 2.0482e-01	
 2.0638e-01	
 2.0715e-01	
 2.1673e-01	
 2.0984e-01	
 2.0086e-01	
 2.0346e-01	
 2.0948e-01	
 2.0810e-01	
 2.1498e-01	
 2.0496e-01	
 2.0767e-01	
 2.0768e-01	
 2.1066e-01	
 2.1111e-01	
 2.1386e-01	
 2.0794e-01	
 2.0778e-01	
 2.0578e-01	
 2.1242e-01	
 2.1024e-01	
 2.1339e-01	
 2.1377e-01	
 2.0779e-01	
 2.1550e-01	
 2.1373e-01	
 2.0937e-01	
 2.1822e-01	
 2.1361e-01	
 2.1350e-01	
 2.0629e-01	
 2.1292e-01	
 2.1776e-01	
 2.1440e-01	
 2.1798e-01	
 2.1216e-01	
 2.1000e-01	
 2.1201e-01	
 2.0751e-01	
 2.1282e-01	
 2.1438e-01	
 2.1221e-01	
 2.1351e-01	
 2.1225e-01	
 2.1178e-01	
 2.1510e-01	
 2.1003e-01	
 2.0724e-01	
 2.1137e-01	
 2.0421e-01	
 2.1363e-01	
 2.1211e-01	
 2.1370e-01	
 2.0875e-01	
 2.0614e-01	
 2.1222e-01	
 2.1274e-01	
 2.0520e-01	
 2.0505e-01	
 2.0963e-01	
 2.1527e-01	
 2.1638e-01	
 2.0998e-01	
 2.0456e-01	
 2.1075e-01	
 2.1405e-01	
 2.0726e-01	
 2.0641e-01	
 2.0708e-01	
 2.0723e-01	
 2.1216e-01	
 2.0988e-01	
 2.0453e-01	
 2.0997e-01	
 2.1304e-01	
 2.1246e-01	
 2.1311e-01	
 2.1488e-01	
 2.0584e-01	
 2.0530e-01	
 2.1041e-01	
 2.0981e-01	
 2.0494e-01	
 2.1131e-01	
 2.1019e-01	
 2.0963e-01	
 2.0977e-01	
 2.0414e-01	
 2.1023e-01	
 2.0101e-01	
 2.1338e-01	
 2.1343e-01	
 2.0920e-01	
 2.1039e-01	
