Hiber-loss	LSTM-Loss	
 2.3953e+00	 3.1447e-01	
 2.3971e+00	 3.2173e-01	
 2.3969e+00	 3.1788e-01	
 2.3970e+00	 3.2044e-01	
 2.3964e+00	 3.1062e-01	
 2.3964e+00	 3.1172e-01	
 2.3963e+00	 3.1072e-01	
 2.3966e+00	 3.1613e-01	
 2.3965e+00	 3.1510e-01	
 2.3968e+00	 3.1790e-01	
 2.3974e+00	 3.2639e-01	
 2.3972e+00	 3.2355e-01	
 2.3965e+00	 3.1236e-01	
 2.3969e+00	 3.1896e-01	
 2.3968e+00	 3.1842e-01	
 2.3966e+00	 3.1481e-01	
 2.3965e+00	 3.1248e-01	
 2.3966e+00	 3.1517e-01	
 2.3968e+00	 3.1727e-01	
 2.3974e+00	 3.2643e-01	
 2.3969e+00	 3.1870e-01	
 2.3968e+00	 3.1807e-01	
 2.3972e+00	 3.2342e-01	
 2.3969e+00	 3.1931e-01	
 2.3965e+00	 3.1358e-01	
 2.3970e+00	 3.2053e-01	
 2.3970e+00	 3.1928e-01	
 2.3971e+00	 3.2145e-01	
 2.3970e+00	 3.2151e-01	
 2.3968e+00	 3.1674e-01	
 2.3965e+00	 3.1419e-01	
 2.3971e+00	 3.2307e-01	
 2.3965e+00	 3.1285e-01	
 2.3962e+00	 3.0853e-01	
 2.3970e+00	 3.2112e-01	
 2.3970e+00	 3.2049e-01	
 2.3968e+00	 3.1777e-01	
 2.3973e+00	 3.2629e-01	
 2.3961e+00	 3.0979e-01	
 2.3971e+00	 3.2292e-01	
 2.3969e+00	 3.1816e-01	
 2.3969e+00	 3.1812e-01	
 2.3968e+00	 3.1789e-01	
 2.3970e+00	 3.2080e-01	
 2.3968e+00	 3.1806e-01	
 2.3968e+00	 3.1927e-01	
 2.3968e+00	 3.1810e-01	
 2.3964e+00	 3.1164e-01	
 2.3969e+00	 3.2008e-01	
 2.3968e+00	 3.1902e-01	
 2.3968e+00	 3.1931e-01	
 2.3963e+00	 3.1101e-01	
 2.3970e+00	 3.2263e-01	
 2.3969e+00	 3.2127e-01	
 2.3966e+00	 3.1516e-01	
 2.3964e+00	 3.1369e-01	
 2.3966e+00	 3.1702e-01	
 2.3972e+00	 3.2441e-01	
 2.3965e+00	 3.1368e-01	
 2.3964e+00	 3.1415e-01	
 2.3973e+00	 3.2645e-01	
 2.3968e+00	 3.1829e-01	
 2.3966e+00	 3.1588e-01	
 2.3971e+00	 3.2336e-01	
 2.3969e+00	 3.2079e-01	
 2.3970e+00	 3.2253e-01	
 2.3968e+00	 3.1907e-01	
 2.3970e+00	 3.2188e-01	
 2.3966e+00	 3.1700e-01	
 2.3966e+00	 3.1610e-01	
 2.3964e+00	 3.1344e-01	
 2.3968e+00	 3.2081e-01	
 2.3964e+00	 3.1471e-01	
 2.3966e+00	 3.1708e-01	
 2.3966e+00	 3.1763e-01	
 2.3969e+00	 3.2284e-01	
 2.3972e+00	 3.2671e-01	
 2.3964e+00	 3.1499e-01	
 2.3963e+00	 3.1439e-01	
 2.3968e+00	 3.2132e-01	
 2.3966e+00	 3.1819e-01	
 2.3965e+00	 3.1780e-01	
 2.3969e+00	 3.2284e-01	
 2.3970e+00	 3.2485e-01	
 2.3973e+00	 3.3012e-01	
 2.3967e+00	 3.2234e-01	
 2.3968e+00	 3.2274e-01	
 2.3966e+00	 3.1993e-01	
 2.3968e+00	 3.2313e-01	
 2.3963e+00	 3.1706e-01	
 2.3968e+00	 3.2429e-01	
 2.3969e+00	 3.2409e-01	
 2.3968e+00	 3.2403e-01	
 2.3971e+00	 3.2889e-01	
 2.3973e+00	 3.3090e-01	
 2.3968e+00	 3.2483e-01	
 2.3967e+00	 3.2298e-01	
 2.3967e+00	 3.2365e-01	
 2.3972e+00	 3.3029e-01	
 2.3968e+00	 3.2478e-01	
 2.3968e+00	 3.2525e-01	
 2.3962e+00	 3.1956e-01	
 2.3965e+00	 3.2218e-01	
 2.3965e+00	 3.2170e-01	
 2.3968e+00	 3.2706e-01	
 2.3966e+00	 3.2612e-01	
 2.3966e+00	 3.2537e-01	
 2.3970e+00	 3.2955e-01	
 2.3969e+00	 3.2828e-01	
 2.3960e+00	 3.1793e-01	
 2.3965e+00	 3.2446e-01	
 2.3963e+00	 3.2386e-01	
 2.3968e+00	 3.2990e-01	
 2.3966e+00	 3.2627e-01	
 2.3968e+00	 3.2938e-01	
 2.3966e+00	 3.2747e-01	
 2.3965e+00	 3.2601e-01	
 2.3971e+00	 3.3474e-01	
 2.3967e+00	 3.3028e-01	
 2.3967e+00	 3.3075e-01	
 2.3963e+00	 3.2676e-01	
 2.3970e+00	 3.3623e-01	
 2.3972e+00	 3.3877e-01	
 2.3964e+00	 3.2776e-01	
 2.3965e+00	 3.3081e-01	
 2.3962e+00	 3.2675e-01	
 2.3961e+00	 3.2686e-01	
 2.3963e+00	 3.2942e-01	
 2.3962e+00	 3.2861e-01	
 2.3966e+00	 3.3287e-01	
 2.3974e+00	 3.4240e-01	
 2.3966e+00	 3.3483e-01	
 2.3966e+00	 3.3486e-01	
 2.3966e+00	 3.3596e-01	
 2.3970e+00	 3.3999e-01	
 2.3968e+00	 3.3983e-01	
 2.3967e+00	 3.3715e-01	
 2.3975e+00	 3.4712e-01	
 2.3963e+00	 3.3448e-01	
 2.3965e+00	 3.3728e-01	
 2.3964e+00	 3.3643e-01	
 2.3968e+00	 3.4186e-01	
 2.3968e+00	 3.4272e-01	
 2.3966e+00	 3.4163e-01	
 2.3973e+00	 3.5039e-01	
 2.3969e+00	 3.4559e-01	
 2.3973e+00	 3.5012e-01	
 2.3959e+00	 3.3518e-01	
 2.3968e+00	 3.4697e-01	
 2.3966e+00	 3.4470e-01	
 2.3965e+00	 3.4390e-01	
 2.3968e+00	 3.4889e-01	
 2.3956e+00	 3.3399e-01	
 2.3964e+00	 3.4605e-01	
 2.3967e+00	 3.4955e-01	
 2.3971e+00	 3.5482e-01	
 2.3963e+00	 3.4695e-01	
 2.3968e+00	 3.5254e-01	
 2.3965e+00	 3.5012e-01	
 2.3967e+00	 3.5210e-01	
 2.3969e+00	 3.5599e-01	
 2.3965e+00	 3.5178e-01	
 2.3964e+00	 3.5160e-01	
 2.3966e+00	 3.5526e-01	
 2.3965e+00	 3.5457e-01	
 2.3971e+00	 3.6300e-01	
 2.3974e+00	 3.6632e-01	
 2.3963e+00	 3.5340e-01	
 2.3968e+00	 3.6053e-01	
 2.3965e+00	 3.6032e-01	
 2.3967e+00	 3.6219e-01	
 2.3966e+00	 3.6164e-01	
 2.3964e+00	 3.6135e-01	
 2.3968e+00	 3.6634e-01	
 2.3965e+00	 3.6400e-01	
 2.3967e+00	 3.6761e-01	
 2.3967e+00	 3.6950e-01	
 2.3971e+00	 3.7512e-01	
 2.3969e+00	 3.7660e-01	
 2.3967e+00	 3.7272e-01	
 2.3969e+00	 3.7744e-01	
 2.3963e+00	 3.6912e-01	
 2.3960e+00	 3.6761e-01	
 2.3965e+00	 3.7464e-01	
 2.3966e+00	 3.7957e-01	
 2.3965e+00	 3.7875e-01	
 2.3965e+00	 3.7931e-01	
 2.3969e+00	 3.8580e-01	
 2.3969e+00	 3.8836e-01	
 2.3963e+00	 3.8184e-01	
 2.3957e+00	 3.7604e-01	
 2.3969e+00	 3.9272e-01	
 2.3967e+00	 3.9238e-01	
 2.3965e+00	 3.9206e-01	
 2.3970e+00	 3.9924e-01	
 2.3968e+00	 3.9899e-01	
 2.3968e+00	 4.0161e-01	
 2.3966e+00	 3.9974e-01	
 2.3968e+00	 4.0576e-01	
 2.3963e+00	 4.0070e-01	
 2.3963e+00	 4.0346e-01	
 2.3964e+00	 4.0776e-01	
 2.3965e+00	 4.1106e-01	
 2.3960e+00	 4.0634e-01	
 2.3962e+00	 4.1232e-01	
 2.3957e+00	 4.0692e-01	
 2.3956e+00	 4.0869e-01	
 2.3959e+00	 4.1530e-01	
 2.3961e+00	 4.2221e-01	
 2.3954e+00	 4.1478e-01	
 2.3950e+00	 4.1382e-01	
 2.3959e+00	 4.3087e-01	
 2.3943e+00	 4.0772e-01	
 2.3953e+00	 4.2908e-01	
 2.3942e+00	 4.1753e-01	
 2.3943e+00	 4.2142e-01	
 2.3948e+00	 4.3277e-01	
 2.3941e+00	 4.2548e-01	
 2.3936e+00	 4.2145e-01	
 2.3931e+00	 4.1734e-01	
 2.3931e+00	 4.1911e-01	
 2.3933e+00	 4.2691e-01	
 2.3939e+00	 4.3699e-01	
 2.3931e+00	 4.2780e-01	
 2.3929e+00	 4.2797e-01	
 2.3924e+00	 4.2469e-01	
 2.3917e+00	 4.1751e-01	
 2.3920e+00	 4.2253e-01	
 2.3917e+00	 4.2295e-01	
 2.3913e+00	 4.1810e-01	
 2.3909e+00	 4.1689e-01	
 2.3907e+00	 4.1821e-01	
 2.3900e+00	 4.1064e-01	
 2.3903e+00	 4.1358e-01	
 2.3902e+00	 4.1871e-01	
 2.3900e+00	 4.1769e-01	
 2.3893e+00	 4.0604e-01	
 2.3897e+00	 4.1737e-01	
 2.3897e+00	 4.1612e-01	
 2.3887e+00	 4.0923e-01	
 2.3881e+00	 4.0462e-01	
 2.3883e+00	 4.0831e-01	
 2.3878e+00	 4.0084e-01	
 2.3867e+00	 3.9882e-01	
 2.3875e+00	 4.0713e-01	
 2.3864e+00	 3.9326e-01	
 2.3861e+00	 3.9475e-01	
 2.3861e+00	 3.9488e-01	
 2.3851e+00	 3.8793e-01	
 2.3849e+00	 3.8872e-01	
 2.3853e+00	 3.8940e-01	
 2.3845e+00	 3.7348e-01	
 2.3843e+00	 3.8383e-01	
 2.3836e+00	 3.7020e-01	
 2.3838e+00	 3.7105e-01	
 2.3833e+00	 3.6413e-01	
 2.3822e+00	 3.6072e-01	
 2.3813e+00	 3.5966e-01	
 2.3819e+00	 3.6321e-01	
 2.3810e+00	 3.5621e-01	
 2.3809e+00	 3.5874e-01	
 2.3820e+00	 3.5264e-01	
 2.3811e+00	 3.5587e-01	
 2.3810e+00	 3.3539e-01	
 2.3797e+00	 3.4313e-01	
 2.3799e+00	 3.3896e-01	
 2.3792e+00	 3.3103e-01	
 2.3792e+00	 3.4765e-01	
 2.3804e+00	 3.3151e-01	
 2.3788e+00	 3.3316e-01	
 2.3793e+00	 3.2722e-01	
 2.3771e+00	 3.3655e-01	
 2.3777e+00	 3.1739e-01	
 2.3763e+00	 3.1888e-01	
 2.3765e+00	 3.2854e-01	
 2.3746e+00	 3.1148e-01	
 2.3744e+00	 3.1939e-01	
 2.3762e+00	 3.1121e-01	
 2.3736e+00	 3.0780e-01	
 2.3728e+00	 3.0773e-01	
 2.3713e+00	 3.0529e-01	
 2.3725e+00	 2.9851e-01	
 2.3729e+00	 3.0035e-01	
 2.3688e+00	 3.0010e-01	
 2.3731e+00	 3.0512e-01	
 2.3700e+00	 2.9808e-01	
 2.3712e+00	 2.9553e-01	
 2.3666e+00	 2.9305e-01	
 2.3706e+00	 2.9089e-01	
 2.3694e+00	 2.8993e-01	
 2.3651e+00	 2.9673e-01	
 2.3665e+00	 2.8492e-01	
 2.3683e+00	 2.9095e-01	
 2.3647e+00	 2.8481e-01	
 2.3666e+00	 2.8332e-01	
 2.3700e+00	 2.7540e-01	
 2.3633e+00	 2.8733e-01	
 2.3650e+00	 2.8770e-01	
 2.3584e+00	 2.8219e-01	
 2.3602e+00	 2.8590e-01	
 2.3638e+00	 2.7869e-01	
 2.3579e+00	 2.8405e-01	
 2.3625e+00	 2.7125e-01	
 2.3566e+00	 2.7781e-01	
 2.3560e+00	 2.7358e-01	
 2.3576e+00	 2.7606e-01	
 2.3582e+00	 2.7673e-01	
 2.3571e+00	 2.7514e-01	
 2.3557e+00	 2.6880e-01	
 2.3534e+00	 2.7638e-01	
 2.3567e+00	 2.7420e-01	
 2.3532e+00	 2.7228e-01	
 2.3590e+00	 2.7249e-01	
 2.3565e+00	 2.7094e-01	
 2.3477e+00	 2.6770e-01	
 2.3567e+00	 2.7588e-01	
 2.3458e+00	 2.6965e-01	
 2.3486e+00	 2.7095e-01	
 2.3517e+00	 2.7472e-01	
 2.3448e+00	 2.6702e-01	
 2.3436e+00	 2.7223e-01	
 2.3454e+00	 2.7198e-01	
 2.3453e+00	 2.7212e-01	
 2.3385e+00	 2.7324e-01	
 2.3373e+00	 2.6579e-01	
 2.3373e+00	 2.7824e-01	
 2.3310e+00	 2.7299e-01	
 2.3357e+00	 2.7140e-01	
 2.3437e+00	 2.6911e-01	
 2.3295e+00	 2.7293e-01	
 2.3253e+00	 2.7193e-01	
 2.3259e+00	 2.7590e-01	
 2.3222e+00	 2.7282e-01	
 2.3195e+00	 2.7134e-01	
 2.3296e+00	 2.6967e-01	
 2.3212e+00	 2.6834e-01	
 2.3149e+00	 2.6997e-01	
 2.3159e+00	 2.7254e-01	
 2.3118e+00	 2.6453e-01	
 2.3162e+00	 2.7745e-01	
 2.2970e+00	 2.7689e-01	
 2.3083e+00	 2.6376e-01	
 2.3048e+00	 2.7519e-01	
 2.3088e+00	 2.6972e-01	
 2.2868e+00	 2.6827e-01	
 2.2891e+00	 2.7452e-01	
 2.3047e+00	 2.8124e-01	
 2.2770e+00	 2.5649e-01	
 2.2844e+00	 2.7515e-01	
 2.2867e+00	 2.6358e-01	
 2.2674e+00	 2.7266e-01	
 2.2942e+00	 2.7598e-01	
 2.2616e+00	 2.7304e-01	
 2.2619e+00	 2.7309e-01	
 2.2817e+00	 2.7523e-01	
 2.2787e+00	 2.7743e-01	
 2.2672e+00	 2.6844e-01	
 2.2693e+00	 2.7195e-01	
 2.2679e+00	 2.7742e-01	
 2.2643e+00	 2.6696e-01	
 2.2741e+00	 2.7016e-01	
 2.2498e+00	 2.7312e-01	
 2.2325e+00	 2.6955e-01	
 2.2230e+00	 2.7205e-01	
 2.2354e+00	 2.7338e-01	
 2.2352e+00	 2.6805e-01	
 2.2128e+00	 2.7711e-01	
 2.2146e+00	 2.7240e-01	
 2.1660e+00	 2.7789e-01	
 2.1842e+00	 2.7437e-01	
 2.2032e+00	 2.6883e-01	
 2.2036e+00	 2.7203e-01	
 2.2007e+00	 2.6707e-01	
 2.1931e+00	 2.7252e-01	
 2.2125e+00	 2.7848e-01	
 2.1900e+00	 2.6588e-01	
 2.1734e+00	 2.6763e-01	
 2.1889e+00	 2.7087e-01	
 2.2036e+00	 2.7042e-01	
 2.1705e+00	 2.7511e-01	
 2.1534e+00	 2.6994e-01	
 2.1733e+00	 2.7048e-01	
 2.1729e+00	 2.6039e-01	
 2.1942e+00	 2.6772e-01	
 2.1548e+00	 2.7227e-01	
 2.1660e+00	 2.6387e-01	
 2.1442e+00	 2.6087e-01	
 2.1806e+00	 2.7332e-01	
 2.1411e+00	 2.6547e-01	
 2.1624e+00	 2.6659e-01	
 2.1265e+00	 2.6164e-01	
 2.1276e+00	 2.6675e-01	
 2.1126e+00	 2.6998e-01	
 2.1474e+00	 2.5972e-01	
 2.1180e+00	 2.7591e-01	
 2.1223e+00	 2.6353e-01	
 2.0805e+00	 2.6674e-01	
 2.1578e+00	 2.6545e-01	
 2.0735e+00	 2.6094e-01	
 2.0819e+00	 2.6626e-01	
 2.1521e+00	 2.6738e-01	
 2.0891e+00	 2.6254e-01	
 2.1528e+00	 2.6211e-01	
 2.1009e+00	 2.6290e-01	
 2.0891e+00	 2.6890e-01	
 2.0500e+00	 2.6255e-01	
 2.1220e+00	 2.6036e-01	
 2.1212e+00	 2.6722e-01	
 2.1252e+00	 2.5961e-01	
 2.1224e+00	 2.6061e-01	
 2.1511e+00	 2.6340e-01	
 2.1323e+00	 2.5744e-01	
 2.1243e+00	 2.5907e-01	
 2.1923e+00	 2.6107e-01	
 2.0718e+00	 2.6267e-01	
 2.1051e+00	 2.6139e-01	
 2.1403e+00	 2.6670e-01	
 2.0858e+00	 2.5579e-01	
 2.1704e+00	 2.6089e-01	
 2.1328e+00	 2.5486e-01	
 2.0895e+00	 2.6312e-01	
 2.1207e+00	 2.5533e-01	
 2.0863e+00	 2.5934e-01	
 2.1188e+00	 2.5559e-01	
 2.1116e+00	 2.5903e-01	
 2.1038e+00	 2.5703e-01	
 2.1155e+00	 2.5566e-01	
 2.1533e+00	 2.6644e-01	
 2.0677e+00	 2.5943e-01	
 2.1539e+00	 2.5924e-01	
 2.0431e+00	 2.5855e-01	
 2.1121e+00	 2.6027e-01	
 2.0993e+00	 2.6089e-01	
 2.0551e+00	 2.5605e-01	
 2.2381e+00	 2.5679e-01	
 2.1231e+00	 2.5580e-01	
 2.1275e+00	 2.5365e-01	
 2.0734e+00	 2.5656e-01	
 2.0797e+00	 2.6045e-01	
 2.1501e+00	 2.5018e-01	
 2.1436e+00	 2.5332e-01	
 2.1678e+00	 2.5933e-01	
 2.1159e+00	 2.5841e-01	
 2.0928e+00	 2.5878e-01	
 2.1399e+00	 2.5062e-01	
 2.0894e+00	 2.5434e-01	
 2.1076e+00	 2.4701e-01	
 2.1382e+00	 2.4787e-01	
 2.2086e+00	 2.5540e-01	
 2.0859e+00	 2.5043e-01	
 2.1323e+00	 2.4910e-01	
 2.1849e+00	 2.5365e-01	
 2.1510e+00	 2.4452e-01	
 2.1118e+00	 2.5360e-01	
 2.1027e+00	 2.5120e-01	
 2.2362e+00	 2.5141e-01	
 2.1934e+00	 2.5644e-01	
 2.1433e+00	 2.4823e-01	
 2.1647e+00	 2.5785e-01	
 2.1232e+00	 2.4841e-01	
 2.1353e+00	 2.4677e-01	
 2.1782e+00	 2.5238e-01	
 2.1399e+00	 2.4780e-01	
 2.1501e+00	 2.3972e-01	
 2.1854e+00	 2.5328e-01	
 2.2154e+00	 2.5632e-01	
 2.1270e+00	 2.4697e-01	
 2.1268e+00	 2.4625e-01	
 2.1928e+00	 2.5403e-01	
 2.2071e+00	 2.4839e-01	
 2.1430e+00	 2.3979e-01	
 2.1936e+00	 2.4809e-01	
 2.1662e+00	 2.5410e-01	
 2.2687e+00	 2.4556e-01	
 2.1550e+00	 2.4985e-01	
 2.2845e+00	 2.4831e-01	
 2.1708e+00	 2.4931e-01	
 2.2110e+00	 2.5432e-01	
 2.2083e+00	 2.4609e-01	
 2.2482e+00	 2.4139e-01	
 2.2320e+00	 2.4686e-01	
 2.2310e+00	 2.4363e-01	
 2.2049e+00	 2.4496e-01	
 2.1845e+00	 2.4613e-01	
 2.2360e+00	 2.5304e-01	
 2.1959e+00	 2.3910e-01	
 2.1248e+00	 2.4488e-01	
 2.3150e+00	 2.4219e-01	
 2.1521e+00	 2.3433e-01	
 2.2905e+00	 2.3554e-01	
 2.2899e+00	 2.4411e-01	
 2.2678e+00	 2.5577e-01	
 2.2754e+00	 2.4799e-01	
 2.2554e+00	 2.4383e-01	
 2.1594e+00	 2.4927e-01	
 2.3780e+00	 2.4468e-01	
 2.2116e+00	 2.4492e-01	
 2.2566e+00	 2.4614e-01	
 2.3668e+00	 2.4850e-01	
 2.2711e+00	 2.4488e-01	
 2.2683e+00	 2.4522e-01	
 2.2965e+00	 2.4776e-01	
 2.1731e+00	 2.4704e-01	
 2.2201e+00	 2.4905e-01	
 2.3449e+00	 2.4441e-01	
 2.1588e+00	 2.5067e-01	
 2.3049e+00	 2.4225e-01	
 2.2594e+00	 2.4584e-01	
 2.3362e+00	 2.4614e-01	
 2.3243e+00	 2.5088e-01	
 2.1920e+00	 2.4553e-01	
 2.3524e+00	 2.4116e-01	
 2.3138e+00	 2.4044e-01	
 2.3076e+00	 2.5459e-01	
 2.2821e+00	 2.4712e-01	
 2.2511e+00	 2.4766e-01	
 2.3534e+00	 2.5147e-01	
 2.3264e+00	 2.4868e-01	
 2.3365e+00	 2.4420e-01	
 2.2702e+00	 2.4943e-01	
 2.2739e+00	 2.4532e-01	
 2.3402e+00	 2.4932e-01	
 2.3389e+00	 2.4756e-01	
 2.2837e+00	 2.4726e-01	
 2.4337e+00	 2.4884e-01	
 2.2599e+00	 2.4697e-01	
 2.3673e+00	 2.4847e-01	
 2.2947e+00	 2.4852e-01	
 2.3533e+00	 2.4487e-01	
 2.2935e+00	 2.5088e-01	
 2.3525e+00	 2.4670e-01	
 2.4216e+00	 2.4395e-01	
 2.3761e+00	 2.4873e-01	
 2.3282e+00	 2.4026e-01	
 2.3583e+00	 2.4447e-01	
 2.3489e+00	 2.4592e-01	
 2.3549e+00	 2.5260e-01	
 2.2647e+00	 2.3870e-01	
 2.3647e+00	 2.3610e-01	
 2.3143e+00	 2.3750e-01	
 2.3644e+00	 2.4008e-01	
 2.4380e+00	 2.3912e-01	
 2.5310e+00	 2.4210e-01	
 2.4007e+00	 2.3767e-01	
 2.3220e+00	 2.3519e-01	
 2.3897e+00	 2.3787e-01	
 2.5419e+00	 2.3257e-01	
 2.5102e+00	 2.3909e-01	
 2.4665e+00	 2.4200e-01	
 2.4856e+00	 2.4236e-01	
 2.3248e+00	 2.3741e-01	
 2.4338e+00	 2.4685e-01	
 2.4109e+00	 2.4288e-01	
 2.4503e+00	 2.3999e-01	
 2.3758e+00	 2.4190e-01	
 2.2890e+00	 2.4564e-01	
 2.4491e+00	 2.3588e-01	
 2.4148e+00	 2.3796e-01	
 2.4683e+00	 2.4557e-01	
 2.4164e+00	 2.4040e-01	
 2.4859e+00	 2.4113e-01	
 2.5567e+00	 2.4044e-01	
 2.3747e+00	 2.4070e-01	
 2.4924e+00	 2.4044e-01	
 2.5411e+00	 2.4779e-01	
 2.3465e+00	 2.3564e-01	
 2.4379e+00	 2.4680e-01	
 2.5027e+00	 2.4352e-01	
 2.3835e+00	 2.4178e-01	
 2.5368e+00	 2.4660e-01	
 2.5013e+00	 2.3744e-01	
 2.4189e+00	 2.4307e-01	
 2.5304e+00	 2.4254e-01	
 2.4897e+00	 2.4861e-01	
 2.4494e+00	 2.4260e-01	
 2.5202e+00	 2.4243e-01	
 2.4573e+00	 2.3514e-01	
 2.5650e+00	 2.3870e-01	
 2.4749e+00	 2.4150e-01	
 2.4661e+00	 2.3448e-01	
 2.4780e+00	 2.4384e-01	
 2.5784e+00	 2.4931e-01	
 2.3020e+00	 2.3704e-01	
 2.5978e+00	 2.4314e-01	
 2.5258e+00	 2.4768e-01	
 2.4109e+00	 2.4362e-01	
 2.4562e+00	 2.4040e-01	
 2.5130e+00	 2.4665e-01	
 2.6485e+00	 2.3933e-01	
 2.4557e+00	 2.3756e-01	
 2.4485e+00	 2.4776e-01	
 2.7758e+00	 2.4448e-01	
 2.4940e+00	 2.4669e-01	
 2.4668e+00	 2.4323e-01	
 2.6055e+00	 2.4852e-01	
 2.4124e+00	 2.2766e-01	
 2.5426e+00	 2.4192e-01	
 2.5503e+00	 2.4241e-01	
 2.5353e+00	 2.4548e-01	
 2.4817e+00	 2.4491e-01	
 2.4418e+00	 2.4119e-01	
 2.4265e+00	 2.3920e-01	
 2.3819e+00	 2.3803e-01	
 2.6549e+00	 2.3486e-01	
 2.7159e+00	 2.4240e-01	
 2.6322e+00	 2.3577e-01	
 2.6252e+00	 2.4693e-01	
 2.5915e+00	 2.3868e-01	
 2.4886e+00	 2.3156e-01	
 2.6933e+00	 2.4522e-01	
 2.5795e+00	 2.4502e-01	
 2.6902e+00	 2.4477e-01	
 2.4866e+00	 2.4035e-01	
 2.6509e+00	 2.3874e-01	
 2.6807e+00	 2.3849e-01	
 2.5843e+00	 2.3912e-01	
 2.5867e+00	 2.3585e-01	
 2.6595e+00	 2.4629e-01	
 2.6265e+00	 2.4283e-01	
 2.7525e+00	 2.3801e-01	
 2.6339e+00	 2.3280e-01	
 2.5897e+00	 2.3675e-01	
 2.4531e+00	 2.3194e-01	
 2.4750e+00	 2.3725e-01	
 2.6415e+00	 2.3264e-01	
 2.7574e+00	 2.2998e-01	
 2.9269e+00	 2.3685e-01	
 2.7577e+00	 2.4058e-01	
 2.9799e+00	 2.3813e-01	
 2.8771e+00	 2.3263e-01	
 2.9039e+00	 2.4183e-01	
 3.1069e+00	 2.3950e-01	
 3.0838e+00	 2.3390e-01	
 3.0355e+00	 2.2925e-01	
 3.1915e+00	 2.3884e-01	
 3.2713e+00	 2.4025e-01	
 3.3895e+00	 2.2820e-01	
 3.3030e+00	 2.4064e-01	
 3.1725e+00	 2.3750e-01	
 3.3440e+00	 2.3449e-01	
 3.3465e+00	 2.3683e-01	
 3.1849e+00	 2.3470e-01	
 3.2068e+00	 2.3499e-01	
 3.2889e+00	 2.3510e-01	
 3.4122e+00	 2.3466e-01	
 3.3737e+00	 2.4308e-01	
 3.2615e+00	 2.3349e-01	
 3.2081e+00	 2.4319e-01	
 3.2447e+00	 2.3561e-01	
 3.2568e+00	 2.2335e-01	
 3.3098e+00	 2.3631e-01	
 3.3837e+00	 2.3565e-01	
 3.2636e+00	 2.3665e-01	
 3.1574e+00	 2.3366e-01	
 3.1892e+00	 2.2730e-01	
 3.1187e+00	 2.2593e-01	
 3.3565e+00	 2.3032e-01	
 3.3549e+00	 2.3178e-01	
 3.5426e+00	 2.2363e-01	
 3.6117e+00	 2.2343e-01	
 3.5027e+00	 2.3318e-01	
 3.4549e+00	 2.3687e-01	
 3.5576e+00	 2.2499e-01	
 3.4468e+00	 2.2950e-01	
 3.4654e+00	 2.3030e-01	
 3.5978e+00	 2.2802e-01	
 3.4322e+00	 2.2187e-01	
 3.4964e+00	 2.2680e-01	
 3.5244e+00	 2.3028e-01	
 3.2741e+00	 2.3028e-01	
 3.4857e+00	 2.2879e-01	
 3.5484e+00	 2.1834e-01	
 3.4827e+00	 2.2547e-01	
 3.4826e+00	 2.2963e-01	
 3.4020e+00	 2.2186e-01	
 3.5985e+00	 2.2315e-01	
 3.7599e+00	 2.2469e-01	
 3.4249e+00	 2.3011e-01	
 3.4088e+00	 2.2320e-01	
 3.4518e+00	 2.2067e-01	
 3.3764e+00	 2.1349e-01	
 3.4144e+00	 2.1882e-01	
 3.3840e+00	 2.2393e-01	
 3.3813e+00	 2.2198e-01	
 3.2684e+00	 2.2006e-01	
 3.5530e+00	 2.1987e-01	
 3.5708e+00	 2.1989e-01	
 3.6244e+00	 2.1620e-01	
 3.5379e+00	 2.1636e-01	
 3.5517e+00	 2.1371e-01	
 3.4791e+00	 2.1758e-01	
 3.7284e+00	 2.1707e-01	
 3.8751e+00	 2.2083e-01	
 3.7535e+00	 2.1983e-01	
 3.8519e+00	 2.1804e-01	
 3.7978e+00	 2.1440e-01	
 3.9684e+00	 2.1733e-01	
 3.9710e+00	 2.1488e-01	
 3.9237e+00	 2.1236e-01	
 3.7729e+00	 2.1978e-01	
 3.4754e+00	 2.1404e-01	
 3.7337e+00	 2.1453e-01	
 3.8490e+00	 2.1549e-01	
 3.7728e+00	 2.1998e-01	
 3.6319e+00	 2.1818e-01	
 3.8621e+00	 2.2164e-01	
 3.6947e+00	 2.2227e-01	
 3.7437e+00	 2.1718e-01	
 3.6323e+00	 2.1700e-01	
 3.7401e+00	 2.1309e-01	
 3.7759e+00	 2.1937e-01	
 3.9503e+00	 2.1044e-01	
 3.8184e+00	 2.1978e-01	
 4.0198e+00	 2.1317e-01	
 3.7977e+00	 2.1344e-01	
 3.9545e+00	 2.1696e-01	
 4.0077e+00	 2.1979e-01	
 3.7879e+00	 2.1931e-01	
 3.8575e+00	 2.1738e-01	
 3.7763e+00	 2.1646e-01	
 3.8174e+00	 2.1840e-01	
 3.8074e+00	 2.2008e-01	
 3.7153e+00	 2.1302e-01	
 3.9335e+00	 2.1702e-01	
 3.8075e+00	 2.1538e-01	
 3.9254e+00	 2.1864e-01	
 4.1025e+00	 2.1758e-01	
 4.0421e+00	 2.1553e-01	
 3.9920e+00	 2.1917e-01	
 3.9504e+00	 2.1526e-01	
 3.9964e+00	 2.1857e-01	
 4.0694e+00	 2.2394e-01	
 3.9134e+00	 2.1755e-01	
 3.9642e+00	 2.1425e-01	
 3.7464e+00	 2.1674e-01	
 3.8326e+00	 2.1593e-01	
 3.9147e+00	 2.1756e-01	
 4.0963e+00	 2.1830e-01	
 3.8983e+00	 2.1844e-01	
 3.8920e+00	 2.1608e-01	
 3.7840e+00	 2.1775e-01	
 3.9711e+00	 2.1422e-01	
 4.0552e+00	 2.1557e-01	
 3.8633e+00	 2.1500e-01	
 4.0196e+00	 2.1336e-01	
 4.2034e+00	 2.2020e-01	
 4.2264e+00	 2.2081e-01	
 4.1763e+00	 2.1729e-01	
 4.1525e+00	 2.2223e-01	
 4.0929e+00	 2.1534e-01	
 4.0206e+00	 2.1710e-01	
 3.9177e+00	 2.1382e-01	
 4.1184e+00	 2.1740e-01	
 4.1830e+00	 2.1498e-01	
 4.1866e+00	 2.1260e-01	
 4.2384e+00	 2.2050e-01	
 4.2121e+00	 2.1816e-01	
 4.4577e+00	 2.1185e-01	
 4.3646e+00	 2.2041e-01	
 4.3406e+00	 2.1877e-01	
 4.1986e+00	 2.1882e-01	
 4.2627e+00	 2.0843e-01	
 4.2500e+00	 2.1546e-01	
 3.9447e+00	 2.1266e-01	
 4.4385e+00	 2.1706e-01	
 4.2121e+00	 2.1266e-01	
 4.3595e+00	 2.1594e-01	
 4.1057e+00	 2.1517e-01	
 4.3772e+00	 2.1251e-01	
 4.3166e+00	 2.1385e-01	
 4.3801e+00	 2.1020e-01	
 4.3429e+00	 2.1365e-01	
 4.3941e+00	 2.1345e-01	
 4.2211e+00	 2.1893e-01	
 4.4769e+00	 2.1181e-01	
 4.3875e+00	 2.1669e-01	
 4.3376e+00	 2.1356e-01	
 4.3494e+00	 2.1461e-01	
 4.3437e+00	 2.1121e-01	
 4.3312e+00	 2.1622e-01	
 4.2453e+00	 2.0583e-01	
 4.4316e+00	 2.1245e-01	
 4.5213e+00	 2.1372e-01	
 4.4561e+00	 2.1232e-01	
 4.3782e+00	 2.1649e-01	
 4.6344e+00	 2.0928e-01	
 4.2672e+00	 2.1058e-01	
 4.4757e+00	 2.1434e-01	
 4.4839e+00	 2.1517e-01	
 4.3344e+00	 2.1515e-01	
 4.5597e+00	 2.2147e-01	
 4.4901e+00	 2.0670e-01	
 4.5441e+00	 2.1179e-01	
 4.5923e+00	 2.1092e-01	
 4.4844e+00	 2.0960e-01	
 4.5393e+00	 2.1038e-01	
 4.3501e+00	 2.1442e-01	
 4.6702e+00	 2.1389e-01	
 4.5299e+00	 2.0891e-01	
 4.6650e+00	 2.0551e-01	
 4.6261e+00	 2.2108e-01	
 4.4520e+00	 2.1308e-01	
 4.4744e+00	 2.1569e-01	
 4.3766e+00	 2.1875e-01	
 4.5765e+00	 2.1454e-01	
 4.3296e+00	 2.1342e-01	
 4.2486e+00	 2.1059e-01	
 4.4035e+00	 2.1649e-01	
 4.4128e+00	 2.1633e-01	
 4.1827e+00	 2.1441e-01	
 4.3851e+00	 2.1974e-01	
 4.1894e+00	 2.1885e-01	
 4.4246e+00	 2.1962e-01	
 4.5021e+00	 2.1571e-01	
 4.5265e+00	 2.2308e-01	
 4.6618e+00	 2.2671e-01	
 4.4639e+00	 2.2325e-01	
 4.4902e+00	 2.2158e-01	
 4.4808e+00	 2.3436e-01	
 4.5433e+00	 2.2808e-01	
 4.4835e+00	 2.2608e-01	
 4.1912e+00	 2.2466e-01	
 4.3934e+00	 2.2496e-01	
 4.3889e+00	 2.2349e-01	
 4.3018e+00	 2.2000e-01	
 4.4460e+00	 2.2682e-01	
 4.5729e+00	 2.2981e-01	
 4.5494e+00	 2.2860e-01	
 4.5306e+00	 2.2412e-01	
 4.6236e+00	 2.2757e-01	
 4.7099e+00	 2.3334e-01	
 4.7029e+00	 2.3588e-01	
 4.7111e+00	 2.3148e-01	
 4.7384e+00	 2.3658e-01	
 4.4287e+00	 2.3028e-01	
 4.5144e+00	 2.2687e-01	
 4.5953e+00	 2.3856e-01	
 4.5652e+00	 2.3095e-01	
 4.4520e+00	 2.3873e-01	
 4.3665e+00	 2.2830e-01	
 4.5423e+00	 2.3514e-01	
 4.5866e+00	 2.2912e-01	
 4.5918e+00	 2.2707e-01	
 4.5203e+00	 2.2517e-01	
 4.4612e+00	 2.2887e-01	
 4.4320e+00	 2.3666e-01	
 4.2886e+00	 2.2949e-01	
 4.4082e+00	 2.2817e-01	
 4.6317e+00	 2.2475e-01	
 4.6428e+00	 2.2405e-01	
 4.6392e+00	 2.2773e-01	
 4.7522e+00	 2.2672e-01	
 4.5805e+00	 2.3746e-01	
 4.6070e+00	 2.2878e-01	
 4.7113e+00	 2.2299e-01	
 4.8398e+00	 2.2315e-01	
 4.7189e+00	 2.2808e-01	
 4.4585e+00	 2.3304e-01	
 4.5091e+00	 2.2356e-01	
 4.5136e+00	 2.1598e-01	
 4.6245e+00	 2.2586e-01	
 4.7543e+00	 2.2351e-01	
 4.5439e+00	 2.2664e-01	
 4.7898e+00	 2.2988e-01	
 4.4872e+00	 2.2485e-01	
 4.4983e+00	 2.2333e-01	
 4.7207e+00	 2.2143e-01	
 4.5394e+00	 2.2599e-01	
 4.5299e+00	 2.1560e-01	
 4.5820e+00	 2.1701e-01	
 4.7732e+00	 2.1857e-01	
 4.6097e+00	 2.1794e-01	
 4.7368e+00	 2.1942e-01	
 4.7349e+00	 2.1776e-01	
 4.6584e+00	 2.1311e-01	
 4.7224e+00	 2.1088e-01	
 4.7003e+00	 2.1427e-01	
 4.7868e+00	 2.1694e-01	
 4.7453e+00	 2.1474e-01	
 4.8505e+00	 2.1659e-01	
 4.8709e+00	 2.2075e-01	
 4.7962e+00	 2.1713e-01	
 4.8280e+00	 2.1465e-01	
 4.8378e+00	 2.1335e-01	
 4.7771e+00	 2.1498e-01	
 4.8994e+00	 2.1117e-01	
 4.8075e+00	 2.0863e-01	
 4.8538e+00	 2.1274e-01	
 4.8606e+00	 2.1552e-01	
 4.9337e+00	 2.1879e-01	
 4.8595e+00	 2.1038e-01	
 4.7538e+00	 2.1031e-01	
 4.9199e+00	 1.9861e-01	
 4.9474e+00	 1.9850e-01	
 4.9562e+00	 2.0388e-01	
 5.0197e+00	 2.0336e-01	
 5.0441e+00	 2.0072e-01	
 5.0387e+00	 2.0370e-01	
 4.9102e+00	 2.0868e-01	
 4.7871e+00	 2.0370e-01	
 4.7978e+00	 2.0497e-01	
 4.9602e+00	 1.9946e-01	
 4.9793e+00	 2.0704e-01	
 4.8384e+00	 2.0237e-01	
 4.8012e+00	 2.0252e-01	
 4.5794e+00	 1.9554e-01	
 4.8678e+00	 1.9655e-01	
 4.7187e+00	 2.0100e-01	
 4.4519e+00	 2.0579e-01	
 4.6117e+00	 1.9358e-01	
 4.6674e+00	 1.9701e-01	
 4.6756e+00	 1.9758e-01	
 4.6169e+00	 1.9595e-01	
 5.1275e+00	 2.0189e-01	
 4.9421e+00	 2.0014e-01	
 4.6620e+00	 2.0387e-01	
 4.8164e+00	 2.0426e-01	
 4.8225e+00	 1.9979e-01	
 4.8703e+00	 1.9549e-01	
 5.0858e+00	 1.9437e-01	
 4.9923e+00	 2.0167e-01	
 4.8047e+00	 2.0343e-01	
 5.2911e+00	 1.9765e-01	
 4.7840e+00	 2.0062e-01	
 4.8645e+00	 2.0592e-01	
 4.5447e+00	 2.0176e-01	
 4.8853e+00	 2.0049e-01	
 4.7457e+00	 1.9515e-01	
 4.8232e+00	 1.9889e-01	
 4.7630e+00	 1.9692e-01	
 4.7537e+00	 1.9678e-01	
 4.7243e+00	 1.9967e-01	
 4.8935e+00	 1.9743e-01	
 4.6838e+00	 2.0062e-01	
 4.7510e+00	 1.9696e-01	
 4.6835e+00	 1.9937e-01	
 4.9408e+00	 1.9044e-01	
 4.8847e+00	 1.9777e-01	
 4.6931e+00	 1.9504e-01	
 4.7483e+00	 1.9175e-01	
 4.8547e+00	 1.9146e-01	
 4.6719e+00	 1.9649e-01	
 4.8406e+00	 1.9355e-01	
 4.7568e+00	 1.9450e-01	
 4.8892e+00	 1.9641e-01	
 4.6995e+00	 1.9686e-01	
 4.6717e+00	 1.9151e-01	
 4.8816e+00	 1.9348e-01	
 4.9756e+00	 1.9942e-01	
 4.7463e+00	 1.9603e-01	
 4.6738e+00	 1.9375e-01	
 5.0311e+00	 1.9643e-01	
 4.5043e+00	 1.9921e-01	
 4.9144e+00	 1.9796e-01	
 4.5720e+00	 1.7977e-01	
 4.6380e+00	 1.7700e-01	
 4.5334e+00	 1.7840e-01	
 4.8472e+00	 1.8906e-01	
 5.1756e+00	 1.9387e-01	
 5.0051e+00	 1.9281e-01	
 4.9628e+00	 1.9861e-01	
 4.9247e+00	 1.9445e-01	
 4.6148e+00	 1.8516e-01	
 4.9204e+00	 1.8794e-01	
 4.8074e+00	 1.8753e-01	
 5.0323e+00	 1.9108e-01	
 4.8111e+00	 1.9364e-01	
 5.0201e+00	 1.9246e-01	
 4.9759e+00	 1.9364e-01	
 4.9889e+00	 1.9549e-01	
 5.0128e+00	 1.9254e-01	
 5.1661e+00	 1.9111e-01	
 5.1418e+00	 1.9226e-01	
 5.1453e+00	 1.9417e-01	
 5.1389e+00	 1.9316e-01	
 5.0045e+00	 1.9918e-01	
 4.8765e+00	 1.9733e-01	
 4.9001e+00	 1.9363e-01	
 4.6352e+00	 1.9529e-01	
 4.5776e+00	 1.9192e-01	
 4.7598e+00	 1.8750e-01	
 4.6878e+00	 1.9492e-01	
 4.8354e+00	 1.9776e-01	
 4.9581e+00	 1.9007e-01	
 5.0021e+00	 1.9766e-01	
 4.7356e+00	 1.9549e-01	
 4.7652e+00	 1.9398e-01	
 4.8775e+00	 2.0372e-01	
 4.7581e+00	 1.9103e-01	
 4.8454e+00	 1.9954e-01	
 4.8793e+00	 1.9774e-01	
 5.0267e+00	 2.0022e-01	
 4.8664e+00	 2.0052e-01	
 4.9440e+00	 2.0128e-01	
 4.9184e+00	 1.9805e-01	
 4.8839e+00	 2.0102e-01	
 4.8020e+00	 1.9779e-01	
 4.8912e+00	 1.9502e-01	
 4.6318e+00	 2.0009e-01	
 4.7976e+00	 1.9853e-01	
 5.0045e+00	 1.9450e-01	
 5.1309e+00	 1.9337e-01	
 4.9524e+00	 2.0167e-01	
 4.9381e+00	 1.9688e-01	
 4.8230e+00	 1.9423e-01	
 5.1653e+00	 1.9262e-01	
 5.1999e+00	 1.9570e-01	
 4.9159e+00	 2.0190e-01	
 4.7365e+00	 1.9879e-01	
 5.0045e+00	 1.9862e-01	
 5.1240e+00	 2.0638e-01	
 4.8305e+00	 2.0208e-01	
 4.8095e+00	 1.9867e-01	
 4.7625e+00	 2.0112e-01	
 4.7464e+00	 2.0023e-01	
 4.7825e+00	 2.0120e-01	
 5.1681e+00	 1.9841e-01	
 4.8145e+00	 2.0191e-01	
 4.9861e+00	 2.0308e-01	
 4.8234e+00	 2.0246e-01	
 4.8046e+00	 2.0289e-01	
 4.7586e+00	 2.1024e-01	
 5.1218e+00	 2.0441e-01	
 5.5274e+00	 2.0583e-01	
 5.2820e+00	 2.0385e-01	
 5.1164e+00	 2.0381e-01	
 4.9637e+00	 2.0864e-01	
 4.8172e+00	 2.0354e-01	
 5.1964e+00	 2.0417e-01	
 4.7310e+00	 2.0704e-01	
 5.0150e+00	 2.0502e-01	
 5.1211e+00	 2.0400e-01	
 4.8388e+00	 2.0598e-01	
 5.1463e+00	 2.1014e-01	
 5.1126e+00	 2.1507e-01	
 5.1828e+00	 2.0729e-01	
 5.2738e+00	 2.0609e-01	
 5.2888e+00	 2.0041e-01	
 5.2149e+00	 2.0109e-01	
 5.0246e+00	 2.0085e-01	
 5.2808e+00	 2.0248e-01	
 5.0993e+00	 2.0414e-01	
 5.3402e+00	 2.0635e-01	
 4.7692e+00	 2.1074e-01	
 4.9167e+00	 2.0636e-01	
 4.9770e+00	 2.0484e-01	
 4.8296e+00	 2.0279e-01	
 5.1007e+00	 2.0616e-01	
 4.8556e+00	 2.0692e-01	
 4.9379e+00	 2.0632e-01	
 5.0208e+00	 2.1011e-01	
 5.2127e+00	 2.0213e-01	
 5.0538e+00	 2.0210e-01	
 4.9932e+00	 2.0001e-01	
 5.0776e+00	 2.0621e-01	
 4.9527e+00	 2.0439e-01	
 5.1013e+00	 2.0083e-01	
 5.0998e+00	 2.0622e-01	
 5.1749e+00	 2.0274e-01	
 5.2323e+00	 1.9721e-01	
 5.1139e+00	 2.0379e-01	
 5.3299e+00	 2.0313e-01	
 5.2260e+00	 2.0401e-01	
 5.0750e+00	 2.0305e-01	
 4.8313e+00	 2.0249e-01	
 4.9602e+00	 2.0376e-01	
 5.1516e+00	 2.0103e-01	
 4.9758e+00	 2.0356e-01	
 5.1966e+00	 2.0329e-01	
 5.3654e+00	 2.0364e-01	
 5.4165e+00	 2.0163e-01	
 5.3593e+00	 2.0368e-01	
 5.3069e+00	 2.0649e-01	
 5.3389e+00	 1.9880e-01	
 5.4698e+00	 2.0034e-01	
 5.0639e+00	 2.0036e-01	
 5.1708e+00	 2.0248e-01	
 5.2644e+00	 2.0053e-01	
 5.5067e+00	 1.9916e-01	
 5.0210e+00	 2.0302e-01	
 4.9252e+00	 2.0679e-01	
 4.9972e+00	 2.0157e-01	
 5.2005e+00	 1.9800e-01	
 5.2786e+00	 2.0138e-01	
 5.4107e+00	 2.0416e-01	
 5.4503e+00	 2.0245e-01	
 5.3957e+00	 1.9910e-01	
 5.4155e+00	 2.0368e-01	
 5.4231e+00	 1.9859e-01	
 5.6473e+00	 1.9924e-01	
 5.4329e+00	 1.9620e-01	
 5.3926e+00	 1.9704e-01	
 5.5434e+00	 1.9902e-01	
 5.4282e+00	 1.9910e-01	
 5.6311e+00	 2.0311e-01	
 5.3476e+00	 2.0019e-01	
 5.5344e+00	 2.0378e-01	
 5.7058e+00	 1.9523e-01	
 5.7275e+00	 2.0290e-01	
 5.4779e+00	 2.0110e-01	
 5.4732e+00	 1.9748e-01	
 5.5753e+00	 2.0009e-01	
 5.5458e+00	 1.9143e-01	
 5.7136e+00	 1.9953e-01	
 5.4565e+00	 2.0078e-01	
 5.4401e+00	 2.0131e-01	
 5.2177e+00	 1.9418e-01	
 5.1210e+00	 1.9827e-01	
 5.4400e+00	 1.9787e-01	
 5.2852e+00	 2.0059e-01	
 5.4409e+00	 1.9805e-01	
 5.2994e+00	 1.9772e-01	
 5.5314e+00	 2.0031e-01	
 5.0965e+00	 2.0094e-01	
 5.4351e+00	 2.0076e-01	
 5.3008e+00	 2.0278e-01	
 5.3323e+00	 2.0322e-01	
 5.2084e+00	 1.9836e-01	
 5.6945e+00	 2.0124e-01	
 5.5295e+00	 1.9926e-01	
 5.7543e+00	 1.9489e-01	
 5.5566e+00	 1.9724e-01	
 5.5661e+00	 1.9565e-01	
 5.6615e+00	 1.9879e-01	
 5.4852e+00	 1.9938e-01	
 5.4817e+00	 2.0416e-01	
 5.5782e+00	 2.0063e-01	
 5.4398e+00	 2.0557e-01	
 5.2821e+00	 2.0516e-01	
 5.4779e+00	 2.0451e-01	
 5.6682e+00	 2.0378e-01	
 5.7867e+00	 2.0025e-01	
 5.6560e+00	 1.9628e-01	
 6.0368e+00	 2.0385e-01	
 5.9672e+00	 2.0508e-01	
 5.8367e+00	 1.9962e-01	
 5.9306e+00	 1.9898e-01	
 5.6997e+00	 1.9949e-01	
 5.7921e+00	 2.0228e-01	
 5.9622e+00	 1.9870e-01	
 6.1641e+00	 1.8943e-01	
 5.8063e+00	 1.9997e-01	
 5.6334e+00	 1.9497e-01	
 5.6584e+00	 1.9889e-01	
 5.5554e+00	 2.0397e-01	
 5.4284e+00	 1.9852e-01	
 5.6682e+00	 1.9852e-01	
 5.5740e+00	 1.9714e-01	
 5.5849e+00	 2.0167e-01	
 5.6717e+00	 2.0107e-01	
 5.7577e+00	 1.9861e-01	
 6.1755e+00	 2.0313e-01	
 6.3296e+00	 1.9794e-01	
 6.3338e+00	 1.9788e-01	
 6.2500e+00	 1.9536e-01	
 6.6435e+00	 1.9923e-01	
 6.4179e+00	 1.9381e-01	
 6.0225e+00	 1.9901e-01	
 6.0616e+00	 2.0069e-01	
 5.9631e+00	 1.9178e-01	
 5.8464e+00	 1.9652e-01	
 6.0090e+00	 1.9833e-01	
 5.6117e+00	 1.8712e-01	
 5.2418e+00	 1.9854e-01	
 5.6676e+00	 1.9459e-01	
 5.9413e+00	 1.9749e-01	
 5.4815e+00	 2.0106e-01	
 5.5192e+00	 1.9811e-01	
 5.8413e+00	 1.9661e-01	
 5.9751e+00	 1.9894e-01	
 5.5722e+00	 1.9731e-01	
 5.7600e+00	 2.0204e-01	
 5.9645e+00	 2.0488e-01	
 5.5288e+00	 1.9748e-01	
 6.0833e+00	 1.9597e-01	
 5.7106e+00	 1.9805e-01	
 6.2641e+00	 1.9274e-01	
 6.0517e+00	 1.9586e-01	
 6.4114e+00	 1.9635e-01	
 6.1875e+00	 1.9423e-01	
 6.3526e+00	 1.9425e-01	
 6.2010e+00	 1.9354e-01	
 5.8009e+00	 1.8738e-01	
 6.0463e+00	 1.8912e-01	
 5.6903e+00	 1.9387e-01	
 6.3514e+00	 1.9537e-01	
 6.3225e+00	 1.9395e-01	
 6.5761e+00	 2.0181e-01	
 6.1127e+00	 1.9663e-01	
 6.0991e+00	 1.9445e-01	
 6.1136e+00	 1.9575e-01	
 6.0494e+00	 2.0218e-01	
 6.5061e+00	 2.0269e-01	
 6.4130e+00	 1.9586e-01	
 6.0370e+00	 2.0199e-01	
 6.0032e+00	 1.9635e-01	
 6.2128e+00	 2.0086e-01	
 6.5375e+00	 2.0019e-01	
 6.4407e+00	 1.9685e-01	
 5.9575e+00	 2.0141e-01	
 6.2689e+00	 2.0187e-01	
 6.7679e+00	 1.9451e-01	
 6.4571e+00	 2.0193e-01	
 6.8847e+00	 1.9228e-01	
 6.4613e+00	 1.9624e-01	
 6.6001e+00	 1.9462e-01	
 6.3471e+00	 1.9079e-01	
 6.6602e+00	 1.9219e-01	
 6.1210e+00	 1.9775e-01	
 6.7496e+00	 1.9391e-01	
 6.2059e+00	 1.9461e-01	
 7.0051e+00	 1.9565e-01	
 6.3773e+00	 1.9869e-01	
 6.1262e+00	 1.8848e-01	
 6.4034e+00	 1.9189e-01	
 6.6693e+00	 1.9442e-01	
 7.1500e+00	 1.9355e-01	
 6.8665e+00	 1.9866e-01	
 6.4795e+00	 1.9307e-01	
 6.5533e+00	 1.9496e-01	
 6.5458e+00	 1.9458e-01	
 6.5580e+00	 2.0283e-01	
 7.0032e+00	 1.9107e-01	
 6.7479e+00	 1.9217e-01	
 6.4707e+00	 2.0199e-01	
 6.7848e+00	 1.9440e-01	
 7.0249e+00	 2.0040e-01	
 6.6016e+00	 1.9782e-01	
 7.1834e+00	 1.9498e-01	
 6.6441e+00	 1.9400e-01	
 6.3484e+00	 1.9457e-01	
 6.7253e+00	 1.9817e-01	
 6.8856e+00	 1.9814e-01	
 6.9903e+00	 2.0253e-01	
 6.5566e+00	 2.0507e-01	
 6.8981e+00	 1.9768e-01	
 6.8956e+00	 1.9606e-01	
 6.8825e+00	 1.9706e-01	
 7.2434e+00	 1.9680e-01	
