Loss	
 6.9384e-01	
 6.9224e-01	
 6.9063e-01	
 6.8904e-01	
 6.8743e-01	
 6.8580e-01	
 6.8354e-01	
 6.8125e-01	
 6.8002e-01	
 6.7949e-01	
 6.7813e-01	
 6.7648e-01	
 6.7467e-01	
 6.7281e-01	
 6.7084e-01	
 6.6906e-01	
 6.6758e-01	
 6.6648e-01	
 6.6510e-01	
 6.6363e-01	
 6.6199e-01	
 6.6013e-01	
 6.5842e-01	
 6.5717e-01	
 6.5557e-01	
 6.5413e-01	
 6.5271e-01	
 6.5105e-01	
 6.4938e-01	
 6.4755e-01	
 6.4600e-01	
 6.4458e-01	
 6.4292e-01	
 6.4156e-01	
 6.4011e-01	
 6.3849e-01	
 6.3692e-01	
 6.3524e-01	
 6.3381e-01	
 6.3227e-01	
 6.3074e-01	
 6.2946e-01	
 6.2804e-01	
 6.2642e-01	
 6.2475e-01	
 6.2323e-01	
 6.2160e-01	
 6.2022e-01	
 6.1876e-01	
 6.1709e-01	
 6.1557e-01	
 6.1411e-01	
 6.1254e-01	
 6.1110e-01	
 6.0977e-01	
 6.0822e-01	
 6.0669e-01	
 6.0536e-01	
 6.0379e-01	
 6.0224e-01	
 6.0054e-01	
 5.9896e-01	
 5.9751e-01	
 5.9602e-01	
 5.9446e-01	
 5.9274e-01	
 5.9130e-01	
 5.8982e-01	
 5.8860e-01	
 5.8719e-01	
 5.8573e-01	
 5.8458e-01	
 5.8311e-01	
 5.8160e-01	
 5.8010e-01	
 5.7846e-01	
 5.7688e-01	
 5.7530e-01	
 5.7370e-01	
 5.7251e-01	
 5.7089e-01	
 5.6939e-01	
 5.6801e-01	
 5.6659e-01	
 5.6505e-01	
 5.6369e-01	
 5.6226e-01	
 5.6087e-01	
 5.5941e-01	
 5.5792e-01	
 5.5640e-01	
 5.5497e-01	
 5.5359e-01	
 5.5210e-01	
 5.5062e-01	
 5.4907e-01	
 5.4769e-01	
 5.4621e-01	
 5.4476e-01	
 5.4307e-01	
 5.4160e-01	
 5.4035e-01	
 5.3874e-01	
 5.3728e-01	
 5.3593e-01	
 5.3447e-01	
 5.3324e-01	
 5.3164e-01	
 5.3023e-01	
 5.2887e-01	
 5.2752e-01	
 5.2621e-01	
 5.2450e-01	
 5.2302e-01	
 5.2186e-01	
 5.2039e-01	
 5.1896e-01	
 5.1758e-01	
 5.1607e-01	
 5.1457e-01	
 5.1307e-01	
 5.1190e-01	
 5.1039e-01	
 5.0872e-01	
 5.0725e-01	
 5.0584e-01	
 5.0444e-01	
 5.0300e-01	
 5.0143e-01	
 5.0000e-01	
 4.9874e-01	
 4.9727e-01	
 4.9601e-01	
 4.9455e-01	
 4.9326e-01	
 4.9173e-01	
 4.9036e-01	
 4.8909e-01	
 4.8749e-01	
 4.8614e-01	
 4.8489e-01	
 4.8332e-01	
 4.8189e-01	
 4.8027e-01	
 4.7890e-01	
 4.7753e-01	
 4.7599e-01	
 4.7453e-01	
 4.7314e-01	
 4.7197e-01	
 4.7042e-01	
 4.6898e-01	
 4.6759e-01	
 4.6611e-01	
 4.6473e-01	
 4.6329e-01	
 4.6171e-01	
 4.6015e-01	
 4.5871e-01	
 4.5731e-01	
 4.5598e-01	
 4.5479e-01	
 4.5322e-01	
 4.5190e-01	
 4.5043e-01	
 4.4893e-01	
 4.4751e-01	
 4.4608e-01	
 4.4476e-01	
 4.4346e-01	
 4.4212e-01	
 4.4070e-01	
 4.3954e-01	
 4.3806e-01	
 4.3654e-01	
 4.3500e-01	
 4.3385e-01	
 4.3226e-01	
 4.3085e-01	
 4.2951e-01	
 4.2827e-01	
 4.2706e-01	
 4.2573e-01	
 4.2444e-01	
 4.2279e-01	
 4.2171e-01	
 4.2009e-01	
 4.1871e-01	
 4.1750e-01	
 4.1626e-01	
 4.1485e-01	
 4.1343e-01	
 4.1200e-01	
 4.1061e-01	
 4.0919e-01	
 4.0799e-01	
 4.0655e-01	
 4.0517e-01	
 4.0377e-01	
 4.0272e-01	
 4.0169e-01	
 4.0050e-01	
 3.9919e-01	
 3.9803e-01	
 3.9680e-01	
 3.9551e-01	
 3.9416e-01	
 3.9278e-01	
 3.9144e-01	
 3.9003e-01	
 3.8852e-01	
 3.8726e-01	
 3.8613e-01	
 3.8482e-01	
 3.8357e-01	
 3.8241e-01	
 3.8155e-01	
 3.8043e-01	
 3.7938e-01	
 3.7829e-01	
 3.7738e-01	
 3.7661e-01	
 3.7543e-01	
 3.7423e-01	
 3.7328e-01	
 3.7198e-01	
 3.7104e-01	
 3.7011e-01	
 3.6919e-01	
 3.6794e-01	
 3.6723e-01	
 3.6613e-01	
 3.6538e-01	
 3.6470e-01	
 3.6376e-01	
 3.6265e-01	
 3.6200e-01	
 3.6118e-01	
 3.6032e-01	
