Hiber-loss	LSTM-Loss	
 2.5835e+00	 3.0982e-01	
 2.5833e+00	 3.1704e-01	
 2.5830e+00	 3.1326e-01	
 2.5826e+00	 3.1572e-01	
 2.5823e+00	 3.0602e-01	
 2.5820e+00	 3.0723e-01	
 2.5816e+00	 3.0577e-01	
 2.5812e+00	 3.1080e-01	
 2.5808e+00	 3.1004e-01	
 2.5804e+00	 3.1327e-01	
 2.5799e+00	 3.2150e-01	
 2.5795e+00	 3.1873e-01	
 2.5789e+00	 3.0764e-01	
 2.5784e+00	 3.1396e-01	
 2.5779e+00	 3.1330e-01	
 2.5773e+00	 3.0963e-01	
 2.5767e+00	 3.0730e-01	
 2.5761e+00	 3.1014e-01	
 2.5754e+00	 3.1241e-01	
 2.5748e+00	 3.2143e-01	
 2.5741e+00	 3.1378e-01	
 2.5733e+00	 3.1314e-01	
 2.5726e+00	 3.1827e-01	
 2.5718e+00	 3.1436e-01	
 2.5709e+00	 3.0879e-01	
 2.5701e+00	 3.1570e-01	
 2.5692e+00	 3.1447e-01	
 2.5682e+00	 3.1657e-01	
 2.5673e+00	 3.1650e-01	
 2.5662e+00	 3.1186e-01	
 2.5652e+00	 3.0926e-01	
 2.5642e+00	 3.1792e-01	
 2.5630e+00	 3.0787e-01	
 2.5619e+00	 3.0375e-01	
 2.5608e+00	 3.1602e-01	
 2.5596e+00	 3.1546e-01	
 2.5584e+00	 3.1280e-01	
 2.5572e+00	 3.2112e-01	
 2.5558e+00	 3.0504e-01	
 2.5546e+00	 3.1785e-01	
 2.5533e+00	 3.1317e-01	
 2.5519e+00	 3.1323e-01	
 2.5506e+00	 3.1296e-01	
 2.5492e+00	 3.1581e-01	
 2.5478e+00	 3.1320e-01	
 2.5464e+00	 3.1423e-01	
 2.5449e+00	 3.1301e-01	
 2.5434e+00	 3.0665e-01	
 2.5421e+00	 3.1491e-01	
 2.5406e+00	 3.1392e-01	
 2.5391e+00	 3.1429e-01	
 2.5375e+00	 3.0587e-01	
 2.5361e+00	 3.1727e-01	
 2.5346e+00	 3.1602e-01	
 2.5330e+00	 3.1001e-01	
 2.5314e+00	 3.0854e-01	
 2.5299e+00	 3.1186e-01	
 2.5285e+00	 3.1916e-01	
 2.5268e+00	 3.0875e-01	
 2.5252e+00	 3.0928e-01	
 2.5239e+00	 3.2121e-01	
 2.5222e+00	 3.1317e-01	
 2.5206e+00	 3.1064e-01	
 2.5191e+00	 3.1804e-01	
 2.5175e+00	 3.1543e-01	
 2.5160e+00	 3.1689e-01	
 2.5143e+00	 3.1362e-01	
 2.5128e+00	 3.1639e-01	
 2.5111e+00	 3.1157e-01	
 2.5095e+00	 3.1080e-01	
 2.5078e+00	 3.0825e-01	
 2.5064e+00	 3.1564e-01	
 2.5047e+00	 3.0971e-01	
 2.5032e+00	 3.1205e-01	
 2.5016e+00	 3.1260e-01	
 2.5001e+00	 3.1774e-01	
 2.4987e+00	 3.2133e-01	
 2.4967e+00	 3.0973e-01	
 2.4951e+00	 3.0910e-01	
 2.4937e+00	 3.1581e-01	
 2.4920e+00	 3.1272e-01	
 2.4904e+00	 3.1218e-01	
 2.4890e+00	 3.1710e-01	
 2.4875e+00	 3.1897e-01	
 2.4861e+00	 3.2418e-01	
 2.4842e+00	 3.1659e-01	
 2.4827e+00	 3.1684e-01	
 2.4810e+00	 3.1405e-01	
 2.4795e+00	 3.1713e-01	
 2.4777e+00	 3.1117e-01	
 2.4763e+00	 3.1809e-01	
 2.4748e+00	 3.1798e-01	
 2.4732e+00	 3.1804e-01	
 2.4718e+00	 3.2288e-01	
 2.4703e+00	 3.2456e-01	
 2.4685e+00	 3.1848e-01	
 2.4668e+00	 3.1665e-01	
 2.4652e+00	 3.1719e-01	
 2.4639e+00	 3.2356e-01	
 2.4621e+00	 3.1802e-01	
 2.4605e+00	 3.1853e-01	
 2.4587e+00	 3.1284e-01	
 2.4572e+00	 3.1538e-01	
 2.4556e+00	 3.1484e-01	
 2.4543e+00	 3.1985e-01	
 2.4527e+00	 3.1877e-01	
 2.4510e+00	 3.1781e-01	
 2.4497e+00	 3.2195e-01	
 2.4480e+00	 3.2057e-01	
 2.4460e+00	 3.1029e-01	
 2.4447e+00	 3.1659e-01	
 2.4431e+00	 3.1586e-01	
 2.4418e+00	 3.2152e-01	
 2.4400e+00	 3.1766e-01	
 2.4386e+00	 3.2046e-01	
 2.4369e+00	 3.1843e-01	
 2.4353e+00	 3.1659e-01	
 2.4341e+00	 3.2488e-01	
 2.4323e+00	 3.2038e-01	
 2.4308e+00	 3.2070e-01	
 2.4290e+00	 3.1664e-01	
 2.4279e+00	 3.2526e-01	
 2.4265e+00	 3.2748e-01	
 2.4243e+00	 3.1635e-01	
 2.4229e+00	 3.1900e-01	
 2.4211e+00	 3.1480e-01	
 2.4195e+00	 3.1475e-01	
 2.4181e+00	 3.1701e-01	
 2.4165e+00	 3.1586e-01	
 2.4151e+00	 3.1953e-01	
 2.4141e+00	 3.2819e-01	
 2.4121e+00	 3.2066e-01	
 2.4105e+00	 3.2046e-01	
 2.4090e+00	 3.2136e-01	
 2.4077e+00	 3.2460e-01	
 2.4061e+00	 3.2395e-01	
 2.4043e+00	 3.2108e-01	
 2.4034e+00	 3.3016e-01	
 2.4010e+00	 3.1764e-01	
 2.3996e+00	 3.1976e-01	
 2.3980e+00	 3.1845e-01	
 2.3968e+00	 3.2298e-01	
 2.3952e+00	 3.2326e-01	
 2.3936e+00	 3.2178e-01	
 2.3926e+00	 3.2966e-01	
 2.3907e+00	 3.2440e-01	
 2.3894e+00	 3.2835e-01	
 2.3869e+00	 3.1413e-01	
 2.3861e+00	 3.2457e-01	
 2.3843e+00	 3.2188e-01	
 2.3827e+00	 3.2045e-01	
 2.3815e+00	 3.2472e-01	
 2.3789e+00	 3.1030e-01	
 2.3781e+00	 3.2112e-01	
 2.3768e+00	 3.2353e-01	
 2.3756e+00	 3.2777e-01	
 2.3734e+00	 3.1990e-01	
 2.3723e+00	 3.2454e-01	
 2.3705e+00	 3.2173e-01	
 2.3691e+00	 3.2299e-01	
 2.3678e+00	 3.2601e-01	
 2.3659e+00	 3.2119e-01	
 2.3643e+00	 3.2061e-01	
 2.3630e+00	 3.2331e-01	
 2.3614e+00	 3.2183e-01	
 2.3604e+00	 3.2883e-01	
 2.3591e+00	 3.3097e-01	
 2.3565e+00	 3.1868e-01	
 2.3555e+00	 3.2422e-01	
 2.3539e+00	 3.2327e-01	
 2.3524e+00	 3.2391e-01	
 2.3508e+00	 3.2261e-01	
 2.3492e+00	 3.2176e-01	
 2.3480e+00	 3.2522e-01	
 2.3462e+00	 3.2234e-01	
 2.3449e+00	 3.2443e-01	
 2.3435e+00	 3.2464e-01	
 2.3423e+00	 3.2872e-01	
 2.3408e+00	 3.2901e-01	
 2.3389e+00	 3.2444e-01	
 2.3377e+00	 3.2728e-01	
 2.3354e+00	 3.1882e-01	
 2.3337e+00	 3.1629e-01	
 2.3327e+00	 3.2145e-01	
 2.3315e+00	 3.2472e-01	
 2.3298e+00	 3.2237e-01	
 2.3282e+00	 3.2166e-01	
 2.3272e+00	 3.2616e-01	
 2.3257e+00	 3.2713e-01	
 2.3236e+00	 3.2058e-01	
 2.3215e+00	 3.1413e-01	
 2.3213e+00	 3.2697e-01	
 2.3196e+00	 3.2484e-01	
 2.3180e+00	 3.2396e-01	
 2.3169e+00	 3.2848e-01	
 2.3153e+00	 3.2611e-01	
 2.3139e+00	 3.2682e-01	
 2.3121e+00	 3.2442e-01	
 2.3110e+00	 3.2790e-01	
 2.3089e+00	 3.2296e-01	
 2.3075e+00	 3.2330e-01	
 2.3062e+00	 3.2539e-01	
 2.3049e+00	 3.2650e-01	
 2.3029e+00	 3.2122e-01	
 2.3018e+00	 3.2447e-01	
 2.2997e+00	 3.2007e-01	
 2.2983e+00	 3.1913e-01	
 2.2973e+00	 3.2371e-01	
 2.2963e+00	 3.2819e-01	
 2.2940e+00	 3.2046e-01	
 2.2924e+00	 3.2025e-01	
 2.2923e+00	 3.3137e-01	
 2.2887e+00	 3.1306e-01	
 2.2890e+00	 3.2861e-01	
 2.2865e+00	 3.1967e-01	
 2.2852e+00	 3.2156e-01	
 2.2847e+00	 3.2953e-01	
 2.2826e+00	 3.2366e-01	
 2.2807e+00	 3.2073e-01	
 2.2789e+00	 3.1813e-01	
 2.2776e+00	 3.1901e-01	
 2.2768e+00	 3.2502e-01	
 2.2762e+00	 3.3217e-01	
 2.2740e+00	 3.2562e-01	
 2.2726e+00	 3.2536e-01	
 2.2708e+00	 3.2367e-01	
 2.2688e+00	 3.1836e-01	
 2.2678e+00	 3.2313e-01	
 2.2664e+00	 3.2405e-01	
 2.2646e+00	 3.2099e-01	
 2.2631e+00	 3.1992e-01	
 2.2618e+00	 3.2166e-01	
 2.2597e+00	 3.1582e-01	
 2.2586e+00	 3.1895e-01	
 2.2578e+00	 3.2412e-01	
 2.2564e+00	 3.2505e-01	
 2.2539e+00	 3.1747e-01	
 2.2537e+00	 3.2741e-01	
 2.2523e+00	 3.2711e-01	
 2.2504e+00	 3.2297e-01	
 2.2487e+00	 3.2105e-01	
 2.2477e+00	 3.2599e-01	
 2.2457e+00	 3.2272e-01	
 2.2442e+00	 3.2109e-01	
 2.2439e+00	 3.2946e-01	
 2.2412e+00	 3.1974e-01	
 2.2401e+00	 3.2355e-01	
 2.2390e+00	 3.2591e-01	
 2.2371e+00	 3.2061e-01	
 2.2360e+00	 3.2385e-01	
 2.2349e+00	 3.2759e-01	
 2.2319e+00	 3.1620e-01	
 2.2319e+00	 3.2628e-01	
 2.2292e+00	 3.1686e-01	
 2.2283e+00	 3.1965e-01	
 2.2264e+00	 3.1647e-01	
 2.2249e+00	 3.1604e-01	
 2.2237e+00	 3.1779e-01	
 2.2230e+00	 3.2384e-01	
 2.2211e+00	 3.2035e-01	
 2.2203e+00	 3.2462e-01	
 2.2185e+00	 3.2243e-01	
 2.2179e+00	 3.2760e-01	
 2.2141e+00	 3.1076e-01	
 2.2140e+00	 3.2031e-01	
 2.2125e+00	 3.1872e-01	
 2.2101e+00	 3.1349e-01	
 2.2114e+00	 3.3148e-01	
 2.2082e+00	 3.1933e-01	
 2.2073e+00	 3.2316e-01	
 2.2052e+00	 3.1977e-01	
 2.2055e+00	 3.3164e-01	
 2.2019e+00	 3.1596e-01	
 2.2012e+00	 3.2028e-01	
 2.2014e+00	 3.3250e-01	
 2.1980e+00	 3.1819e-01	
 2.1979e+00	 3.2773e-01	
 2.1955e+00	 3.2212e-01	
 2.1944e+00	 3.2201e-01	
 2.1933e+00	 3.2435e-01	
 2.1918e+00	 3.2327e-01	
 2.1895e+00	 3.1975e-01	
 2.1886e+00	 3.2324e-01	
 2.1877e+00	 3.2688e-01	
 2.1871e+00	 3.3219e-01	
 2.1848e+00	 3.2598e-01	
 2.1830e+00	 3.2357e-01	
 2.1816e+00	 3.2344e-01	
 2.1801e+00	 3.2364e-01	
 2.1785e+00	 3.2179e-01	
 2.1787e+00	 3.3362e-01	
 2.1754e+00	 3.2114e-01	
 2.1753e+00	 3.3059e-01	
 2.1731e+00	 3.2490e-01	
 2.1714e+00	 3.2382e-01	
 2.1678e+00	 3.1209e-01	
 2.1684e+00	 3.2500e-01	
 2.1673e+00	 3.2599e-01	
 2.1650e+00	 3.2064e-01	
 2.1646e+00	 3.2830e-01	
 2.1619e+00	 3.2048e-01	
 2.1616e+00	 3.2810e-01	
 2.1578e+00	 3.1275e-01	
 2.1571e+00	 3.2013e-01	
 2.1551e+00	 3.1829e-01	
 2.1543e+00	 3.2216e-01	
 2.1529e+00	 3.2285e-01	
 2.1511e+00	 3.2300e-01	
 2.1488e+00	 3.1615e-01	
 2.1483e+00	 3.2387e-01	
 2.1464e+00	 3.2067e-01	
 2.1437e+00	 3.1691e-01	
 2.1430e+00	 3.1944e-01	
 2.1416e+00	 3.1851e-01	
 2.1387e+00	 3.1498e-01	
 2.1392e+00	 3.2321e-01	
 2.1361e+00	 3.2034e-01	
 2.1356e+00	 3.2457e-01	
 2.1341e+00	 3.2509e-01	
 2.1306e+00	 3.2037e-01	
 2.1306e+00	 3.2446e-01	
 2.1290e+00	 3.2310e-01	
 2.1267e+00	 3.2036e-01	
 2.1256e+00	 3.2040e-01	
 2.1225e+00	 3.1543e-01	
 2.1227e+00	 3.2701e-01	
 2.1199e+00	 3.2402e-01	
 2.1188e+00	 3.2336e-01	
 2.1161e+00	 3.1926e-01	
 2.1159e+00	 3.2460e-01	
 2.1134e+00	 3.1960e-01	
 2.1116e+00	 3.2276e-01	
 2.1105e+00	 3.2428e-01	
 2.1076e+00	 3.2080e-01	
 2.1052e+00	 3.1964e-01	
 2.1026e+00	 3.1514e-01	
 2.1017e+00	 3.1793e-01	
 2.0996e+00	 3.2368e-01	
 2.0975e+00	 3.1208e-01	
 2.0987e+00	 3.2795e-01	
 2.0947e+00	 3.2604e-01	
 2.0920e+00	 3.1318e-01	
 2.0936e+00	 3.2637e-01	
 2.0891e+00	 3.2215e-01	
 2.0872e+00	 3.1861e-01	
 2.0861e+00	 3.2513e-01	
 2.0870e+00	 3.2773e-01	
 2.0788e+00	 3.0541e-01	
 2.0803e+00	 3.2513e-01	
 2.0762e+00	 3.1250e-01	
 2.0759e+00	 3.2233e-01	
 2.0744e+00	 3.2161e-01	
 2.0726e+00	 3.1882e-01	
 2.0702e+00	 3.2198e-01	
 2.0701e+00	 3.2273e-01	
 2.0690e+00	 3.2449e-01	
 2.0643e+00	 3.1636e-01	
 2.0640e+00	 3.2083e-01	
 2.0640e+00	 3.2909e-01	
 2.0597e+00	 3.1527e-01	
 2.0601e+00	 3.2156e-01	
 2.0573e+00	 3.2447e-01	
 2.0553e+00	 3.2040e-01	
 2.0527e+00	 3.2234e-01	
 2.0512e+00	 3.1970e-01	
 2.0495e+00	 3.1535e-01	
 2.0500e+00	 3.2534e-01	
 2.0480e+00	 3.2123e-01	
 2.0472e+00	 3.2605e-01	
 2.0450e+00	 3.2687e-01	
 2.0406e+00	 3.2166e-01	
 2.0416e+00	 3.2672e-01	
 2.0395e+00	 3.1878e-01	
 2.0382e+00	 3.2218e-01	
 2.0386e+00	 3.2768e-01	
 2.0339e+00	 3.1725e-01	
 2.0304e+00	 3.1863e-01	
 2.0292e+00	 3.2483e-01	
 2.0294e+00	 3.1796e-01	
 2.0254e+00	 3.2648e-01	
 2.0240e+00	 3.2139e-01	
 2.0224e+00	 3.2356e-01	
 2.0199e+00	 3.1343e-01	
 2.0210e+00	 3.1785e-01	
 2.0167e+00	 3.3056e-01	
 2.0141e+00	 3.1867e-01	
 2.0130e+00	 3.1822e-01	
 2.0138e+00	 3.2832e-01	
 2.0106e+00	 3.2064e-01	
 2.0084e+00	 3.2509e-01	
 2.0053e+00	 3.1520e-01	
 2.0048e+00	 3.2168e-01	
 2.0029e+00	 3.2484e-01	
 2.0007e+00	 3.1312e-01	
 2.0023e+00	 3.2853e-01	
 1.9976e+00	 3.1671e-01	
 1.9964e+00	 3.2314e-01	
 1.9945e+00	 3.2194e-01	
 1.9907e+00	 3.2308e-01	
 1.9936e+00	 3.2434e-01	
 1.9899e+00	 3.2587e-01	
 1.9870e+00	 3.1796e-01	
 1.9863e+00	 3.2429e-01	
 1.9847e+00	 3.2091e-01	
 1.9841e+00	 3.2483e-01	
 1.9802e+00	 3.2121e-01	
 1.9791e+00	 3.1662e-01	
 1.9795e+00	 3.2468e-01	
 1.9767e+00	 3.2007e-01	
 1.9747e+00	 3.1653e-01	
 1.9726e+00	 3.2186e-01	
 1.9673e+00	 3.1516e-01	
 1.9669e+00	 3.1897e-01	
 1.9669e+00	 3.1831e-01	
 1.9637e+00	 3.2179e-01	
 1.9615e+00	 3.1875e-01	
 1.9649e+00	 3.2609e-01	
 1.9574e+00	 3.1981e-01	
 1.9585e+00	 3.2091e-01	
 1.9562e+00	 3.1477e-01	
 1.9526e+00	 3.2335e-01	
 1.9543e+00	 3.1971e-01	
 1.9519e+00	 3.2610e-01	
 1.9491e+00	 3.2007e-01	
 1.9505e+00	 3.2028e-01	
 1.9483e+00	 3.2130e-01	
 1.9463e+00	 3.1756e-01	
 1.9487e+00	 3.2774e-01	
 1.9437e+00	 3.2773e-01	
 1.9407e+00	 3.2284e-01	
 1.9401e+00	 3.2272e-01	
 1.9383e+00	 3.2719e-01	
 1.9366e+00	 3.2618e-01	
 1.9351e+00	 3.2275e-01	
 1.9372e+00	 3.2330e-01	
 1.9347e+00	 3.2096e-01	
 1.9303e+00	 3.1881e-01	
 1.9304e+00	 3.2428e-01	
 1.9280e+00	 3.3011e-01	
 1.9236e+00	 3.1880e-01	
 1.9248e+00	 3.1935e-01	
 1.9218e+00	 3.2570e-01	
 1.9219e+00	 3.2121e-01	
 1.9223e+00	 3.2287e-01	
 1.9183e+00	 3.1517e-01	
 1.9163e+00	 3.2026e-01	
 1.9128e+00	 3.1629e-01	
 1.9143e+00	 3.1646e-01	
 1.9133e+00	 3.2860e-01	
 1.9101e+00	 3.1942e-01	
 1.9074e+00	 3.2055e-01	
 1.9111e+00	 3.2155e-01	
 1.9086e+00	 3.1552e-01	
 1.9082e+00	 3.2458e-01	
 1.9019e+00	 3.2130e-01	
 1.9070e+00	 3.1621e-01	
 1.9056e+00	 3.2627e-01	
 1.9012e+00	 3.1488e-01	
 1.8982e+00	 3.2697e-01	
 1.8946e+00	 3.1783e-01	
 1.8948e+00	 3.1615e-01	
 1.8957e+00	 3.2100e-01	
 1.8931e+00	 3.1641e-01	
 1.8912e+00	 3.0814e-01	
 1.8879e+00	 3.2194e-01	
 1.8917e+00	 3.2548e-01	
 1.8851e+00	 3.1778e-01	
 1.8845e+00	 3.1684e-01	
 1.8888e+00	 3.2246e-01	
 1.8791e+00	 3.1808e-01	
 1.8764e+00	 3.1255e-01	
 1.8831e+00	 3.1506e-01	
 1.8797e+00	 3.2471e-01	
 1.8817e+00	 3.1273e-01	
 1.8775e+00	 3.2380e-01	
 1.8767e+00	 3.1840e-01	
 1.8706e+00	 3.2422e-01	
 1.8737e+00	 3.2769e-01	
 1.8674e+00	 3.1519e-01	
 1.8656e+00	 3.1266e-01	
 1.8658e+00	 3.1947e-01	
 1.8603e+00	 3.1578e-01	
 1.8648e+00	 3.1510e-01	
 1.8633e+00	 3.1928e-01	
 1.8656e+00	 3.2344e-01	
 1.8629e+00	 3.1146e-01	
 1.8569e+00	 3.1922e-01	
 1.8546e+00	 3.1461e-01	
 1.8541e+00	 3.0693e-01	
 1.8517e+00	 3.0586e-01	
 1.8543e+00	 3.1507e-01	
 1.8603e+00	 3.2686e-01	
 1.8571e+00	 3.1619e-01	
 1.8492e+00	 3.1279e-01	
 1.8466e+00	 3.1945e-01	
 1.8479e+00	 3.1060e-01	
 1.8420e+00	 3.1200e-01	
 1.8429e+00	 3.1460e-01	
 1.8458e+00	 3.1767e-01	
 1.8458e+00	 3.1538e-01	
 1.8421e+00	 3.1700e-01	
 1.8453e+00	 3.1139e-01	
 1.8488e+00	 3.1649e-01	
 1.8331e+00	 3.1785e-01	
 1.8368e+00	 3.1215e-01	
 1.8370e+00	 3.2086e-01	
 1.8343e+00	 3.1200e-01	
 1.8309e+00	 3.1617e-01	
 1.8345e+00	 3.1219e-01	
 1.8300e+00	 3.1646e-01	
 1.8334e+00	 3.1522e-01	
 1.8298e+00	 3.0887e-01	
 1.8231e+00	 3.0311e-01	
 1.8330e+00	 3.1863e-01	
 1.8244e+00	 3.1219e-01	
 1.8189e+00	 3.1392e-01	
 1.8281e+00	 3.1742e-01	
 1.8175e+00	 3.1376e-01	
 1.8154e+00	 3.0543e-01	
 1.8235e+00	 3.1663e-01	
 1.8167e+00	 3.1084e-01	
 1.8161e+00	 3.1488e-01	
 1.8157e+00	 3.1116e-01	
 1.8183e+00	 3.1579e-01	
 1.8138e+00	 3.1299e-01	
 1.7990e+00	 3.1307e-01	
 1.8119e+00	 3.1367e-01	
 1.8119e+00	 3.1399e-01	
 1.8085e+00	 3.1057e-01	
 1.8140e+00	 3.1499e-01	
 1.8066e+00	 3.1260e-01	
 1.8029e+00	 3.0782e-01	
 1.8067e+00	 3.1484e-01	
 1.7949e+00	 3.0698e-01	
 1.8008e+00	 3.1520e-01	
 1.8002e+00	 3.1660e-01	
 1.7972e+00	 3.2044e-01	
 1.7979e+00	 3.0762e-01	
 1.7916e+00	 3.0686e-01	
 1.8001e+00	 3.1062e-01	
 1.7979e+00	 3.1051e-01	
 1.7961e+00	 3.1098e-01	
 1.7921e+00	 3.1358e-01	
 1.7901e+00	 3.0920e-01	
 1.7862e+00	 3.0401e-01	
 1.7903e+00	 3.1205e-01	
 1.7853e+00	 3.0076e-01	
 1.7837e+00	 3.0431e-01	
 1.7810e+00	 3.0698e-01	
 1.7829e+00	 3.0758e-01	
 1.7820e+00	 3.0250e-01	
 1.7789e+00	 3.1220e-01	
 1.7694e+00	 3.1017e-01	
 1.7771e+00	 3.0523e-01	
 1.7812e+00	 3.1176e-01	
 1.7691e+00	 3.1612e-01	
 1.7736e+00	 2.9895e-01	
 1.7753e+00	 3.0601e-01	
 1.7930e+00	 3.1293e-01	
 1.7646e+00	 3.0650e-01	
 1.7660e+00	 3.0789e-01	
 1.7700e+00	 3.0501e-01	
 1.7591e+00	 3.0772e-01	
 1.7711e+00	 3.1154e-01	
 1.7627e+00	 3.1109e-01	
 1.7651e+00	 3.0372e-01	
 1.7807e+00	 3.1413e-01	
 1.7614e+00	 3.0734e-01	
 1.7634e+00	 3.0735e-01	
 1.7622e+00	 3.1223e-01	
 1.7590e+00	 3.0035e-01	
 1.7545e+00	 3.0893e-01	
 1.7519e+00	 3.0462e-01	
 1.7588e+00	 3.1520e-01	
 1.7539e+00	 3.0574e-01	
 1.7544e+00	 3.1088e-01	
 1.7600e+00	 3.0388e-01	
 1.7508e+00	 3.0594e-01	
 1.7506e+00	 3.0708e-01	
 1.7430e+00	 2.9934e-01	
 1.7555e+00	 3.0457e-01	
 1.7403e+00	 3.1293e-01	
 1.7318e+00	 2.9970e-01	
 1.7414e+00	 3.0525e-01	
 1.7360e+00	 3.1181e-01	
 1.7292e+00	 3.0332e-01	
 1.7297e+00	 3.0105e-01	
 1.7345e+00	 3.0301e-01	
 1.7323e+00	 2.9886e-01	
 1.7265e+00	 3.0154e-01	
 1.7273e+00	 3.1105e-01	
 1.7314e+00	 3.0187e-01	
 1.7272e+00	 3.1031e-01	
 1.7213e+00	 3.0863e-01	
 1.7341e+00	 3.1577e-01	
 1.7229e+00	 2.9178e-01	
 1.7297e+00	 3.0544e-01	
 1.7310e+00	 3.0690e-01	
 1.7368e+00	 3.0907e-01	
 1.7238e+00	 3.0572e-01	
 1.7127e+00	 3.0677e-01	
 1.7178e+00	 3.0453e-01	
 1.7088e+00	 3.0593e-01	
 1.7167e+00	 2.9590e-01	
 1.7166e+00	 3.0374e-01	
 1.7210e+00	 2.9613e-01	
 1.7285e+00	 3.1223e-01	
 1.7081e+00	 3.0093e-01	
 1.7089e+00	 2.9616e-01	
 1.7221e+00	 3.0762e-01	
 1.7252e+00	 3.1259e-01	
 1.7198e+00	 3.0985e-01	
 1.7076e+00	 3.0346e-01	
 1.7072e+00	 3.0290e-01	
 1.7052e+00	 2.9983e-01	
 1.7055e+00	 3.0034e-01	
 1.6994e+00	 3.0023e-01	
 1.7084e+00	 3.1099e-01	
 1.6916e+00	 3.0519e-01	
 1.7038e+00	 3.0131e-01	
 1.6964e+00	 2.9811e-01	
 1.6960e+00	 3.0092e-01	
 1.6985e+00	 2.9968e-01	
 1.7026e+00	 3.0391e-01	
 1.6969e+00	 2.9943e-01	
 1.6954e+00	 2.9854e-01	
 1.6923e+00	 2.9978e-01	
 1.6828e+00	 3.0600e-01	
 1.6857e+00	 3.0587e-01	
 1.7026e+00	 3.0095e-01	
 1.6941e+00	 3.0401e-01	
 1.6974e+00	 3.0108e-01	
 1.6946e+00	 2.9742e-01	
 1.6927e+00	 2.9195e-01	
 1.7001e+00	 3.0291e-01	
 1.6838e+00	 3.0381e-01	
 1.6931e+00	 2.9093e-01	
 1.6691e+00	 3.0680e-01	
 1.6853e+00	 3.0475e-01	
 1.6897e+00	 2.9763e-01	
 1.6855e+00	 3.0488e-01	
 1.6789e+00	 2.9558e-01	
 1.6719e+00	 2.9738e-01	
 1.6803e+00	 3.0133e-01	
 1.6778e+00	 2.9596e-01	
 1.6711e+00	 3.0575e-01	
 1.6741e+00	 2.8958e-01	
 1.6713e+00	 3.0313e-01	
 1.6576e+00	 2.9897e-01	
 1.6633e+00	 2.8826e-01	
 1.6728e+00	 3.0022e-01	
 1.6653e+00	 2.9970e-01	
 1.6687e+00	 2.9884e-01	
 1.6548e+00	 2.9832e-01	
 1.6601e+00	 2.9683e-01	
 1.6703e+00	 2.9489e-01	
 1.6682e+00	 3.0097e-01	
 1.6812e+00	 3.0061e-01	
 1.6592e+00	 2.9032e-01	
 1.6676e+00	 2.9045e-01	
 1.6679e+00	 3.0005e-01	
 1.6604e+00	 3.0324e-01	
 1.6655e+00	 2.9479e-01	
 1.6557e+00	 2.9743e-01	
 1.6518e+00	 2.9908e-01	
 1.6471e+00	 2.9463e-01	
 1.6520e+00	 2.8792e-01	
 1.6401e+00	 2.9601e-01	
 1.6514e+00	 3.0136e-01	
 1.6417e+00	 2.9916e-01	
 1.6636e+00	 3.0493e-01	
 1.6379e+00	 2.8669e-01	
 1.6443e+00	 2.9428e-01	
 1.6444e+00	 2.9921e-01	
 1.6421e+00	 2.9116e-01	
 1.6410e+00	 2.9836e-01	
 1.6477e+00	 2.9590e-01	
 1.6444e+00	 3.0239e-01	
 1.6351e+00	 2.9665e-01	
 1.6317e+00	 2.9346e-01	
 1.6237e+00	 2.8554e-01	
 1.6254e+00	 2.9331e-01	
 1.6264e+00	 3.0102e-01	
 1.6297e+00	 2.9643e-01	
 1.6388e+00	 2.9398e-01	
 1.6268e+00	 2.9819e-01	
 1.6326e+00	 2.9899e-01	
 1.6355e+00	 2.9359e-01	
 1.6387e+00	 2.9159e-01	
 1.6311e+00	 2.9065e-01	
 1.6296e+00	 2.9742e-01	
 1.6330e+00	 2.9770e-01	
 1.6305e+00	 3.0033e-01	
 1.6278e+00	 3.0142e-01	
 1.6178e+00	 2.9909e-01	
 1.6148e+00	 2.9738e-01	
 1.6169e+00	 3.0006e-01	
 1.6153e+00	 2.9287e-01	
 1.6176e+00	 2.9090e-01	
 1.6158e+00	 2.9841e-01	
 1.6150e+00	 2.9536e-01	
 1.6142e+00	 2.9791e-01	
 1.6363e+00	 2.9632e-01	
 1.6306e+00	 3.0067e-01	
 1.6218e+00	 2.9805e-01	
 1.6124e+00	 3.0257e-01	
 1.6174e+00	 2.9823e-01	
 1.6173e+00	 2.9363e-01	
 1.6148e+00	 2.9587e-01	
 1.6056e+00	 2.9599e-01	
 1.5989e+00	 2.9903e-01	
 1.6192e+00	 2.8289e-01	
 1.5980e+00	 2.9807e-01	
 1.6169e+00	 2.8882e-01	
 1.6007e+00	 2.8773e-01	
 1.6256e+00	 2.9019e-01	
 1.6059e+00	 2.9368e-01	
 1.6001e+00	 2.8760e-01	
 1.5964e+00	 2.8834e-01	
 1.5963e+00	 2.8538e-01	
 1.5905e+00	 2.8934e-01	
 1.6025e+00	 2.9474e-01	
 1.5918e+00	 2.8821e-01	
 1.5924e+00	 2.8881e-01	
 1.5843e+00	 2.8419e-01	
 1.5880e+00	 2.9008e-01	
 1.5888e+00	 2.9135e-01	
 1.5876e+00	 2.8588e-01	
 1.5955e+00	 2.8761e-01	
 1.5875e+00	 2.8251e-01	
 1.5881e+00	 2.9008e-01	
 1.5921e+00	 2.9305e-01	
 1.5865e+00	 2.8639e-01	
 1.5813e+00	 2.7824e-01	
 1.5703e+00	 2.8347e-01	
 1.5851e+00	 2.8638e-01	
 1.5828e+00	 2.9257e-01	
 1.5836e+00	 2.8719e-01	
 1.5967e+00	 2.9093e-01	
 1.5778e+00	 2.8351e-01	
 1.5753e+00	 2.9314e-01	
 1.5766e+00	 2.8563e-01	
 1.5727e+00	 2.8493e-01	
 1.5735e+00	 2.8411e-01	
 1.5782e+00	 2.7893e-01	
 1.5701e+00	 2.8673e-01	
 1.5731e+00	 2.8597e-01	
 1.5738e+00	 2.7832e-01	
 1.5678e+00	 2.9027e-01	
 1.5620e+00	 2.7893e-01	
 1.5673e+00	 2.8271e-01	
 1.5628e+00	 2.8174e-01	
 1.5697e+00	 2.8437e-01	
 1.5644e+00	 2.8491e-01	
 1.5719e+00	 2.7942e-01	
 1.5636e+00	 2.8907e-01	
 1.5620e+00	 2.8377e-01	
 1.5598e+00	 2.7381e-01	
 1.5541e+00	 2.8205e-01	
 1.5725e+00	 2.8114e-01	
 1.5614e+00	 2.8346e-01	
 1.5651e+00	 2.7204e-01	
 1.5537e+00	 2.8406e-01	
 1.5645e+00	 2.7529e-01	
 1.5667e+00	 2.8458e-01	
 1.5628e+00	 2.7815e-01	
 1.5591e+00	 2.7992e-01	
 1.5660e+00	 2.7706e-01	
 1.5750e+00	 2.7540e-01	
 1.5584e+00	 2.7803e-01	
 1.5594e+00	 2.7408e-01	
 1.5596e+00	 2.7389e-01	
 1.5536e+00	 2.7330e-01	
 1.5471e+00	 2.8074e-01	
 1.5558e+00	 2.7381e-01	
 1.5534e+00	 2.7996e-01	
 1.5326e+00	 2.7748e-01	
 1.5428e+00	 2.7523e-01	
 1.5459e+00	 2.7216e-01	
 1.5471e+00	 2.8175e-01	
 1.5485e+00	 2.6714e-01	
 1.5504e+00	 2.7714e-01	
 1.5405e+00	 2.8030e-01	
 1.5377e+00	 2.7346e-01	
 1.5523e+00	 2.7692e-01	
 1.5418e+00	 2.6922e-01	
 1.5357e+00	 2.6707e-01	
 1.5453e+00	 2.7502e-01	
 1.5444e+00	 2.7548e-01	
 1.5537e+00	 2.7393e-01	
 1.5636e+00	 2.8107e-01	
 1.5354e+00	 2.6340e-01	
 1.5463e+00	 2.7057e-01	
 1.5372e+00	 2.6857e-01	
 1.5545e+00	 2.6734e-01	
 1.5317e+00	 2.6661e-01	
 1.5360e+00	 2.7402e-01	
 1.5326e+00	 2.7142e-01	
 1.5309e+00	 2.6554e-01	
 1.5374e+00	 2.6143e-01	
 1.5390e+00	 2.7670e-01	
 1.5258e+00	 2.6696e-01	
 1.5345e+00	 2.6845e-01	
 1.5423e+00	 2.6977e-01	
 1.5352e+00	 2.6717e-01	
 1.5397e+00	 2.6417e-01	
 1.5322e+00	 2.6400e-01	
 1.5407e+00	 2.6554e-01	
 1.5319e+00	 2.6385e-01	
 1.5235e+00	 2.5939e-01	
 1.5306e+00	 2.6604e-01	
 1.5246e+00	 2.6848e-01	
 1.5309e+00	 2.7190e-01	
 1.5393e+00	 2.6393e-01	
 1.5347e+00	 2.7001e-01	
 1.5387e+00	 2.7092e-01	
 1.5375e+00	 2.6459e-01	
 1.5374e+00	 2.6352e-01	
 1.5446e+00	 2.7706e-01	
 1.5377e+00	 2.6581e-01	
 1.5304e+00	 2.6692e-01	
 1.5419e+00	 2.6469e-01	
 1.5400e+00	 2.6713e-01	
 1.5356e+00	 2.6755e-01	
 1.5358e+00	 2.6304e-01	
 1.5313e+00	 2.7141e-01	
 1.5417e+00	 2.6703e-01	
 1.5286e+00	 2.6560e-01	
 1.5348e+00	 2.5922e-01	
 1.5318e+00	 2.5970e-01	
 1.5277e+00	 2.6359e-01	
 1.5300e+00	 2.6555e-01	
 1.5273e+00	 2.6522e-01	
 1.5363e+00	 2.6689e-01	
 1.5240e+00	 2.6266e-01	
 1.5197e+00	 2.5820e-01	
 1.5293e+00	 2.6863e-01	
 1.5234e+00	 2.6341e-01	
 1.5197e+00	 2.6950e-01	
 1.5200e+00	 2.6308e-01	
 1.5314e+00	 2.6772e-01	
 1.5136e+00	 2.6247e-01	
 1.5327e+00	 2.6247e-01	
 1.5292e+00	 2.5628e-01	
 1.5278e+00	 2.5862e-01	
 1.5238e+00	 2.6780e-01	
 1.5149e+00	 2.6161e-01	
 1.5190e+00	 2.6089e-01	
 1.5322e+00	 2.5540e-01	
 1.5251e+00	 2.5449e-01	
 1.5271e+00	 2.6017e-01	
 1.5234e+00	 2.5573e-01	
 1.5143e+00	 2.6969e-01	
 1.5122e+00	 2.5818e-01	
 1.5140e+00	 2.5492e-01	
 1.5201e+00	 2.5643e-01	
 1.5190e+00	 2.5776e-01	
 1.5110e+00	 2.6338e-01	
 1.5005e+00	 2.5978e-01	
 1.5066e+00	 2.4848e-01	
 1.5026e+00	 2.5796e-01	
 1.5056e+00	 2.5843e-01	
 1.4936e+00	 2.5950e-01	
 1.5063e+00	 2.6083e-01	
 1.5106e+00	 2.5774e-01	
 1.5053e+00	 2.5927e-01	
 1.4998e+00	 2.5650e-01	
 1.4902e+00	 2.6357e-01	
 1.4931e+00	 2.5736e-01	
 1.4919e+00	 2.5301e-01	
 1.4866e+00	 2.5488e-01	
 1.4951e+00	 2.5710e-01	
 1.4934e+00	 2.5715e-01	
 1.4924e+00	 2.5545e-01	
 1.4895e+00	 2.5850e-01	
 1.4858e+00	 2.5236e-01	
 1.4827e+00	 2.5593e-01	
 1.4904e+00	 2.5317e-01	
 1.4848e+00	 2.5296e-01	
 1.4826e+00	 2.5243e-01	
 1.4818e+00	 2.5776e-01	
 1.4830e+00	 2.5553e-01	
 1.4867e+00	 2.5197e-01	
 1.4795e+00	 2.5153e-01	
 1.4728e+00	 2.5440e-01	
 1.4854e+00	 2.5442e-01	
 1.4907e+00	 2.5076e-01	
 1.4715e+00	 2.5172e-01	
 1.4775e+00	 2.5709e-01	
 1.4768e+00	 2.5853e-01	
 1.4746e+00	 2.5441e-01	
 1.4650e+00	 2.5418e-01	
 1.4730e+00	 2.4865e-01	
 1.4634e+00	 2.4793e-01	
 1.4559e+00	 2.5202e-01	
 1.4634e+00	 2.5361e-01	
 1.4596e+00	 2.4646e-01	
 1.4648e+00	 2.5148e-01	
 1.4616e+00	 2.5385e-01	
 1.4508e+00	 2.5096e-01	
 1.4709e+00	 2.4683e-01	
 1.4671e+00	 2.4193e-01	
 1.4565e+00	 2.5144e-01	
 1.4622e+00	 2.4877e-01	
 1.4602e+00	 2.4994e-01	
 1.4504e+00	 2.4859e-01	
 1.4637e+00	 2.4724e-01	
 1.4582e+00	 2.4974e-01	
 1.4554e+00	 2.5925e-01	
 1.4560e+00	 2.4688e-01	
 1.4632e+00	 2.5098e-01	
 1.4641e+00	 2.5422e-01	
 1.4601e+00	 2.5271e-01	
 1.4647e+00	 2.5331e-01	
 1.4678e+00	 2.5251e-01	
 1.4542e+00	 2.5500e-01	
 1.4630e+00	 2.5533e-01	
 1.4465e+00	 2.5357e-01	
 1.4553e+00	 2.4749e-01	
 1.4468e+00	 2.4764e-01	
 1.4583e+00	 2.5385e-01	
 1.4516e+00	 2.4969e-01	
 1.4561e+00	 2.4722e-01	
 1.4425e+00	 2.5281e-01	
 1.4402e+00	 2.5891e-01	
 1.4448e+00	 2.5434e-01	
 1.4471e+00	 2.5778e-01	
 1.4330e+00	 2.4671e-01	
 1.4348e+00	 2.5288e-01	
 1.4271e+00	 2.5357e-01	
 1.4445e+00	 2.5044e-01	
 1.4245e+00	 2.4829e-01	
 1.4305e+00	 2.4480e-01	
 1.4365e+00	 2.5092e-01	
 1.4345e+00	 2.4916e-01	
 1.4318e+00	 2.5532e-01	
 1.4331e+00	 2.3909e-01	
 1.4425e+00	 2.5369e-01	
 1.4227e+00	 2.5373e-01	
 1.4199e+00	 2.5082e-01	
 1.4175e+00	 2.4653e-01	
 1.4318e+00	 2.4756e-01	
 1.4301e+00	 2.4829e-01	
 1.4324e+00	 2.4458e-01	
 1.4327e+00	 2.5034e-01	
 1.4316e+00	 2.5105e-01	
 1.4298e+00	 2.4829e-01	
 1.4313e+00	 2.5283e-01	
 1.4333e+00	 2.5643e-01	
 1.4243e+00	 2.5590e-01	
 1.4806e+00	 2.5486e-01	
 1.4497e+00	 2.5478e-01	
 1.4156e+00	 2.4986e-01	
 1.4313e+00	 2.5856e-01	
 1.4144e+00	 2.4199e-01	
 1.4179e+00	 2.4311e-01	
 1.4302e+00	 2.4314e-01	
 1.4672e+00	 2.5278e-01	
 1.4660e+00	 2.5193e-01	
 1.4439e+00	 2.5283e-01	
 1.4166e+00	 2.6039e-01	
 1.4241e+00	 2.5563e-01	
 1.4159e+00	 2.4555e-01	
 1.4336e+00	 2.4995e-01	
 1.4428e+00	 2.5129e-01	
 1.4419e+00	 2.4837e-01	
 1.4450e+00	 2.4662e-01	
 1.4220e+00	 2.4836e-01	
 1.4241e+00	 2.5080e-01	
 1.4138e+00	 2.5718e-01	
 1.4177e+00	 2.5090e-01	
 1.4318e+00	 2.4992e-01	
 1.4296e+00	 2.5515e-01	
 1.4359e+00	 2.5142e-01	
 1.4283e+00	 2.4610e-01	
 1.4313e+00	 2.5309e-01	
 1.4159e+00	 2.5314e-01	
 1.4134e+00	 2.5266e-01	
 1.4182e+00	 2.5412e-01	
 1.4271e+00	 2.4814e-01	
 1.4257e+00	 2.4624e-01	
 1.4292e+00	 2.5500e-01	
 1.4349e+00	 2.4640e-01	
 1.4243e+00	 2.4160e-01	
 1.4190e+00	 2.5314e-01	
 1.4110e+00	 2.5203e-01	
 1.4071e+00	 2.4960e-01	
 1.4251e+00	 2.5794e-01	
 1.4156e+00	 2.4307e-01	
 1.4197e+00	 2.5370e-01	
 1.4233e+00	 2.5041e-01	
 1.4112e+00	 2.5076e-01	
 1.4117e+00	 2.4935e-01	
 1.4134e+00	 2.5352e-01	
 1.4181e+00	 2.5042e-01	
 1.4145e+00	 2.5110e-01	
 1.4049e+00	 2.4867e-01	
 1.4110e+00	 2.4220e-01	
 1.4123e+00	 2.5095e-01	
 1.3987e+00	 2.4957e-01	
 1.4007e+00	 2.5114e-01	
 1.3960e+00	 2.4138e-01	
 1.4064e+00	 2.5333e-01	
 1.3999e+00	 2.5168e-01	
 1.4060e+00	 2.4646e-01	
 1.3911e+00	 2.4452e-01	
 1.3940e+00	 2.4874e-01	
 1.4010e+00	 2.5388e-01	
 1.3988e+00	 2.4477e-01	
 1.4032e+00	 2.4554e-01	
 1.4003e+00	 2.5512e-01	
 1.3996e+00	 2.4811e-01	
 1.3870e+00	 2.4506e-01	
 1.3936e+00	 2.5148e-01	
 1.3952e+00	 2.4897e-01	
 1.3984e+00	 2.5059e-01	
 1.3993e+00	 2.4613e-01	
 1.4023e+00	 2.4864e-01	
 1.4051e+00	 2.4507e-01	
 1.4047e+00	 2.4438e-01	
 1.3839e+00	 2.4205e-01	
 1.3928e+00	 2.4879e-01	
 1.3846e+00	 2.4509e-01	
 1.3861e+00	 2.4775e-01	
 1.3991e+00	 2.4609e-01	
 1.3879e+00	 2.5145e-01	
 1.3902e+00	 2.5400e-01	
 1.3928e+00	 2.4381e-01	
 1.3795e+00	 2.4365e-01	
 1.3898e+00	 2.4890e-01	
 1.3799e+00	 2.4524e-01	
 1.3817e+00	 2.4655e-01	
 1.3766e+00	 2.4961e-01	
 1.3880e+00	 2.5207e-01	
 1.3812e+00	 2.5821e-01	
 1.3817e+00	 2.5113e-01	
 1.3839e+00	 2.5122e-01	
 1.3747e+00	 2.4702e-01	
 1.3871e+00	 2.5079e-01	
 1.3756e+00	 2.4480e-01	
 1.3783e+00	 2.5086e-01	
 1.3733e+00	 2.5084e-01	
 1.3876e+00	 2.5130e-01	
 1.3738e+00	 2.5493e-01	
 1.3720e+00	 2.5618e-01	
 1.3818e+00	 2.4978e-01	
 1.3809e+00	 2.4827e-01	
 1.3770e+00	 2.4966e-01	
 1.3813e+00	 2.5246e-01	
 1.3747e+00	 2.4859e-01	
 1.3791e+00	 2.5004e-01	
 1.3717e+00	 2.4440e-01	
 1.3704e+00	 2.4554e-01	
 1.3702e+00	 2.4417e-01	
 1.3798e+00	 2.4915e-01	
 1.3740e+00	 2.4982e-01	
 1.3713e+00	 2.4735e-01	
 1.3710e+00	 2.5134e-01	
 1.3739e+00	 2.4962e-01	
 1.3799e+00	 2.4038e-01	
 1.3799e+00	 2.4453e-01	
 1.3786e+00	 2.4550e-01	
 1.3611e+00	 2.4924e-01	
 1.3649e+00	 2.4526e-01	
 1.3703e+00	 2.4664e-01	
 1.3618e+00	 2.4387e-01	
 1.3616e+00	 2.4291e-01	
 1.3553e+00	 2.5104e-01	
 1.3590e+00	 2.4638e-01	
 1.3595e+00	 2.4671e-01	
 1.3708e+00	 2.4318e-01	
 1.3527e+00	 2.5012e-01	
 1.3518e+00	 2.5307e-01	
 1.3508e+00	 2.4206e-01	
 1.3497e+00	 2.4457e-01	
 1.3589e+00	 2.3950e-01	
 1.3561e+00	 2.4060e-01	
 1.3631e+00	 2.4239e-01	
 1.3577e+00	 2.4095e-01	
 1.3501e+00	 2.4375e-01	
 1.3487e+00	 2.5149e-01	
 1.3503e+00	 2.4471e-01	
 1.3512e+00	 2.4322e-01	
 1.3515e+00	 2.4472e-01	
 1.3524e+00	 2.4766e-01	
 1.3529e+00	 2.4654e-01	
 1.3546e+00	 2.4306e-01	
 1.3493e+00	 2.5131e-01	
 1.3461e+00	 2.4021e-01	
 1.3464e+00	 2.4233e-01	
 1.3479e+00	 2.3930e-01	
 1.3454e+00	 2.4345e-01	
 1.3497e+00	 2.4434e-01	
 1.3523e+00	 2.4224e-01	
 1.3512e+00	 2.4968e-01	
 1.3489e+00	 2.4377e-01	
 1.3462e+00	 2.4699e-01	
 1.3382e+00	 2.3362e-01	
 1.3487e+00	 2.4404e-01	
 1.3412e+00	 2.4132e-01	
 1.3456e+00	 2.3956e-01	
 1.3358e+00	 2.4328e-01	
 1.3356e+00	 2.3043e-01	
 1.3476e+00	 2.4140e-01	
 1.3354e+00	 2.4351e-01	
 1.3473e+00	 2.4747e-01	
 1.3321e+00	 2.3934e-01	
 1.3442e+00	 2.4266e-01	
 1.3408e+00	 2.4043e-01	
 1.3329e+00	 2.4132e-01	
 1.3379e+00	 2.4319e-01	
 1.3315e+00	 2.3775e-01	
 1.3474e+00	 2.3847e-01	
 1.3366e+00	 2.4144e-01	
 1.3302e+00	 2.3730e-01	
 1.3342e+00	 2.4489e-01	
 1.3311e+00	 2.4667e-01	
 1.3237e+00	 2.3593e-01	
 1.3283e+00	 2.4142e-01	
 1.3283e+00	 2.4123e-01	
 1.3344e+00	 2.4047e-01	
 1.3267e+00	 2.3947e-01	
 1.3286e+00	 2.3859e-01	
 1.3325e+00	 2.4087e-01	
 1.3308e+00	 2.3711e-01	
 1.3322e+00	 2.4074e-01	
 1.3263e+00	 2.4086e-01	
 1.3212e+00	 2.4461e-01	
 1.3223e+00	 2.4457e-01	
 1.3255e+00	 2.4074e-01	
 1.3239e+00	 2.4296e-01	
 1.3143e+00	 2.3590e-01	
 1.3187e+00	 2.3289e-01	
 1.3190e+00	 2.3795e-01	
 1.3221e+00	 2.4019e-01	
 1.3160e+00	 2.3941e-01	
 1.3111e+00	 2.3823e-01	
 1.3075e+00	 2.4142e-01	
 1.3121e+00	 2.4143e-01	
 1.3175e+00	 2.3612e-01	
 1.3143e+00	 2.3044e-01	
 1.3123e+00	 2.4248e-01	
 1.3158e+00	 2.3949e-01	
 1.3101e+00	 2.3809e-01	
 1.3133e+00	 2.4174e-01	
 1.3122e+00	 2.4155e-01	
 1.3088e+00	 2.4091e-01	
 1.3072e+00	 2.3853e-01	
 1.3133e+00	 2.4048e-01	
 1.3128e+00	 2.3708e-01	
 1.3112e+00	 2.3651e-01	
 1.3096e+00	 2.3987e-01	
 1.3121e+00	 2.3910e-01	
 1.3050e+00	 2.3432e-01	
 1.3084e+00	 2.3674e-01	
 1.3105e+00	 2.3458e-01	
 1.3038e+00	 2.3392e-01	
 1.2920e+00	 2.3728e-01	
 1.3040e+00	 2.4155e-01	
 1.3023e+00	 2.3483e-01	
 1.3080e+00	 2.3448e-01	
 1.3106e+00	 2.4454e-01	
 1.2996e+00	 2.2936e-01	
 1.3104e+00	 2.4158e-01	
 1.3025e+00	 2.3485e-01	
 1.3072e+00	 2.3631e-01	
 1.3093e+00	 2.4285e-01	
 1.2988e+00	 2.3901e-01	
 1.2979e+00	 2.3401e-01	
 1.3065e+00	 2.3247e-01	
 1.2966e+00	 2.3357e-01	
 1.2986e+00	 2.4054e-01	
 1.2901e+00	 2.4719e-01	
 1.2934e+00	 2.4030e-01	
 1.2847e+00	 2.3917e-01	
 1.2955e+00	 2.3814e-01	
 1.2980e+00	 2.3343e-01	
 1.2963e+00	 2.3805e-01	
 1.2871e+00	 2.3768e-01	
 1.2856e+00	 2.3514e-01	
 1.2852e+00	 2.3447e-01	
 1.2879e+00	 2.3580e-01	
 1.2823e+00	 2.2954e-01	
 1.2836e+00	 2.3262e-01	
 1.2851e+00	 2.3549e-01	
 1.2832e+00	 2.3707e-01	
 1.2907e+00	 2.3038e-01	
 1.2894e+00	 2.4072e-01	
 1.2778e+00	 2.3945e-01	
 1.2840e+00	 2.3576e-01	
 1.2733e+00	 2.3282e-01	
 1.2950e+00	 2.3889e-01	
 1.2845e+00	 2.3702e-01	
 1.2814e+00	 2.3609e-01	
 1.2829e+00	 2.4313e-01	
 1.2808e+00	 2.3366e-01	
 1.2757e+00	 2.3591e-01	
 1.2820e+00	 2.3899e-01	
 1.2725e+00	 2.3457e-01	
 1.2735e+00	 2.3565e-01	
 1.2757e+00	 2.3979e-01	
 1.2805e+00	 2.2877e-01	
 1.2721e+00	 2.3780e-01	
 1.2744e+00	 2.3049e-01	
 1.2731e+00	 2.3248e-01	
 1.2765e+00	 2.2851e-01	
 1.2739e+00	 2.2873e-01	
 1.2732e+00	 2.3196e-01	
 1.2760e+00	 2.3645e-01	
 1.2756e+00	 2.3445e-01	
 1.2753e+00	 2.3762e-01	
 1.2742e+00	 2.3395e-01	
 1.2687e+00	 2.4005e-01	
 1.2796e+00	 2.2617e-01	
 1.2673e+00	 2.3321e-01	
 1.2632e+00	 2.3227e-01	
 1.2723e+00	 2.2828e-01	
 1.2667e+00	 2.4389e-01	
 1.2613e+00	 2.3236e-01	
 1.2587e+00	 2.3604e-01	
 1.2714e+00	 2.3331e-01	
 1.2599e+00	 2.4295e-01	
 1.2612e+00	 2.3043e-01	
 1.2625e+00	 2.3426e-01	
 1.2654e+00	 2.4285e-01	
 1.2597e+00	 2.3028e-01	
 1.2596e+00	 2.4068e-01	
 1.2556e+00	 2.3512e-01	
 1.2541e+00	 2.3509e-01	
 1.2560e+00	 2.3664e-01	
 1.2554e+00	 2.3459e-01	
 1.2625e+00	 2.3312e-01	
 1.2551e+00	 2.3555e-01	
 1.2559e+00	 2.3757e-01	
 1.2524e+00	 2.4225e-01	
 1.2520e+00	 2.3687e-01	
 1.2590e+00	 2.3638e-01	
 1.2544e+00	 2.3515e-01	
 1.2538e+00	 2.3641e-01	
 1.2558e+00	 2.3464e-01	
 1.2516e+00	 2.4393e-01	
 1.2561e+00	 2.3315e-01	
 1.2520e+00	 2.4061e-01	
 1.2451e+00	 2.3564e-01	
 1.2583e+00	 2.3514e-01	
 1.2644e+00	 2.2560e-01	
 1.2637e+00	 2.3748e-01	
 1.2515e+00	 2.3986e-01	
 1.2541e+00	 2.3467e-01	
 1.2565e+00	 2.4096e-01	
 1.2525e+00	 2.3487e-01	
 1.2537e+00	 2.4227e-01	
 1.2510e+00	 2.2864e-01	
 1.2536e+00	 2.3528e-01	
 1.2543e+00	 2.3546e-01	
 1.2557e+00	 2.3817e-01	
 1.2490e+00	 2.3699e-01	
 1.2489e+00	 2.3696e-01	
 1.2451e+00	 2.3211e-01	
 1.2588e+00	 2.3804e-01	
 1.2609e+00	 2.3540e-01	
 1.2553e+00	 2.3207e-01	
 1.2508e+00	 2.3483e-01	
 1.2576e+00	 2.3484e-01	
 1.2544e+00	 2.3112e-01	
 1.2599e+00	 2.3823e-01	
 1.2495e+00	 2.3457e-01	
 1.2534e+00	 2.3718e-01	
 1.2538e+00	 2.3947e-01	
 1.2427e+00	 2.3383e-01	
 1.2515e+00	 2.3916e-01	
 1.2582e+00	 2.3711e-01	
 1.2522e+00	 2.3306e-01	
 1.2578e+00	 2.3534e-01	
 1.2446e+00	 2.3085e-01	
 1.2478e+00	 2.4185e-01	
 1.2469e+00	 2.3858e-01	
 1.2460e+00	 2.3657e-01	
 1.2448e+00	 2.3234e-01	
 1.2436e+00	 2.3825e-01	
 1.2392e+00	 2.3340e-01	
 1.2522e+00	 2.3909e-01	
 1.2347e+00	 2.3689e-01	
 1.2444e+00	 2.3418e-01	
 1.2344e+00	 2.3394e-01	
 1.2335e+00	 2.2958e-01	
 1.2329e+00	 2.3199e-01	
 1.2376e+00	 2.3723e-01	
 1.2372e+00	 2.2819e-01	
 1.2335e+00	 2.4084e-01	
 1.2359e+00	 2.3945e-01	
 1.2339e+00	 2.2865e-01	
 1.2308e+00	 2.3883e-01	
 1.2338e+00	 2.3510e-01	
 1.2315e+00	 2.3268e-01	
 1.2274e+00	 2.3592e-01	
 1.2327e+00	 2.3847e-01	
 1.2285e+00	 2.1908e-01	
 1.2295e+00	 2.3615e-01	
 1.2232e+00	 2.2379e-01	
 1.2236e+00	 2.3362e-01	
 1.2356e+00	 2.3257e-01	
 1.2284e+00	 2.3016e-01	
 1.2274e+00	 2.3293e-01	
 1.2287e+00	 2.3395e-01	
 1.2237e+00	 2.3653e-01	
 1.2300e+00	 2.2971e-01	
 1.2213e+00	 2.3271e-01	
 1.2220e+00	 2.4036e-01	
 1.2259e+00	 2.2783e-01	
 1.2317e+00	 2.3082e-01	
 1.2271e+00	 2.3156e-01	
 1.2190e+00	 2.3090e-01	
 1.2273e+00	 2.3260e-01	
 1.2265e+00	 2.3019e-01	
 1.2255e+00	 2.2793e-01	
 1.2193e+00	 2.3516e-01	
 1.2316e+00	 2.3280e-01	
 1.2189e+00	 2.3657e-01	
 1.2175e+00	 2.3709e-01	
 1.2215e+00	 2.3322e-01	
 1.2269e+00	 2.3907e-01	
 1.2256e+00	 2.3122e-01	
 1.2153e+00	 2.3530e-01	
 1.2205e+00	 2.3899e-01	
 1.2144e+00	 2.3122e-01	
 1.2133e+00	 2.3162e-01	
 1.2140e+00	 2.3720e-01	
 1.2221e+00	 2.3050e-01	
 1.2138e+00	 2.3850e-01	
 1.2133e+00	 2.3426e-01	
 1.2173e+00	 2.3563e-01	
 1.2166e+00	 2.2840e-01	
 1.2122e+00	 2.3100e-01	
 1.2157e+00	 2.4316e-01	
