Loss	
 6.9949e-01	
 6.9798e-01	
 6.9642e-01	
 6.9485e-01	
 6.9325e-01	
 6.9163e-01	
 6.9043e-01	
 6.8943e-01	
 6.8763e-01	
 6.8516e-01	
 6.8329e-01	
 6.8152e-01	
 6.7981e-01	
 6.7819e-01	
 6.7675e-01	
 6.7490e-01	
 6.7296e-01	
 6.7069e-01	
 6.6863e-01	
 6.6646e-01	
 6.6452e-01	
 6.6256e-01	
 6.6059e-01	
 6.5846e-01	
 6.5644e-01	
 6.5416e-01	
 6.5194e-01	
 6.4976e-01	
 6.4771e-01	
 6.4559e-01	
 6.4338e-01	
 6.4113e-01	
 6.3893e-01	
 6.3659e-01	
 6.3412e-01	
 6.3184e-01	
 6.2957e-01	
 6.2734e-01	
 6.2500e-01	
 6.2265e-01	
 6.2024e-01	
 6.1769e-01	
 6.1529e-01	
 6.1278e-01	
 6.1036e-01	
 6.0794e-01	
 6.0558e-01	
 6.0309e-01	
 6.0061e-01	
 5.9814e-01	
 5.9567e-01	
 5.9321e-01	
 5.9068e-01	
 5.8818e-01	
 5.8572e-01	
 5.8315e-01	
 5.8074e-01	
 5.7818e-01	
 5.7563e-01	
 5.7323e-01	
 5.7080e-01	
 5.6838e-01	
 5.6590e-01	
 5.6343e-01	
 5.6102e-01	
 5.5857e-01	
 5.5619e-01	
 5.5378e-01	
 5.5140e-01	
 5.4894e-01	
 5.4640e-01	
 5.4388e-01	
 5.4147e-01	
 5.3904e-01	
 5.3666e-01	
 5.3429e-01	
 5.3195e-01	
 5.2961e-01	
 5.2732e-01	
 5.2490e-01	
 5.2260e-01	
 5.2028e-01	
 5.1792e-01	
 5.1568e-01	
 5.1327e-01	
 5.1090e-01	
 5.0859e-01	
 5.0635e-01	
 5.0406e-01	
 5.0188e-01	
 4.9982e-01	
 4.9762e-01	
 4.9541e-01	
 4.9328e-01	
 4.9120e-01	
 4.8901e-01	
 4.8683e-01	
 4.8474e-01	
 4.8255e-01	
 4.8047e-01	
 4.7820e-01	
 4.7608e-01	
 4.7399e-01	
 4.7193e-01	
 4.6985e-01	
 4.6783e-01	
 4.6575e-01	
 4.6368e-01	
 4.6164e-01	
 4.5970e-01	
 4.5765e-01	
 4.5564e-01	
 4.5368e-01	
 4.5175e-01	
 4.4986e-01	
 4.4780e-01	
 4.4588e-01	
 4.4393e-01	
 4.4191e-01	
 4.3987e-01	
 4.3789e-01	
 4.3596e-01	
 4.3409e-01	
 4.3216e-01	
 4.3028e-01	
 4.2830e-01	
 4.2634e-01	
 4.2440e-01	
 4.2239e-01	
 4.2049e-01	
 4.1857e-01	
 4.1664e-01	
 4.1466e-01	
 4.1265e-01	
 4.1069e-01	
 4.0872e-01	
 4.0683e-01	
 4.0489e-01	
 4.0309e-01	
 4.0113e-01	
 3.9936e-01	
 3.9750e-01	
 3.9549e-01	
 3.9341e-01	
 3.9156e-01	
 3.8938e-01	
 3.8753e-01	
 3.8544e-01	
 3.8335e-01	
 3.8167e-01	
 3.7995e-01	
 3.7786e-01	
 3.7605e-01	
 3.7425e-01	
 3.7260e-01	
 3.7064e-01	
 3.6848e-01	
 3.6635e-01	
 3.6451e-01	
 3.6257e-01	
 3.6060e-01	
 3.5897e-01	
 3.5726e-01	
 3.5554e-01	
 3.5383e-01	
 3.5223e-01	
 3.5039e-01	
 3.4899e-01	
 3.4753e-01	
 3.4627e-01	
 3.4482e-01	
 3.4329e-01	
 3.4220e-01	
 3.4143e-01	
 3.4003e-01	
 3.3862e-01	
 3.3768e-01	
 3.3636e-01	
 3.3524e-01	
 3.3458e-01	
 3.3391e-01	
 3.3318e-01	
 3.3276e-01	
 3.3229e-01	
 3.3149e-01	
 3.3111e-01	
 3.3029e-01	
 3.2956e-01	
 3.2893e-01	
 3.2839e-01	
 3.2825e-01	
 3.2763e-01	
 3.2700e-01	
 3.2650e-01	
 3.2607e-01	
 3.2656e-01	
 3.2643e-01	
 3.2571e-01	
 3.2522e-01	
 3.2546e-01	
 3.2618e-01	
 3.2621e-01	
 3.2586e-01	
 3.2556e-01	
 3.2565e-01	
 3.2541e-01	
 3.2510e-01	
 3.2510e-01	
 3.2497e-01	
 3.2464e-01	
 3.2392e-01	
 3.2415e-01	
 3.2385e-01	
 3.2377e-01	
 3.2269e-01	
 3.2258e-01	
 3.2348e-01	
 3.2334e-01	
 3.2376e-01	
 3.2347e-01	
 3.2388e-01	
 3.2495e-01	
 3.2564e-01	
 3.2578e-01	
 3.2565e-01	
 3.2533e-01	
 3.2530e-01	
 3.2532e-01	
 3.2512e-01	
 3.2447e-01	
 3.2495e-01	
 3.2463e-01	
 3.2448e-01	
 3.2515e-01	
 3.2496e-01	
 3.2475e-01	
 3.2495e-01	
 3.2585e-01	
 3.2560e-01	
 3.2534e-01	
 3.2539e-01	
 3.2536e-01	
 3.2546e-01	
 3.2553e-01	
 3.2508e-01	
 3.2507e-01	
 3.2513e-01	
 3.2470e-01	
 3.2508e-01	
 3.2479e-01	
 3.2454e-01	
 3.2444e-01	
 3.2458e-01	
 3.2486e-01	
 3.2450e-01	
 3.2410e-01	
 3.2402e-01	
 3.2393e-01	
 3.2317e-01	
 3.2316e-01	
 3.2318e-01	
 3.2324e-01	
 3.2392e-01	
 3.2422e-01	
 3.2364e-01	
 3.2370e-01	
 3.2512e-01	
 3.2554e-01	
 3.2566e-01	
 3.2517e-01	
 3.2509e-01	
 3.2522e-01	
 3.2509e-01	
 3.2433e-01	
 3.2395e-01	
 3.2443e-01	
 3.2478e-01	
 3.2476e-01	
 3.2437e-01	
 3.2388e-01	
 3.2283e-01	
 3.2319e-01	
 3.2354e-01	
 3.2330e-01	
 3.2313e-01	
 3.2307e-01	
 3.2319e-01	
 3.2292e-01	
 3.2248e-01	
 3.2249e-01	
 3.2258e-01	
 3.2318e-01	
 3.2288e-01	
 3.2295e-01	
 3.2271e-01	
 3.2271e-01	
 3.2242e-01	
 3.2253e-01	
 3.2308e-01	
 3.2230e-01	
 3.2312e-01	
 3.2326e-01	
 3.2275e-01	
 3.2291e-01	
 3.2286e-01	
 3.2358e-01	
 3.2309e-01	
 3.2260e-01	
 3.2181e-01	
 3.2114e-01	
 3.2031e-01	
 3.1899e-01	
 3.1761e-01	
 3.1636e-01	
 3.1386e-01	
 3.1355e-01	
 3.1042e-01	
 3.0927e-01	
 3.0783e-01	
 3.0599e-01	
 3.0892e-01	
 3.0457e-01	
 3.0286e-01	
 3.0311e-01	
 3.0058e-01	
 2.9918e-01	
 2.9954e-01	
 2.9854e-01	
 2.9767e-01	
 3.0010e-01	
 2.9602e-01	
 2.9471e-01	
 2.9272e-01	
 2.9613e-01	
 2.8913e-01	
 2.9080e-01	
 2.8833e-01	
 2.8452e-01	
 2.7907e-01	
 2.7705e-01	
 2.7105e-01	
 2.7258e-01	
 2.7344e-01	
 2.6985e-01	
 2.6684e-01	
 2.6466e-01	
 2.6939e-01	
 2.6234e-01	
 2.6732e-01	
 2.6483e-01	
 2.5917e-01	
 2.6931e-01	
 2.6085e-01	
 2.5386e-01	
 2.5878e-01	
 2.5650e-01	
 2.5393e-01	
 2.5316e-01	
 2.5592e-01	
 2.5288e-01	
 2.5703e-01	
 2.5244e-01	
 2.5237e-01	
 2.4949e-01	
 2.5063e-01	
 2.5250e-01	
 2.5147e-01	
 2.4970e-01	
 2.4676e-01	
 2.4703e-01	
 2.4761e-01	
 2.4713e-01	
 2.4576e-01	
 2.4887e-01	
 2.5206e-01	
 2.5001e-01	
 2.4883e-01	
 2.4563e-01	
 2.4940e-01	
 2.4697e-01	
 2.4389e-01	
 2.4560e-01	
 2.4296e-01	
 2.4942e-01	
 2.4168e-01	
 2.4665e-01	
 2.4262e-01	
 2.4828e-01	
 2.4499e-01	
 2.4661e-01	
 2.4800e-01	
 2.4957e-01	
 2.3981e-01	
 2.4442e-01	
 2.4363e-01	
 2.4555e-01	
 2.4009e-01	
 2.4488e-01	
 2.3778e-01	
 2.4072e-01	
 2.4679e-01	
 2.4371e-01	
 2.4529e-01	
 2.4342e-01	
 2.4597e-01	
 2.4071e-01	
 2.4347e-01	
 2.4442e-01	
 2.4287e-01	
 2.4967e-01	
 2.4722e-01	
 2.4154e-01	
 2.3673e-01	
 2.4474e-01	
 2.3631e-01	
 2.3892e-01	
 2.4244e-01	
 2.3564e-01	
 2.4172e-01	
 2.4275e-01	
 2.3907e-01	
 2.4153e-01	
 2.4097e-01	
 2.3854e-01	
 2.4370e-01	
 2.3877e-01	
 2.4012e-01	
 2.4455e-01	
 2.3808e-01	
 2.4102e-01	
 2.3543e-01	
 2.3779e-01	
 2.4196e-01	
 2.3601e-01	
 2.4437e-01	
 2.4037e-01	
 2.4061e-01	
 2.4247e-01	
 2.3777e-01	
 2.3789e-01	
 2.3773e-01	
 2.3807e-01	
 2.3945e-01	
 2.4351e-01	
 2.3775e-01	
 2.3807e-01	
 2.3246e-01	
 2.3862e-01	
 2.4104e-01	
 2.3835e-01	
 2.3798e-01	
 2.4248e-01	
 2.3575e-01	
 2.3555e-01	
 2.3594e-01	
 2.3872e-01	
 2.3738e-01	
 2.4013e-01	
 2.3488e-01	
 2.3732e-01	
 2.3316e-01	
 2.3719e-01	
 2.3623e-01	
 2.3537e-01	
 2.3551e-01	
 2.3945e-01	
 2.3217e-01	
 2.3884e-01	
 2.4063e-01	
 2.3131e-01	
 2.3060e-01	
 2.3892e-01	
 2.3484e-01	
 2.4129e-01	
 2.3362e-01	
 2.3735e-01	
 2.3220e-01	
 2.3735e-01	
 2.3840e-01	
 2.3557e-01	
 2.3580e-01	
 2.3289e-01	
 2.3814e-01	
 2.3420e-01	
 2.3631e-01	
 2.3593e-01	
 2.3438e-01	
 2.3710e-01	
 2.3555e-01	
 2.3556e-01	
 2.4029e-01	
 2.4236e-01	
 2.3649e-01	
 2.3612e-01	
 2.3197e-01	
 2.4146e-01	
 2.3653e-01	
 2.3425e-01	
 2.3272e-01	
 2.3535e-01	
 2.3340e-01	
 2.4057e-01	
 2.3243e-01	
 2.3852e-01	
 2.3469e-01	
 2.3389e-01	
 2.3180e-01	
 2.3460e-01	
 2.3476e-01	
 2.3734e-01	
 2.3527e-01	
 2.3559e-01	
 2.3357e-01	
 2.3585e-01	
 2.3627e-01	
 2.2803e-01	
 2.3528e-01	
 2.3024e-01	
 2.3263e-01	
 2.3106e-01	
 2.3439e-01	
 2.3309e-01	
 2.3745e-01	
 2.3630e-01	
 2.3845e-01	
 2.2957e-01	
 2.3400e-01	
 2.3491e-01	
 2.3449e-01	
 2.3924e-01	
 2.3354e-01	
 2.3049e-01	
 2.3578e-01	
 2.3344e-01	
 2.3332e-01	
 2.3253e-01	
 2.3360e-01	
 2.2893e-01	
 2.3214e-01	
 2.3347e-01	
 2.3514e-01	
 2.3252e-01	
 2.3396e-01	
 2.2726e-01	
 2.3147e-01	
 2.3455e-01	
 2.3643e-01	
 2.3766e-01	
 2.3082e-01	
 2.3100e-01	
 2.2917e-01	
 2.3204e-01	
 2.2563e-01	
 2.2756e-01	
 2.2989e-01	
 2.2636e-01	
 2.3502e-01	
 2.2690e-01	
 2.3384e-01	
 2.3120e-01	
 2.2739e-01	
 2.3348e-01	
 2.2813e-01	
 2.3891e-01	
 2.3348e-01	
 2.2849e-01	
 2.3635e-01	
 2.3070e-01	
 2.3215e-01	
 2.4004e-01	
 2.2598e-01	
 2.3149e-01	
 2.3208e-01	
 2.3377e-01	
 2.3095e-01	
 2.3200e-01	
 2.3145e-01	
 2.2669e-01	
 2.3027e-01	
 2.3069e-01	
 2.3360e-01	
 2.2661e-01	
 2.2699e-01	
 2.3148e-01	
 2.3919e-01	
 2.2999e-01	
 2.3217e-01	
 2.3548e-01	
 2.3243e-01	
 2.3035e-01	
 2.3401e-01	
 2.3715e-01	
 2.2573e-01	
 2.2572e-01	
 2.2969e-01	
 2.2638e-01	
 2.3478e-01	
 2.3028e-01	
 2.3201e-01	
 2.3725e-01	
 2.2928e-01	
 2.2399e-01	
 2.2288e-01	
 2.3358e-01	
 2.2955e-01	
 2.3402e-01	
 2.3271e-01	
 2.2872e-01	
 2.2908e-01	
 2.3727e-01	
 2.2723e-01	
 2.3398e-01	
 2.3017e-01	
 2.3580e-01	
 2.3198e-01	
 2.3382e-01	
 2.2352e-01	
 2.2882e-01	
 2.2678e-01	
 2.3891e-01	
 2.3122e-01	
 2.2681e-01	
 2.2503e-01	
 2.3332e-01	
 2.3734e-01	
 2.3423e-01	
 2.3530e-01	
 2.3103e-01	
 2.2829e-01	
 2.3176e-01	
 2.3225e-01	
 2.3513e-01	
 2.3340e-01	
 2.2712e-01	
 2.2951e-01	
 2.2992e-01	
 2.2926e-01	
 2.2400e-01	
 2.3163e-01	
 2.3415e-01	
 2.3166e-01	
 2.3251e-01	
 2.2533e-01	
 2.3126e-01	
 2.3321e-01	
 2.2621e-01	
 2.3543e-01	
 2.3227e-01	
 2.2812e-01	
 2.2564e-01	
 2.2843e-01	
 2.2929e-01	
 2.2971e-01	
 2.2729e-01	
 2.2444e-01	
 2.2823e-01	
 2.2788e-01	
 2.2857e-01	
 2.3123e-01	
 2.2635e-01	
 2.3172e-01	
 2.2820e-01	
 2.2248e-01	
 2.2618e-01	
 2.2525e-01	
 2.2530e-01	
 2.3240e-01	
 2.2379e-01	
 2.2979e-01	
 2.2672e-01	
 2.3319e-01	
 2.2367e-01	
 2.3125e-01	
 2.2472e-01	
 2.2711e-01	
 2.2543e-01	
 2.3403e-01	
 2.3441e-01	
 2.3192e-01	
 2.2883e-01	
 2.2485e-01	
 2.2553e-01	
 2.2526e-01	
 2.2884e-01	
 2.3206e-01	
 2.2676e-01	
 2.3037e-01	
 2.2718e-01	
 2.3029e-01	
 2.2692e-01	
 2.2616e-01	
 2.2811e-01	
 2.2561e-01	
 2.2676e-01	
 2.2412e-01	
 2.2521e-01	
 2.2657e-01	
 2.2634e-01	
 2.3102e-01	
 2.2517e-01	
 2.2546e-01	
 2.2731e-01	
 2.3336e-01	
 2.3217e-01	
 2.2294e-01	
 2.2357e-01	
 2.2597e-01	
 2.3237e-01	
 2.2895e-01	
 2.1737e-01	
 2.2097e-01	
 2.2740e-01	
 2.2418e-01	
 2.3151e-01	
 2.2131e-01	
 2.2610e-01	
 2.2549e-01	
 2.2779e-01	
 2.2747e-01	
 2.3196e-01	
 2.2733e-01	
 2.2721e-01	
 2.2218e-01	
 2.2774e-01	
 2.2718e-01	
 2.2854e-01	
 2.2818e-01	
 2.2622e-01	
 2.3336e-01	
 2.2855e-01	
 2.2327e-01	
 2.3222e-01	
 2.3165e-01	
 2.2984e-01	
 2.2237e-01	
 2.2695e-01	
 2.3275e-01	
 2.2852e-01	
 2.3311e-01	
 2.2637e-01	
 2.2315e-01	
 2.2824e-01	
 2.2362e-01	
 2.2975e-01	
 2.3018e-01	
 2.2618e-01	
 2.3002e-01	
 2.2793e-01	
 2.2687e-01	
 2.2987e-01	
 2.2553e-01	
 2.2347e-01	
 2.2759e-01	
 2.2231e-01	
 2.2738e-01	
 2.2765e-01	
 2.2936e-01	
 2.2330e-01	
 2.2211e-01	
 2.2707e-01	
 2.2835e-01	
 2.2323e-01	
 2.1997e-01	
 2.2489e-01	
 2.3111e-01	
 2.3132e-01	
 2.2513e-01	
 2.2023e-01	
 2.2676e-01	
 2.3000e-01	
 2.2147e-01	
 2.2245e-01	
 2.2118e-01	
 2.2177e-01	
 2.2532e-01	
 2.2413e-01	
 2.2076e-01	
 2.2405e-01	
 2.2685e-01	
 2.2605e-01	
 2.2827e-01	
 2.2993e-01	
 2.2086e-01	
 2.2034e-01	
 2.2576e-01	
 2.2470e-01	
 2.2059e-01	
 2.2540e-01	
 2.2842e-01	
 2.2428e-01	
 2.2529e-01	
 2.1918e-01	
 2.2258e-01	
 2.1548e-01	
 2.3016e-01	
 2.3016e-01	
 2.2554e-01	
 2.2605e-01	
 2.2337e-01	
 2.2757e-01	
 2.3018e-01	
 2.2057e-01	
 2.2588e-01	
 2.2467e-01	
 2.2736e-01	
 2.2132e-01	
 2.2611e-01	
 2.2046e-01	
 2.2472e-01	
 2.2041e-01	
 2.1918e-01	
 2.2492e-01	
 2.2569e-01	
 2.2222e-01	
 2.2238e-01	
 2.2325e-01	
 2.2647e-01	
 2.3034e-01	
 2.2721e-01	
 2.2911e-01	
 2.2219e-01	
 2.2911e-01	
 2.2002e-01	
 2.2499e-01	
 2.2461e-01	
 2.2549e-01	
 2.2633e-01	
 2.2391e-01	
 2.2219e-01	
 2.2420e-01	
 2.2415e-01	
 2.2863e-01	
 2.2243e-01	
 2.2376e-01	
 2.2036e-01	
 2.2102e-01	
 2.2655e-01	
 2.2376e-01	
 2.1515e-01	
 2.2487e-01	
 2.1978e-01	
 2.1875e-01	
 2.2055e-01	
 2.2636e-01	
 2.2149e-01	
 2.2504e-01	
 2.2681e-01	
 2.1743e-01	
 2.2849e-01	
 2.2562e-01	
 2.2435e-01	
 2.2465e-01	
 2.2885e-01	
 2.2932e-01	
 2.2376e-01	
 2.2161e-01	
 2.2378e-01	
 2.2567e-01	
 2.2368e-01	
 2.2578e-01	
 2.2046e-01	
 2.2390e-01	
 2.2514e-01	
 2.2579e-01	
 2.2560e-01	
 2.2911e-01	
 2.2008e-01	
 2.2208e-01	
 2.2042e-01	
 2.2382e-01	
 2.1969e-01	
 2.2010e-01	
 2.2567e-01	
 2.2177e-01	
 2.1308e-01	
 2.1815e-01	
 2.1791e-01	
 2.2564e-01	
 2.2033e-01	
 2.2475e-01	
 2.1848e-01	
 2.1886e-01	
 2.2803e-01	
 2.2353e-01	
 2.2519e-01	
 2.2024e-01	
 2.2352e-01	
 2.2171e-01	
 2.2272e-01	
 2.2275e-01	
 2.2999e-01	
 2.2563e-01	
 2.2270e-01	
 2.1784e-01	
 2.1524e-01	
 2.1523e-01	
 2.2227e-01	
 2.1877e-01	
 2.2159e-01	
 2.1826e-01	
 2.3047e-01	
 2.2508e-01	
 2.2747e-01	
 2.1733e-01	
 2.2157e-01	
 2.1817e-01	
 2.2588e-01	
 2.2491e-01	
 2.2308e-01	
 2.2626e-01	
 2.2460e-01	
 2.2225e-01	
 2.2159e-01	
 2.1731e-01	
 2.2248e-01	
 2.2620e-01	
 2.2185e-01	
 2.1626e-01	
 2.2340e-01	
 2.2125e-01	
 2.2213e-01	
 2.2016e-01	
 2.2568e-01	
 2.2358e-01	
 2.2162e-01	
 2.1911e-01	
 2.2518e-01	
 2.2270e-01	
 2.2084e-01	
 2.1445e-01	
 2.2485e-01	
 2.2284e-01	
 2.2389e-01	
 2.2508e-01	
 2.1931e-01	
 2.1693e-01	
 2.2487e-01	
 2.2255e-01	
 2.2112e-01	
 2.2200e-01	
 2.1788e-01	
 2.2280e-01	
 2.2438e-01	
 2.2337e-01	
 2.2475e-01	
 2.2278e-01	
 2.2039e-01	
 2.2420e-01	
 2.2025e-01	
 2.2062e-01	
 2.1700e-01	
 2.5169e-01	
 2.4246e-01	
 2.5656e-01	
 2.2078e-01	
 2.1667e-01	
 2.1994e-01	
 2.2967e-01	
 2.3204e-01	
 2.2758e-01	
 2.3394e-01	
 2.2499e-01	
 2.2579e-01	
 2.1991e-01	
 2.2011e-01	
 2.2059e-01	
 2.2834e-01	
 2.2904e-01	
 2.2509e-01	
 2.2042e-01	
 2.2022e-01	
 2.2148e-01	
 2.1488e-01	
 2.2305e-01	
 2.2197e-01	
 2.2460e-01	
 2.2948e-01	
 2.1887e-01	
 2.2371e-01	
 2.2369e-01	
 2.2004e-01	
 2.2252e-01	
 2.3217e-01	
 2.2581e-01	
 2.1884e-01	
 2.2085e-01	
 2.2181e-01	
 2.2169e-01	
 2.2578e-01	
 2.1657e-01	
 2.1698e-01	
 2.1937e-01	
 2.2136e-01	
 2.2479e-01	
 2.2017e-01	
 2.2568e-01	
 2.1786e-01	
 2.2194e-01	
 2.2248e-01	
 2.2319e-01	
 2.1950e-01	
 2.2182e-01	
 2.2487e-01	
 2.1630e-01	
 2.2276e-01	
 2.1878e-01	
 2.2311e-01	
 2.1896e-01	
 2.2549e-01	
 2.2568e-01	
 2.1654e-01	
 2.2092e-01	
 2.2168e-01	
 2.1774e-01	
 2.1963e-01	
 2.2193e-01	
 2.1639e-01	
 2.1605e-01	
 2.1927e-01	
 2.2254e-01	
 2.1888e-01	
 2.2028e-01	
 2.2778e-01	
 2.2261e-01	
 2.1734e-01	
 2.1955e-01	
 2.2220e-01	
 2.2233e-01	
 2.2462e-01	
 2.2125e-01	
 2.1871e-01	
 2.1869e-01	
 2.2166e-01	
 2.2639e-01	
 2.2319e-01	
 2.2492e-01	
 2.2098e-01	
 2.2071e-01	
 2.2067e-01	
 2.2097e-01	
 2.1939e-01	
 2.2513e-01	
 2.2041e-01	
 2.2288e-01	
 2.2282e-01	
 2.1720e-01	
 2.2003e-01	
 2.2260e-01	
 2.2075e-01	
 2.2344e-01	
 2.2595e-01	
 2.2614e-01	
 2.2015e-01	
 2.1663e-01	
 2.2182e-01	
 2.2831e-01	
 2.1909e-01	
 2.1658e-01	
 2.1780e-01	
 2.2347e-01	
 2.1651e-01	
 2.2466e-01	
 2.2097e-01	
 2.1955e-01	
 2.1704e-01	
 2.1598e-01	
 2.1644e-01	
 2.1753e-01	
 2.2535e-01	
 2.2581e-01	
 2.2817e-01	
 2.2220e-01	
 2.2339e-01	
 2.1705e-01	
 2.2125e-01	
 2.1518e-01	
 2.1913e-01	
 2.2053e-01	
 2.1550e-01	
 2.1948e-01	
 2.2265e-01	
 2.2179e-01	
 2.1887e-01	
 2.2510e-01	
 2.2422e-01	
 2.2467e-01	
 2.2152e-01	
 2.2196e-01	
 2.2432e-01	
 2.1743e-01	
 2.1670e-01	
 2.1956e-01	
 2.2003e-01	
 2.2259e-01	
 2.2072e-01	
 2.1942e-01	
 2.2486e-01	
 2.2570e-01	
 2.2327e-01	
 2.2054e-01	
 2.1712e-01	
 2.1906e-01	
 2.1305e-01	
 2.2439e-01	
 2.2425e-01	
 2.2499e-01	
 2.1618e-01	
 2.1576e-01	
 2.2066e-01	
 2.2098e-01	
 2.2010e-01	
 2.1562e-01	
 2.2583e-01	
 2.2406e-01	
 2.2012e-01	
 2.1896e-01	
 2.1580e-01	
 2.2737e-01	
 2.2421e-01	
 2.2124e-01	
 2.1463e-01	
 2.1676e-01	
 2.2342e-01	
 2.2310e-01	
 2.1662e-01	
 2.2356e-01	
 2.2128e-01	
 2.1558e-01	
 2.2328e-01	
 2.2117e-01	
 2.1980e-01	
 2.2254e-01	
 2.1582e-01	
 2.1855e-01	
 2.2232e-01	
 2.2105e-01	
 2.1416e-01	
 2.1839e-01	
 2.1813e-01	
 2.2023e-01	
 2.2240e-01	
 2.2218e-01	
 2.1490e-01	
 2.1834e-01	
 2.1999e-01	
 2.1913e-01	
 2.1407e-01	
 2.1515e-01	
 2.2220e-01	
 2.2523e-01	
 2.2071e-01	
 2.2449e-01	
 2.1594e-01	
 2.1905e-01	
 2.1586e-01	
 2.2899e-01	
 2.1853e-01	
 2.1654e-01	
 2.2262e-01	
 2.1398e-01	
 2.2386e-01	
 2.1463e-01	
 2.1919e-01	
 2.1995e-01	
 2.1759e-01	
 2.1824e-01	
 2.2168e-01	
 2.1983e-01	
 2.1955e-01	
 2.2111e-01	
 2.1845e-01	
 2.2202e-01	
 2.1494e-01	
 2.2402e-01	
 2.1259e-01	
 2.2092e-01	
 2.2107e-01	
 2.2008e-01	
 2.2478e-01	
 2.2250e-01	
 2.1834e-01	
 2.2011e-01	
 2.1962e-01	
 2.1438e-01	
 2.1185e-01	
 2.2352e-01	
 2.2367e-01	
 2.2647e-01	
 2.2026e-01	
 2.1905e-01	
 2.1007e-01	
 2.2024e-01	
 2.3014e-01	
 2.2213e-01	
 2.1683e-01	
 2.2154e-01	
 2.2107e-01	
 2.2436e-01	
 2.1216e-01	
 2.1645e-01	
 2.2064e-01	
 2.2693e-01	
 2.2042e-01	
 2.2272e-01	
 2.2258e-01	
 2.1807e-01	
 2.1508e-01	
 2.1695e-01	
 2.2277e-01	
 2.2391e-01	
 2.1217e-01	
 2.1923e-01	
 2.2084e-01	
 2.2288e-01	
 2.1717e-01	
 2.1530e-01	
 2.2318e-01	
 2.1757e-01	
 2.1979e-01	
 2.1855e-01	
 2.1835e-01	
 2.2151e-01	
 2.2053e-01	
 2.1572e-01	
 2.1993e-01	
 2.1614e-01	
 2.2057e-01	
 2.2234e-01	
 2.1744e-01	
 2.1350e-01	
 2.0870e-01	
 2.1935e-01	
 2.2383e-01	
 2.1497e-01	
 2.1900e-01	
 2.1890e-01	
 2.2154e-01	
 2.1293e-01	
 2.1935e-01	
 2.1741e-01	
 2.1672e-01	
 2.1797e-01	
 2.1819e-01	
 2.1669e-01	
 2.2014e-01	
 2.2412e-01	
 2.2482e-01	
 2.2461e-01	
 2.1766e-01	
 2.1701e-01	
 2.2514e-01	
 2.2169e-01	
 2.1889e-01	
 2.1944e-01	
 2.2181e-01	
 2.1984e-01	
 2.2108e-01	
 2.2149e-01	
 2.1848e-01	
 2.2476e-01	
 2.2167e-01	
 2.2630e-01	
 2.2320e-01	
 2.2098e-01	
 2.2344e-01	
 2.2218e-01	
 2.1843e-01	
 2.1362e-01	
 2.2308e-01	
 2.1870e-01	
 2.1797e-01	
 2.1793e-01	
 2.1992e-01	
 2.2631e-01	
 2.2064e-01	
 2.2105e-01	
 2.1825e-01	
 2.1827e-01	
 2.2245e-01	
 2.2103e-01	
 2.2059e-01	
 2.2311e-01	
 2.1885e-01	
 2.2018e-01	
 2.1816e-01	
 2.2192e-01	
 2.1747e-01	
 2.1898e-01	
 2.2124e-01	
 2.1687e-01	
 2.1986e-01	
 2.2222e-01	
 2.2170e-01	
 2.2006e-01	
 2.2266e-01	
 2.1834e-01	
 2.2384e-01	
 2.1686e-01	
 2.2016e-01	
 2.1965e-01	
 2.1660e-01	
 2.2299e-01	
 2.1786e-01	
 2.1391e-01	
 2.2170e-01	
 2.2071e-01	
 2.2234e-01	
 2.1828e-01	
 2.2225e-01	
 2.1866e-01	
 2.2671e-01	
 2.2107e-01	
 2.2146e-01	
 2.1434e-01	
 2.1849e-01	
 2.2277e-01	
 2.2065e-01	
 2.1852e-01	
 2.1849e-01	
 2.1923e-01	
 2.2160e-01	
 2.1931e-01	
 2.1600e-01	
 2.2116e-01	
 2.2520e-01	
 2.2006e-01	
 2.2229e-01	
 2.2014e-01	
 2.2166e-01	
 2.2015e-01	
 2.1822e-01	
 2.2143e-01	
 2.1679e-01	
 2.2636e-01	
 2.1683e-01	
 2.1678e-01	
 2.1563e-01	
 2.2489e-01	
 2.1643e-01	
 2.1537e-01	
 2.2184e-01	
 2.2491e-01	
 2.1194e-01	
 2.2064e-01	
 2.2091e-01	
 2.2299e-01	
 2.1715e-01	
 2.1882e-01	
 2.1267e-01	
 2.1564e-01	
 2.2402e-01	
 2.2025e-01	
 2.2116e-01	
 2.2099e-01	
 2.2433e-01	
 2.1818e-01	
 2.1946e-01	
 2.1921e-01	
 2.1997e-01	
 2.2600e-01	
 2.2498e-01	
 2.1960e-01	
 2.1145e-01	
 2.2339e-01	
 2.1571e-01	
 2.1731e-01	
 2.2283e-01	
 2.1575e-01	
 2.1976e-01	
 2.2052e-01	
 2.1603e-01	
 2.2005e-01	
 2.1738e-01	
 2.1671e-01	
 2.2264e-01	
 2.1780e-01	
 2.1992e-01	
 2.2324e-01	
 2.1611e-01	
 2.2074e-01	
 2.1610e-01	
 2.1912e-01	
 2.1950e-01	
 2.1628e-01	
 2.2546e-01	
 2.1828e-01	
 2.2220e-01	
 2.2263e-01	
 2.1905e-01	
 2.1808e-01	
 2.1923e-01	
 2.2101e-01	
 2.2003e-01	
 2.2483e-01	
 2.1675e-01	
 2.2021e-01	
 2.1576e-01	
 2.2029e-01	
 2.1930e-01	
 2.1788e-01	
 2.1667e-01	
 2.2295e-01	
 2.1722e-01	
 2.1629e-01	
 2.1546e-01	
 2.2089e-01	
 2.1929e-01	
 2.2301e-01	
 2.1570e-01	
 2.2024e-01	
 2.1527e-01	
 2.1924e-01	
 2.1737e-01	
 2.1717e-01	
 2.1527e-01	
 2.2064e-01	
 2.1194e-01	
 2.2148e-01	
 2.2209e-01	
 2.1409e-01	
 2.1353e-01	
 2.1942e-01	
 2.1788e-01	
 2.2196e-01	
 2.1450e-01	
 2.1901e-01	
 2.1717e-01	
 2.2263e-01	
 2.2035e-01	
 2.1979e-01	
 2.1851e-01	
 2.1723e-01	
 2.2214e-01	
 2.1732e-01	
 2.2091e-01	
 2.2081e-01	
 2.1582e-01	
 2.2139e-01	
 2.1844e-01	
 2.1695e-01	
 2.2088e-01	
 2.2089e-01	
 2.2097e-01	
 2.2091e-01	
 2.1556e-01	
 2.2552e-01	
 2.1811e-01	
 2.1809e-01	
 2.1505e-01	
 2.2113e-01	
 2.1992e-01	
 2.2494e-01	
 2.1539e-01	
 2.2063e-01	
 2.1813e-01	
 2.1815e-01	
 2.1351e-01	
 2.1946e-01	
 2.1759e-01	
 2.2237e-01	
 2.1644e-01	
 2.1842e-01	
 2.1880e-01	
 2.1842e-01	
 2.2147e-01	
 2.1157e-01	
 2.1967e-01	
 2.1425e-01	
 2.1679e-01	
 2.1563e-01	
 2.2133e-01	
 2.1884e-01	
 2.2059e-01	
 2.2147e-01	
 2.2323e-01	
 2.1436e-01	
 2.1994e-01	
 2.1994e-01	
 2.1843e-01	
 2.2234e-01	
 2.1680e-01	
 2.1519e-01	
 2.2123e-01	
 2.1923e-01	
 2.1774e-01	
 2.1809e-01	
 2.1953e-01	
 2.1366e-01	
 2.1690e-01	
 2.1762e-01	
 2.2065e-01	
 2.1613e-01	
 2.2042e-01	
 2.1169e-01	
 2.1724e-01	
 2.2144e-01	
 2.2204e-01	
 2.2333e-01	
 2.1667e-01	
 2.1622e-01	
 2.1623e-01	
 2.1858e-01	
 2.1327e-01	
 2.1298e-01	
 2.1421e-01	
 2.1244e-01	
 2.2036e-01	
 2.1358e-01	
 2.2051e-01	
 2.1533e-01	
 2.1115e-01	
 2.1739e-01	
 2.1495e-01	
 2.2417e-01	
 2.1982e-01	
 2.1534e-01	
 2.2157e-01	
 2.1667e-01	
 2.1720e-01	
 2.2919e-01	
 2.1201e-01	
 2.1907e-01	
 2.1778e-01	
 2.2058e-01	
 2.1697e-01	
 2.1893e-01	
 2.1883e-01	
 2.1337e-01	
 2.1743e-01	
 2.1703e-01	
 2.2000e-01	
 2.1463e-01	
 2.1359e-01	
 2.1916e-01	
 2.2206e-01	
 2.1478e-01	
 2.1825e-01	
 2.2208e-01	
 2.1811e-01	
 2.1606e-01	
 2.2082e-01	
 2.2511e-01	
 2.1370e-01	
 2.1294e-01	
 2.1659e-01	
 2.1185e-01	
 2.1881e-01	
 2.1620e-01	
 2.1799e-01	
 2.2347e-01	
 2.1671e-01	
 2.1137e-01	
 2.1124e-01	
 2.2210e-01	
 2.1681e-01	
 2.2099e-01	
 2.2062e-01	
 2.1600e-01	
 2.1442e-01	
 2.2469e-01	
 2.1528e-01	
 2.2196e-01	
 2.1688e-01	
 2.2253e-01	
 2.1812e-01	
 2.2021e-01	
 2.1167e-01	
 2.1657e-01	
 2.1292e-01	
 2.2314e-01	
 2.1876e-01	
 2.1420e-01	
 2.1318e-01	
 2.2263e-01	
 2.2725e-01	
 2.2457e-01	
 2.2423e-01	
 2.2028e-01	
 2.1812e-01	
 2.1999e-01	
 2.2025e-01	
 2.2314e-01	
 2.2271e-01	
 2.1748e-01	
 2.1931e-01	
 2.1872e-01	
 2.1891e-01	
 2.1271e-01	
 2.2022e-01	
 2.2116e-01	
 2.1973e-01	
 2.1951e-01	
 2.1319e-01	
 2.1834e-01	
 2.2117e-01	
 2.1419e-01	
 2.2404e-01	
 2.2115e-01	
 2.1615e-01	
 2.1527e-01	
 2.1905e-01	
 2.1732e-01	
 2.1868e-01	
 2.1751e-01	
 2.1547e-01	
 2.1698e-01	
 2.1755e-01	
 2.1649e-01	
 2.2238e-01	
 2.1522e-01	
 2.2053e-01	
 2.1804e-01	
 2.1139e-01	
 2.1564e-01	
 2.1444e-01	
 2.1333e-01	
 2.1791e-01	
 2.1231e-01	
 2.2029e-01	
 2.1690e-01	
 2.2345e-01	
 2.1237e-01	
 2.2199e-01	
 2.1421e-01	
 2.1676e-01	
 2.1583e-01	
 2.2336e-01	
 2.2291e-01	
 2.2148e-01	
 2.1805e-01	
 2.1484e-01	
 2.1654e-01	
 2.1624e-01	
 2.1852e-01	
 2.2244e-01	
 2.1695e-01	
 2.2040e-01	
 2.1708e-01	
 2.2066e-01	
 2.1759e-01	
 2.1486e-01	
 2.1737e-01	
 2.1758e-01	
 2.1825e-01	
 2.1583e-01	
 2.1741e-01	
 2.1573e-01	
 2.1576e-01	
 2.2078e-01	
 2.1628e-01	
 2.1533e-01	
 2.1745e-01	
 2.2200e-01	
 2.2402e-01	
 2.1497e-01	
 2.1384e-01	
 2.1592e-01	
 2.2484e-01	
 2.1922e-01	
 2.0849e-01	
 2.1215e-01	
 2.1866e-01	
 2.1615e-01	
 2.2269e-01	
 2.1315e-01	
 2.1620e-01	
 2.1532e-01	
 2.1834e-01	
 2.1874e-01	
 2.2318e-01	
 2.1675e-01	
 2.1724e-01	
 2.1300e-01	
 2.1962e-01	
 2.1839e-01	
 2.2091e-01	
 2.2021e-01	
 2.1577e-01	
 2.2406e-01	
 2.2234e-01	
 2.1648e-01	
 2.2443e-01	
 2.2146e-01	
 2.2180e-01	
 2.1333e-01	
 2.1945e-01	
 2.2528e-01	
 2.2034e-01	
 2.2547e-01	
 2.1995e-01	
 2.1533e-01	
 2.1926e-01	
 2.1613e-01	
 2.2110e-01	
 2.2242e-01	
 2.2009e-01	
 2.2121e-01	
 2.2088e-01	
 2.1865e-01	
 2.2193e-01	
 2.1718e-01	
 2.1481e-01	
 2.1846e-01	
 2.1274e-01	
 2.2078e-01	
 2.1943e-01	
 2.2182e-01	
 2.1722e-01	
 2.1474e-01	
 2.2006e-01	
 2.2076e-01	
 2.1451e-01	
 2.1260e-01	
 2.1739e-01	
 2.2276e-01	
 2.2351e-01	
 2.1720e-01	
 2.1260e-01	
 2.1898e-01	
 2.2264e-01	
 2.1432e-01	
 2.1600e-01	
 2.1309e-01	
 2.1372e-01	
 2.1805e-01	
 2.1625e-01	
 2.1311e-01	
 2.1671e-01	
 2.1999e-01	
 2.1960e-01	
 2.2021e-01	
 2.2136e-01	
 2.1383e-01	
 2.1330e-01	
 2.1867e-01	
 2.1757e-01	
 2.1209e-01	
 2.1828e-01	
 2.1898e-01	
 2.1685e-01	
 2.1706e-01	
 2.1184e-01	
 2.1770e-01	
 2.0900e-01	
 2.2056e-01	
 2.2130e-01	
 2.1671e-01	
 2.1726e-01	
 2.1751e-01	
 2.2114e-01	
 2.2460e-01	
 2.1488e-01	
 2.1750e-01	
 2.1534e-01	
 2.1981e-01	
 2.1581e-01	
 2.1934e-01	
 2.1481e-01	
 2.1798e-01	
 2.1440e-01	
 2.1209e-01	
 2.1698e-01	
 2.2008e-01	
 2.1621e-01	
 2.1566e-01	
 2.1815e-01	
 2.2017e-01	
 2.2321e-01	
 2.2070e-01	
 2.2163e-01	
 2.1553e-01	
 2.2203e-01	
 2.1331e-01	
 2.1867e-01	
 2.1657e-01	
 2.2014e-01	
 2.1974e-01	
 2.1759e-01	
 2.1745e-01	
 2.1746e-01	
 2.1898e-01	
 2.2226e-01	
 2.1685e-01	
 2.1780e-01	
 2.1323e-01	
 2.1659e-01	
 2.2042e-01	
 2.1785e-01	
 2.1003e-01	
 2.1860e-01	
 2.1407e-01	
 2.1058e-01	
 2.1389e-01	
 2.2045e-01	
 2.1622e-01	
 2.1980e-01	
 2.2109e-01	
 2.1222e-01	
 2.2339e-01	
 2.1869e-01	
 2.1900e-01	
 2.2028e-01	
 2.2358e-01	
 2.2350e-01	
 2.1722e-01	
 2.1582e-01	
 2.1667e-01	
 2.1927e-01	
 2.1813e-01	
 2.2002e-01	
 2.1447e-01	
 2.1850e-01	
 2.1965e-01	
 2.2074e-01	
 2.2062e-01	
 2.2439e-01	
 2.1357e-01	
 2.1637e-01	
 2.1508e-01	
 2.1809e-01	
 2.1440e-01	
 2.1435e-01	
 2.2072e-01	
 2.1764e-01	
 2.0941e-01	
 2.1293e-01	
 2.1254e-01	
 2.1980e-01	
 2.1619e-01	
 2.1940e-01	
 2.1431e-01	
 2.1347e-01	
 2.2253e-01	
 2.1914e-01	
 2.1953e-01	
 2.1438e-01	
 2.1854e-01	
 2.1622e-01	
 2.1889e-01	
 2.1739e-01	
 2.2550e-01	
 2.2184e-01	
 2.1834e-01	
 2.1308e-01	
 2.1011e-01	
 2.1031e-01	
 2.1749e-01	
 2.1381e-01	
 2.1464e-01	
 2.1133e-01	
 2.2483e-01	
 2.2069e-01	
 2.2213e-01	
 2.1157e-01	
 2.1692e-01	
 2.1306e-01	
 2.2130e-01	
 2.2164e-01	
 2.1850e-01	
 2.2252e-01	
 2.2146e-01	
 2.1764e-01	
 2.1706e-01	
 2.1257e-01	
 2.1656e-01	
 2.2144e-01	
 2.1770e-01	
 2.1280e-01	
 2.1885e-01	
 2.1633e-01	
 2.1399e-01	
 2.1453e-01	
 2.2061e-01	
 2.1867e-01	
 2.1741e-01	
 2.1515e-01	
 2.1992e-01	
 2.1798e-01	
 2.1539e-01	
 2.1000e-01	
 2.2218e-01	
 2.1949e-01	
 2.1972e-01	
 2.1961e-01	
 2.1514e-01	
 2.1301e-01	
 2.2000e-01	
 2.1924e-01	
 2.1564e-01	
 2.1741e-01	
 2.1353e-01	
 2.1919e-01	
 2.2004e-01	
 2.1884e-01	
 2.1966e-01	
 2.1917e-01	
 2.1683e-01	
 2.1974e-01	
 2.1517e-01	
 2.1571e-01	
 2.1000e-01	
 2.3007e-01	
 2.2770e-01	
 2.3967e-01	
 2.1125e-01	
 2.0737e-01	
 2.1063e-01	
 2.1604e-01	
 2.2517e-01	
 2.2245e-01	
 2.2492e-01	
 2.1599e-01	
 2.1690e-01	
 2.1332e-01	
 2.1212e-01	
 2.1335e-01	
 2.2181e-01	
 2.2192e-01	
 2.1840e-01	
 2.1453e-01	
 2.1352e-01	
 2.1624e-01	
 2.1051e-01	
 2.1861e-01	
 2.1861e-01	
 2.2098e-01	
 2.2498e-01	
 2.1403e-01	
 2.1833e-01	
 2.1814e-01	
 2.1573e-01	
 2.1926e-01	
 2.2735e-01	
 2.2175e-01	
 2.1556e-01	
 2.1623e-01	
 2.1817e-01	
 2.1670e-01	
 2.2327e-01	
 2.1350e-01	
 2.1367e-01	
 2.1505e-01	
 2.1753e-01	
 2.2093e-01	
 2.1652e-01	
 2.2302e-01	
 2.1480e-01	
 2.1832e-01	
 2.1962e-01	
 2.2041e-01	
 2.1665e-01	
 2.1885e-01	
 2.2273e-01	
 2.1378e-01	
 2.1958e-01	
 2.1554e-01	
 2.2072e-01	
 2.1594e-01	
 2.2206e-01	
 2.2207e-01	
 2.1326e-01	
 2.1755e-01	
 2.1919e-01	
 2.1483e-01	
 2.1662e-01	
 2.1915e-01	
 2.1431e-01	
 2.1271e-01	
 2.1609e-01	
 2.1952e-01	
 2.1637e-01	
 2.1805e-01	
 2.2507e-01	
 2.2020e-01	
 2.1436e-01	
 2.1653e-01	
 2.1991e-01	
 2.1894e-01	
 2.2235e-01	
 2.1868e-01	
 2.1565e-01	
 2.1593e-01	
 2.1926e-01	
 2.2351e-01	
 2.2063e-01	
 2.2180e-01	
 2.1846e-01	
 2.1855e-01	
 2.1818e-01	
 2.1809e-01	
 2.1665e-01	
 2.2168e-01	
 2.1782e-01	
 2.2098e-01	
 2.2067e-01	
 2.1519e-01	
 2.1781e-01	
 2.1927e-01	
 2.1794e-01	
 2.2043e-01	
 2.2349e-01	
 2.2435e-01	
 2.1766e-01	
 2.1354e-01	
 2.1905e-01	
 2.2590e-01	
 2.1630e-01	
 2.1410e-01	
 2.1532e-01	
 2.2127e-01	
 2.1418e-01	
 2.2225e-01	
 2.1869e-01	
 2.1719e-01	
 2.1533e-01	
 2.1360e-01	
 2.1330e-01	
 2.1528e-01	
 2.2276e-01	
 2.2343e-01	
 2.2608e-01	
 2.2026e-01	
 2.2196e-01	
 2.1396e-01	
 2.1885e-01	
 2.1246e-01	
 2.1712e-01	
 2.1713e-01	
 2.1310e-01	
 2.1720e-01	
 2.2053e-01	
 2.1923e-01	
 2.1643e-01	
 2.2300e-01	
 2.2248e-01	
 2.2234e-01	
 2.1927e-01	
 2.1951e-01	
 2.2252e-01	
 2.1499e-01	
 2.1394e-01	
 2.1761e-01	
 2.1772e-01	
 2.2086e-01	
 2.1858e-01	
 2.1687e-01	
 2.2197e-01	
 2.2337e-01	
 2.2138e-01	
 2.1816e-01	
 2.1501e-01	
 2.1613e-01	
 2.1064e-01	
 2.2215e-01	
 2.2222e-01	
 2.2338e-01	
 2.1417e-01	
 2.1330e-01	
 2.1851e-01	
 2.1785e-01	
 2.1860e-01	
 2.1329e-01	
 2.2355e-01	
 2.2173e-01	
 2.1852e-01	
 2.1742e-01	
 2.1412e-01	
 2.2536e-01	
 2.2280e-01	
 2.1907e-01	
 2.1176e-01	
 2.1437e-01	
 2.2075e-01	
 2.2067e-01	
 2.1430e-01	
 2.2158e-01	
 2.1922e-01	
 2.1382e-01	
 2.2080e-01	
 2.1843e-01	
 2.1716e-01	
 2.2011e-01	
 2.1341e-01	
 2.1628e-01	
 2.2086e-01	
 2.1875e-01	
 2.1190e-01	
 2.1635e-01	
 2.1598e-01	
 2.1837e-01	
 2.2085e-01	
 2.1986e-01	
 2.1274e-01	
 2.1613e-01	
 2.1772e-01	
 2.1695e-01	
 2.1196e-01	
 2.1246e-01	
 2.2038e-01	
 2.2319e-01	
 2.1859e-01	
 2.2225e-01	
 2.1381e-01	
 2.1711e-01	
 2.1433e-01	
 2.2716e-01	
 2.1671e-01	
 2.1492e-01	
 2.2104e-01	
 2.1252e-01	
 2.2208e-01	
 2.1188e-01	
 2.1706e-01	
 2.1826e-01	
 2.1593e-01	
 2.1727e-01	
 2.1952e-01	
 2.1837e-01	
 2.1743e-01	
 2.1943e-01	
 2.1715e-01	
 2.2051e-01	
 2.1275e-01	
 2.2143e-01	
 2.1043e-01	
 2.1872e-01	
 2.1896e-01	
 2.1764e-01	
 2.2248e-01	
 2.2088e-01	
 2.1657e-01	
 2.1760e-01	
 2.1792e-01	
 2.1251e-01	
 2.1057e-01	
 2.2158e-01	
 2.2200e-01	
 2.2445e-01	
 2.1868e-01	
 2.1702e-01	
 2.0853e-01	
 2.1859e-01	
 2.2898e-01	
 2.1999e-01	
 2.1498e-01	
 2.1949e-01	
 2.1913e-01	
 2.2223e-01	
 2.1068e-01	
 2.1474e-01	
 2.1893e-01	
 2.2454e-01	
 2.1858e-01	
 2.2028e-01	
 2.2070e-01	
 2.1617e-01	
 2.1358e-01	
 2.1575e-01	
 2.2117e-01	
 2.2218e-01	
 2.1004e-01	
 2.1684e-01	
 2.1903e-01	
 2.2124e-01	
 2.1580e-01	
 2.1307e-01	
 2.2071e-01	
 2.1581e-01	
 2.1770e-01	
 2.1693e-01	
 2.1709e-01	
 2.2015e-01	
 2.1884e-01	
 2.1444e-01	
 2.1844e-01	
 2.1459e-01	
 2.1863e-01	
 2.2074e-01	
 2.1552e-01	
 2.1218e-01	
 2.0726e-01	
 2.1791e-01	
 2.2247e-01	
 2.1339e-01	
 2.1803e-01	
 2.1717e-01	
 2.1997e-01	
 2.1155e-01	
 2.1809e-01	
 2.1614e-01	
 2.1515e-01	
 2.1651e-01	
 2.1600e-01	
 2.1473e-01	
 2.1780e-01	
 2.2197e-01	
 2.2353e-01	
 2.2334e-01	
 2.1582e-01	
 2.1500e-01	
 2.2311e-01	
 2.2001e-01	
 2.1727e-01	
 2.1768e-01	
 2.2037e-01	
 2.1816e-01	
 2.1991e-01	
 2.1989e-01	
 2.1675e-01	
 2.2344e-01	
 2.2017e-01	
 2.2467e-01	
 2.2230e-01	
 2.1992e-01	
 2.2218e-01	
 2.2069e-01	
 2.1703e-01	
 2.1244e-01	
 2.2181e-01	
 2.1744e-01	
 2.1607e-01	
 2.1703e-01	
 2.1885e-01	
 2.2459e-01	
 2.1977e-01	
 2.1971e-01	
 2.1709e-01	
 2.1715e-01	
 2.2042e-01	
 2.1896e-01	
 2.1963e-01	
 2.2174e-01	
 2.1679e-01	
 2.1830e-01	
 2.1672e-01	
 2.2094e-01	
 2.1638e-01	
 2.1757e-01	
 2.2030e-01	
 2.1546e-01	
 2.1861e-01	
 2.2066e-01	
 2.2018e-01	
 2.1866e-01	
 2.2092e-01	
 2.1689e-01	
 2.2208e-01	
 2.1531e-01	
 2.1800e-01	
 2.1820e-01	
 2.1495e-01	
 2.2115e-01	
 2.1616e-01	
 2.1280e-01	
 2.1974e-01	
 2.1858e-01	
 2.2052e-01	
 2.1642e-01	
 2.2120e-01	
 2.1698e-01	
 2.2492e-01	
 2.1981e-01	
 2.2003e-01	
 2.1267e-01	
 2.1731e-01	
 2.2116e-01	
 2.1953e-01	
 2.1739e-01	
 2.1697e-01	
 2.1812e-01	
 2.2058e-01	
 2.1823e-01	
 2.1535e-01	
 2.1988e-01	
 2.2404e-01	
 2.1813e-01	
 2.2053e-01	
 2.1841e-01	
 2.1969e-01	
 2.1828e-01	
 2.1670e-01	
 2.1922e-01	
 2.1515e-01	
 2.2513e-01	
 2.1530e-01	
 2.1505e-01	
 2.1430e-01	
 2.2347e-01	
 2.1533e-01	
 2.1413e-01	
 2.2104e-01	
 2.2360e-01	
 2.1099e-01	
 2.1962e-01	
 2.1957e-01	
 2.2126e-01	
 2.1520e-01	
 2.1774e-01	
 2.1091e-01	
 2.1405e-01	
 2.2215e-01	
 2.1899e-01	
 2.1994e-01	
 2.1944e-01	
 2.2252e-01	
 2.1738e-01	
 2.1817e-01	
 2.1705e-01	
 2.1835e-01	
 2.2477e-01	
 2.2357e-01	
 2.1786e-01	
 2.1037e-01	
 2.2172e-01	
 2.1451e-01	
 2.1612e-01	
 2.2140e-01	
 2.1502e-01	
 2.1838e-01	
 2.1944e-01	
 2.1487e-01	
 2.1882e-01	
 2.1618e-01	
 2.1533e-01	
 2.2066e-01	
 2.1647e-01	
 2.1790e-01	
 2.2193e-01	
 2.1490e-01	
 2.1903e-01	
 2.1468e-01	
 2.1780e-01	
 2.1826e-01	
 2.1484e-01	
 2.2429e-01	
 2.1667e-01	
 2.2122e-01	
 2.2160e-01	
 2.1834e-01	
 2.1702e-01	
 2.1769e-01	
 2.1998e-01	
 2.1882e-01	
 2.2386e-01	
 2.1601e-01	
 2.1904e-01	
 2.1465e-01	
 2.1950e-01	
 2.1789e-01	
 2.1680e-01	
 2.1520e-01	
 2.2135e-01	
 2.1621e-01	
 2.1493e-01	
 2.1434e-01	
 2.1998e-01	
 2.1777e-01	
 2.2211e-01	
 2.1379e-01	
 2.1922e-01	
 2.1433e-01	
 2.1802e-01	
 2.1636e-01	
 2.1635e-01	
 2.1420e-01	
 2.2034e-01	
 2.1123e-01	
 2.2074e-01	
 2.2092e-01	
 2.1306e-01	
 2.1217e-01	
 2.1854e-01	
 2.1630e-01	
 2.2027e-01	
 2.1279e-01	
 2.1737e-01	
 2.1610e-01	
 2.2164e-01	
 2.1856e-01	
 2.1848e-01	
 2.1738e-01	
 2.1586e-01	
 2.2073e-01	
 2.1600e-01	
 2.1966e-01	
 2.1963e-01	
 2.1480e-01	
 2.1954e-01	
 2.1723e-01	
 2.1585e-01	
 2.1956e-01	
 2.1922e-01	
 2.1985e-01	
 2.2024e-01	
 2.1513e-01	
 2.2457e-01	
 2.1741e-01	
 2.1748e-01	
 2.1409e-01	
 2.2022e-01	
 2.1969e-01	
 2.2375e-01	
 2.1353e-01	
 2.1973e-01	
 2.1693e-01	
 2.1686e-01	
 2.1247e-01	
 2.1823e-01	
 2.1665e-01	
 2.2126e-01	
 2.1519e-01	
 2.1749e-01	
 2.1763e-01	
 2.1753e-01	
 2.1989e-01	
 2.1037e-01	
 2.1831e-01	
 2.1351e-01	
 2.1563e-01	
 2.1448e-01	
 2.2028e-01	
 2.1763e-01	
 2.1974e-01	
 2.2104e-01	
 2.2200e-01	
 2.1282e-01	
 2.1884e-01	
 2.1903e-01	
 2.1716e-01	
 2.2080e-01	
 2.1539e-01	
 2.1389e-01	
 2.1972e-01	
 2.1795e-01	
 2.1655e-01	
 2.1721e-01	
 2.1906e-01	
 2.1268e-01	
 2.1572e-01	
 2.1697e-01	
 2.1970e-01	
 2.1544e-01	
 2.1942e-01	
 2.1090e-01	
 2.1658e-01	
 2.2056e-01	
 2.2120e-01	
 2.2226e-01	
 2.1562e-01	
 2.1484e-01	
 2.1561e-01	
 2.1727e-01	
 2.1213e-01	
 2.1243e-01	
 2.1254e-01	
 2.1175e-01	
 2.1915e-01	
 2.1247e-01	
 2.2013e-01	
 2.1440e-01	
 2.1034e-01	
 2.1636e-01	
 2.1410e-01	
 2.2277e-01	
 2.1902e-01	
 2.1432e-01	
 2.2020e-01	
 2.1528e-01	
 2.1603e-01	
 2.2816e-01	
 2.1151e-01	
 2.1794e-01	
 2.1716e-01	
 2.2002e-01	
 2.1591e-01	
 2.1806e-01	
 2.1776e-01	
 2.1226e-01	
 2.1723e-01	
 2.1567e-01	
 2.1888e-01	
 2.1394e-01	
 2.1262e-01	
 2.1849e-01	
 2.2049e-01	
 2.1421e-01	
 2.1682e-01	
 2.2041e-01	
 2.1715e-01	
 2.1454e-01	
 2.1976e-01	
 2.2409e-01	
 2.1261e-01	
 2.1225e-01	
 2.1534e-01	
 2.1071e-01	
 2.1806e-01	
 2.1509e-01	
 2.1682e-01	
 2.2249e-01	
 2.1571e-01	
 2.1043e-01	
 2.1045e-01	
 2.2110e-01	
 2.1601e-01	
 2.1987e-01	
 2.1976e-01	
 2.1497e-01	
 2.1334e-01	
 2.2372e-01	
 2.1442e-01	
 2.2095e-01	
 2.1624e-01	
 2.2185e-01	
 2.1732e-01	
 2.1963e-01	
 2.1060e-01	
 2.1614e-01	
 2.1210e-01	
 2.2237e-01	
 2.1833e-01	
 2.1350e-01	
 2.1211e-01	
 2.2188e-01	
 2.2636e-01	
 2.2358e-01	
 2.2345e-01	
 2.1934e-01	
 2.1721e-01	
 2.1906e-01	
 2.1955e-01	
 2.2202e-01	
 2.2196e-01	
 2.1641e-01	
 2.1851e-01	
 2.1735e-01	
 2.1803e-01	
 2.1212e-01	
 2.1963e-01	
 2.2017e-01	
 2.1956e-01	
 2.1847e-01	
 2.1214e-01	
 2.1700e-01	
 2.2021e-01	
 2.1373e-01	
 2.2345e-01	
 2.2036e-01	
 2.1488e-01	
 2.1492e-01	
 2.1842e-01	
 2.1671e-01	
 2.1775e-01	
 2.1660e-01	
 2.1458e-01	
 2.1660e-01	
 2.1702e-01	
 2.1569e-01	
 2.2149e-01	
 2.1439e-01	
 2.1977e-01	
 2.1770e-01	
 2.1060e-01	
 2.1505e-01	
 2.1358e-01	
 2.1272e-01	
 2.1682e-01	
 2.1135e-01	
 2.1957e-01	
 2.1638e-01	
 2.2242e-01	
 2.1168e-01	
 2.2129e-01	
 2.1338e-01	
 2.1559e-01	
 2.1517e-01	
 2.2195e-01	
 2.2163e-01	
 2.2031e-01	
 2.1737e-01	
 2.1418e-01	
 2.1605e-01	
 2.1580e-01	
 2.1801e-01	
 2.2174e-01	
 2.1583e-01	
 2.1927e-01	
 2.1603e-01	
 2.2016e-01	
 2.1730e-01	
 2.1425e-01	
 2.1664e-01	
 2.1742e-01	
 2.1772e-01	
 2.1550e-01	
 2.1666e-01	
 2.1515e-01	
 2.1520e-01	
 2.1964e-01	
 2.1557e-01	
 2.1441e-01	
 2.1651e-01	
 2.2125e-01	
 2.2339e-01	
 2.1392e-01	
 2.1311e-01	
 2.1530e-01	
 2.2424e-01	
 2.1827e-01	
 2.0769e-01	
 2.1144e-01	
 2.1779e-01	
 2.1548e-01	
 2.2168e-01	
 2.1219e-01	
 2.1535e-01	
 2.1455e-01	
 2.1760e-01	
 2.1828e-01	
 2.2211e-01	
 2.1578e-01	
 2.1639e-01	
 2.1225e-01	
 2.1949e-01	
 2.1775e-01	
 2.2047e-01	
 2.1964e-01	
 2.1497e-01	
 2.2371e-01	
 2.2211e-01	
 2.1611e-01	
 2.2392e-01	
 2.2077e-01	
 2.2096e-01	
 2.1257e-01	
 2.1902e-01	
 2.2487e-01	
 2.1989e-01	
 2.2493e-01	
 2.1980e-01	
 2.1498e-01	
 2.1907e-01	
 2.1545e-01	
 2.2087e-01	
 2.2169e-01	
 2.1962e-01	
 2.2042e-01	
 2.1958e-01	
 2.1794e-01	
 2.2105e-01	
 2.1659e-01	
 2.1447e-01	
 2.1821e-01	
 2.1222e-01	
 2.2101e-01	
 2.1885e-01	
 2.2094e-01	
 2.1661e-01	
 2.1434e-01	
 2.1995e-01	
 2.2025e-01	
 2.1380e-01	
 2.1215e-01	
 2.1675e-01	
 2.2228e-01	
 2.2323e-01	
 2.1673e-01	
 2.1168e-01	
 2.1832e-01	
 2.2216e-01	
 2.1376e-01	
 2.1508e-01	
 2.1277e-01	
 2.1389e-01	
 2.1844e-01	
 2.1585e-01	
 2.1253e-01	
 2.1669e-01	
 2.1976e-01	
 2.1935e-01	
 2.1943e-01	
 2.2067e-01	
 2.1317e-01	
 2.1274e-01	
 2.1798e-01	
 2.1703e-01	
 2.1178e-01	
 2.1749e-01	
 2.1800e-01	
 2.1622e-01	
 2.1662e-01	
 2.1162e-01	
 2.1778e-01	
 2.0848e-01	
 2.2017e-01	
 2.2036e-01	
 2.1660e-01	
 2.1698e-01	
 2.1738e-01	
 2.2063e-01	
 2.2415e-01	
 2.1470e-01	
 2.1660e-01	
 2.1473e-01	
 2.1910e-01	
 2.1551e-01	
 2.1928e-01	
 2.1451e-01	
 2.1752e-01	
 2.1409e-01	
 2.1088e-01	
 2.1611e-01	
 2.1951e-01	
 2.1545e-01	
 2.1515e-01	
 2.1755e-01	
 2.1974e-01	
 2.2237e-01	
 2.1994e-01	
 2.2121e-01	
 2.1504e-01	
 2.2143e-01	
 2.1264e-01	
 2.1827e-01	
 2.1589e-01	
 2.1977e-01	
 2.1943e-01	
 2.1717e-01	
 2.1692e-01	
 2.1656e-01	
 2.1786e-01	
 2.2154e-01	
 2.1617e-01	
 2.1722e-01	
 2.1263e-01	
 2.1603e-01	
 2.1955e-01	
 2.1763e-01	
 2.0984e-01	
 2.1846e-01	
 2.1426e-01	
 2.1053e-01	
 2.1408e-01	
 2.2067e-01	
 2.1710e-01	
 2.2022e-01	
 2.2177e-01	
 2.1230e-01	
 2.2345e-01	
 2.1828e-01	
 2.1864e-01	
 2.1960e-01	
 2.2331e-01	
 2.2325e-01	
 2.1711e-01	
 2.1530e-01	
 2.1633e-01	
 2.1839e-01	
 2.1771e-01	
 2.1883e-01	
 2.1400e-01	
 2.1790e-01	
 2.1945e-01	
 2.2073e-01	
 2.2091e-01	
 2.2389e-01	
 2.1280e-01	
 2.1555e-01	
 2.1388e-01	
 2.1733e-01	
 2.1397e-01	
 2.1378e-01	
 2.2038e-01	
 2.1720e-01	
 2.0930e-01	
 2.1239e-01	
 2.1201e-01	
 2.1903e-01	
 2.1584e-01	
 2.1896e-01	
 2.1425e-01	
 2.1349e-01	
 2.2178e-01	
 2.1841e-01	
 2.1902e-01	
 2.1402e-01	
 2.1801e-01	
 2.1562e-01	
 2.1860e-01	
 2.1692e-01	
 2.2552e-01	
 2.2228e-01	
 2.1837e-01	
 2.1294e-01	
 2.1047e-01	
 2.1067e-01	
 2.1796e-01	
 2.1425e-01	
 2.1484e-01	
 2.1153e-01	
 2.2479e-01	
 2.2078e-01	
 2.2196e-01	
 2.1146e-01	
 2.1713e-01	
 2.1285e-01	
 2.2080e-01	
 2.2144e-01	
 2.1806e-01	
 2.2190e-01	
 2.2074e-01	
 2.1730e-01	
 2.1674e-01	
 2.1210e-01	
 2.1625e-01	
 2.2071e-01	
 2.1691e-01	
 2.1246e-01	
 2.1851e-01	
 2.1628e-01	
 2.1343e-01	
 2.1404e-01	
 2.1999e-01	
 2.1833e-01	
 2.1700e-01	
 2.1494e-01	
 2.1948e-01	
 2.1747e-01	
 2.1493e-01	
 2.0928e-01	
 2.2167e-01	
 2.1909e-01	
 2.1935e-01	
 2.1935e-01	
 2.1472e-01	
 2.1260e-01	
 2.1970e-01	
 2.1936e-01	
 2.1489e-01	
 2.1699e-01	
 2.1313e-01	
 2.1885e-01	
 2.1953e-01	
 2.1858e-01	
 2.1916e-01	
 2.1868e-01	
 2.1655e-01	
 2.1957e-01	
 2.1475e-01	
 2.1533e-01	
 2.0926e-01	
 2.2838e-01	
 2.2548e-01	
 2.3667e-01	
 2.1081e-01	
 2.0662e-01	
 2.0981e-01	
 2.1564e-01	
 2.2611e-01	
 2.2284e-01	
 2.2393e-01	
 2.1463e-01	
 2.1574e-01	
 2.1286e-01	
 2.1158e-01	
 2.1318e-01	
 2.2161e-01	
 2.2092e-01	
 2.1737e-01	
 2.1370e-01	
 2.1248e-01	
 2.1556e-01	
 2.1009e-01	
 2.1874e-01	
 2.1856e-01	
 2.2073e-01	
 2.2452e-01	
 2.1382e-01	
 2.1796e-01	
 2.1746e-01	
 2.1552e-01	
 2.1912e-01	
 2.2678e-01	
 2.2137e-01	
 2.1502e-01	
 2.1515e-01	
 2.1759e-01	
 2.1614e-01	
 2.2328e-01	
 2.1348e-01	
 2.1346e-01	
 2.1477e-01	
 2.1750e-01	
 2.2007e-01	
 2.1574e-01	
 2.2234e-01	
 2.1426e-01	
 2.1791e-01	
 2.1925e-01	
 2.1975e-01	
 2.1613e-01	
 2.1816e-01	
 2.2203e-01	
 2.1337e-01	
 2.1941e-01	
 2.1529e-01	
 2.2029e-01	
 2.1566e-01	
 2.2154e-01	
 2.2167e-01	
 2.1290e-01	
 2.1734e-01	
 2.1882e-01	
 2.1427e-01	
 2.1635e-01	
 2.1865e-01	
 2.1421e-01	
 2.1233e-01	
 2.1599e-01	
 2.1927e-01	
 2.1611e-01	
 2.1799e-01	
 2.2464e-01	
 2.1980e-01	
 2.1409e-01	
 2.1626e-01	
 2.1969e-01	
 2.1867e-01	
 2.2205e-01	
 2.1818e-01	
 2.1556e-01	
 2.1568e-01	
 2.1899e-01	
 2.2350e-01	
 2.2045e-01	
 2.2151e-01	
 2.1816e-01	
 2.1808e-01	
 2.1776e-01	
 2.1768e-01	
 2.1646e-01	
 2.2151e-01	
 2.1784e-01	
 2.2064e-01	
 2.2047e-01	
 2.1489e-01	
 2.1785e-01	
 2.1904e-01	
 2.1784e-01	
 2.2031e-01	
 2.2324e-01	
 2.2424e-01	
 2.1767e-01	
 2.1333e-01	
 2.1899e-01	
 2.2571e-01	
 2.1610e-01	
 2.1380e-01	
 2.1494e-01	
 2.2094e-01	
 2.1375e-01	
 2.2212e-01	
 2.1872e-01	
 2.1708e-01	
 2.1509e-01	
 2.1331e-01	
 2.1305e-01	
 2.1510e-01	
 2.2249e-01	
 2.2311e-01	
 2.2579e-01	
 2.2017e-01	
 2.2162e-01	
 2.1364e-01	
 2.1859e-01	
 2.1231e-01	
 2.1693e-01	
 2.1682e-01	
 2.1296e-01	
 2.1691e-01	
 2.2015e-01	
 2.1896e-01	
 2.1615e-01	
 2.2291e-01	
 2.2240e-01	
 2.2186e-01	
 2.1921e-01	
 2.1931e-01	
 2.2249e-01	
 2.1491e-01	
 2.1368e-01	
 2.1751e-01	
 2.1766e-01	
 2.2061e-01	
 2.1837e-01	
 2.1664e-01	
 2.2183e-01	
 2.2314e-01	
 2.2126e-01	
 2.1789e-01	
 2.1483e-01	
 2.1581e-01	
 2.1036e-01	
 2.2203e-01	
 2.2217e-01	
 2.2323e-01	
 2.1392e-01	
 2.1300e-01	
 2.1842e-01	
 2.1749e-01	
 2.1838e-01	
 2.1319e-01	
 2.2333e-01	
 2.2163e-01	
 2.1839e-01	
 2.1746e-01	
 2.1406e-01	
 2.2539e-01	
 2.2287e-01	
 2.1906e-01	
 2.1136e-01	
 2.1425e-01	
 2.2048e-01	
 2.2045e-01	
 2.1398e-01	
 2.2154e-01	
 2.1900e-01	
 2.1343e-01	
 2.2057e-01	
 2.1829e-01	
 2.1686e-01	
 2.1994e-01	
 2.1330e-01	
 2.1618e-01	
 2.2074e-01	
 2.1880e-01	
 2.1184e-01	
 2.1631e-01	
 2.1580e-01	
 2.1816e-01	
 2.2073e-01	
 2.1968e-01	
 2.1242e-01	
 2.1584e-01	
 2.1752e-01	
 2.1707e-01	
 2.1191e-01	
 2.1238e-01	
 2.2024e-01	
 2.2319e-01	
 2.1837e-01	
 2.2198e-01	
 2.1358e-01	
 2.1701e-01	
 2.1400e-01	
 2.2697e-01	
 2.1648e-01	
 2.1487e-01	
 2.2098e-01	
 2.1241e-01	
 2.2195e-01	
 2.1158e-01	
 2.1689e-01	
 2.1809e-01	
 2.1562e-01	
 2.1730e-01	
 2.1946e-01	
 2.1835e-01	
 2.1718e-01	
 2.1927e-01	
 2.1712e-01	
 2.2041e-01	
 2.1256e-01	
 2.2121e-01	
 2.1024e-01	
 2.1861e-01	
 2.1885e-01	
 2.1734e-01	
 2.2222e-01	
 2.2062e-01	
 2.1633e-01	
 2.1728e-01	
 2.1759e-01	
 2.1214e-01	
 2.1031e-01	
 2.2147e-01	
 2.2182e-01	
 2.2437e-01	
 2.1851e-01	
 2.1697e-01	
 2.0857e-01	
 2.1855e-01	
 2.2898e-01	
 2.1976e-01	
 2.1490e-01	
 2.1943e-01	
 2.1913e-01	
 2.2224e-01	
 2.1049e-01	
 2.1445e-01	
 2.1870e-01	
 2.2432e-01	
 2.1850e-01	
 2.2022e-01	
 2.2062e-01	
 2.1599e-01	
 2.1345e-01	
 2.1568e-01	
 2.2092e-01	
 2.2212e-01	
 2.0994e-01	
 2.1666e-01	
 2.1886e-01	
 2.2104e-01	
 2.1566e-01	
 2.1288e-01	
 2.2060e-01	
 2.1558e-01	
 2.1749e-01	
 2.1667e-01	
 2.1682e-01	
 2.1998e-01	
 2.1875e-01	
 2.1419e-01	
 2.1827e-01	
 2.1442e-01	
 2.1848e-01	
 2.2059e-01	
 2.1529e-01	
 2.1200e-01	
 2.0703e-01	
 2.1786e-01	
 2.2242e-01	
 2.1315e-01	
 2.1789e-01	
 2.1713e-01	
 2.1983e-01	
 2.1160e-01	
 2.1801e-01	
 2.1607e-01	
 2.1514e-01	
 2.1630e-01	
 2.1594e-01	
 2.1459e-01	
 2.1768e-01	
 2.2173e-01	
 2.2341e-01	
 2.2326e-01	
 2.1564e-01	
 2.1500e-01	
 2.2325e-01	
 2.1990e-01	
 2.1730e-01	
 2.1751e-01	
 2.2032e-01	
 2.1806e-01	
 2.1977e-01	
 2.1969e-01	
 2.1675e-01	
 2.2332e-01	
 2.2016e-01	
 2.2453e-01	
 2.2228e-01	
 2.1981e-01	
 2.2209e-01	
 2.2067e-01	
 2.1686e-01	
 2.1233e-01	
 2.2170e-01	
 2.1714e-01	
 2.1600e-01	
 2.1701e-01	
 2.1878e-01	
 2.2445e-01	
 2.1974e-01	
 2.1951e-01	
 2.1695e-01	
 2.1706e-01	
 2.2019e-01	
 2.1874e-01	
 2.1961e-01	
 2.2156e-01	
 2.1661e-01	
 2.1820e-01	
 2.1661e-01	
 2.2095e-01	
 2.1651e-01	
 2.1748e-01	
 2.2033e-01	
 2.1547e-01	
 2.1855e-01	
 2.2056e-01	
 2.2025e-01	
 2.1864e-01	
 2.2097e-01	
 2.1686e-01	
 2.2207e-01	
 2.1514e-01	
 2.1801e-01	
 2.1809e-01	
 2.1492e-01	
 2.2095e-01	
 2.1609e-01	
 2.1269e-01	
 2.1968e-01	
 2.1855e-01	
 2.2019e-01	
 2.1617e-01	
 2.2120e-01	
 2.1673e-01	
 2.2485e-01	
 2.1967e-01	
 2.2015e-01	
 2.1262e-01	
 2.1727e-01	
 2.2100e-01	
 2.1948e-01	
 2.1721e-01	
 2.1675e-01	
 2.1791e-01	
 2.2021e-01	
 2.1801e-01	
 2.1516e-01	
 2.1961e-01	
 2.2389e-01	
 2.1800e-01	
 2.2053e-01	
 2.1818e-01	
 2.1963e-01	
 2.1803e-01	
 2.1664e-01	
 2.1908e-01	
 2.1494e-01	
 2.2499e-01	
 2.1504e-01	
 2.1485e-01	
 2.1429e-01	
 2.2334e-01	
 2.1543e-01	
 2.1418e-01	
 2.2116e-01	
 2.2372e-01	
 2.1108e-01	
 2.1980e-01	
 2.1961e-01	
 2.2128e-01	
 2.1494e-01	
 2.1764e-01	
 2.1080e-01	
 2.1383e-01	
 2.2174e-01	
 2.1867e-01	
 2.1996e-01	
 2.1946e-01	
 2.2263e-01	
 2.1738e-01	
 2.1803e-01	
 2.1688e-01	
 2.1826e-01	
 2.2465e-01	
 2.2341e-01	
 2.1771e-01	
 2.1012e-01	
 2.2164e-01	
 2.1418e-01	
 2.1593e-01	
 2.2111e-01	
 2.1482e-01	
 2.1814e-01	
 2.1932e-01	
 2.1467e-01	
 2.1880e-01	
 2.1607e-01	
 2.1522e-01	
 2.2054e-01	
 2.1640e-01	
 2.1761e-01	
 2.2184e-01	
 2.1482e-01	
 2.1891e-01	
 2.1468e-01	
 2.1777e-01	
 2.1827e-01	
 2.1478e-01	
 2.2436e-01	
 2.1655e-01	
 2.2117e-01	
 2.2144e-01	
 2.1839e-01	
 2.1699e-01	
 2.1755e-01	
 2.1998e-01	
 2.1889e-01	
 2.2381e-01	
 2.1588e-01	
 2.1887e-01	
 2.1446e-01	
 2.1944e-01	
 2.1782e-01	
 2.1659e-01	
 2.1501e-01	
 2.2114e-01	
 2.1600e-01	
 2.1464e-01	
 2.1415e-01	
 2.1986e-01	
 2.1755e-01	
 2.2185e-01	
 2.1356e-01	
 2.1916e-01	
 2.1412e-01	
 2.1773e-01	
 2.1600e-01	
 2.1611e-01	
 2.1400e-01	
 2.2010e-01	
 2.1097e-01	
 2.2060e-01	
 2.2083e-01	
 2.1304e-01	
 2.1203e-01	
 2.1844e-01	
 2.1618e-01	
 2.2015e-01	
 2.1255e-01	
 2.1725e-01	
 2.1590e-01	
 2.2159e-01	
 2.1840e-01	
 2.1830e-01	
 2.1719e-01	
 2.1559e-01	
 2.2064e-01	
 2.1588e-01	
 2.1952e-01	
 2.1966e-01	
 2.1466e-01	
 2.1931e-01	
 2.1708e-01	
 2.1578e-01	
 2.1945e-01	
 2.1918e-01	
 2.1970e-01	
 2.2022e-01	
 2.1516e-01	
 2.2453e-01	
 2.1750e-01	
 2.1755e-01	
 2.1401e-01	
 2.2020e-01	
 2.1975e-01	
 2.2370e-01	
 2.1337e-01	
 2.1973e-01	
 2.1679e-01	
 2.1674e-01	
 2.1234e-01	
 2.1830e-01	
 2.1656e-01	
 2.2112e-01	
 2.1503e-01	
 2.1741e-01	
 2.1761e-01	
 2.1743e-01	
 2.1978e-01	
 2.1020e-01	
 2.1814e-01	
 2.1331e-01	
 2.1556e-01	
 2.1441e-01	
 2.2017e-01	
 2.1750e-01	
 2.1967e-01	
 2.2108e-01	
 2.2193e-01	
 2.1279e-01	
 2.1869e-01	
 2.1890e-01	
 2.1720e-01	
 2.2064e-01	
 2.1534e-01	
 2.1370e-01	
 2.1958e-01	
 2.1784e-01	
 2.1638e-01	
 2.1704e-01	
 2.1894e-01	
 2.1253e-01	
 2.1550e-01	
 2.1686e-01	
 2.1946e-01	
 2.1522e-01	
 2.1924e-01	
 2.1073e-01	
 2.1655e-01	
 2.2053e-01	
 2.2127e-01	
 2.2236e-01	
 2.1559e-01	
 2.1484e-01	
 2.1570e-01	
 2.1735e-01	
 2.1213e-01	
 2.1239e-01	
 2.1238e-01	
 2.1175e-01	
 2.1910e-01	
 2.1226e-01	
 2.2015e-01	
 2.1426e-01	
 2.1024e-01	
 2.1616e-01	
 2.1404e-01	
 2.2253e-01	
 2.1887e-01	
 2.1409e-01	
 2.1991e-01	
 2.1512e-01	
 2.1582e-01	
 2.2776e-01	
 2.1117e-01	
 2.1770e-01	
 2.1690e-01	
 2.1982e-01	
 2.1577e-01	
 2.1796e-01	
 2.1756e-01	
 2.1219e-01	
 2.1724e-01	
 2.1566e-01	
 2.1882e-01	
 2.1389e-01	
 2.1265e-01	
 2.1853e-01	
 2.2039e-01	
 2.1426e-01	
 2.1672e-01	
 2.2012e-01	
 2.1686e-01	
 2.1431e-01	
 2.1956e-01	
 2.2401e-01	
 2.1245e-01	
 2.1217e-01	
 2.1533e-01	
 2.1058e-01	
 2.1800e-01	
 2.1503e-01	
 2.1680e-01	
 2.2250e-01	
 2.1571e-01	
 2.1049e-01	
 2.1039e-01	
 2.2104e-01	
 2.1599e-01	
 2.1973e-01	
 2.1966e-01	
 2.1488e-01	
 2.1331e-01	
 2.2364e-01	
 2.1437e-01	
 2.2086e-01	
 2.1627e-01	
 2.2185e-01	
 2.1727e-01	
 2.1961e-01	
 2.1050e-01	
 2.1611e-01	
 2.1201e-01	
 2.2218e-01	
 2.1829e-01	
 2.1325e-01	
 2.1194e-01	
 2.2170e-01	
 2.2632e-01	
 2.2343e-01	
 2.2328e-01	
 2.1923e-01	
 2.1715e-01	
 2.1892e-01	
 2.1952e-01	
 2.2197e-01	
 2.2196e-01	
 2.1638e-01	
 2.1846e-01	
 2.1730e-01	
 2.1803e-01	
 2.1207e-01	
 2.1972e-01	
 2.2024e-01	
 2.1972e-01	
 2.1844e-01	
 2.1204e-01	
 2.1690e-01	
 2.2009e-01	
 2.1360e-01	
 2.2333e-01	
 2.2022e-01	
 2.1465e-01	
 2.1472e-01	
 2.1820e-01	
 2.1665e-01	
 2.1765e-01	
 2.1653e-01	
 2.1457e-01	
 2.1670e-01	
 2.1721e-01	
 2.1577e-01	
 2.2161e-01	
 2.1453e-01	
 2.1995e-01	
 2.1784e-01	
 2.1062e-01	
 2.1502e-01	
 2.1353e-01	
 2.1271e-01	
 2.1668e-01	
 2.1126e-01	
 2.1963e-01	
 2.1638e-01	
 2.2226e-01	
 2.1164e-01	
 2.2116e-01	
 2.1318e-01	
 2.1549e-01	
 2.1521e-01	
 2.2203e-01	
 2.2151e-01	
 2.2009e-01	
 2.1715e-01	
 2.1411e-01	
 2.1590e-01	
 2.1569e-01	
 2.1805e-01	
 2.2163e-01	
 2.1576e-01	
 2.1920e-01	
 2.1590e-01	
 2.2000e-01	
 2.1720e-01	
 2.1414e-01	
 2.1649e-01	
 2.1743e-01	
 2.1758e-01	
 2.1543e-01	
 2.1667e-01	
 2.1503e-01	
 2.1517e-01	
 2.1969e-01	
 2.1558e-01	
 2.1427e-01	
 2.1639e-01	
 2.2108e-01	
 2.2309e-01	
 2.1362e-01	
 2.1297e-01	
 2.1507e-01	
 2.2410e-01	
 2.1817e-01	
 2.0762e-01	
 2.1146e-01	
 2.1786e-01	
 2.1551e-01	
 2.2159e-01	
 2.1208e-01	
 2.1524e-01	
 2.1443e-01	
 2.1753e-01	
 2.1820e-01	
 2.2211e-01	
 2.1568e-01	
 2.1637e-01	
 2.1222e-01	
 2.1950e-01	
 2.1772e-01	
 2.2043e-01	
 2.1960e-01	
 2.1499e-01	
 2.2368e-01	
 2.2216e-01	
 2.1606e-01	
 2.2397e-01	
 2.2070e-01	
 2.2083e-01	
 2.1255e-01	
 2.1907e-01	
 2.2493e-01	
 2.1997e-01	
 2.2501e-01	
 2.1995e-01	
 2.1522e-01	
 2.1922e-01	
 2.1541e-01	
 2.2095e-01	
 2.2173e-01	
 2.1967e-01	
 2.2034e-01	
 2.1936e-01	
 2.1770e-01	
 2.2097e-01	
 2.1659e-01	
 2.1435e-01	
 2.1825e-01	
 2.1206e-01	
 2.2107e-01	
 2.1867e-01	
 2.2069e-01	
 2.1647e-01	
 2.1412e-01	
 2.1982e-01	
 2.2022e-01	
 2.1381e-01	
 2.1207e-01	
 2.1670e-01	
 2.2212e-01	
 2.2327e-01	
 2.1666e-01	
 2.1152e-01	
 2.1811e-01	
 2.2214e-01	
 2.1372e-01	
 2.1499e-01	
 2.1262e-01	
 2.1378e-01	
 2.1848e-01	
 2.1594e-01	
 2.1250e-01	
 2.1679e-01	
 2.1981e-01	
 2.1947e-01	
 2.1940e-01	
 2.2052e-01	
 2.1312e-01	
 2.1271e-01	
 2.1802e-01	
 2.1712e-01	
 2.1183e-01	
 2.1741e-01	
 2.1788e-01	
 2.1618e-01	
 2.1655e-01	
 2.1162e-01	
 2.1775e-01	
 2.0847e-01	
 2.2016e-01	
 2.2009e-01	
 2.1659e-01	
 2.1690e-01	
 2.1733e-01	
 2.2067e-01	
 2.2406e-01	
 2.1480e-01	
 2.1658e-01	
 2.1483e-01	
 2.1905e-01	
 2.1542e-01	
 2.1930e-01	
 2.1448e-01	
 2.1751e-01	
 2.1399e-01	
 2.1059e-01	
 2.1610e-01	
 2.1944e-01	
 2.1530e-01	
 2.1503e-01	
 2.1740e-01	
 2.1953e-01	
 2.2228e-01	
 2.1980e-01	
 2.2111e-01	
 2.1496e-01	
 2.2125e-01	
 2.1242e-01	
 2.1801e-01	
 2.1576e-01	
 2.1972e-01	
 2.1935e-01	
 2.1699e-01	
 2.1679e-01	
 2.1648e-01	
 2.1779e-01	
 2.2153e-01	
 2.1611e-01	
 2.1717e-01	
 2.1260e-01	
 2.1605e-01	
 2.1949e-01	
 2.1766e-01	
 2.0980e-01	
 2.1857e-01	
 2.1431e-01	
 2.1055e-01	
 2.1425e-01	
 2.2088e-01	
 2.1738e-01	
 2.2041e-01	
 2.2196e-01	
 2.1244e-01	
 2.2364e-01	
 2.1846e-01	
 2.1866e-01	
 2.1949e-01	
 2.2340e-01	
 2.2327e-01	
 2.1720e-01	
 2.1554e-01	
 2.1653e-01	
 2.1837e-01	
 2.1783e-01	
 2.1867e-01	
 2.1382e-01	
 2.1775e-01	
 2.1953e-01	
 2.2065e-01	
 2.2109e-01	
 2.2385e-01	
 2.1279e-01	
 2.1557e-01	
 2.1352e-01	
 2.1706e-01	
 2.1374e-01	
 2.1377e-01	
 2.2024e-01	
 2.1705e-01	
 2.0917e-01	
 2.1235e-01	
 2.1210e-01	
 2.1899e-01	
 2.1581e-01	
 2.1885e-01	
 2.1433e-01	
 2.1347e-01	
 2.2163e-01	
 2.1833e-01	
 2.1895e-01	
 2.1401e-01	
 2.1813e-01	
 2.1557e-01	
 2.1838e-01	
 2.1682e-01	
 2.2520e-01	
 2.2221e-01	
 2.1818e-01	
 2.1287e-01	
 2.1026e-01	
 2.1059e-01	
 2.1796e-01	
 2.1399e-01	
 2.1486e-01	
 2.1164e-01	
 2.2478e-01	
 2.2093e-01	
 2.2199e-01	
 2.1142e-01	
 2.1711e-01	
 2.1286e-01	
 2.2076e-01	
 2.2137e-01	
 2.1807e-01	
 2.2181e-01	
 2.2062e-01	
 2.1716e-01	
 2.1653e-01	
 2.1206e-01	
 2.1628e-01	
 2.2070e-01	
 2.1681e-01	
 2.1248e-01	
 2.1851e-01	
 2.1614e-01	
 2.1345e-01	
 2.1404e-01	
 2.1991e-01	
 2.1820e-01	
 2.1689e-01	
 2.1497e-01	
 2.1947e-01	
 2.1747e-01	
 2.1491e-01	
 2.0921e-01	
 2.2157e-01	
 2.1902e-01	
 2.1927e-01	
 2.1925e-01	
 2.1473e-01	
 2.1256e-01	
 2.1956e-01	
 2.1935e-01	
 2.1490e-01	
 2.1692e-01	
 2.1307e-01	
 2.1874e-01	
 2.1946e-01	
 2.1849e-01	
 2.1915e-01	
 2.1869e-01	
 2.1649e-01	
 2.1944e-01	
 2.1464e-01	
 2.1519e-01	
 2.0904e-01	
 2.2839e-01	
 2.2539e-01	
 2.3609e-01	
 2.1072e-01	
 2.0659e-01	
 2.0977e-01	
 2.1577e-01	
 2.2623e-01	
 2.2296e-01	
 2.2379e-01	
 2.1451e-01	
 2.1560e-01	
 2.1286e-01	
 2.1164e-01	
 2.1332e-01	
 2.2161e-01	
 2.2086e-01	
 2.1734e-01	
 2.1357e-01	
 2.1247e-01	
 2.1553e-01	
 2.1024e-01	
 2.1877e-01	
 2.1870e-01	
 2.2084e-01	
 2.2457e-01	
 2.1396e-01	
 2.1797e-01	
 2.1739e-01	
 2.1553e-01	
 2.1910e-01	
 2.2669e-01	
 2.2124e-01	
 2.1487e-01	
 2.1498e-01	
 2.1746e-01	
 2.1599e-01	
 2.2325e-01	
 2.1354e-01	
 2.1350e-01	
 2.1473e-01	
 2.1752e-01	
 2.2001e-01	
 2.1563e-01	
 2.2217e-01	
 2.1422e-01	
 2.1787e-01	
 2.1930e-01	
 2.1969e-01	
 2.1613e-01	
 2.1815e-01	
 2.2201e-01	
 2.1347e-01	
 2.1950e-01	
 2.1534e-01	
 2.2023e-01	
 2.1557e-01	
 2.2134e-01	
 2.2155e-01	
 2.1279e-01	
 2.1731e-01	
 2.1872e-01	
 2.1424e-01	
 2.1638e-01	
 2.1853e-01	
 2.1417e-01	
 2.1222e-01	
 2.1597e-01	
 2.1919e-01	
 2.1598e-01	
 2.1789e-01	
 2.2452e-01	
 2.1965e-01	
 2.1396e-01	
 2.1613e-01	
 2.1953e-01	
 2.1853e-01	
 2.2189e-01	
 2.1804e-01	
 2.1547e-01	
 2.1557e-01	
 2.1881e-01	
 2.2345e-01	
 2.2044e-01	
 2.2136e-01	
 2.1811e-01	
 2.1798e-01	
 2.1765e-01	
 2.1769e-01	
 2.1645e-01	
 2.2136e-01	
 2.1783e-01	
 2.2064e-01	
 2.2045e-01	
 2.1491e-01	
 2.1782e-01	
 2.1905e-01	
 2.1783e-01	
 2.2023e-01	
 2.2311e-01	
 2.2418e-01	
 2.1759e-01	
 2.1323e-01	
 2.1898e-01	
 2.2565e-01	
 2.1613e-01	
 2.1385e-01	
 2.1497e-01	
 2.2097e-01	
 2.1377e-01	
 2.2212e-01	
 2.1880e-01	
 2.1711e-01	
 2.1510e-01	
 2.1328e-01	
 2.1301e-01	
 2.1502e-01	
 2.2235e-01	
 2.2298e-01	
 2.2568e-01	
 2.2006e-01	
 2.2149e-01	
 2.1353e-01	
 2.1845e-01	
 2.1224e-01	
 2.1689e-01	
 2.1680e-01	
 2.1295e-01	
 2.1684e-01	
 2.2012e-01	
 2.1889e-01	
 2.1607e-01	
 2.2280e-01	
 2.2233e-01	
 2.2171e-01	
 2.1919e-01	
 2.1925e-01	
 2.2244e-01	
 2.1484e-01	
 2.1366e-01	
 2.1759e-01	
 2.1764e-01	
 2.2057e-01	
 2.1832e-01	
 2.1664e-01	
 2.2170e-01	
 2.2299e-01	
 2.2113e-01	
 2.1790e-01	
 2.1488e-01	
 2.1581e-01	
 2.1034e-01	
 2.2201e-01	
 2.2215e-01	
 2.2320e-01	
 2.1389e-01	
 2.1299e-01	
 2.1840e-01	
 2.1745e-01	
 2.1828e-01	
 2.1314e-01	
 2.2327e-01	
 2.2158e-01	
 2.1833e-01	
 2.1742e-01	
 2.1400e-01	
 2.2529e-01	
 2.2283e-01	
 2.1904e-01	
 2.1138e-01	
 2.1421e-01	
 2.2039e-01	
 2.2039e-01	
 2.1397e-01	
 2.2148e-01	
 2.1900e-01	
 2.1338e-01	
 2.2057e-01	
 2.1825e-01	
 2.1688e-01	
 2.1993e-01	
 2.1327e-01	
 2.1616e-01	
 2.2080e-01	
 2.1878e-01	
 2.1178e-01	
 2.1626e-01	
 2.1569e-01	
 2.1816e-01	
 2.2066e-01	
 2.1963e-01	
 2.1237e-01	
 2.1576e-01	
 2.1745e-01	
 2.1704e-01	
 2.1191e-01	
 2.1232e-01	
 2.2017e-01	
 2.2303e-01	
 2.1834e-01	
 2.2193e-01	
 2.1353e-01	
 2.1696e-01	
 2.1399e-01	
 2.2691e-01	
 2.1648e-01	
 2.1483e-01	
 2.2099e-01	
 2.1242e-01	
 2.2192e-01	
 2.1159e-01	
 2.1686e-01	
 2.1799e-01	
 2.1552e-01	
 2.1714e-01	
 2.1936e-01	
 2.1826e-01	
 2.1712e-01	
 2.1924e-01	
 2.1703e-01	
 2.2038e-01	
 2.1255e-01	
 2.2117e-01	
 2.1022e-01	
 2.1857e-01	
 2.1890e-01	
 2.1729e-01	
 2.2219e-01	
 2.2060e-01	
 2.1634e-01	
 2.1727e-01	
 2.1760e-01	
 2.1211e-01	
 2.1032e-01	
 2.2139e-01	
 2.2181e-01	
 2.2433e-01	
 2.1848e-01	
 2.1693e-01	
 2.0856e-01	
 2.1849e-01	
 2.2893e-01	
 2.1976e-01	
 2.1490e-01	
 2.1943e-01	
 2.1905e-01	
 2.2215e-01	
 2.1047e-01	
 2.1437e-01	
 2.1866e-01	
 2.2430e-01	
 2.1849e-01	
 2.2010e-01	
 2.2054e-01	
 2.1596e-01	
 2.1341e-01	
 2.1567e-01	
 2.2095e-01	
 2.2212e-01	
 2.0997e-01	
 2.1666e-01	
 2.1883e-01	
 2.2103e-01	
 2.1565e-01	
 2.1287e-01	
 2.2060e-01	
 2.1556e-01	
 2.1744e-01	
 2.1661e-01	
 2.1676e-01	
 2.1996e-01	
 2.1868e-01	
 2.1415e-01	
 2.1823e-01	
 2.1440e-01	
 2.1844e-01	
 2.2057e-01	
 2.1529e-01	
 2.1199e-01	
 2.0703e-01	
 2.1785e-01	
 2.2242e-01	
 2.1316e-01	
 2.1785e-01	
 2.1710e-01	
 2.1982e-01	
 2.1159e-01	
 2.1793e-01	
 2.1605e-01	
 2.1509e-01	
 2.1626e-01	
 2.1585e-01	
 2.1450e-01	
 2.1763e-01	
 2.2166e-01	
 2.2334e-01	
 2.2319e-01	
 2.1566e-01	
 2.1506e-01	
 2.2324e-01	
 2.1991e-01	
 2.1730e-01	
 2.1754e-01	
 2.2036e-01	
 2.1803e-01	
 2.1976e-01	
 2.1964e-01	
 2.1672e-01	
 2.2326e-01	
 2.2011e-01	
 2.2446e-01	
 2.2219e-01	
 2.1974e-01	
 2.2204e-01	
 2.2063e-01	
 2.1677e-01	
 2.1227e-01	
 2.2164e-01	
 2.1708e-01	
 2.1597e-01	
 2.1697e-01	
 2.1873e-01	
 2.2438e-01	
 2.1968e-01	
 2.1946e-01	
 2.1688e-01	
 2.1701e-01	
 2.2016e-01	
 2.1868e-01	
 2.1957e-01	
 2.2156e-01	
 2.1660e-01	
 2.1823e-01	
 2.1662e-01	
 2.2099e-01	
 2.1652e-01	
 2.1750e-01	
 2.2031e-01	
 2.1549e-01	
 2.1856e-01	
 2.2054e-01	
 2.2027e-01	
 2.1863e-01	
 2.2096e-01	
 2.1687e-01	
 2.2205e-01	
 2.1513e-01	
 2.1798e-01	
 2.1811e-01	
 2.1491e-01	
 2.2095e-01	
 2.1608e-01	
 2.1267e-01	
 2.1965e-01	
 2.1849e-01	
 2.2021e-01	
 2.1614e-01	
 2.2119e-01	
 2.1672e-01	
 2.2482e-01	
 2.1966e-01	
 2.2014e-01	
 2.1261e-01	
 2.1722e-01	
 2.2098e-01	
 2.1946e-01	
 2.1717e-01	
 2.1673e-01	
 2.1788e-01	
 2.2018e-01	
 2.1796e-01	
 2.1512e-01	
 2.1954e-01	
 2.2388e-01	
 2.1793e-01	
 2.2051e-01	
 2.1815e-01	
 2.1961e-01	
 2.1800e-01	
 2.1662e-01	
 2.1905e-01	
 2.1491e-01	
 2.2499e-01	
 2.1501e-01	
 2.1483e-01	
 2.1422e-01	
 2.2337e-01	
 2.1539e-01	
 2.1419e-01	
 2.2118e-01	
 2.2371e-01	
 2.1109e-01	
 2.1978e-01	
 2.1962e-01	
 2.2129e-01	
 2.1491e-01	
 2.1759e-01	
 2.1077e-01	
 2.1382e-01	
 2.2172e-01	
 2.1863e-01	
 2.1994e-01	
 2.1949e-01	
 2.2264e-01	
 2.1740e-01	
 2.1803e-01	
 2.1688e-01	
 2.1826e-01	
 2.2464e-01	
 2.2341e-01	
 2.1771e-01	
 2.1014e-01	
 2.2163e-01	
 2.1419e-01	
 2.1591e-01	
 2.2111e-01	
 2.1484e-01	
 2.1812e-01	
 2.1930e-01	
 2.1465e-01	
 2.1881e-01	
 2.1611e-01	
 2.1519e-01	
 2.2056e-01	
 2.1641e-01	
 2.1758e-01	
 2.2180e-01	
 2.1482e-01	
 2.1893e-01	
 2.1470e-01	
 2.1782e-01	
 2.1832e-01	
 2.1484e-01	
 2.2438e-01	
 2.1658e-01	
 2.2120e-01	
 2.2144e-01	
 2.1840e-01	
 2.1700e-01	
 2.1759e-01	
 2.2003e-01	
 2.1892e-01	
 2.2384e-01	
 2.1593e-01	
 2.1891e-01	
 2.1443e-01	
 2.1948e-01	
 2.1781e-01	
 2.1657e-01	
 2.1496e-01	
 2.2114e-01	
 2.1596e-01	
 2.1459e-01	
 2.1412e-01	
 2.1983e-01	
 2.1753e-01	
 2.2179e-01	
 2.1352e-01	
 2.1912e-01	
 2.1408e-01	
 2.1766e-01	
 2.1591e-01	
 2.1604e-01	
 2.1392e-01	
 2.2001e-01	
 2.1092e-01	
 2.2055e-01	
 2.2082e-01	
 2.1304e-01	
 2.1202e-01	
