Hiber-loss	LSTM-Loss	
 2.4469e+00	 6.9988e-01	
 2.4451e+00	 6.9967e-01	
 2.4450e+00	 6.9956e-01	
 2.4452e+00	 6.9941e-01	
 2.4463e+00	 6.9923e-01	
 2.4450e+00	 6.9904e-01	
 2.4459e+00	 6.9845e-01	
 2.4464e+00	 6.9862e-01	
 2.4464e+00	 6.9922e-01	
 2.4435e+00	 6.9892e-01	
 2.4420e+00	 6.9836e-01	
 2.4425e+00	 6.9804e-01	
 2.4434e+00	 6.9788e-01	
 2.4429e+00	 6.9759e-01	
 2.4418e+00	 6.9744e-01	
 2.4426e+00	 6.9742e-01	
 2.4427e+00	 6.9730e-01	
 2.4412e+00	 6.9715e-01	
 2.4384e+00	 6.9660e-01	
 2.4375e+00	 6.9626e-01	
 2.4385e+00	 6.9597e-01	
 2.4378e+00	 6.9578e-01	
 2.4388e+00	 6.9564e-01	
 2.4382e+00	 6.9546e-01	
 2.4375e+00	 6.9517e-01	
 2.4365e+00	 6.9491e-01	
 2.4361e+00	 6.9472e-01	
 2.4366e+00	 6.9431e-01	
 2.4358e+00	 6.9407e-01	
 2.4365e+00	 6.9399e-01	
 2.4361e+00	 6.9362e-01	
 2.4355e+00	 6.9347e-01	
 2.4369e+00	 6.9341e-01	
 2.4355e+00	 6.9311e-01	
 2.4352e+00	 6.9285e-01	
 2.4338e+00	 6.9263e-01	
 2.4331e+00	 6.9231e-01	
 2.4314e+00	 6.9203e-01	
 2.4320e+00	 6.9191e-01	
 2.4303e+00	 6.9153e-01	
 2.4309e+00	 6.9144e-01	
 2.4297e+00	 6.9109e-01	
 2.4290e+00	 6.9066e-01	
 2.4286e+00	 6.9009e-01	
 2.4272e+00	 6.8985e-01	
 2.4271e+00	 6.8951e-01	
 2.4267e+00	 6.8898e-01	
 2.4278e+00	 6.8856e-01	
 2.4261e+00	 6.8810e-01	
 2.4260e+00	 6.8773e-01	
 2.4247e+00	 6.8745e-01	
 2.4261e+00	 6.8715e-01	
 2.4245e+00	 6.8679e-01	
 2.4243e+00	 6.8634e-01	
 2.4241e+00	 6.8612e-01	
 2.4247e+00	 6.8607e-01	
 2.4241e+00	 6.8589e-01	
 2.4231e+00	 6.8562e-01	
 2.4225e+00	 6.8553e-01	
 2.4216e+00	 6.8501e-01	
 2.4203e+00	 6.8446e-01	
 2.4197e+00	 6.8398e-01	
 2.4195e+00	 6.8354e-01	
 2.4185e+00	 6.8315e-01	
 2.4186e+00	 6.8275e-01	
 2.4189e+00	 6.8229e-01	
 2.4175e+00	 6.8189e-01	
 2.4161e+00	 6.8132e-01	
 2.4165e+00	 6.8120e-01	
 2.4144e+00	 6.8078e-01	
 2.4134e+00	 6.8042e-01	
 2.4125e+00	 6.8006e-01	
 2.4115e+00	 6.7968e-01	
 2.4106e+00	 6.7939e-01	
 2.4093e+00	 6.7901e-01	
 2.4088e+00	 6.7885e-01	
 2.4090e+00	 6.7838e-01	
 2.4090e+00	 6.7797e-01	
 2.4089e+00	 6.7769e-01	
 2.4073e+00	 6.7707e-01	
 2.4074e+00	 6.7671e-01	
 2.4074e+00	 6.7650e-01	
 2.4063e+00	 6.7588e-01	
 2.4056e+00	 6.7543e-01	
 2.4051e+00	 6.7515e-01	
 2.4042e+00	 6.7456e-01	
 2.4034e+00	 6.7407e-01	
 2.4029e+00	 6.7366e-01	
 2.4018e+00	 6.7308e-01	
 2.4019e+00	 6.7274e-01	
 2.4008e+00	 6.7238e-01	
 2.3987e+00	 6.7204e-01	
 2.3976e+00	 6.7164e-01	
 2.3969e+00	 6.7129e-01	
 2.3969e+00	 6.7082e-01	
 2.3956e+00	 6.7023e-01	
 2.3950e+00	 6.6979e-01	
 2.3951e+00	 6.6940e-01	
 2.3929e+00	 6.6889e-01	
 2.3931e+00	 6.6844e-01	
 2.3920e+00	 6.6822e-01	
 2.3918e+00	 6.6768e-01	
 2.3893e+00	 6.6736e-01	
 2.3880e+00	 6.6699e-01	
 2.3877e+00	 6.6659e-01	
 2.3876e+00	 6.6621e-01	
 2.3870e+00	 6.6566e-01	
 2.3861e+00	 6.6526e-01	
 2.3846e+00	 6.6472e-01	
 2.3824e+00	 6.6431e-01	
 2.3816e+00	 6.6400e-01	
 2.3810e+00	 6.6358e-01	
 2.3801e+00	 6.6293e-01	
 2.3793e+00	 6.6247e-01	
 2.3780e+00	 6.6222e-01	
 2.3764e+00	 6.6164e-01	
 2.3756e+00	 6.6118e-01	
 2.3752e+00	 6.6064e-01	
 2.3740e+00	 6.6032e-01	
 2.3723e+00	 6.5974e-01	
 2.3719e+00	 6.5936e-01	
 2.3722e+00	 6.5872e-01	
 2.3715e+00	 6.5844e-01	
 2.3701e+00	 6.5809e-01	
 2.3689e+00	 6.5749e-01	
 2.3675e+00	 6.5709e-01	
 2.3653e+00	 6.5648e-01	
 2.3644e+00	 6.5600e-01	
 2.3642e+00	 6.5560e-01	
 2.3619e+00	 6.5527e-01	
 2.3635e+00	 6.5477e-01	
 2.3610e+00	 6.5429e-01	
 2.3602e+00	 6.5368e-01	
 2.3593e+00	 6.5321e-01	
 2.3590e+00	 6.5262e-01	
 2.3574e+00	 6.5210e-01	
 2.3552e+00	 6.5172e-01	
 2.3549e+00	 6.5103e-01	
 2.3519e+00	 6.5059e-01	
 2.3510e+00	 6.5013e-01	
 2.3501e+00	 6.4955e-01	
 2.3492e+00	 6.4910e-01	
 2.3487e+00	 6.4853e-01	
 2.3471e+00	 6.4792e-01	
 2.3462e+00	 6.4750e-01	
 2.3443e+00	 6.4666e-01	
 2.3439e+00	 6.4623e-01	
 2.3395e+00	 6.4555e-01	
 2.3403e+00	 6.4482e-01	
 2.3389e+00	 6.4455e-01	
 2.3374e+00	 6.4376e-01	
 2.3360e+00	 6.4336e-01	
 2.3317e+00	 6.4303e-01	
 2.3318e+00	 6.4255e-01	
 2.3318e+00	 6.4203e-01	
 2.3304e+00	 6.4136e-01	
 2.3268e+00	 6.4083e-01	
 2.3260e+00	 6.4029e-01	
 2.3242e+00	 6.3968e-01	
 2.3231e+00	 6.3883e-01	
 2.3216e+00	 6.3817e-01	
 2.3188e+00	 6.3744e-01	
 2.3169e+00	 6.3674e-01	
 2.3163e+00	 6.3623e-01	
 2.3129e+00	 6.3552e-01	
 2.3130e+00	 6.3483e-01	
 2.3113e+00	 6.3422e-01	
 2.3059e+00	 6.3350e-01	
 2.3055e+00	 6.3298e-01	
 2.3033e+00	 6.3226e-01	
 2.3007e+00	 6.3157e-01	
 2.2980e+00	 6.3101e-01	
 2.2947e+00	 6.3009e-01	
 2.2933e+00	 6.2981e-01	
 2.2898e+00	 6.2911e-01	
 2.2882e+00	 6.2821e-01	
 2.2848e+00	 6.2748e-01	
 2.2835e+00	 6.2673e-01	
 2.2819e+00	 6.2601e-01	
 2.2772e+00	 6.2537e-01	
 2.2762e+00	 6.2435e-01	
 2.2699e+00	 6.2336e-01	
 2.2668e+00	 6.2275e-01	
 2.2652e+00	 6.2202e-01	
 2.2641e+00	 6.2111e-01	
 2.2587e+00	 6.2028e-01	
 2.2552e+00	 6.1944e-01	
 2.2533e+00	 6.1855e-01	
 2.2496e+00	 6.1763e-01	
 2.2412e+00	 6.1707e-01	
 2.2339e+00	 6.1623e-01	
 2.2355e+00	 6.1507e-01	
 2.2292e+00	 6.1433e-01	
 2.2249e+00	 6.1358e-01	
 2.2221e+00	 6.1254e-01	
 2.2169e+00	 6.1167e-01	
 2.2124e+00	 6.1046e-01	
 2.2032e+00	 6.0937e-01	
 2.1994e+00	 6.0853e-01	
 2.1889e+00	 6.0734e-01	
 2.1808e+00	 6.0617e-01	
 2.1748e+00	 6.0515e-01	
 2.1658e+00	 6.0365e-01	
 2.1532e+00	 6.0254e-01	
 2.1491e+00	 6.0164e-01	
 2.1351e+00	 6.0063e-01	
 2.1247e+00	 5.9974e-01	
 2.1187e+00	 5.9853e-01	
 2.1142e+00	 5.9787e-01	
 2.0947e+00	 5.9671e-01	
 2.0807e+00	 5.9535e-01	
 2.0825e+00	 5.9452e-01	
 2.0503e+00	 5.9373e-01	
 2.0543e+00	 5.9237e-01	
 2.0277e+00	 5.9130e-01	
 2.0188e+00	 5.8989e-01	
 2.0174e+00	 5.8868e-01	
 1.9958e+00	 5.8762e-01	
 1.9752e+00	 5.8611e-01	
 1.9560e+00	 5.8511e-01	
 1.9413e+00	 5.8421e-01	
 1.9374e+00	 5.8298e-01	
 1.9382e+00	 5.8137e-01	
 1.9171e+00	 5.7964e-01	
 1.9039e+00	 5.7837e-01	
 1.8879e+00	 5.7712e-01	
 1.8658e+00	 5.7571e-01	
 1.8629e+00	 5.7457e-01	
 1.8550e+00	 5.7288e-01	
 1.8358e+00	 5.7148e-01	
 1.8231e+00	 5.7011e-01	
 1.8193e+00	 5.6835e-01	
 1.8034e+00	 5.6681e-01	
 1.8022e+00	 5.6563e-01	
 1.8086e+00	 5.6437e-01	
 1.8055e+00	 5.6271e-01	
 1.7777e+00	 5.6162e-01	
 1.7969e+00	 5.6014e-01	
 1.8005e+00	 5.5875e-01	
 1.7863e+00	 5.5741e-01	
 1.7775e+00	 5.5558e-01	
 1.7892e+00	 5.5465e-01	
 1.7790e+00	 5.5278e-01	
 1.7691e+00	 5.5144e-01	
 1.7930e+00	 5.4978e-01	
 1.7695e+00	 5.4832e-01	
 1.7734e+00	 5.4662e-01	
 1.7815e+00	 5.4503e-01	
 1.7674e+00	 5.4358e-01	
 1.7788e+00	 5.4141e-01	
 1.7813e+00	 5.4010e-01	
 1.7509e+00	 5.3771e-01	
 1.7725e+00	 5.3641e-01	
 1.7467e+00	 5.3415e-01	
 1.7614e+00	 5.3296e-01	
 1.7518e+00	 5.3096e-01	
 1.7440e+00	 5.2909e-01	
 1.7459e+00	 5.2724e-01	
 1.7589e+00	 5.2523e-01	
 1.7476e+00	 5.2341e-01	
 1.7703e+00	 5.2198e-01	
 1.7658e+00	 5.1947e-01	
 1.7831e+00	 5.1831e-01	
 1.7362e+00	 5.1651e-01	
 1.7572e+00	 5.1423e-01	
 1.7605e+00	 5.1214e-01	
 1.7335e+00	 5.1029e-01	
 1.7937e+00	 5.0827e-01	
 1.7653e+00	 5.0639e-01	
 1.7708e+00	 5.0424e-01	
 1.7572e+00	 5.0280e-01	
 1.7962e+00	 5.0040e-01	
 1.7513e+00	 4.9826e-01	
 1.7563e+00	 4.9708e-01	
 1.7916e+00	 4.9477e-01	
 1.7440e+00	 4.9289e-01	
 1.7727e+00	 4.8950e-01	
 1.7568e+00	 4.8781e-01	
 1.7616e+00	 4.8548e-01	
 1.7677e+00	 4.8353e-01	
 1.7602e+00	 4.8092e-01	
 1.7402e+00	 4.7869e-01	
 1.7524e+00	 4.7701e-01	
 1.7568e+00	 4.7534e-01	
 1.7823e+00	 4.7170e-01	
 1.7647e+00	 4.7088e-01	
 1.7600e+00	 4.6746e-01	
 1.7553e+00	 4.6638e-01	
 1.7460e+00	 4.6376e-01	
 1.7501e+00	 4.6001e-01	
 1.7813e+00	 4.5785e-01	
 1.7450e+00	 4.5594e-01	
 1.7739e+00	 4.5445e-01	
 1.7687e+00	 4.5129e-01	
 1.7524e+00	 4.4896e-01	
 1.7141e+00	 4.4694e-01	
 1.7460e+00	 4.4498e-01	
 1.7627e+00	 4.4334e-01	
 1.7393e+00	 4.3999e-01	
 1.7622e+00	 4.3733e-01	
 1.7389e+00	 4.3419e-01	
 1.7612e+00	 4.3302e-01	
 1.7166e+00	 4.3003e-01	
 1.7393e+00	 4.2620e-01	
 1.7332e+00	 4.2470e-01	
 1.7414e+00	 4.2269e-01	
 1.7364e+00	 4.2229e-01	
 1.7390e+00	 4.2001e-01	
 1.7212e+00	 4.1500e-01	
 1.7412e+00	 4.1489e-01	
 1.7326e+00	 4.1154e-01	
 1.7119e+00	 4.1047e-01	
 1.7205e+00	 4.0706e-01	
 1.7162e+00	 4.0493e-01	
 1.7164e+00	 4.0168e-01	
 1.7215e+00	 4.0233e-01	
 1.7193e+00	 3.9715e-01	
 1.7359e+00	 3.9603e-01	
 1.7384e+00	 3.9432e-01	
 1.7184e+00	 3.9476e-01	
 1.7379e+00	 3.9030e-01	
 1.7171e+00	 3.8904e-01	
 1.7193e+00	 3.8457e-01	
 1.6991e+00	 3.8407e-01	
 1.6879e+00	 3.8314e-01	
 1.7280e+00	 3.8083e-01	
 1.7155e+00	 3.7871e-01	
 1.7190e+00	 3.7560e-01	
 1.7041e+00	 3.7288e-01	
 1.7162e+00	 3.7443e-01	
 1.7059e+00	 3.6995e-01	
 1.6984e+00	 3.7016e-01	
 1.7221e+00	 3.6876e-01	
 1.7018e+00	 3.6670e-01	
 1.7063e+00	 3.6438e-01	
 1.6918e+00	 3.6409e-01	
 1.6929e+00	 3.6228e-01	
 1.7202e+00	 3.6176e-01	
 1.6721e+00	 3.5965e-01	
 1.7188e+00	 3.5937e-01	
 1.7254e+00	 3.5912e-01	
 1.6792e+00	 3.5602e-01	
 1.7109e+00	 3.5315e-01	
 1.6975e+00	 3.5565e-01	
 1.6910e+00	 3.5272e-01	
 1.6986e+00	 3.4965e-01	
 1.7137e+00	 3.5021e-01	
 1.6482e+00	 3.5107e-01	
 1.7052e+00	 3.4755e-01	
 1.6730e+00	 3.4849e-01	
 1.6937e+00	 3.4730e-01	
 1.6974e+00	 3.4461e-01	
 1.6888e+00	 3.4388e-01	
 1.6976e+00	 3.4205e-01	
 1.6915e+00	 3.4355e-01	
 1.7026e+00	 3.4346e-01	
 1.6749e+00	 3.4386e-01	
 1.6842e+00	 3.3878e-01	
 1.7097e+00	 3.4048e-01	
 1.6647e+00	 3.4077e-01	
 1.6799e+00	 3.3728e-01	
 1.6859e+00	 3.3916e-01	
 1.6739e+00	 3.3474e-01	
 1.6834e+00	 3.3558e-01	
 1.6769e+00	 3.3604e-01	
 1.6541e+00	 3.3780e-01	
 1.6847e+00	 3.3607e-01	
 1.6756e+00	 3.3261e-01	
 1.6961e+00	 3.3411e-01	
 1.7007e+00	 3.3566e-01	
 1.6837e+00	 3.3433e-01	
 1.7044e+00	 3.3484e-01	
 1.6708e+00	 3.3468e-01	
 1.6853e+00	 3.3289e-01	
 1.6988e+00	 3.3250e-01	
 1.6696e+00	 3.3265e-01	
 1.6709e+00	 3.3032e-01	
 1.6917e+00	 3.3222e-01	
 1.6639e+00	 3.3406e-01	
 1.6945e+00	 3.3259e-01	
 1.6771e+00	 3.3074e-01	
 1.6837e+00	 3.2995e-01	
 1.6517e+00	 3.2940e-01	
 1.6574e+00	 3.3219e-01	
 1.7035e+00	 3.2977e-01	
 1.6656e+00	 3.2939e-01	
 1.6667e+00	 3.2867e-01	
 1.6977e+00	 3.2777e-01	
 1.6688e+00	 3.2968e-01	
 1.6890e+00	 3.3065e-01	
 1.6577e+00	 3.2806e-01	
 1.6717e+00	 3.2902e-01	
 1.6835e+00	 3.2756e-01	
 1.6593e+00	 3.2812e-01	
 1.6997e+00	 3.2831e-01	
 1.6508e+00	 3.2696e-01	
 1.6715e+00	 3.2658e-01	
 1.6711e+00	 3.2690e-01	
 1.6711e+00	 3.2547e-01	
 1.6689e+00	 3.2606e-01	
 1.6775e+00	 3.2621e-01	
 1.6513e+00	 3.2486e-01	
 1.6720e+00	 3.2584e-01	
 1.6665e+00	 3.2565e-01	
 1.6733e+00	 3.2484e-01	
 1.6623e+00	 3.2356e-01	
 1.6459e+00	 3.2347e-01	
 1.6736e+00	 3.2341e-01	
 1.6564e+00	 3.2452e-01	
 1.6434e+00	 3.2474e-01	
 1.6736e+00	 3.2444e-01	
 1.6477e+00	 3.2555e-01	
 1.6606e+00	 3.2332e-01	
 1.6536e+00	 3.2348e-01	
 1.6695e+00	 3.2259e-01	
 1.6504e+00	 3.2415e-01	
 1.6696e+00	 3.2260e-01	
 1.6532e+00	 3.2222e-01	
 1.6547e+00	 3.2294e-01	
 1.6332e+00	 3.2252e-01	
 1.6581e+00	 3.2163e-01	
 1.6561e+00	 3.2304e-01	
 1.6825e+00	 3.2274e-01	
 1.6525e+00	 3.2362e-01	
 1.6544e+00	 3.2228e-01	
 1.6573e+00	 3.2154e-01	
 1.6342e+00	 3.2159e-01	
 1.6631e+00	 3.2264e-01	
 1.6763e+00	 3.2053e-01	
 1.6606e+00	 3.2128e-01	
 1.6587e+00	 3.2249e-01	
 1.6672e+00	 3.2161e-01	
 1.6704e+00	 3.2168e-01	
 1.6548e+00	 3.2137e-01	
 1.6536e+00	 3.2239e-01	
 1.6491e+00	 3.2169e-01	
 1.6502e+00	 3.2075e-01	
 1.6646e+00	 3.2074e-01	
 1.6776e+00	 3.1997e-01	
 1.6510e+00	 3.1950e-01	
 1.6407e+00	 3.2041e-01	
 1.6574e+00	 3.2075e-01	
 1.6471e+00	 3.2101e-01	
 1.6473e+00	 3.1855e-01	
 1.6344e+00	 3.1857e-01	
 1.6433e+00	 3.1927e-01	
 1.6375e+00	 3.1717e-01	
 1.6360e+00	 3.1820e-01	
 1.6703e+00	 3.1899e-01	
 1.6447e+00	 3.1849e-01	
 1.6469e+00	 3.1883e-01	
 1.6464e+00	 3.1895e-01	
 1.6306e+00	 3.1824e-01	
 1.6590e+00	 3.1718e-01	
 1.6483e+00	 3.1692e-01	
 1.6226e+00	 3.1712e-01	
 1.6519e+00	 3.1742e-01	
 1.6290e+00	 3.1702e-01	
 1.6622e+00	 3.1760e-01	
 1.6366e+00	 3.1722e-01	
 1.6336e+00	 3.1659e-01	
 1.6371e+00	 3.1571e-01	
 1.6272e+00	 3.1402e-01	
 1.6032e+00	 3.1598e-01	
 1.6467e+00	 3.1523e-01	
 1.6487e+00	 3.1435e-01	
 1.6313e+00	 3.1313e-01	
 1.6253e+00	 3.1429e-01	
 1.6392e+00	 3.1521e-01	
 1.6316e+00	 3.1421e-01	
 1.6213e+00	 3.1567e-01	
 1.6237e+00	 3.1522e-01	
 1.6510e+00	 3.1305e-01	
 1.6135e+00	 3.1581e-01	
 1.6627e+00	 3.1401e-01	
 1.6312e+00	 3.1435e-01	
 1.6533e+00	 3.1287e-01	
 1.6656e+00	 3.1349e-01	
 1.6258e+00	 3.1524e-01	
 1.6223e+00	 3.1523e-01	
 1.6523e+00	 3.1293e-01	
 1.6294e+00	 3.1359e-01	
 1.6240e+00	 3.1313e-01	
 1.6372e+00	 3.1266e-01	
 1.6512e+00	 3.1234e-01	
 1.6124e+00	 3.1277e-01	
 1.6349e+00	 3.1080e-01	
 1.6252e+00	 3.1190e-01	
 1.6098e+00	 3.1129e-01	
 1.6049e+00	 3.1264e-01	
 1.6229e+00	 3.1113e-01	
 1.6583e+00	 3.1146e-01	
 1.6260e+00	 3.1105e-01	
 1.6206e+00	 3.0910e-01	
 1.6521e+00	 3.0767e-01	
 1.6132e+00	 3.0976e-01	
 1.6217e+00	 3.1002e-01	
 1.6317e+00	 3.0930e-01	
 1.6363e+00	 3.0943e-01	
 1.6271e+00	 3.0884e-01	
 1.6338e+00	 3.0877e-01	
 1.6161e+00	 3.0914e-01	
 1.6311e+00	 3.0830e-01	
 1.6350e+00	 3.0871e-01	
 1.6275e+00	 3.0799e-01	
 1.6511e+00	 3.0768e-01	
 1.6222e+00	 3.0930e-01	
 1.6332e+00	 3.0835e-01	
 1.6226e+00	 3.0668e-01	
 1.6418e+00	 3.0741e-01	
 1.6344e+00	 3.0537e-01	
 1.6073e+00	 3.0726e-01	
 1.5952e+00	 3.0649e-01	
 1.6365e+00	 3.0626e-01	
 1.6227e+00	 3.0697e-01	
 1.6290e+00	 3.0397e-01	
 1.6297e+00	 3.0519e-01	
 1.6302e+00	 3.0506e-01	
 1.6055e+00	 3.0361e-01	
 1.6403e+00	 3.0310e-01	
 1.6171e+00	 3.0362e-01	
 1.6351e+00	 3.0389e-01	
 1.6171e+00	 3.0359e-01	
 1.6314e+00	 3.0379e-01	
 1.6280e+00	 3.0467e-01	
 1.6333e+00	 3.0460e-01	
 1.6302e+00	 3.0429e-01	
 1.6243e+00	 3.0394e-01	
 1.6123e+00	 3.0304e-01	
 1.6345e+00	 3.0398e-01	
 1.6212e+00	 3.0400e-01	
 1.6181e+00	 3.0147e-01	
 1.6286e+00	 3.0331e-01	
 1.6068e+00	 2.9914e-01	
 1.6355e+00	 2.9928e-01	
 1.6369e+00	 2.9867e-01	
 1.6416e+00	 3.0070e-01	
 1.6025e+00	 2.9857e-01	
 1.6100e+00	 2.9969e-01	
 1.6185e+00	 2.9973e-01	
 1.6137e+00	 2.9939e-01	
 1.6170e+00	 2.9827e-01	
 1.6232e+00	 2.9801e-01	
 1.6184e+00	 2.9739e-01	
 1.6048e+00	 2.9739e-01	
 1.6291e+00	 2.9998e-01	
 1.5894e+00	 2.9861e-01	
 1.5981e+00	 2.9839e-01	
 1.6059e+00	 2.9732e-01	
 1.6164e+00	 2.9763e-01	
 1.5958e+00	 2.9751e-01	
 1.6197e+00	 2.9782e-01	
 1.6246e+00	 2.9469e-01	
 1.6057e+00	 2.9613e-01	
 1.6245e+00	 2.9497e-01	
 1.6319e+00	 2.9264e-01	
 1.5898e+00	 2.9692e-01	
 1.6104e+00	 2.9373e-01	
 1.6205e+00	 2.9632e-01	
 1.6094e+00	 2.9452e-01	
 1.6135e+00	 2.9352e-01	
 1.6033e+00	 2.9688e-01	
 1.6268e+00	 2.9415e-01	
 1.6225e+00	 2.9611e-01	
 1.6311e+00	 2.9792e-01	
 1.6153e+00	 2.9654e-01	
 1.6330e+00	 2.9773e-01	
 1.6238e+00	 2.9879e-01	
 1.6177e+00	 2.9997e-01	
 1.6341e+00	 2.9758e-01	
 1.5953e+00	 2.9611e-01	
 1.6263e+00	 2.9583e-01	
 1.6132e+00	 2.9621e-01	
 1.6419e+00	 2.9502e-01	
 1.6099e+00	 2.9467e-01	
 1.6246e+00	 2.9510e-01	
 1.6130e+00	 2.9235e-01	
 1.6169e+00	 2.9524e-01	
 1.6155e+00	 2.9343e-01	
 1.5918e+00	 2.9283e-01	
 1.6036e+00	 2.9580e-01	
 1.6356e+00	 2.9154e-01	
 1.5965e+00	 2.9271e-01	
 1.6081e+00	 2.9542e-01	
 1.6362e+00	 2.9723e-01	
 1.6156e+00	 2.9027e-01	
 1.5979e+00	 2.9684e-01	
 1.6018e+00	 2.9490e-01	
 1.6029e+00	 2.9370e-01	
 1.6060e+00	 2.9458e-01	
 1.6275e+00	 2.9198e-01	
 1.5931e+00	 2.9562e-01	
 1.6332e+00	 2.8965e-01	
 1.6221e+00	 2.8912e-01	
 1.6441e+00	 2.9301e-01	
 1.5823e+00	 2.9283e-01	
 1.6211e+00	 2.9361e-01	
 1.6126e+00	 2.9456e-01	
 1.6176e+00	 2.9443e-01	
 1.6101e+00	 2.9496e-01	
 1.6281e+00	 2.9317e-01	
 1.6259e+00	 2.9255e-01	
 1.6204e+00	 2.8864e-01	
 1.5872e+00	 2.9416e-01	
 1.6128e+00	 2.9202e-01	
 1.5860e+00	 2.9629e-01	
 1.6400e+00	 2.9199e-01	
 1.6074e+00	 2.9316e-01	
 1.5916e+00	 2.9337e-01	
 1.6212e+00	 2.9621e-01	
 1.6431e+00	 2.8976e-01	
 1.6260e+00	 2.9475e-01	
 1.6207e+00	 2.9170e-01	
 1.6084e+00	 2.9325e-01	
 1.5948e+00	 2.9216e-01	
 1.6044e+00	 2.9397e-01	
 1.6027e+00	 2.9018e-01	
 1.6275e+00	 2.9047e-01	
 1.6226e+00	 2.8980e-01	
 1.6006e+00	 2.9341e-01	
 1.5906e+00	 2.9214e-01	
 1.6029e+00	 2.9176e-01	
 1.6088e+00	 2.8953e-01	
 1.6142e+00	 2.9068e-01	
 1.5950e+00	 2.9502e-01	
 1.5976e+00	 2.9288e-01	
 1.6054e+00	 2.9393e-01	
 1.6298e+00	 2.9385e-01	
 1.6247e+00	 2.9453e-01	
 1.6086e+00	 2.9379e-01	
 1.6198e+00	 2.9400e-01	
 1.6055e+00	 2.9481e-01	
 1.5977e+00	 2.9624e-01	
 1.5836e+00	 2.9198e-01	
 1.6071e+00	 2.9340e-01	
 1.6135e+00	 2.9357e-01	
 1.5802e+00	 2.9083e-01	
 1.6312e+00	 2.8918e-01	
 1.6099e+00	 2.9135e-01	
 1.5905e+00	 2.9356e-01	
 1.6163e+00	 2.9074e-01	
 1.5836e+00	 2.9198e-01	
 1.5991e+00	 2.9180e-01	
 1.6054e+00	 2.9308e-01	
 1.5914e+00	 2.9434e-01	
 1.6287e+00	 2.9265e-01	
 1.5684e+00	 2.9666e-01	
 1.6214e+00	 2.9292e-01	
 1.6068e+00	 2.9030e-01	
 1.5681e+00	 2.9030e-01	
 1.6066e+00	 2.9377e-01	
 1.5987e+00	 2.9204e-01	
 1.5990e+00	 2.9348e-01	
 1.6103e+00	 2.9134e-01	
 1.6033e+00	 2.9310e-01	
 1.5952e+00	 2.9254e-01	
 1.6067e+00	 2.9144e-01	
 1.6006e+00	 2.9095e-01	
 1.5731e+00	 2.9408e-01	
 1.5743e+00	 2.9047e-01	
 1.6020e+00	 2.9276e-01	
 1.6182e+00	 2.9175e-01	
 1.5905e+00	 2.8738e-01	
 1.5995e+00	 2.9374e-01	
 1.6014e+00	 2.9007e-01	
 1.5929e+00	 2.9274e-01	
 1.5773e+00	 2.9263e-01	
 1.6051e+00	 2.9171e-01	
 1.6150e+00	 2.9155e-01	
 1.6057e+00	 2.9218e-01	
 1.6147e+00	 2.9531e-01	
 1.5696e+00	 2.9112e-01	
 1.5869e+00	 2.9336e-01	
 1.6151e+00	 2.9149e-01	
 1.5852e+00	 2.9214e-01	
 1.6065e+00	 2.9162e-01	
 1.6024e+00	 2.9532e-01	
 1.6244e+00	 2.9550e-01	
 1.6029e+00	 2.9578e-01	
 1.5980e+00	 2.9413e-01	
 1.5718e+00	 2.9212e-01	
 1.6051e+00	 2.9391e-01	
 1.6200e+00	 2.9152e-01	
 1.6111e+00	 2.9378e-01	
 1.6056e+00	 2.9505e-01	
 1.6123e+00	 2.9286e-01	
 1.6073e+00	 2.9377e-01	
 1.5905e+00	 2.9564e-01	
 1.5813e+00	 2.9410e-01	
 1.5790e+00	 2.9434e-01	
 1.6097e+00	 2.9444e-01	
 1.5959e+00	 2.9610e-01	
 1.6052e+00	 2.9126e-01	
 1.6095e+00	 2.9531e-01	
 1.6076e+00	 2.9343e-01	
 1.5943e+00	 2.9011e-01	
 1.6011e+00	 2.9094e-01	
 1.5682e+00	 2.9264e-01	
 1.5665e+00	 2.9430e-01	
 1.6024e+00	 2.9214e-01	
 1.5937e+00	 2.9402e-01	
 1.5927e+00	 2.9290e-01	
 1.5819e+00	 2.9675e-01	
 1.5993e+00	 2.9697e-01	
 1.5975e+00	 2.9421e-01	
 1.6111e+00	 2.9249e-01	
 1.6056e+00	 2.9725e-01	
 1.5845e+00	 2.9422e-01	
 1.5977e+00	 2.9485e-01	
 1.5906e+00	 2.8800e-01	
 1.6042e+00	 2.9128e-01	
 1.5360e+00	 2.9578e-01	
 1.6129e+00	 2.8968e-01	
 1.5660e+00	 2.9636e-01	
 1.5662e+00	 2.9336e-01	
 1.5768e+00	 2.9601e-01	
 1.5895e+00	 2.9384e-01	
 1.5719e+00	 2.9645e-01	
 1.5777e+00	 2.9574e-01	
 1.5645e+00	 2.9814e-01	
 1.5843e+00	 2.9318e-01	
 1.6041e+00	 2.9432e-01	
 1.5851e+00	 2.9268e-01	
 1.5848e+00	 2.9336e-01	
 1.5754e+00	 2.9510e-01	
 1.5911e+00	 2.9391e-01	
 1.5892e+00	 2.9466e-01	
 1.5791e+00	 2.9357e-01	
 1.5832e+00	 2.9669e-01	
 1.5657e+00	 2.9374e-01	
 1.5975e+00	 2.9406e-01	
 1.5979e+00	 2.9520e-01	
 1.5801e+00	 2.9791e-01	
 1.5565e+00	 2.9611e-01	
 1.5826e+00	 2.9289e-01	
 1.5768e+00	 2.9304e-01	
 1.5911e+00	 2.9747e-01	
 1.5911e+00	 2.9741e-01	
 1.5934e+00	 2.9565e-01	
 1.5757e+00	 2.9712e-01	
 1.6022e+00	 2.9240e-01	
 1.5777e+00	 2.9604e-01	
 1.5843e+00	 2.9421e-01	
 1.5869e+00	 2.9149e-01	
 1.5644e+00	 2.9710e-01	
 1.5829e+00	 2.9549e-01	
 1.5755e+00	 2.9541e-01	
 1.5569e+00	 2.9699e-01	
 1.6029e+00	 2.9446e-01	
 1.5563e+00	 2.9698e-01	
 1.5607e+00	 2.9473e-01	
 1.5725e+00	 2.9509e-01	
 1.5713e+00	 2.9296e-01	
 1.5788e+00	 2.9226e-01	
 1.5658e+00	 2.9851e-01	
 1.5915e+00	 2.9339e-01	
 1.5756e+00	 2.9623e-01	
 1.5641e+00	 2.9700e-01	
 1.5829e+00	 2.9335e-01	
 1.5585e+00	 2.9921e-01	
 1.5827e+00	 2.9402e-01	
 1.5475e+00	 2.9566e-01	
 1.5828e+00	 2.9454e-01	
 1.5625e+00	 2.9438e-01	
 1.5827e+00	 2.9534e-01	
 1.5669e+00	 2.9660e-01	
 1.5730e+00	 2.9794e-01	
 1.5754e+00	 2.9535e-01	
 1.5609e+00	 2.9640e-01	
 1.5722e+00	 2.9358e-01	
 1.5432e+00	 2.9464e-01	
 1.5501e+00	 2.9546e-01	
 1.5547e+00	 2.9490e-01	
 1.5654e+00	 2.9283e-01	
 1.5478e+00	 2.9747e-01	
 1.5745e+00	 2.9477e-01	
 1.5664e+00	 2.9431e-01	
 1.5729e+00	 2.9254e-01	
 1.5552e+00	 2.9630e-01	
 1.5833e+00	 2.9704e-01	
 1.5395e+00	 2.9901e-01	
 1.5703e+00	 2.9807e-01	
 1.5746e+00	 2.9670e-01	
 1.5621e+00	 2.9544e-01	
 1.5695e+00	 2.9730e-01	
 1.5441e+00	 2.9767e-01	
 1.5423e+00	 2.9309e-01	
 1.5634e+00	 2.9707e-01	
 1.5598e+00	 2.9561e-01	
 1.5673e+00	 2.9836e-01	
 1.5834e+00	 2.9495e-01	
 1.5241e+00	 2.9523e-01	
 1.5530e+00	 2.9447e-01	
 1.5511e+00	 2.9368e-01	
 1.5582e+00	 2.9766e-01	
 1.5526e+00	 2.9813e-01	
 1.5664e+00	 2.9603e-01	
 1.5701e+00	 2.9673e-01	
 1.5474e+00	 2.9584e-01	
 1.5328e+00	 2.9640e-01	
 1.5830e+00	 2.9592e-01	
 1.5530e+00	 2.9634e-01	
 1.5559e+00	 2.9616e-01	
 1.5615e+00	 2.9682e-01	
 1.5422e+00	 2.9598e-01	
 1.5347e+00	 2.9431e-01	
 1.5383e+00	 2.9374e-01	
 1.5394e+00	 2.9805e-01	
 1.5406e+00	 2.9759e-01	
 1.5288e+00	 2.9774e-01	
 1.5545e+00	 2.9612e-01	
 1.5584e+00	 2.9696e-01	
 1.5617e+00	 2.9831e-01	
 1.5459e+00	 2.9628e-01	
 1.5583e+00	 2.9582e-01	
 1.5583e+00	 2.9698e-01	
 1.5426e+00	 2.9821e-01	
 1.5395e+00	 2.9945e-01	
 1.5870e+00	 2.9901e-01	
 1.5446e+00	 3.0042e-01	
 1.5576e+00	 3.0016e-01	
 1.5445e+00	 2.9945e-01	
 1.5503e+00	 2.9663e-01	
 1.5588e+00	 2.9756e-01	
 1.5352e+00	 2.9892e-01	
 1.5652e+00	 2.9582e-01	
 1.5501e+00	 2.9800e-01	
 1.5539e+00	 2.9826e-01	
 1.5236e+00	 2.9876e-01	
 1.5298e+00	 2.9973e-01	
 1.5449e+00	 2.9885e-01	
 1.5514e+00	 2.9921e-01	
 1.5497e+00	 2.9888e-01	
 1.5440e+00	 2.9825e-01	
 1.5370e+00	 2.9793e-01	
 1.5270e+00	 2.9839e-01	
 1.5562e+00	 2.9801e-01	
 1.5544e+00	 2.9756e-01	
 1.5721e+00	 2.9821e-01	
 1.5403e+00	 2.9511e-01	
 1.5756e+00	 2.9660e-01	
 1.5288e+00	 2.9452e-01	
 1.5325e+00	 2.9533e-01	
 1.5223e+00	 2.9861e-01	
 1.5267e+00	 2.9657e-01	
 1.5563e+00	 2.9744e-01	
 1.5493e+00	 2.9856e-01	
 1.5330e+00	 2.9783e-01	
 1.5151e+00	 2.9917e-01	
 1.5333e+00	 3.0123e-01	
 1.5353e+00	 2.9973e-01	
 1.5367e+00	 2.9964e-01	
 1.5702e+00	 2.9740e-01	
 1.5463e+00	 2.9986e-01	
 1.5255e+00	 2.9879e-01	
 1.5349e+00	 2.9783e-01	
 1.5307e+00	 2.9925e-01	
 1.5546e+00	 2.9871e-01	
 1.5313e+00	 2.9597e-01	
 1.5015e+00	 3.0049e-01	
 1.5422e+00	 2.9944e-01	
 1.5503e+00	 2.9884e-01	
 1.5520e+00	 2.9717e-01	
 1.5414e+00	 2.9981e-01	
 1.5391e+00	 2.9852e-01	
 1.5411e+00	 2.9858e-01	
 1.5261e+00	 2.9547e-01	
 1.5532e+00	 2.9728e-01	
 1.5375e+00	 2.9669e-01	
 1.5182e+00	 2.9752e-01	
 1.5275e+00	 2.9678e-01	
 1.5355e+00	 2.9622e-01	
 1.5312e+00	 3.0010e-01	
 1.5162e+00	 2.9939e-01	
 1.5238e+00	 2.9603e-01	
 1.5090e+00	 2.9458e-01	
 1.5228e+00	 2.9594e-01	
 1.5161e+00	 3.0012e-01	
 1.4930e+00	 2.9777e-01	
 1.5032e+00	 3.0004e-01	
 1.5347e+00	 2.9727e-01	
 1.5156e+00	 2.9765e-01	
 1.5204e+00	 3.0335e-01	
 1.5249e+00	 3.0178e-01	
 1.5145e+00	 2.9953e-01	
 1.5270e+00	 2.9679e-01	
 1.5188e+00	 3.0037e-01	
 1.5145e+00	 2.9992e-01	
 1.5460e+00	 2.9824e-01	
 1.5547e+00	 2.9801e-01	
 1.5320e+00	 2.9989e-01	
 1.5337e+00	 2.9928e-01	
 1.5150e+00	 2.9857e-01	
 1.5243e+00	 2.9624e-01	
 1.5269e+00	 2.9408e-01	
 1.5236e+00	 2.9574e-01	
 1.5022e+00	 2.9628e-01	
 1.5184e+00	 2.9409e-01	
 1.5355e+00	 2.9586e-01	
 1.5150e+00	 2.9628e-01	
 1.5052e+00	 2.9790e-01	
 1.4964e+00	 3.0166e-01	
 1.5187e+00	 2.9790e-01	
 1.5159e+00	 2.9661e-01	
 1.5233e+00	 3.0052e-01	
 1.5238e+00	 2.9910e-01	
 1.5087e+00	 2.9926e-01	
 1.5151e+00	 2.9915e-01	
 1.5368e+00	 2.9696e-01	
 1.5181e+00	 3.0303e-01	
 1.5197e+00	 2.9764e-01	
 1.5275e+00	 2.9990e-01	
 1.5023e+00	 2.9606e-01	
 1.5234e+00	 2.9884e-01	
 1.5201e+00	 2.9816e-01	
 1.5263e+00	 2.9975e-01	
 1.5161e+00	 2.9888e-01	
 1.5114e+00	 2.9726e-01	
 1.4874e+00	 3.0008e-01	
 1.4845e+00	 2.9618e-01	
 1.5293e+00	 2.9948e-01	
 1.5108e+00	 2.9949e-01	
 1.5085e+00	 3.0310e-01	
 1.5152e+00	 2.9770e-01	
 1.5344e+00	 2.9870e-01	
 1.5107e+00	 2.9609e-01	
 1.5292e+00	 3.0029e-01	
 1.5030e+00	 2.9809e-01	
 1.5183e+00	 2.9918e-01	
 1.5022e+00	 2.9635e-01	
 1.5038e+00	 2.9833e-01	
 1.5126e+00	 2.9860e-01	
 1.4994e+00	 2.9784e-01	
 1.5128e+00	 2.9945e-01	
 1.4917e+00	 2.9840e-01	
 1.5210e+00	 2.9884e-01	
 1.4759e+00	 2.9962e-01	
 1.5128e+00	 2.9798e-01	
 1.5154e+00	 2.9715e-01	
 1.5120e+00	 2.9698e-01	
 1.5048e+00	 2.9803e-01	
 1.4979e+00	 2.9903e-01	
 1.5135e+00	 3.0111e-01	
 1.4992e+00	 3.0007e-01	
 1.5115e+00	 3.0015e-01	
 1.5280e+00	 3.0141e-01	
 1.5069e+00	 2.9685e-01	
 1.5038e+00	 2.9787e-01	
 1.5248e+00	 2.9880e-01	
 1.5188e+00	 2.9954e-01	
 1.6294e+00	 3.0684e-01	
 1.4992e+00	 3.0364e-01	
 1.4757e+00	 2.9876e-01	
 1.5677e+00	 3.0784e-01	
 1.4798e+00	 2.9444e-01	
 1.4885e+00	 2.9891e-01	
 1.4835e+00	 2.9745e-01	
 1.5171e+00	 2.9763e-01	
 1.4983e+00	 3.0218e-01	
 1.5001e+00	 3.0025e-01	
 1.4987e+00	 2.9915e-01	
 1.5056e+00	 2.9761e-01	
 1.4805e+00	 2.9698e-01	
 1.5194e+00	 2.9776e-01	
 1.5056e+00	 2.9811e-01	
 1.5102e+00	 2.9871e-01	
 1.4736e+00	 3.0025e-01	
 1.4756e+00	 2.9685e-01	
 1.4953e+00	 3.0016e-01	
 1.5262e+00	 2.9693e-01	
 1.5101e+00	 2.9836e-01	
 1.5085e+00	 3.0187e-01	
 1.5268e+00	 2.9408e-01	
 1.5360e+00	 3.0073e-01	
 1.4839e+00	 3.0030e-01	
 1.5044e+00	 2.9973e-01	
 1.4958e+00	 3.0052e-01	
 1.5079e+00	 2.9737e-01	
 1.4991e+00	 2.9738e-01	
 1.4994e+00	 3.0028e-01	
 1.4907e+00	 2.9597e-01	
 1.5175e+00	 2.9961e-01	
 1.4943e+00	 3.0260e-01	
 1.4757e+00	 3.0049e-01	
 1.5088e+00	 2.9704e-01	
 1.5096e+00	 2.9902e-01	
 1.5047e+00	 2.9650e-01	
 1.5217e+00	 2.9532e-01	
 1.4890e+00	 2.9990e-01	
 1.5055e+00	 2.9909e-01	
 1.5087e+00	 3.0143e-01	
 1.5040e+00	 3.0102e-01	
 1.5107e+00	 2.9762e-01	
 1.5087e+00	 2.9844e-01	
 1.5018e+00	 2.9848e-01	
 1.5001e+00	 3.0016e-01	
 1.4954e+00	 2.9813e-01	
 1.4952e+00	 3.0005e-01	
 1.4934e+00	 2.9745e-01	
 1.5131e+00	 2.9705e-01	
 1.4998e+00	 2.9836e-01	
 1.4663e+00	 2.9974e-01	
 1.5131e+00	 2.9818e-01	
 1.5141e+00	 2.9772e-01	
 1.4841e+00	 3.0186e-01	
 1.4767e+00	 2.9734e-01	
 1.4928e+00	 2.9911e-01	
 1.5211e+00	 2.9995e-01	
 1.4952e+00	 2.9995e-01	
 1.4854e+00	 3.0020e-01	
 1.5092e+00	 2.9814e-01	
 1.4961e+00	 3.0093e-01	
 1.4814e+00	 2.9815e-01	
 1.4985e+00	 2.9752e-01	
 1.5035e+00	 3.0037e-01	
 1.5017e+00	 2.9806e-01	
 1.4700e+00	 2.9457e-01	
 1.5099e+00	 2.9965e-01	
 1.4844e+00	 2.9846e-01	
 1.4746e+00	 2.9873e-01	
 1.4822e+00	 2.9895e-01	
 1.5152e+00	 3.0167e-01	
 1.4981e+00	 3.0321e-01	
 1.4913e+00	 3.0326e-01	
 1.4886e+00	 2.9832e-01	
 1.5018e+00	 2.9868e-01	
 1.5111e+00	 2.9797e-01	
 1.4877e+00	 2.9979e-01	
 1.4698e+00	 3.0087e-01	
 1.4838e+00	 3.0013e-01	
 1.4969e+00	 2.9932e-01	
 1.4841e+00	 2.9685e-01	
 1.4947e+00	 2.9870e-01	
 1.5031e+00	 3.0261e-01	
 1.5292e+00	 3.0075e-01	
 1.5005e+00	 2.9956e-01	
 1.4934e+00	 2.9913e-01	
 1.4864e+00	 3.0142e-01	
 1.4961e+00	 2.9814e-01	
 1.4959e+00	 3.0012e-01	
 1.4892e+00	 2.9732e-01	
 1.5076e+00	 3.0003e-01	
 1.5122e+00	 3.0234e-01	
 1.5099e+00	 3.0102e-01	
 1.5039e+00	 3.0005e-01	
 1.4936e+00	 2.9972e-01	
 1.4895e+00	 3.0107e-01	
 1.4934e+00	 3.0266e-01	
 1.5043e+00	 2.9999e-01	
 1.4982e+00	 2.9917e-01	
 1.4939e+00	 3.0065e-01	
 1.4690e+00	 2.9897e-01	
 1.4839e+00	 2.9854e-01	
 1.4831e+00	 2.9954e-01	
 1.4892e+00	 2.9794e-01	
 1.5067e+00	 3.0268e-01	
 1.5001e+00	 3.0116e-01	
 1.5032e+00	 3.0035e-01	
 1.4973e+00	 2.9884e-01	
 1.4448e+00	 2.9996e-01	
 1.4754e+00	 2.9959e-01	
 1.4936e+00	 3.0058e-01	
 1.5048e+00	 2.9881e-01	
 1.4638e+00	 3.0114e-01	
 1.4882e+00	 2.9749e-01	
 1.4989e+00	 2.9934e-01	
 1.4992e+00	 3.0215e-01	
 1.5012e+00	 2.9882e-01	
 1.4935e+00	 3.0020e-01	
 1.4953e+00	 3.0139e-01	
 1.5004e+00	 3.0314e-01	
 1.5072e+00	 3.0012e-01	
 1.5138e+00	 2.9928e-01	
 1.4737e+00	 2.9968e-01	
 1.4737e+00	 2.9784e-01	
 1.4853e+00	 2.9931e-01	
 1.4769e+00	 2.9906e-01	
 1.4843e+00	 3.0104e-01	
 1.4662e+00	 2.9843e-01	
 1.4935e+00	 3.0049e-01	
 1.4812e+00	 2.9612e-01	
 1.4905e+00	 2.9918e-01	
 1.4822e+00	 2.9994e-01	
 1.5100e+00	 3.0145e-01	
 1.4977e+00	 3.0109e-01	
 1.5053e+00	 2.9992e-01	
 1.5063e+00	 2.9891e-01	
 1.5324e+00	 3.0258e-01	
 1.4880e+00	 3.0183e-01	
 1.4815e+00	 3.0044e-01	
 1.4724e+00	 2.9810e-01	
 1.4936e+00	 2.9844e-01	
 1.4827e+00	 2.9990e-01	
 1.4864e+00	 2.9846e-01	
 1.5086e+00	 2.9817e-01	
 1.4979e+00	 2.9761e-01	
 1.5102e+00	 2.9984e-01	
 1.4515e+00	 3.0015e-01	
 1.5228e+00	 3.0121e-01	
 1.5004e+00	 2.9797e-01	
 1.4748e+00	 3.0051e-01	
 1.4913e+00	 3.0093e-01	
 1.4572e+00	 2.9913e-01	
 1.5105e+00	 3.0292e-01	
 1.4849e+00	 2.9874e-01	
 1.5085e+00	 3.0130e-01	
 1.4641e+00	 2.9641e-01	
 1.5039e+00	 2.9815e-01	
 1.4835e+00	 3.0019e-01	
 1.4892e+00	 3.0041e-01	
 1.4708e+00	 2.9852e-01	
 1.4711e+00	 2.9653e-01	
 1.5035e+00	 3.0454e-01	
 1.4963e+00	 3.0097e-01	
 1.4816e+00	 2.9984e-01	
 1.5068e+00	 2.9681e-01	
 1.4980e+00	 2.9753e-01	
 1.4802e+00	 3.0012e-01	
 1.4792e+00	 3.0006e-01	
 1.5008e+00	 3.0045e-01	
 1.4724e+00	 2.9691e-01	
 1.4720e+00	 2.9609e-01	
 1.4755e+00	 3.0063e-01	
 1.4937e+00	 3.0191e-01	
 1.4742e+00	 2.9783e-01	
 1.4887e+00	 3.0082e-01	
 1.4922e+00	 2.9989e-01	
 1.4827e+00	 2.9752e-01	
 1.5008e+00	 2.9785e-01	
 1.4803e+00	 3.0078e-01	
 1.4799e+00	 2.9756e-01	
 1.4592e+00	 2.9911e-01	
 1.4514e+00	 2.9811e-01	
 1.4714e+00	 3.0118e-01	
 1.4844e+00	 2.9751e-01	
 1.4792e+00	 2.9821e-01	
 1.4753e+00	 2.9812e-01	
 1.4841e+00	 2.9760e-01	
 1.4750e+00	 2.9785e-01	
 1.4794e+00	 2.9990e-01	
 1.4595e+00	 3.0030e-01	
 1.4912e+00	 2.9891e-01	
 1.4662e+00	 2.9729e-01	
 1.4732e+00	 2.9825e-01	
 1.4668e+00	 2.9578e-01	
 1.4905e+00	 2.9677e-01	
 1.4946e+00	 2.9752e-01	
 1.4832e+00	 2.9822e-01	
 1.4781e+00	 2.9812e-01	
 1.5005e+00	 3.0311e-01	
 1.5019e+00	 3.0134e-01	
 1.5003e+00	 3.0229e-01	
 1.4915e+00	 2.9831e-01	
 1.4652e+00	 3.0108e-01	
 1.4817e+00	 2.9707e-01	
 1.4773e+00	 3.0349e-01	
 1.4469e+00	 2.9647e-01	
 1.4748e+00	 2.9857e-01	
 1.5153e+00	 3.0128e-01	
 1.4530e+00	 2.9369e-01	
 1.4792e+00	 3.0014e-01	
 1.4905e+00	 2.9543e-01	
 1.4506e+00	 2.9995e-01	
 1.4895e+00	 2.9770e-01	
 1.4398e+00	 2.9742e-01	
 1.4786e+00	 2.9806e-01	
 1.5070e+00	 2.9844e-01	
 1.4841e+00	 2.9733e-01	
 1.4896e+00	 2.9841e-01	
 1.4734e+00	 3.0099e-01	
 1.4614e+00	 2.9797e-01	
 1.4913e+00	 3.0002e-01	
 1.5031e+00	 2.9759e-01	
 1.4718e+00	 2.9917e-01	
 1.4640e+00	 2.9655e-01	
 1.4754e+00	 2.9807e-01	
 1.4568e+00	 2.9798e-01	
 1.4755e+00	 2.9820e-01	
 1.4857e+00	 2.9868e-01	
 1.4492e+00	 2.9855e-01	
 1.4508e+00	 2.9629e-01	
 1.4737e+00	 2.9858e-01	
 1.4336e+00	 2.9643e-01	
 1.4620e+00	 2.9998e-01	
 1.4604e+00	 2.9575e-01	
 1.4909e+00	 3.0003e-01	
 1.4636e+00	 3.0317e-01	
 1.4991e+00	 3.0371e-01	
 1.4877e+00	 2.9823e-01	
 1.4839e+00	 2.9810e-01	
 1.4594e+00	 2.9772e-01	
 1.4864e+00	 3.0041e-01	
 1.4974e+00	 3.0610e-01	
 1.4616e+00	 2.9741e-01	
 1.5053e+00	 2.9998e-01	
 1.4521e+00	 2.9631e-01	
 1.4783e+00	 3.0179e-01	
 1.4808e+00	 3.0115e-01	
 1.4544e+00	 2.9846e-01	
 1.4680e+00	 2.9817e-01	
 1.5193e+00	 3.0095e-01	
 1.4816e+00	 3.0175e-01	
 1.4800e+00	 2.9998e-01	
 1.4607e+00	 2.9987e-01	
 1.4548e+00	 2.9932e-01	
 1.4544e+00	 2.9896e-01	
 1.4459e+00	 2.9702e-01	
 1.4741e+00	 2.9581e-01	
 1.4760e+00	 2.9628e-01	
 1.4427e+00	 2.9754e-01	
 1.4655e+00	 2.9700e-01	
 1.4710e+00	 2.9916e-01	
 1.4775e+00	 2.9544e-01	
 1.4491e+00	 3.0048e-01	
 1.4529e+00	 2.9615e-01	
 1.4614e+00	 2.9727e-01	
 1.4612e+00	 3.0187e-01	
 1.4932e+00	 2.9777e-01	
 1.4506e+00	 2.9959e-01	
 1.4787e+00	 2.9901e-01	
 1.4637e+00	 3.0074e-01	
 1.5039e+00	 3.0164e-01	
 1.4523e+00	 3.0061e-01	
 1.4795e+00	 2.9852e-01	
 1.4893e+00	 2.9682e-01	
 1.4400e+00	 2.9751e-01	
 1.4769e+00	 2.9836e-01	
 1.4676e+00	 3.0138e-01	
 1.4541e+00	 2.9624e-01	
 1.4647e+00	 2.9658e-01	
 1.4369e+00	 2.9140e-01	
 1.4668e+00	 2.9939e-01	
 1.4633e+00	 2.9759e-01	
 1.4725e+00	 2.9752e-01	
 1.4829e+00	 2.9558e-01	
 1.4892e+00	 2.9917e-01	
 1.4603e+00	 2.9817e-01	
 1.4440e+00	 2.9330e-01	
 1.4804e+00	 2.9883e-01	
 1.4564e+00	 2.9678e-01	
 1.4883e+00	 2.9530e-01	
 1.4520e+00	 2.9742e-01	
 1.4963e+00	 2.9893e-01	
 1.4549e+00	 2.9443e-01	
 1.4882e+00	 2.9813e-01	
 1.4519e+00	 3.0133e-01	
 1.4736e+00	 2.9928e-01	
 1.4858e+00	 3.0038e-01	
 1.4739e+00	 2.9717e-01	
 1.5047e+00	 2.9827e-01	
 1.4855e+00	 2.9862e-01	
 1.4858e+00	 2.9659e-01	
 1.4524e+00	 3.0172e-01	
 1.4756e+00	 3.0149e-01	
 1.4484e+00	 2.9795e-01	
 1.4997e+00	 3.0025e-01	
 1.4879e+00	 2.9935e-01	
 1.4626e+00	 2.9878e-01	
 1.4539e+00	 2.9978e-01	
 1.4851e+00	 3.0004e-01	
 1.4709e+00	 3.0016e-01	
 1.4482e+00	 3.0077e-01	
 1.4673e+00	 3.0189e-01	
 1.4769e+00	 3.0139e-01	
 1.4604e+00	 3.0132e-01	
 1.4869e+00	 3.0041e-01	
 1.4396e+00	 2.9666e-01	
 1.4813e+00	 2.9806e-01	
 1.4875e+00	 2.9799e-01	
 1.4517e+00	 2.9835e-01	
 1.4765e+00	 2.9742e-01	
 1.4687e+00	 3.0002e-01	
 1.4539e+00	 2.9836e-01	
 1.4617e+00	 3.0058e-01	
 1.4411e+00	 2.9819e-01	
 1.4935e+00	 3.0093e-01	
 1.4569e+00	 2.9552e-01	
 1.4694e+00	 2.9616e-01	
 1.4672e+00	 2.9931e-01	
 1.4798e+00	 2.9853e-01	
 1.4580e+00	 2.9956e-01	
 1.4860e+00	 3.0041e-01	
 1.4792e+00	 2.9891e-01	
 1.4793e+00	 3.0240e-01	
 1.4563e+00	 2.9841e-01	
 1.4554e+00	 3.0232e-01	
 1.4429e+00	 2.9957e-01	
 1.4650e+00	 2.9693e-01	
 1.4379e+00	 2.9810e-01	
 1.4978e+00	 2.9821e-01	
 1.4636e+00	 2.9855e-01	
 1.4388e+00	 2.9792e-01	
 1.4772e+00	 2.9860e-01	
 1.4629e+00	 2.9924e-01	
 1.4547e+00	 2.9772e-01	
 1.4670e+00	 2.9800e-01	
 1.4895e+00	 3.0429e-01	
 1.3996e+00	 2.9893e-01	
 1.4740e+00	 2.9975e-01	
 1.4257e+00	 3.0009e-01	
 1.4608e+00	 2.9816e-01	
 1.4639e+00	 3.0316e-01	
 1.4550e+00	 2.9990e-01	
 1.4555e+00	 2.9625e-01	
 1.4634e+00	 2.9937e-01	
 1.4751e+00	 3.0084e-01	
 1.4344e+00	 3.0129e-01	
 1.4471e+00	 2.9770e-01	
 1.4807e+00	 2.9780e-01	
 1.4373e+00	 2.9912e-01	
 1.4634e+00	 3.0068e-01	
 1.4632e+00	 2.9737e-01	
 1.4552e+00	 2.9838e-01	
 1.4541e+00	 2.9971e-01	
 1.4616e+00	 2.9887e-01	
 1.4275e+00	 2.9745e-01	
 1.4528e+00	 2.9551e-01	
 1.4708e+00	 2.9979e-01	
 1.4586e+00	 2.9692e-01	
 1.4735e+00	 2.9583e-01	
 1.4492e+00	 2.9746e-01	
 1.4946e+00	 2.9425e-01	
 1.4532e+00	 2.9821e-01	
 1.4731e+00	 2.9847e-01	
 1.4731e+00	 3.0044e-01	
 1.4475e+00	 2.9865e-01	
 1.4352e+00	 2.9766e-01	
 1.4840e+00	 2.9821e-01	
 1.4736e+00	 3.0132e-01	
 1.4593e+00	 2.9813e-01	
 1.4557e+00	 2.9841e-01	
 1.4579e+00	 2.9829e-01	
 1.4357e+00	 2.9918e-01	
 1.4639e+00	 3.0195e-01	
 1.5015e+00	 2.9714e-01	
 1.4471e+00	 2.9719e-01	
 1.4684e+00	 2.9814e-01	
 1.5042e+00	 2.9977e-01	
 1.4348e+00	 2.9533e-01	
 1.4581e+00	 2.9706e-01	
 1.4467e+00	 2.9880e-01	
 1.4433e+00	 2.9891e-01	
 1.4582e+00	 2.9700e-01	
 1.4309e+00	 2.9942e-01	
 1.4890e+00	 3.0063e-01	
 1.4447e+00	 3.0040e-01	
 1.4359e+00	 2.9727e-01	
 1.4539e+00	 2.9945e-01	
 1.4504e+00	 2.9551e-01	
 1.4540e+00	 2.9821e-01	
 1.4751e+00	 3.0040e-01	
 1.4345e+00	 2.9775e-01	
 1.4805e+00	 2.9929e-01	
 1.4682e+00	 3.0197e-01	
 1.4878e+00	 3.0044e-01	
 1.4515e+00	 2.9624e-01	
 1.4346e+00	 2.9620e-01	
 1.4838e+00	 3.0062e-01	
 1.4662e+00	 2.9821e-01	
 1.4720e+00	 3.0187e-01	
 1.4681e+00	 3.0041e-01	
 1.4469e+00	 2.9951e-01	
 1.4416e+00	 2.9512e-01	
 1.4455e+00	 2.9905e-01	
 1.4555e+00	 2.9703e-01	
 1.4371e+00	 2.9808e-01	
 1.4746e+00	 2.9757e-01	
 1.4341e+00	 2.9806e-01	
 1.4394e+00	 2.9706e-01	
 1.4386e+00	 2.9900e-01	
 1.4471e+00	 2.9905e-01	
 1.4482e+00	 2.9752e-01	
 1.4487e+00	 2.9724e-01	
 1.4519e+00	 2.9809e-01	
 1.4622e+00	 2.9854e-01	
 1.4423e+00	 2.9609e-01	
 1.4343e+00	 2.9716e-01	
 1.4748e+00	 3.0029e-01	
 1.4585e+00	 2.9445e-01	
 1.4624e+00	 2.9979e-01	
 1.4442e+00	 2.9777e-01	
 1.4749e+00	 2.9883e-01	
 1.4638e+00	 3.0044e-01	
 1.4486e+00	 2.9897e-01	
 1.4522e+00	 2.9982e-01	
 1.4532e+00	 3.0009e-01	
 1.4294e+00	 2.9741e-01	
 1.4596e+00	 2.9647e-01	
 1.4753e+00	 2.9743e-01	
 1.4567e+00	 2.9804e-01	
 1.4498e+00	 2.9926e-01	
 1.4728e+00	 2.9933e-01	
 1.4659e+00	 2.9993e-01	
 1.4739e+00	 2.9865e-01	
 1.4306e+00	 2.9714e-01	
 1.4400e+00	 2.9584e-01	
 1.4185e+00	 2.9605e-01	
 1.4420e+00	 2.9949e-01	
 1.4773e+00	 2.9768e-01	
 1.4451e+00	 2.9805e-01	
 1.4320e+00	 2.9499e-01	
 1.4665e+00	 2.9945e-01	
 1.4198e+00	 2.9412e-01	
 1.4583e+00	 2.9517e-01	
 1.4403e+00	 2.9675e-01	
 1.4315e+00	 2.9998e-01	
 1.4318e+00	 2.9574e-01	
 1.4234e+00	 2.9930e-01	
 1.4805e+00	 2.9550e-01	
 1.4344e+00	 2.9732e-01	
 1.4351e+00	 2.9712e-01	
 1.4533e+00	 2.9638e-01	
 1.4201e+00	 2.9477e-01	
 1.4105e+00	 2.9850e-01	
 1.4434e+00	 2.9548e-01	
 1.4591e+00	 2.9571e-01	
 1.4174e+00	 2.9580e-01	
 1.4081e+00	 2.9371e-01	
 1.4529e+00	 2.9790e-01	
 1.4319e+00	 2.9474e-01	
 1.4273e+00	 2.9397e-01	
 1.4308e+00	 2.9536e-01	
 1.4464e+00	 2.9603e-01	
 1.4191e+00	 2.9944e-01	
 1.4793e+00	 2.9420e-01	
 1.4468e+00	 2.9762e-01	
 1.4541e+00	 2.9652e-01	
 1.4838e+00	 2.9875e-01	
 1.4302e+00	 2.9994e-01	
 1.4272e+00	 2.9844e-01	
 1.4518e+00	 2.9482e-01	
 1.4313e+00	 2.9590e-01	
 1.4544e+00	 2.9978e-01	
 1.4485e+00	 2.9494e-01	
 1.4795e+00	 2.9601e-01	
 1.4284e+00	 2.9661e-01	
 1.4294e+00	 2.9553e-01	
 1.4333e+00	 2.9546e-01	
 1.4333e+00	 2.9966e-01	
 1.4241e+00	 2.9841e-01	
 1.4481e+00	 2.9723e-01	
 1.4971e+00	 3.0097e-01	
 1.4524e+00	 2.9758e-01	
 1.4376e+00	 2.9750e-01	
 1.4420e+00	 2.9446e-01	
 1.4609e+00	 2.9615e-01	
 1.4239e+00	 2.9702e-01	
 1.4339e+00	 2.9685e-01	
 1.4579e+00	 2.9724e-01	
 1.4419e+00	 3.0060e-01	
 1.4340e+00	 2.9521e-01	
 1.4192e+00	 2.9726e-01	
 1.4150e+00	 2.9274e-01	
 1.4409e+00	 2.9644e-01	
 1.4465e+00	 2.9644e-01	
 1.4651e+00	 2.9426e-01	
 1.4242e+00	 2.9741e-01	
 1.4442e+00	 2.9709e-01	
 1.4492e+00	 2.9819e-01	
 1.4340e+00	 2.9697e-01	
 1.4356e+00	 2.9571e-01	
 1.4251e+00	 2.9700e-01	
 1.4152e+00	 2.9740e-01	
 1.4488e+00	 2.9890e-01	
 1.4601e+00	 3.0036e-01	
 1.4376e+00	 2.9173e-01	
 1.4607e+00	 2.9667e-01	
 1.4541e+00	 2.9676e-01	
 1.3980e+00	 2.9368e-01	
 1.4581e+00	 2.9641e-01	
 1.4514e+00	 2.9997e-01	
 1.4412e+00	 2.9574e-01	
 1.4156e+00	 2.9536e-01	
 1.4541e+00	 2.9781e-01	
 1.4533e+00	 2.9890e-01	
 1.4398e+00	 2.9522e-01	
 1.4595e+00	 2.9942e-01	
 1.4367e+00	 2.9685e-01	
 1.4218e+00	 2.9657e-01	
 1.4653e+00	 2.9591e-01	
 1.4436e+00	 2.9662e-01	
 1.4390e+00	 2.9640e-01	
 1.4553e+00	 2.9833e-01	
 1.4214e+00	 2.9568e-01	
 1.4556e+00	 2.9503e-01	
 1.4536e+00	 2.9358e-01	
 1.4412e+00	 2.9305e-01	
 1.4037e+00	 2.9443e-01	
 1.4326e+00	 2.9455e-01	
 1.4263e+00	 2.9568e-01	
 1.4081e+00	 2.9509e-01	
 1.4264e+00	 2.9485e-01	
 1.4321e+00	 2.9248e-01	
 1.4454e+00	 2.9469e-01	
 1.4105e+00	 2.9620e-01	
 1.4498e+00	 2.9707e-01	
 1.4266e+00	 2.9733e-01	
 1.4095e+00	 2.9544e-01	
 1.4220e+00	 2.9700e-01	
 1.4438e+00	 2.9745e-01	
 1.4002e+00	 2.9622e-01	
 1.4418e+00	 2.9551e-01	
 1.4116e+00	 2.9305e-01	
 1.4172e+00	 2.9536e-01	
 1.4384e+00	 2.9469e-01	
 1.4241e+00	 2.9055e-01	
 1.4161e+00	 2.9751e-01	
 1.4112e+00	 2.9400e-01	
 1.4446e+00	 2.9626e-01	
 1.4240e+00	 2.9497e-01	
 1.4134e+00	 2.9281e-01	
 1.4247e+00	 2.9596e-01	
 1.4217e+00	 2.9352e-01	
 1.4599e+00	 2.9715e-01	
 1.4548e+00	 2.9802e-01	
 1.4119e+00	 2.9550e-01	
 1.4627e+00	 2.9819e-01	
 1.4531e+00	 3.0118e-01	
 1.4382e+00	 2.9933e-01	
 1.4510e+00	 2.9887e-01	
 1.4219e+00	 2.9857e-01	
 1.4573e+00	 2.9822e-01	
 1.4419e+00	 2.9716e-01	
 1.4609e+00	 2.9587e-01	
 1.4270e+00	 2.9770e-01	
 1.4285e+00	 2.9567e-01	
 1.4010e+00	 2.9381e-01	
 1.4318e+00	 2.9292e-01	
 1.4303e+00	 2.9811e-01	
 1.4055e+00	 2.9295e-01	
 1.4342e+00	 2.9482e-01	
 1.4590e+00	 2.9617e-01	
 1.3802e+00	 2.9250e-01	
 1.4250e+00	 2.9625e-01	
 1.4804e+00	 2.9881e-01	
 1.4212e+00	 2.9354e-01	
 1.4430e+00	 2.9738e-01	
 1.4217e+00	 2.9875e-01	
 1.4321e+00	 2.9576e-01	
 1.4230e+00	 2.9609e-01	
 1.4265e+00	 2.9499e-01	
 1.4287e+00	 2.9849e-01	
 1.4463e+00	 2.9418e-01	
 1.4410e+00	 2.9340e-01	
 1.4742e+00	 2.9588e-01	
 1.4092e+00	 2.9577e-01	
 1.4585e+00	 2.9525e-01	
 1.4407e+00	 2.9718e-01	
 1.4211e+00	 2.9515e-01	
 1.4342e+00	 2.9715e-01	
 1.4455e+00	 2.9425e-01	
 1.4522e+00	 2.9549e-01	
 1.4153e+00	 2.9231e-01	
 1.4019e+00	 2.9567e-01	
 1.4214e+00	 2.9422e-01	
 1.4021e+00	 2.9629e-01	
 1.4718e+00	 2.9775e-01	
 1.4246e+00	 2.9622e-01	
 1.4217e+00	 2.9790e-01	
 1.4556e+00	 2.9986e-01	
 1.4538e+00	 2.9381e-01	
 1.4608e+00	 2.9581e-01	
 1.4440e+00	 2.9425e-01	
 1.4506e+00	 2.9793e-01	
 1.4121e+00	 2.9473e-01	
 1.4425e+00	 2.9811e-01	
 1.4101e+00	 2.9440e-01	
 1.4347e+00	 2.9457e-01	
 1.4542e+00	 2.9475e-01	
 1.4399e+00	 2.9831e-01	
 1.4051e+00	 2.9558e-01	
 1.4345e+00	 2.9567e-01	
 1.4169e+00	 2.9298e-01	
 1.4258e+00	 2.9448e-01	
 1.4382e+00	 2.9949e-01	
 1.4323e+00	 2.9688e-01	
 1.4260e+00	 2.9750e-01	
 1.4293e+00	 2.9402e-01	
 1.4681e+00	 2.9685e-01	
 1.4456e+00	 2.9789e-01	
 1.4654e+00	 2.9780e-01	
 1.4380e+00	 3.0120e-01	
 1.4265e+00	 2.9828e-01	
 1.3983e+00	 2.9012e-01	
 1.4381e+00	 2.9761e-01	
 1.4546e+00	 2.9500e-01	
 1.3950e+00	 2.9405e-01	
 1.4241e+00	 2.9032e-01	
 1.4313e+00	 2.9705e-01	
 1.4294e+00	 2.9602e-01	
 1.4271e+00	 2.9433e-01	
 1.4130e+00	 2.9933e-01	
 1.4183e+00	 2.9372e-01	
 1.4456e+00	 2.9799e-01	
 1.4010e+00	 2.9617e-01	
 1.4398e+00	 2.9281e-01	
 1.3946e+00	 2.9847e-01	
 1.4490e+00	 2.9477e-01	
 1.4220e+00	 2.9409e-01	
 1.3830e+00	 2.9528e-01	
 1.4316e+00	 2.9591e-01	
 1.4220e+00	 2.9762e-01	
 1.4235e+00	 2.9675e-01	
 1.4190e+00	 2.9511e-01	
 1.4395e+00	 2.9683e-01	
 1.4275e+00	 2.9564e-01	
 1.4271e+00	 2.9504e-01	
 1.4295e+00	 2.9434e-01	
 1.4196e+00	 2.9627e-01	
 1.3984e+00	 2.9196e-01	
 1.4527e+00	 2.9513e-01	
 1.4354e+00	 2.9441e-01	
 1.4242e+00	 2.9464e-01	
 1.4438e+00	 2.9596e-01	
 1.4265e+00	 2.9405e-01	
 1.4182e+00	 2.9586e-01	
 1.3974e+00	 2.9698e-01	
 1.4234e+00	 2.9383e-01	
 1.4454e+00	 2.9485e-01	
 1.4113e+00	 2.9506e-01	
 1.4440e+00	 2.9481e-01	
 1.3756e+00	 2.9270e-01	
 1.4221e+00	 2.9474e-01	
 1.4186e+00	 2.9464e-01	
 1.4065e+00	 2.9268e-01	
 1.4274e+00	 2.9292e-01	
 1.4460e+00	 2.9519e-01	
 1.4533e+00	 2.9513e-01	
 1.4381e+00	 2.9775e-01	
 1.4534e+00	 2.9622e-01	
 1.3792e+00	 2.9495e-01	
 1.4307e+00	 2.9454e-01	
 1.4538e+00	 2.9448e-01	
 1.4543e+00	 2.9561e-01	
 1.4348e+00	 2.9768e-01	
 1.4335e+00	 2.9362e-01	
 1.4123e+00	 2.9604e-01	
 1.4243e+00	 2.9423e-01	
 1.3998e+00	 2.9516e-01	
 1.4088e+00	 2.9433e-01	
 1.4145e+00	 2.9208e-01	
 1.4346e+00	 2.9738e-01	
 1.4426e+00	 2.9434e-01	
 1.4495e+00	 2.9603e-01	
 1.4136e+00	 2.9325e-01	
 1.4152e+00	 2.9240e-01	
 1.4161e+00	 2.9473e-01	
 1.4112e+00	 2.9584e-01	
 1.4043e+00	 2.9605e-01	
 1.4452e+00	 2.9454e-01	
 1.4240e+00	 2.9567e-01	
 1.4208e+00	 2.9448e-01	
 1.4149e+00	 2.9641e-01	
 1.4568e+00	 2.9881e-01	
 1.4460e+00	 2.9626e-01	
 1.4148e+00	 2.9460e-01	
 1.4460e+00	 2.9379e-01	
 1.4253e+00	 2.9516e-01	
 1.4376e+00	 2.9381e-01	
 1.3963e+00	 2.9003e-01	
 1.4289e+00	 2.9039e-01	
 1.3789e+00	 2.9348e-01	
 1.4335e+00	 2.9131e-01	
 1.3981e+00	 2.9603e-01	
 1.3736e+00	 2.9352e-01	
 1.4188e+00	 2.9687e-01	
 1.4355e+00	 2.9468e-01	
 1.4026e+00	 2.9681e-01	
 1.4323e+00	 2.9766e-01	
 1.4230e+00	 2.9674e-01	
 1.4151e+00	 2.9434e-01	
 1.4263e+00	 2.9450e-01	
 1.4007e+00	 2.9181e-01	
 1.4178e+00	 2.9479e-01	
 1.4290e+00	 2.9791e-01	
 1.4263e+00	 2.9545e-01	
 1.4215e+00	 2.9583e-01	
 1.4029e+00	 2.9654e-01	
 1.4147e+00	 2.9633e-01	
 1.3984e+00	 2.9495e-01	
 1.4407e+00	 2.9517e-01	
 1.4737e+00	 2.9950e-01	
 1.4301e+00	 2.9728e-01	
 1.4145e+00	 2.9946e-01	
 1.4346e+00	 2.9355e-01	
 1.4122e+00	 2.9460e-01	
 1.4609e+00	 2.9589e-01	
 1.4547e+00	 2.9874e-01	
 1.4499e+00	 2.9631e-01	
 1.4327e+00	 2.9706e-01	
 1.4369e+00	 2.9146e-01	
 1.4170e+00	 2.9401e-01	
 1.4317e+00	 2.9720e-01	
 1.4450e+00	 2.9246e-01	
 1.4092e+00	 2.9667e-01	
 1.4307e+00	 2.9563e-01	
 1.4352e+00	 2.9709e-01	
 1.3891e+00	 2.9746e-01	
 1.4622e+00	 2.9567e-01	
 1.4053e+00	 2.9618e-01	
 1.3915e+00	 2.9352e-01	
 1.4129e+00	 2.9536e-01	
 1.4208e+00	 2.9323e-01	
 1.4158e+00	 2.9097e-01	
 1.4334e+00	 2.9921e-01	
 1.4217e+00	 2.9383e-01	
 1.4323e+00	 2.9211e-01	
 1.4115e+00	 2.9530e-01	
 1.4319e+00	 2.9125e-01	
 1.4118e+00	 2.9586e-01	
 1.4444e+00	 2.9660e-01	
 1.4043e+00	 2.9508e-01	
 1.4299e+00	 2.9206e-01	
 1.4315e+00	 2.9638e-01	
 1.4526e+00	 2.9445e-01	
 1.4153e+00	 2.9554e-01	
 1.4341e+00	 2.9435e-01	
 1.4340e+00	 2.9331e-01	
 1.4182e+00	 2.9315e-01	
 1.4070e+00	 2.9404e-01	
 1.3886e+00	 2.9389e-01	
 1.3894e+00	 2.9194e-01	
 1.3857e+00	 2.9144e-01	
 1.4284e+00	 2.9381e-01	
 1.4004e+00	 2.9575e-01	
 1.4213e+00	 2.9221e-01	
 1.4083e+00	 2.9565e-01	
 1.3967e+00	 2.9075e-01	
 1.4299e+00	 2.9275e-01	
 1.4410e+00	 2.9459e-01	
 1.3978e+00	 2.9664e-01	
 1.4295e+00	 2.9472e-01	
 1.4255e+00	 2.9273e-01	
 1.4040e+00	 2.9300e-01	
 1.4306e+00	 2.9644e-01	
 1.4121e+00	 2.9620e-01	
 1.3990e+00	 2.9085e-01	
 1.4266e+00	 2.9279e-01	
 1.4312e+00	 2.9471e-01	
 1.4495e+00	 2.9819e-01	
 1.4409e+00	 2.9385e-01	
 1.3836e+00	 2.9178e-01	
 1.4266e+00	 2.9355e-01	
 1.4003e+00	 2.9055e-01	
 1.4230e+00	 2.9348e-01	
 1.4045e+00	 2.9226e-01	
 1.4340e+00	 2.9584e-01	
 1.4453e+00	 2.9505e-01	
 1.4265e+00	 2.9620e-01	
 1.4097e+00	 2.9715e-01	
 1.4460e+00	 2.9461e-01	
 1.4045e+00	 2.9191e-01	
 1.4333e+00	 2.9546e-01	
 1.4080e+00	 2.9247e-01	
 1.4299e+00	 2.9596e-01	
 1.4073e+00	 2.9406e-01	
 1.4048e+00	 2.9241e-01	
 1.4209e+00	 2.9319e-01	
 1.3990e+00	 2.9209e-01	
 1.3839e+00	 2.9381e-01	
 1.4225e+00	 2.9133e-01	
 1.4249e+00	 2.9366e-01	
 1.4188e+00	 2.9589e-01	
 1.4185e+00	 2.9228e-01	
 1.4372e+00	 2.9546e-01	
 1.4346e+00	 2.9535e-01	
 1.4059e+00	 2.9535e-01	
 1.4015e+00	 2.9392e-01	
 1.4699e+00	 2.9664e-01	
 1.4245e+00	 2.9738e-01	
 1.4463e+00	 2.9662e-01	
 1.4206e+00	 2.9597e-01	
 1.4187e+00	 2.9485e-01	
 1.4412e+00	 2.9556e-01	
 1.4379e+00	 2.9851e-01	
 1.4036e+00	 2.9120e-01	
 1.4206e+00	 2.9629e-01	
 1.4235e+00	 2.9292e-01	
 1.4034e+00	 2.9393e-01	
 1.4165e+00	 2.9541e-01	
 1.4200e+00	 2.9401e-01	
 1.4341e+00	 2.9745e-01	
 1.4257e+00	 2.9385e-01	
 1.4218e+00	 2.9434e-01	
 1.4157e+00	 2.9347e-01	
 1.3979e+00	 2.9473e-01	
 1.4489e+00	 2.9364e-01	
 1.4339e+00	 2.9473e-01	
 1.4102e+00	 2.9036e-01	
 1.4153e+00	 2.9500e-01	
 1.4371e+00	 2.9313e-01	
 1.3844e+00	 2.9147e-01	
 1.4062e+00	 2.9108e-01	
 1.3927e+00	 2.9527e-01	
 1.4186e+00	 2.9603e-01	
 1.4312e+00	 2.9407e-01	
 1.4271e+00	 2.9337e-01	
 1.4043e+00	 2.9201e-01	
 1.4123e+00	 2.9554e-01	
 1.4190e+00	 2.9755e-01	
 1.4164e+00	 2.9641e-01	
 1.4374e+00	 2.9711e-01	
 1.4614e+00	 2.9372e-01	
 1.4304e+00	 2.9500e-01	
 1.4122e+00	 2.9437e-01	
 1.4280e+00	 2.9301e-01	
 1.4189e+00	 2.9508e-01	
 1.4460e+00	 2.9510e-01	
 1.4209e+00	 2.9466e-01	
 1.3967e+00	 2.9571e-01	
 1.4084e+00	 2.9403e-01	
 1.4316e+00	 2.9331e-01	
 1.4469e+00	 2.9725e-01	
 1.4446e+00	 2.9572e-01	
 1.4222e+00	 2.9602e-01	
 1.4386e+00	 2.9657e-01	
 1.4201e+00	 2.9429e-01	
 1.4302e+00	 2.9256e-01	
 1.4110e+00	 2.9098e-01	
 1.4183e+00	 2.9499e-01	
 1.4137e+00	 2.9518e-01	
 1.4185e+00	 2.9206e-01	
 1.4212e+00	 2.9172e-01	
 1.4263e+00	 2.9443e-01	
 1.3963e+00	 2.8767e-01	
 1.3863e+00	 2.9091e-01	
 1.3958e+00	 2.9012e-01	
 1.4202e+00	 2.9533e-01	
 1.4020e+00	 2.9665e-01	
 1.3859e+00	 2.9223e-01	
 1.4223e+00	 2.9100e-01	
 1.4119e+00	 2.9247e-01	
 1.4131e+00	 2.9491e-01	
 1.4487e+00	 2.9599e-01	
 1.3969e+00	 2.9115e-01	
 1.4230e+00	 2.9288e-01	
 1.4271e+00	 2.9515e-01	
 1.4207e+00	 2.9439e-01	
 1.4305e+00	 2.9283e-01	
 1.4727e+00	 2.9447e-01	
 1.4349e+00	 2.9333e-01	
 1.4401e+00	 2.9716e-01	
 1.4284e+00	 2.9409e-01	
 1.4327e+00	 2.9380e-01	
 1.4145e+00	 2.9021e-01	
 1.4206e+00	 2.8819e-01	
 1.4245e+00	 2.9318e-01	
 1.4189e+00	 2.8885e-01	
 1.4307e+00	 2.9215e-01	
 1.4220e+00	 2.9212e-01	
 1.4159e+00	 2.9551e-01	
 1.4302e+00	 2.9796e-01	
 1.4243e+00	 2.9349e-01	
 1.4362e+00	 2.9518e-01	
 1.4088e+00	 2.9594e-01	
 1.3951e+00	 2.9164e-01	
 1.4097e+00	 2.9160e-01	
 1.4094e+00	 2.9369e-01	
 1.4284e+00	 2.9266e-01	
 1.4259e+00	 2.9582e-01	
 1.4043e+00	 2.9377e-01	
 1.4355e+00	 2.9430e-01	
 1.3948e+00	 2.9009e-01	
 1.4279e+00	 2.9345e-01	
 1.4078e+00	 2.9318e-01	
 1.4032e+00	 2.9155e-01	
 1.4120e+00	 2.9133e-01	
 1.3957e+00	 2.9169e-01	
 1.4000e+00	 2.9280e-01	
 1.4000e+00	 2.9450e-01	
 1.4155e+00	 2.9177e-01	
 1.3920e+00	 2.9336e-01	
 1.4102e+00	 2.9693e-01	
 1.4301e+00	 2.9367e-01	
 1.4140e+00	 2.9084e-01	
 1.4165e+00	 2.9333e-01	
 1.4234e+00	 2.9410e-01	
 1.3726e+00	 2.9095e-01	
 1.4289e+00	 2.9506e-01	
 1.4023e+00	 2.8995e-01	
 1.4077e+00	 2.9366e-01	
 1.3988e+00	 2.9223e-01	
 1.4009e+00	 2.9160e-01	
 1.4092e+00	 2.9158e-01	
 1.4041e+00	 2.9153e-01	
 1.4091e+00	 2.9012e-01	
 1.3787e+00	 2.9326e-01	
 1.4317e+00	 2.9334e-01	
 1.4087e+00	 2.9046e-01	
 1.4181e+00	 2.9182e-01	
 1.3862e+00	 2.9064e-01	
 1.4023e+00	 2.9119e-01	
 1.4056e+00	 2.9154e-01	
 1.3980e+00	 2.9484e-01	
 1.4401e+00	 2.9340e-01	
 1.4401e+00	 2.9593e-01	
 1.3877e+00	 2.8980e-01	
 1.4039e+00	 2.9338e-01	
 1.4357e+00	 2.9131e-01	
 1.4205e+00	 2.9286e-01	
 1.8305e+00	 3.0714e-01	
 1.3398e+00	 2.9818e-01	
 1.3012e+00	 2.9127e-01	
 1.4672e+00	 3.0311e-01	
 1.3134e+00	 2.8479e-01	
 1.3702e+00	 2.9127e-01	
 1.3876e+00	 2.9021e-01	
 1.4860e+00	 2.9457e-01	
 1.4617e+00	 2.9521e-01	
 1.4314e+00	 2.9357e-01	
 1.3926e+00	 2.9398e-01	
 1.3715e+00	 2.9173e-01	
 1.3529e+00	 2.9022e-01	
 1.4147e+00	 2.9173e-01	
 1.4156e+00	 2.9090e-01	
 1.4387e+00	 2.9180e-01	
 1.4134e+00	 2.9434e-01	
 1.3963e+00	 2.9113e-01	
 1.3994e+00	 2.9294e-01	
 1.4075e+00	 2.8955e-01	
 1.3969e+00	 2.9136e-01	
 1.4047e+00	 2.9160e-01	
 1.4404e+00	 2.8703e-01	
 1.4371e+00	 2.9120e-01	
 1.4022e+00	 2.9177e-01	
 1.4344e+00	 2.9186e-01	
 1.4071e+00	 2.9536e-01	
 1.3888e+00	 2.8887e-01	
 1.3834e+00	 2.8720e-01	
 1.4056e+00	 2.9051e-01	
 1.3925e+00	 2.8999e-01	
 1.4557e+00	 2.9399e-01	
 1.4185e+00	 2.9866e-01	
 1.3900e+00	 2.9439e-01	
 1.4072e+00	 2.9275e-01	
 1.4178e+00	 2.9233e-01	
 1.4026e+00	 2.9337e-01	
 1.4466e+00	 2.9292e-01	
 1.4077e+00	 2.9461e-01	
 1.4207e+00	 2.9193e-01	
 1.4136e+00	 2.9187e-01	
 1.4027e+00	 2.9296e-01	
 1.4162e+00	 2.9425e-01	
 1.4276e+00	 2.9524e-01	
 1.3990e+00	 2.9223e-01	
 1.4253e+00	 2.9379e-01	
 1.3995e+00	 2.9133e-01	
 1.3981e+00	 2.9179e-01	
 1.4122e+00	 2.9145e-01	
 1.4258e+00	 2.9197e-01	
 1.4025e+00	 2.9067e-01	
 1.3871e+00	 2.9238e-01	
 1.4288e+00	 2.9450e-01	
 1.4326e+00	 2.9036e-01	
 1.4030e+00	 2.9371e-01	
 1.3939e+00	 2.9090e-01	
 1.3712e+00	 2.8780e-01	
 1.4350e+00	 2.9201e-01	
 1.4114e+00	 2.9428e-01	
 1.3884e+00	 2.9479e-01	
 1.4311e+00	 2.8930e-01	
 1.4345e+00	 2.9409e-01	
 1.3877e+00	 2.9297e-01	
 1.4015e+00	 2.9190e-01	
 1.4023e+00	 2.8972e-01	
 1.4059e+00	 2.9248e-01	
 1.3852e+00	 2.9077e-01	
 1.4151e+00	 2.8943e-01	
 1.4133e+00	 2.9176e-01	
 1.3938e+00	 2.9339e-01	
 1.4212e+00	 2.9533e-01	
 1.4228e+00	 2.9623e-01	
 1.4200e+00	 2.9647e-01	
 1.3873e+00	 2.9369e-01	
 1.4287e+00	 2.9401e-01	
 1.4261e+00	 2.9154e-01	
 1.4515e+00	 2.9694e-01	
 1.4134e+00	 2.9626e-01	
 1.3876e+00	 2.9623e-01	
 1.3765e+00	 2.9188e-01	
 1.4105e+00	 2.9467e-01	
 1.4100e+00	 2.9453e-01	
 1.4157e+00	 2.9420e-01	
 1.4471e+00	 2.9370e-01	
 1.4344e+00	 2.9227e-01	
 1.4121e+00	 2.9310e-01	
 1.4137e+00	 2.9346e-01	
 1.4090e+00	 2.9219e-01	
 1.3857e+00	 2.8917e-01	
 1.4016e+00	 2.9433e-01	
 1.4057e+00	 2.9212e-01	
 1.4382e+00	 2.9419e-01	
 1.4400e+00	 2.9466e-01	
 1.4324e+00	 2.9509e-01	
 1.4252e+00	 2.9477e-01	
 1.4109e+00	 2.9135e-01	
 1.4056e+00	 2.9486e-01	
 1.4011e+00	 2.9328e-01	
 1.4143e+00	 2.9135e-01	
 1.4254e+00	 2.9340e-01	
 1.4421e+00	 2.9722e-01	
 1.3837e+00	 2.9282e-01	
 1.4137e+00	 2.9289e-01	
 1.3959e+00	 2.9224e-01	
 1.4011e+00	 2.9129e-01	
 1.4318e+00	 2.9393e-01	
 1.3939e+00	 2.9219e-01	
 1.4314e+00	 2.9272e-01	
 1.4270e+00	 2.9285e-01	
 1.3727e+00	 2.9433e-01	
 1.3911e+00	 2.9160e-01	
 1.4219e+00	 2.9609e-01	
 1.4238e+00	 2.8968e-01	
 1.3681e+00	 2.9268e-01	
 1.4027e+00	 2.9203e-01	
 1.3813e+00	 2.8845e-01	
 1.3960e+00	 2.9210e-01	
 1.4294e+00	 2.9177e-01	
 1.4142e+00	 2.9515e-01	
 1.4106e+00	 2.9312e-01	
 1.4400e+00	 2.9579e-01	
 1.4261e+00	 2.9314e-01	
 1.4222e+00	 2.9247e-01	
 1.3938e+00	 2.9046e-01	
 1.3888e+00	 2.9090e-01	
 1.4045e+00	 2.9502e-01	
 1.4007e+00	 2.9560e-01	
 1.3739e+00	 2.9090e-01	
 1.3964e+00	 2.8898e-01	
 1.4106e+00	 2.9169e-01	
 1.4162e+00	 2.9382e-01	
 1.4187e+00	 2.9493e-01	
 1.3907e+00	 2.9156e-01	
 1.4231e+00	 2.9376e-01	
 1.3935e+00	 2.9151e-01	
 1.4062e+00	 2.9100e-01	
 1.4171e+00	 2.9284e-01	
 1.4364e+00	 2.9297e-01	
 1.4068e+00	 2.9465e-01	
 1.4116e+00	 2.9182e-01	
 1.3830e+00	 2.9153e-01	
 1.3972e+00	 2.9185e-01	
 1.4137e+00	 2.9206e-01	
 1.4174e+00	 2.9051e-01	
 1.4392e+00	 2.9411e-01	
 1.4258e+00	 2.9160e-01	
 1.4419e+00	 2.9642e-01	
 1.3810e+00	 2.9272e-01	
 1.4613e+00	 2.9777e-01	
 1.4167e+00	 2.9144e-01	
 1.3897e+00	 2.9256e-01	
 1.4173e+00	 2.9246e-01	
 1.3749e+00	 2.9328e-01	
 1.4249e+00	 2.9340e-01	
 1.4251e+00	 2.9435e-01	
 1.4395e+00	 2.9308e-01	
 1.3793e+00	 2.9003e-01	
 1.4581e+00	 2.9232e-01	
 1.3998e+00	 2.9129e-01	
 1.4113e+00	 2.9453e-01	
 1.3749e+00	 2.8962e-01	
 1.3906e+00	 2.9101e-01	
 1.4325e+00	 2.9952e-01	
 1.4254e+00	 2.9538e-01	
 1.4136e+00	 2.9329e-01	
 1.4535e+00	 2.9125e-01	
 1.4332e+00	 2.9190e-01	
 1.4151e+00	 2.9589e-01	
 1.4022e+00	 2.9425e-01	
 1.4313e+00	 2.9319e-01	
 1.3926e+00	 2.9084e-01	
 1.3839e+00	 2.9096e-01	
 1.4251e+00	 2.9503e-01	
 1.4207e+00	 2.9262e-01	
 1.3871e+00	 2.8925e-01	
 1.4162e+00	 2.9747e-01	
 1.4197e+00	 2.9163e-01	
 1.4291e+00	 2.9414e-01	
 1.4299e+00	 2.9010e-01	
 1.4231e+00	 2.9475e-01	
 1.3970e+00	 2.9159e-01	
 1.3781e+00	 2.9163e-01	
 1.3724e+00	 2.9267e-01	
 1.3917e+00	 2.9373e-01	
 1.4386e+00	 2.9336e-01	
 1.3938e+00	 2.9319e-01	
 1.4027e+00	 2.9174e-01	
 1.4176e+00	 2.9370e-01	
 1.3963e+00	 2.9022e-01	
 1.4229e+00	 2.9376e-01	
 1.3825e+00	 2.9396e-01	
 1.4197e+00	 2.9084e-01	
 1.3948e+00	 2.8976e-01	
 1.3889e+00	 2.9055e-01	
 1.3944e+00	 2.8797e-01	
 1.4162e+00	 2.9146e-01	
 1.4178e+00	 2.8987e-01	
 1.3977e+00	 2.9105e-01	
 1.4163e+00	 2.8954e-01	
 1.4166e+00	 2.9670e-01	
 1.4350e+00	 2.9699e-01	
 1.4254e+00	 2.9354e-01	
 1.4429e+00	 2.9312e-01	
 1.3997e+00	 2.9314e-01	
 1.4149e+00	 2.9356e-01	
 1.4153e+00	 2.9517e-01	
 1.3856e+00	 2.8853e-01	
 1.4131e+00	 2.9294e-01	
 1.4648e+00	 2.9465e-01	
 1.3688e+00	 2.8712e-01	
 1.4281e+00	 2.9407e-01	
 1.4340e+00	 2.8929e-01	
 1.3808e+00	 2.9238e-01	
 1.4410e+00	 2.8970e-01	
 1.3765e+00	 2.9032e-01	
 1.4145e+00	 2.9137e-01	
 1.4505e+00	 2.9133e-01	
 1.4261e+00	 2.9122e-01	
 1.4137e+00	 2.9314e-01	
 1.4261e+00	 2.9641e-01	
 1.4028e+00	 2.9386e-01	
 1.4334e+00	 2.9488e-01	
 1.4257e+00	 2.9144e-01	
 1.4228e+00	 2.9423e-01	
 1.3837e+00	 2.8827e-01	
 1.4385e+00	 2.9533e-01	
 1.3931e+00	 2.9208e-01	
 1.4000e+00	 2.9095e-01	
 1.4181e+00	 2.8995e-01	
 1.3743e+00	 2.9094e-01	
 1.4081e+00	 2.9138e-01	
 1.4224e+00	 2.9194e-01	
 1.3587e+00	 2.9014e-01	
 1.3915e+00	 2.9044e-01	
 1.3914e+00	 2.8967e-01	
 1.4276e+00	 2.9369e-01	
 1.3969e+00	 2.9486e-01	
 1.4482e+00	 2.9799e-01	
 1.4227e+00	 2.9238e-01	
 1.4264e+00	 2.9410e-01	
 1.3924e+00	 2.9066e-01	
 1.4190e+00	 2.9329e-01	
 1.4250e+00	 2.9968e-01	
 1.4023e+00	 2.9264e-01	
 1.4497e+00	 2.9449e-01	
 1.3710e+00	 2.9335e-01	
 1.4069e+00	 2.9311e-01	
 1.4326e+00	 2.9406e-01	
 1.3807e+00	 2.9109e-01	
 1.3716e+00	 2.8950e-01	
 1.4591e+00	 2.9236e-01	
 1.4169e+00	 2.9681e-01	
 1.4337e+00	 2.9478e-01	
 1.3953e+00	 2.9440e-01	
 1.3890e+00	 2.9375e-01	
 1.3799e+00	 2.9196e-01	
 1.3982e+00	 2.9069e-01	
 1.4101e+00	 2.9191e-01	
 1.4437e+00	 2.9589e-01	
 1.3911e+00	 2.9115e-01	
 1.3769e+00	 2.8835e-01	
 1.4001e+00	 2.9223e-01	
 1.3914e+00	 2.9023e-01	
 1.3756e+00	 2.9117e-01	
 1.3731e+00	 2.8941e-01	
 1.3936e+00	 2.9044e-01	
 1.4128e+00	 2.9704e-01	
 1.4198e+00	 2.9010e-01	
 1.3671e+00	 2.9272e-01	
 1.4143e+00	 2.9291e-01	
 1.3991e+00	 2.9378e-01	
 1.4376e+00	 2.9286e-01	
 1.3685e+00	 2.9420e-01	
 1.4122e+00	 2.9039e-01	
 1.4115e+00	 2.8784e-01	
 1.3662e+00	 2.8988e-01	
 1.4246e+00	 2.9131e-01	
 1.4106e+00	 2.9300e-01	
 1.3666e+00	 2.8867e-01	
 1.3978e+00	 2.8987e-01	
 1.3700e+00	 2.8710e-01	
 1.3844e+00	 2.9165e-01	
 1.3964e+00	 2.9190e-01	
 1.4108e+00	 2.9055e-01	
 1.4063e+00	 2.9238e-01	
 1.4049e+00	 2.9026e-01	
 1.3935e+00	 2.8971e-01	
 1.3894e+00	 2.9069e-01	
 1.4191e+00	 2.9166e-01	
 1.3994e+00	 2.9102e-01	
 1.4380e+00	 2.8833e-01	
 1.3842e+00	 2.8886e-01	
 1.4176e+00	 2.9036e-01	
 1.4043e+00	 2.8966e-01	
 1.4288e+00	 2.9185e-01	
 1.3838e+00	 2.9722e-01	
 1.4262e+00	 2.9530e-01	
 1.4426e+00	 2.9218e-01	
 1.4082e+00	 2.9131e-01	
 1.4267e+00	 2.8889e-01	
 1.4321e+00	 2.9335e-01	
 1.4325e+00	 2.9211e-01	
 1.3913e+00	 2.9588e-01	
 1.4197e+00	 2.9371e-01	
 1.3670e+00	 2.9002e-01	
 1.4207e+00	 2.9262e-01	
 1.4349e+00	 2.9338e-01	
 1.3963e+00	 2.9074e-01	
 1.3796e+00	 2.9151e-01	
 1.4470e+00	 2.9445e-01	
 1.3995e+00	 2.9501e-01	
 1.3851e+00	 2.9500e-01	
 1.4213e+00	 2.9414e-01	
 1.4307e+00	 2.9353e-01	
 1.3942e+00	 2.9284e-01	
 1.4574e+00	 2.9616e-01	
 1.3781e+00	 2.9026e-01	
 1.4205e+00	 2.9058e-01	
 1.4437e+00	 2.9541e-01	
 1.3671e+00	 2.9098e-01	
 1.4369e+00	 2.9357e-01	
 1.4193e+00	 2.9413e-01	
 1.4013e+00	 2.9250e-01	
 1.4315e+00	 2.9581e-01	
 1.3822e+00	 2.9097e-01	
 1.4543e+00	 2.9399e-01	
 1.3800e+00	 2.9062e-01	
 1.4024e+00	 2.8995e-01	
 1.4076e+00	 2.9273e-01	
 1.4229e+00	 2.9135e-01	
 1.3963e+00	 2.9463e-01	
 1.4431e+00	 2.9240e-01	
 1.4043e+00	 2.8926e-01	
 1.4018e+00	 2.9527e-01	
 1.3956e+00	 2.9361e-01	
 1.3968e+00	 2.9604e-01	
 1.3982e+00	 2.9631e-01	
 1.4045e+00	 2.9372e-01	
 1.3948e+00	 2.9326e-01	
 1.4411e+00	 2.9188e-01	
 1.3851e+00	 2.8930e-01	
 1.3820e+00	 2.9377e-01	
 1.4401e+00	 2.9272e-01	
 1.4085e+00	 2.9124e-01	
 1.3921e+00	 2.8912e-01	
 1.4225e+00	 2.9061e-01	
 1.4508e+00	 2.9510e-01	
 1.3395e+00	 2.9121e-01	
 1.4121e+00	 2.9249e-01	
 1.3855e+00	 2.9601e-01	
 1.4072e+00	 2.9070e-01	
 1.4276e+00	 2.9417e-01	
 1.4049e+00	 2.9437e-01	
 1.3886e+00	 2.8887e-01	
 1.4315e+00	 2.9395e-01	
 1.4173e+00	 2.8960e-01	
 1.3604e+00	 2.8943e-01	
 1.4060e+00	 2.9352e-01	
 1.4397e+00	 2.9126e-01	
 1.3937e+00	 2.9317e-01	
 1.4242e+00	 2.9323e-01	
 1.4044e+00	 2.9163e-01	
 1.3904e+00	 2.9117e-01	
 1.4124e+00	 2.9266e-01	
 1.4236e+00	 2.9243e-01	
 1.3744e+00	 2.9175e-01	
 1.4101e+00	 2.8940e-01	
 1.4261e+00	 2.9187e-01	
 1.4089e+00	 2.9030e-01	
 1.4220e+00	 2.9042e-01	
 1.3789e+00	 2.8943e-01	
 1.4431e+00	 2.9042e-01	
 1.3915e+00	 2.9130e-01	
 1.4230e+00	 2.9196e-01	
 1.4289e+00	 2.9330e-01	
 1.3834e+00	 2.9228e-01	
 1.3873e+00	 2.9166e-01	
 1.4217e+00	 2.8984e-01	
 1.4158e+00	 2.9395e-01	
 1.4091e+00	 2.9085e-01	
 1.4024e+00	 2.9255e-01	
 1.4072e+00	 2.9011e-01	
 1.3931e+00	 2.9254e-01	
 1.4076e+00	 2.9319e-01	
 1.4301e+00	 2.8858e-01	
 1.3978e+00	 2.9106e-01	
 1.4146e+00	 2.9140e-01	
 1.4665e+00	 2.9451e-01	
 1.4002e+00	 2.9247e-01	
 1.3873e+00	 2.9118e-01	
 1.3920e+00	 2.9277e-01	
 1.3957e+00	 2.9454e-01	
 1.4079e+00	 2.9106e-01	
 1.3916e+00	 2.9463e-01	
 1.4207e+00	 2.9115e-01	
 1.3821e+00	 2.9219e-01	
 1.3895e+00	 2.8924e-01	
 1.4080e+00	 2.9126e-01	
 1.4020e+00	 2.8708e-01	
 1.4098e+00	 2.8978e-01	
 1.4151e+00	 2.9036e-01	
 1.3726e+00	 2.8972e-01	
 1.4404e+00	 2.9164e-01	
 1.4150e+00	 2.9204e-01	
 1.4280e+00	 2.9310e-01	
 1.3913e+00	 2.9209e-01	
 1.4117e+00	 2.9234e-01	
 1.4379e+00	 2.9320e-01	
 1.4212e+00	 2.9226e-01	
 1.4254e+00	 2.9366e-01	
 1.4228e+00	 2.9383e-01	
 1.3877e+00	 2.9574e-01	
 1.4116e+00	 2.9133e-01	
 1.4101e+00	 2.9375e-01	
 1.4234e+00	 2.9294e-01	
 1.3804e+00	 2.9257e-01	
 1.4474e+00	 2.9366e-01	
 1.3754e+00	 2.8794e-01	
 1.3805e+00	 2.9235e-01	
 1.3811e+00	 2.9229e-01	
 1.3770e+00	 2.9194e-01	
 1.3984e+00	 2.9332e-01	
 1.4122e+00	 2.9045e-01	
 1.4082e+00	 2.9281e-01	
 1.4223e+00	 2.9388e-01	
 1.3975e+00	 2.8835e-01	
 1.3786e+00	 2.9046e-01	
 1.4388e+00	 2.9614e-01	
 1.4220e+00	 2.9111e-01	
 1.4023e+00	 2.9101e-01	
 1.4096e+00	 2.9228e-01	
 1.4402e+00	 2.9092e-01	
 1.4174e+00	 2.9446e-01	
 1.3969e+00	 2.9015e-01	
 1.4166e+00	 2.9700e-01	
 1.4088e+00	 2.9423e-01	
 1.3991e+00	 2.9208e-01	
 1.4086e+00	 2.9257e-01	
 1.4220e+00	 2.9008e-01	
 1.3918e+00	 2.8917e-01	
 1.4131e+00	 2.9282e-01	
 1.4343e+00	 2.9260e-01	
 1.4036e+00	 2.9158e-01	
 1.4238e+00	 2.9427e-01	
 1.3796e+00	 2.9168e-01	
 1.3991e+00	 2.8939e-01	
 1.3735e+00	 2.8962e-01	
 1.3882e+00	 2.9086e-01	
 1.4282e+00	 2.9008e-01	
 1.4053e+00	 2.9008e-01	
 1.3908e+00	 2.8954e-01	
 1.4136e+00	 2.9236e-01	
 1.3874e+00	 2.9067e-01	
 1.4293e+00	 2.9114e-01	
 1.3826e+00	 2.8852e-01	
 1.3885e+00	 2.9140e-01	
 1.4136e+00	 2.8960e-01	
 1.3913e+00	 2.9135e-01	
 1.4334e+00	 2.8907e-01	
 1.3855e+00	 2.9103e-01	
 1.3974e+00	 2.9240e-01	
 1.4039e+00	 2.9038e-01	
 1.4032e+00	 2.9100e-01	
 1.3711e+00	 2.9131e-01	
 1.3879e+00	 2.8810e-01	
 1.4355e+00	 2.8916e-01	
 1.3814e+00	 2.8989e-01	
 1.3738e+00	 2.8865e-01	
 1.4139e+00	 2.9161e-01	
 1.3975e+00	 2.8872e-01	
 1.3750e+00	 2.8828e-01	
 1.4283e+00	 2.9270e-01	
 1.4224e+00	 2.9211e-01	
 1.3669e+00	 2.9521e-01	
 1.4251e+00	 2.8917e-01	
 1.4066e+00	 2.9101e-01	
 1.4059e+00	 2.8770e-01	
 1.4348e+00	 2.9221e-01	
 1.3876e+00	 2.9311e-01	
 1.3793e+00	 2.8956e-01	
 1.4078e+00	 2.8662e-01	
 1.3654e+00	 2.8838e-01	
 1.4061e+00	 2.9105e-01	
 1.4058e+00	 2.8955e-01	
 1.4370e+00	 2.9133e-01	
 1.3668e+00	 2.9054e-01	
 1.3888e+00	 2.9024e-01	
 1.3734e+00	 2.9205e-01	
 1.3858e+00	 2.9119e-01	
 1.3734e+00	 2.9263e-01	
 1.4044e+00	 2.9114e-01	
 1.4460e+00	 2.9155e-01	
 1.4183e+00	 2.9302e-01	
 1.3993e+00	 2.9093e-01	
 1.3892e+00	 2.8660e-01	
 1.4224e+00	 2.9488e-01	
 1.3757e+00	 2.9102e-01	
 1.3815e+00	 2.8886e-01	
 1.4231e+00	 2.9138e-01	
 1.3876e+00	 2.9194e-01	
 1.3936e+00	 2.8985e-01	
 1.3900e+00	 2.9283e-01	
 1.3873e+00	 2.8859e-01	
 1.3987e+00	 2.9045e-01	
 1.4111e+00	 2.9167e-01	
 1.4109e+00	 2.9137e-01	
 1.3785e+00	 2.9122e-01	
 1.4016e+00	 2.9160e-01	
 1.3967e+00	 2.9292e-01	
 1.3969e+00	 2.8957e-01	
 1.3997e+00	 2.8875e-01	
 1.3812e+00	 2.9124e-01	
 1.3749e+00	 2.9101e-01	
 1.4170e+00	 2.8966e-01	
 1.4082e+00	 2.8995e-01	
 1.3798e+00	 2.8681e-01	
 1.4268e+00	 2.9090e-01	
 1.4169e+00	 2.8977e-01	
 1.3673e+00	 2.8891e-01	
 1.4153e+00	 2.9039e-01	
 1.3995e+00	 2.8964e-01	
 1.3984e+00	 2.8998e-01	
 1.3668e+00	 2.9060e-01	
 1.3900e+00	 2.8994e-01	
 1.4427e+00	 2.9371e-01	
 1.4070e+00	 2.8944e-01	
 1.4181e+00	 2.9291e-01	
 1.4176e+00	 2.9136e-01	
 1.3831e+00	 2.9032e-01	
 1.4268e+00	 2.9208e-01	
 1.4129e+00	 2.9075e-01	
 1.3877e+00	 2.8797e-01	
 1.4292e+00	 2.9204e-01	
 1.3682e+00	 2.9019e-01	
 1.4149e+00	 2.8965e-01	
 1.4225e+00	 2.9067e-01	
 1.4003e+00	 2.9026e-01	
 1.3606e+00	 2.8769e-01	
 1.3903e+00	 2.8953e-01	
 1.3951e+00	 2.9069e-01	
 1.3728e+00	 2.8712e-01	
 1.4050e+00	 2.9219e-01	
 1.4249e+00	 2.9137e-01	
 1.4012e+00	 2.8964e-01	
 1.3634e+00	 2.8980e-01	
 1.4010e+00	 2.8932e-01	
 1.3682e+00	 2.8983e-01	
 1.3754e+00	 2.8895e-01	
 1.3950e+00	 2.8931e-01	
 1.4029e+00	 2.9068e-01	
 1.3564e+00	 2.8844e-01	
 1.4138e+00	 2.9080e-01	
 1.3694e+00	 2.8526e-01	
 1.3854e+00	 2.8882e-01	
 1.3882e+00	 2.8769e-01	
 1.3790e+00	 2.8409e-01	
 1.3913e+00	 2.9221e-01	
 1.3755e+00	 2.8489e-01	
 1.4369e+00	 2.9423e-01	
 1.3854e+00	 2.8761e-01	
 1.3775e+00	 2.8906e-01	
 1.3772e+00	 2.9120e-01	
 1.3933e+00	 2.8811e-01	
 1.4302e+00	 2.9158e-01	
 1.4104e+00	 2.9213e-01	
 1.3635e+00	 2.8799e-01	
 1.4520e+00	 2.9543e-01	
 1.3933e+00	 2.9020e-01	
 1.4055e+00	 2.9139e-01	
 1.4214e+00	 2.9156e-01	
 1.3762e+00	 2.8948e-01	
 1.4217e+00	 2.9264e-01	
 1.4194e+00	 2.9378e-01	
 1.4432e+00	 2.9134e-01	
 1.3658e+00	 2.8965e-01	
 1.3832e+00	 2.8812e-01	
 1.3758e+00	 2.8854e-01	
 1.4043e+00	 2.8906e-01	
 1.4142e+00	 2.8937e-01	
 1.3528e+00	 2.8697e-01	
 1.4212e+00	 2.9411e-01	
 1.4234e+00	 2.8757e-01	
 1.3282e+00	 2.8748e-01	
 1.3921e+00	 2.9223e-01	
 1.4597e+00	 2.9467e-01	
 1.3779e+00	 2.8480e-01	
 1.4087e+00	 2.9258e-01	
 1.4081e+00	 2.9133e-01	
 1.3996e+00	 2.8909e-01	
 1.3783e+00	 2.8897e-01	
 1.3806e+00	 2.8667e-01	
 1.4049e+00	 2.9278e-01	
 1.4065e+00	 2.8571e-01	
 1.3899e+00	 2.8555e-01	
 1.4360e+00	 2.9103e-01	
 1.3601e+00	 2.8976e-01	
 1.4106e+00	 2.8898e-01	
 1.4197e+00	 2.8988e-01	
 1.4194e+00	 2.9295e-01	
 1.4044e+00	 2.9215e-01	
 1.3847e+00	 2.8803e-01	
 1.4145e+00	 2.8881e-01	
 1.3708e+00	 2.8547e-01	
 1.3796e+00	 2.9183e-01	
 1.3795e+00	 2.8718e-01	
 1.3728e+00	 2.9130e-01	
 1.4303e+00	 2.8952e-01	
 1.3999e+00	 2.9011e-01	
 1.3805e+00	 2.8893e-01	
 1.4336e+00	 2.9264e-01	
 1.4261e+00	 2.8883e-01	
 1.4059e+00	 2.8723e-01	
 1.4208e+00	 2.8852e-01	
 1.4144e+00	 2.9111e-01	
 1.3805e+00	 2.9242e-01	
 1.4105e+00	 2.9231e-01	
 1.3705e+00	 2.8609e-01	
 1.3996e+00	 2.8903e-01	
 1.4202e+00	 2.8848e-01	
 1.4141e+00	 2.9306e-01	
 1.3751e+00	 2.8966e-01	
 1.4103e+00	 2.8863e-01	
 1.3721e+00	 2.8828e-01	
 1.3800e+00	 2.8826e-01	
 1.4126e+00	 2.9416e-01	
 1.3980e+00	 2.9121e-01	
 1.4132e+00	 2.9504e-01	
 1.3997e+00	 2.8930e-01	
 1.4315e+00	 2.9045e-01	
 1.4086e+00	 2.9225e-01	
 1.4400e+00	 2.9548e-01	
 1.3960e+00	 2.9114e-01	
 1.3757e+00	 2.8979e-01	
 1.3714e+00	 2.9079e-01	
 1.3960e+00	 2.9277e-01	
 1.4134e+00	 2.8799e-01	
 1.3570e+00	 2.8755e-01	
 1.4094e+00	 2.8616e-01	
 1.3970e+00	 2.9048e-01	
 1.3961e+00	 2.9011e-01	
 1.3971e+00	 2.8971e-01	
 1.3829e+00	 2.9184e-01	
 1.3793e+00	 2.8967e-01	
 1.4134e+00	 2.9102e-01	
 1.3721e+00	 2.9141e-01	
 1.4178e+00	 2.8917e-01	
 1.3608e+00	 2.9207e-01	
 1.4268e+00	 2.9175e-01	
 1.3916e+00	 2.8958e-01	
 1.3557e+00	 2.8821e-01	
 1.4068e+00	 2.8993e-01	
 1.3814e+00	 2.8744e-01	
 1.3941e+00	 2.9072e-01	
 1.3981e+00	 2.8894e-01	
 1.4157e+00	 2.9020e-01	
 1.3836e+00	 2.8926e-01	
 1.3701e+00	 2.8827e-01	
 1.3984e+00	 2.8872e-01	
 1.3976e+00	 2.9105e-01	
 1.3682e+00	 2.8826e-01	
 1.4326e+00	 2.9259e-01	
 1.4140e+00	 2.8930e-01	
 1.3895e+00	 2.8909e-01	
 1.4085e+00	 2.8919e-01	
 1.3769e+00	 2.8774e-01	
 1.3868e+00	 2.8908e-01	
 1.3456e+00	 2.8816e-01	
 1.3777e+00	 2.8624e-01	
 1.4210e+00	 2.8907e-01	
 1.3736e+00	 2.8850e-01	
 1.4216e+00	 2.9185e-01	
 1.3517e+00	 2.8786e-01	
 1.3855e+00	 2.9006e-01	
 1.3516e+00	 2.8966e-01	
 1.3706e+00	 2.8967e-01	
 1.3955e+00	 2.8690e-01	
 1.3970e+00	 2.8958e-01	
 1.4350e+00	 2.9048e-01	
 1.3997e+00	 2.9205e-01	
 1.4099e+00	 2.9185e-01	
 1.3506e+00	 2.8855e-01	
 1.4046e+00	 2.8845e-01	
 1.4028e+00	 2.9052e-01	
 1.4171e+00	 2.9232e-01	
 1.4034e+00	 2.9234e-01	
 1.4070e+00	 2.8888e-01	
 1.3898e+00	 2.8858e-01	
 1.3979e+00	 2.8966e-01	
 1.3729e+00	 2.8818e-01	
 1.3910e+00	 2.8979e-01	
 1.3749e+00	 2.8656e-01	
 1.3839e+00	 2.9078e-01	
 1.4148e+00	 2.8832e-01	
 1.4137e+00	 2.8991e-01	
 1.3867e+00	 2.8866e-01	
 1.3734e+00	 2.8764e-01	
 1.4035e+00	 2.8870e-01	
 1.3895e+00	 2.8916e-01	
 1.3889e+00	 2.9225e-01	
 1.4277e+00	 2.9109e-01	
 1.3963e+00	 2.9039e-01	
 1.3751e+00	 2.8862e-01	
 1.3919e+00	 2.9203e-01	
 1.4304e+00	 2.9314e-01	
 1.4450e+00	 2.9204e-01	
 1.3869e+00	 2.8731e-01	
 1.4215e+00	 2.8895e-01	
 1.3924e+00	 2.9181e-01	
 1.3967e+00	 2.8938e-01	
 1.3439e+00	 2.8500e-01	
 1.3952e+00	 2.8529e-01	
 1.3624e+00	 2.9142e-01	
 1.3793e+00	 2.8144e-01	
 1.3598e+00	 2.9078e-01	
 1.3397e+00	 2.8663e-01	
 1.3935e+00	 2.9593e-01	
 1.3978e+00	 2.9075e-01	
 1.3808e+00	 2.9281e-01	
 1.3987e+00	 2.9284e-01	
 1.4067e+00	 2.9400e-01	
 1.3787e+00	 2.8663e-01	
 1.4198e+00	 2.8917e-01	
 1.3819e+00	 2.8791e-01	
 1.3591e+00	 2.8728e-01	
 1.3973e+00	 2.9293e-01	
 1.4032e+00	 2.9056e-01	
 1.3842e+00	 2.8936e-01	
 1.3717e+00	 2.8994e-01	
 1.4085e+00	 2.9390e-01	
 1.3800e+00	 2.9029e-01	
 1.4254e+00	 2.9113e-01	
 1.4385e+00	 2.9216e-01	
 1.4008e+00	 2.9499e-01	
 1.3597e+00	 2.9117e-01	
 1.3814e+00	 2.8628e-01	
 1.3978e+00	 2.8704e-01	
 1.4118e+00	 2.9018e-01	
 1.4234e+00	 2.9090e-01	
 1.4109e+00	 2.9017e-01	
 1.4084e+00	 2.9516e-01	
 1.4172e+00	 2.8714e-01	
 1.3843e+00	 2.9089e-01	
 1.4018e+00	 2.8818e-01	
 1.4036e+00	 2.8978e-01	
 1.4000e+00	 2.9143e-01	
 1.4014e+00	 2.9154e-01	
 1.4217e+00	 2.9315e-01	
 1.3586e+00	 2.9016e-01	
 1.4269e+00	 2.9007e-01	
 1.3854e+00	 2.9196e-01	
 1.3721e+00	 2.9066e-01	
 1.3757e+00	 2.8861e-01	
 1.4013e+00	 2.8807e-01	
 1.3820e+00	 2.8656e-01	
 1.3995e+00	 2.9187e-01	
 1.3854e+00	 2.8858e-01	
 1.4047e+00	 2.8850e-01	
 1.3839e+00	 2.8812e-01	
 1.4015e+00	 2.8597e-01	
 1.3970e+00	 2.9320e-01	
 1.4220e+00	 2.9083e-01	
 1.3654e+00	 2.8904e-01	
 1.4146e+00	 2.8868e-01	
 1.3978e+00	 2.8877e-01	
 1.4348e+00	 2.9121e-01	
 1.4035e+00	 2.8963e-01	
 1.4109e+00	 2.8947e-01	
 1.3992e+00	 2.8938e-01	
 1.3967e+00	 2.8861e-01	
 1.3822e+00	 2.8922e-01	
 1.3818e+00	 2.8803e-01	
 1.3843e+00	 2.8966e-01	
 1.3596e+00	 2.8674e-01	
 1.4106e+00	 2.8956e-01	
 1.4088e+00	 2.9295e-01	
 1.3815e+00	 2.8369e-01	
 1.3691e+00	 2.8748e-01	
 1.3856e+00	 2.8728e-01	
 1.4108e+00	 2.9022e-01	
 1.4074e+00	 2.9029e-01	
 1.3859e+00	 2.9025e-01	
 1.3947e+00	 2.9179e-01	
 1.4070e+00	 2.8810e-01	
 1.3678e+00	 2.8696e-01	
 1.4033e+00	 2.9129e-01	
 1.3869e+00	 2.8767e-01	
 1.3910e+00	 2.8883e-01	
 1.4041e+00	 2.9056e-01	
 1.4097e+00	 2.8871e-01	
 1.4394e+00	 2.9218e-01	
 1.4178e+00	 2.9152e-01	
 1.3569e+00	 2.8869e-01	
 1.4132e+00	 2.9027e-01	
 1.3733e+00	 2.8710e-01	
 1.4328e+00	 2.9210e-01	
 1.3700e+00	 2.8878e-01	
 1.4110e+00	 2.8789e-01	
 1.4276e+00	 2.9138e-01	
 1.3806e+00	 2.9022e-01	
 1.3944e+00	 2.9223e-01	
 1.4277e+00	 2.9006e-01	
 1.3717e+00	 2.8753e-01	
 1.4169e+00	 2.9025e-01	
 1.3867e+00	 2.8836e-01	
 1.4103e+00	 2.8936e-01	
 1.3848e+00	 2.8744e-01	
 1.3599e+00	 2.8757e-01	
 1.3871e+00	 2.8686e-01	
 1.3684e+00	 2.8747e-01	
 1.3589e+00	 2.8835e-01	
 1.4051e+00	 2.8784e-01	
 1.3933e+00	 2.8781e-01	
 1.3976e+00	 2.8917e-01	
 1.3995e+00	 2.9095e-01	
 1.4109e+00	 2.8588e-01	
 1.4259e+00	 2.9089e-01	
 1.3662e+00	 2.8740e-01	
 1.3824e+00	 2.9424e-01	
 1.4370e+00	 2.9045e-01	
 1.3816e+00	 2.8956e-01	
 1.4288e+00	 2.9068e-01	
 1.3832e+00	 2.8926e-01	
 1.4163e+00	 2.8995e-01	
 1.4264e+00	 2.9123e-01	
 1.3974e+00	 2.8923e-01	
 1.3853e+00	 2.8898e-01	
 1.3879e+00	 2.8820e-01	
 1.4041e+00	 2.9131e-01	
 1.3863e+00	 2.8989e-01	
 1.4051e+00	 2.8994e-01	
 1.4021e+00	 2.9071e-01	
 1.4183e+00	 2.9391e-01	
 1.4107e+00	 2.8853e-01	
 1.3856e+00	 2.9087e-01	
 1.3972e+00	 2.8850e-01	
 1.3614e+00	 2.8831e-01	
 1.4237e+00	 2.9020e-01	
 1.3955e+00	 2.8946e-01	
 1.3880e+00	 2.8471e-01	
 1.3923e+00	 2.9107e-01	
 1.3930e+00	 2.8522e-01	
 1.3664e+00	 2.8922e-01	
 1.3850e+00	 2.8724e-01	
 1.3565e+00	 2.8929e-01	
 1.3781e+00	 2.8906e-01	
 1.4133e+00	 2.9189e-01	
 1.4039e+00	 2.9141e-01	
 1.3733e+00	 2.8801e-01	
 1.3833e+00	 2.9123e-01	
 1.3906e+00	 2.9411e-01	
 1.3788e+00	 2.9159e-01	
 1.4015e+00	 2.9227e-01	
 1.4380e+00	 2.8790e-01	
 1.3899e+00	 2.9060e-01	
 1.3734e+00	 2.8959e-01	
 1.3891e+00	 2.8932e-01	
 1.3846e+00	 2.8923e-01	
 1.4137e+00	 2.9029e-01	
 1.3906e+00	 2.8987e-01	
 1.3684e+00	 2.8939e-01	
 1.3886e+00	 2.8922e-01	
 1.4103e+00	 2.8817e-01	
 1.4266e+00	 2.9208e-01	
 1.3964e+00	 2.9220e-01	
 1.3939e+00	 2.9027e-01	
 1.4147e+00	 2.8971e-01	
 1.3736e+00	 2.8818e-01	
 1.4169e+00	 2.8761e-01	
 1.3838e+00	 2.8778e-01	
 1.3728e+00	 2.8933e-01	
 1.3772e+00	 2.9051e-01	
 1.3967e+00	 2.8874e-01	
 1.4063e+00	 2.8907e-01	
 1.4064e+00	 2.8791e-01	
 1.3684e+00	 2.8208e-01	
 1.3425e+00	 2.8264e-01	
 1.3746e+00	 2.8612e-01	
 1.4011e+00	 2.9117e-01	
 1.3610e+00	 2.9220e-01	
 1.3645e+00	 2.8858e-01	
 1.4140e+00	 2.8651e-01	
 1.3790e+00	 2.8737e-01	
 1.3764e+00	 2.9104e-01	
 1.4349e+00	 2.9307e-01	
 1.3681e+00	 2.8625e-01	
 1.3834e+00	 2.8782e-01	
 1.4000e+00	 2.9219e-01	
 1.3866e+00	 2.8925e-01	
 1.4142e+00	 2.8909e-01	
 1.4529e+00	 2.8929e-01	
 1.4124e+00	 2.8969e-01	
 1.4246e+00	 2.9202e-01	
 1.3998e+00	 2.8990e-01	
 1.3820e+00	 2.8641e-01	
 1.3683e+00	 2.8610e-01	
 1.4103e+00	 2.8708e-01	
 1.4038e+00	 2.8820e-01	
 1.3779e+00	 2.8253e-01	
 1.4096e+00	 2.8901e-01	
 1.3957e+00	 2.8595e-01	
 1.3837e+00	 2.8953e-01	
 1.3918e+00	 2.9350e-01	
 1.3957e+00	 2.9047e-01	
 1.4035e+00	 2.8678e-01	
 1.3995e+00	 2.9236e-01	
 1.3543e+00	 2.8690e-01	
 1.3983e+00	 2.9083e-01	
 1.3944e+00	 2.8961e-01	
 1.4050e+00	 2.8713e-01	
 1.3953e+00	 2.8924e-01	
 1.3890e+00	 2.8824e-01	
 1.4008e+00	 2.8615e-01	
 1.3805e+00	 2.8716e-01	
 1.4070e+00	 2.8942e-01	
 1.4002e+00	 2.8961e-01	
 1.3892e+00	 2.8769e-01	
 1.4021e+00	 2.8829e-01	
 1.3658e+00	 2.8705e-01	
 1.3802e+00	 2.9053e-01	
 1.3844e+00	 2.9001e-01	
 1.4045e+00	 2.8798e-01	
 1.3694e+00	 2.8667e-01	
 1.3870e+00	 2.9100e-01	
 1.4227e+00	 2.9049e-01	
 1.4164e+00	 2.8815e-01	
 1.3874e+00	 2.8806e-01	
 1.4079e+00	 2.8976e-01	
 1.3602e+00	 2.8938e-01	
 1.4252e+00	 2.9030e-01	
 1.3734e+00	 2.8697e-01	
 1.3835e+00	 2.9068e-01	
 1.3897e+00	 2.8763e-01	
 1.3842e+00	 2.8843e-01	
 1.3855e+00	 2.8945e-01	
 1.3787e+00	 2.8733e-01	
 1.4023e+00	 2.8732e-01	
 1.3607e+00	 2.8930e-01	
 1.4112e+00	 2.8930e-01	
 1.3860e+00	 2.8752e-01	
 1.4031e+00	 2.8920e-01	
 1.3510e+00	 2.8797e-01	
 1.3811e+00	 2.8984e-01	
 1.3881e+00	 2.9011e-01	
 1.3782e+00	 2.9005e-01	
 1.4127e+00	 2.8966e-01	
 1.4176e+00	 2.9031e-01	
 1.3588e+00	 2.8618e-01	
 1.3907e+00	 2.8907e-01	
 1.4205e+00	 2.8789e-01	
 1.3983e+00	 2.8651e-01	
 1.9220e+00	 3.0171e-01	
 1.3144e+00	 2.9412e-01	
 1.2607e+00	 2.8792e-01	
 1.4501e+00	 3.0055e-01	
 1.2576e+00	 2.8221e-01	
 1.3149e+00	 2.8710e-01	
 1.3615e+00	 2.8325e-01	
 1.5078e+00	 2.9145e-01	
 1.4649e+00	 2.9258e-01	
 1.4497e+00	 2.9427e-01	
 1.3786e+00	 2.9139e-01	
 1.3445e+00	 2.8636e-01	
 1.3246e+00	 2.8598e-01	
 1.3913e+00	 2.8635e-01	
 1.4019e+00	 2.8669e-01	
 1.4313e+00	 2.8971e-01	
 1.4135e+00	 2.9212e-01	
 1.3914e+00	 2.8780e-01	
 1.3711e+00	 2.8946e-01	
 1.3636e+00	 2.8383e-01	
 1.3691e+00	 2.8473e-01	
 1.3701e+00	 2.8728e-01	
 1.4252e+00	 2.8322e-01	
 1.4189e+00	 2.8884e-01	
 1.3856e+00	 2.8953e-01	
 1.4489e+00	 2.8936e-01	
 1.3913e+00	 2.9095e-01	
 1.3498e+00	 2.8411e-01	
 1.3717e+00	 2.8703e-01	
 1.3846e+00	 2.9010e-01	
 1.3597e+00	 2.8516e-01	
 1.4303e+00	 2.8852e-01	
 1.3975e+00	 2.9418e-01	
 1.3734e+00	 2.9274e-01	
 1.4052e+00	 2.8900e-01	
 1.3957e+00	 2.8844e-01	
 1.3656e+00	 2.8649e-01	
 1.4225e+00	 2.8750e-01	
 1.3849e+00	 2.9126e-01	
 1.3984e+00	 2.8573e-01	
 1.4115e+00	 2.8982e-01	
 1.3786e+00	 2.8899e-01	
 1.3830e+00	 2.8731e-01	
 1.3912e+00	 2.8815e-01	
 1.3686e+00	 2.8482e-01	
 1.4110e+00	 2.9019e-01	
 1.3785e+00	 2.8744e-01	
 1.3828e+00	 2.9045e-01	
 1.4083e+00	 2.8945e-01	
 1.4121e+00	 2.8782e-01	
 1.3802e+00	 2.8705e-01	
 1.3561e+00	 2.8846e-01	
 1.4065e+00	 2.9041e-01	
 1.4234e+00	 2.8580e-01	
 1.3842e+00	 2.9001e-01	
 1.3663e+00	 2.8832e-01	
 1.3702e+00	 2.8808e-01	
 1.4244e+00	 2.8970e-01	
 1.3860e+00	 2.9198e-01	
 1.3586e+00	 2.9042e-01	
 1.4161e+00	 2.8852e-01	
 1.4075e+00	 2.9088e-01	
 1.3808e+00	 2.8907e-01	
 1.3787e+00	 2.8691e-01	
 1.4004e+00	 2.8703e-01	
 1.3806e+00	 2.8783e-01	
 1.3536e+00	 2.8508e-01	
 1.3902e+00	 2.8474e-01	
 1.3907e+00	 2.8909e-01	
 1.3720e+00	 2.8951e-01	
 1.3955e+00	 2.8926e-01	
 1.3947e+00	 2.9068e-01	
 1.4109e+00	 2.9605e-01	
 1.3773e+00	 2.9089e-01	
 1.4189e+00	 2.8987e-01	
 1.3983e+00	 2.8750e-01	
 1.4181e+00	 2.8891e-01	
 1.3928e+00	 2.9188e-01	
 1.3721e+00	 2.9062e-01	
 1.3632e+00	 2.8867e-01	
 1.3907e+00	 2.8970e-01	
 1.3860e+00	 2.9027e-01	
 1.3929e+00	 2.8873e-01	
 1.4291e+00	 2.9125e-01	
 1.4132e+00	 2.8827e-01	
 1.3866e+00	 2.8885e-01	
 1.3854e+00	 2.8928e-01	
 1.3950e+00	 2.8904e-01	
 1.3599e+00	 2.8596e-01	
 1.3842e+00	 2.9018e-01	
 1.3799e+00	 2.8931e-01	
 1.4037e+00	 2.8693e-01	
 1.4138e+00	 2.8883e-01	
 1.4070e+00	 2.9101e-01	
 1.4075e+00	 2.8852e-01	
 1.3785e+00	 2.8854e-01	
 1.3963e+00	 2.9120e-01	
 1.3958e+00	 2.9080e-01	
 1.3934e+00	 2.8798e-01	
 1.4122e+00	 2.9067e-01	
 1.4123e+00	 2.9396e-01	
 1.3636e+00	 2.9078e-01	
 1.3908e+00	 2.8783e-01	
 1.3704e+00	 2.8753e-01	
 1.3710e+00	 2.8712e-01	
 1.4208e+00	 2.9108e-01	
 1.3794e+00	 2.8828e-01	
 1.4217e+00	 2.9128e-01	
 1.4118e+00	 2.8789e-01	
 1.3634e+00	 2.9039e-01	
 1.3644e+00	 2.8781e-01	
 1.3961e+00	 2.9157e-01	
 1.3930e+00	 2.8597e-01	
 1.3683e+00	 2.8858e-01	
 1.3628e+00	 2.8581e-01	
 1.3423e+00	 2.8555e-01	
 1.3813e+00	 2.9027e-01	
 1.4103e+00	 2.8607e-01	
 1.3870e+00	 2.8973e-01	
 1.3874e+00	 2.8960e-01	
 1.4123e+00	 2.9249e-01	
 1.4085e+00	 2.8975e-01	
 1.3958e+00	 2.8944e-01	
 1.3632e+00	 2.8729e-01	
 1.3733e+00	 2.8734e-01	
 1.3897e+00	 2.8963e-01	
 1.3855e+00	 2.9083e-01	
 1.3554e+00	 2.8794e-01	
 1.3995e+00	 2.8773e-01	
 1.3804e+00	 2.8630e-01	
 1.3831e+00	 2.8815e-01	
 1.3806e+00	 2.8919e-01	
 1.3576e+00	 2.8722e-01	
 1.4175e+00	 2.9211e-01	
 1.4053e+00	 2.8955e-01	
 1.3840e+00	 2.8810e-01	
 1.4033e+00	 2.9147e-01	
 1.4235e+00	 2.8912e-01	
 1.3789e+00	 2.9159e-01	
 1.3774e+00	 2.8725e-01	
 1.3444e+00	 2.8762e-01	
 1.3845e+00	 2.8807e-01	
 1.3912e+00	 2.9062e-01	
 1.4143e+00	 2.9002e-01	
 1.3987e+00	 2.8863e-01	
 1.4035e+00	 2.8544e-01	
 1.4164e+00	 2.9018e-01	
 1.3540e+00	 2.8876e-01	
 1.4370e+00	 2.8955e-01	
 1.3832e+00	 2.9042e-01	
 1.3688e+00	 2.8961e-01	
 1.4073e+00	 2.8902e-01	
 1.3676e+00	 2.9136e-01	
 1.3949e+00	 2.9012e-01	
 1.3853e+00	 2.8810e-01	
 1.4236e+00	 2.9004e-01	
 1.3545e+00	 2.8751e-01	
 1.4086e+00	 2.8680e-01	
 1.3978e+00	 2.9059e-01	
 1.3736e+00	 2.8805e-01	
 1.3481e+00	 2.8669e-01	
 1.3636e+00	 2.8643e-01	
 1.4075e+00	 2.9182e-01	
 1.4142e+00	 2.8977e-01	
 1.3892e+00	 2.8695e-01	
 1.4325e+00	 2.8661e-01	
 1.4118e+00	 2.8769e-01	
 1.3722e+00	 2.9068e-01	
 1.3883e+00	 2.9273e-01	
 1.4055e+00	 2.8872e-01	
 1.3537e+00	 2.8407e-01	
 1.3741e+00	 2.8827e-01	
 1.4055e+00	 2.8996e-01	
 1.3993e+00	 2.9068e-01	
 1.3739e+00	 2.8640e-01	
 1.4079e+00	 2.9020e-01	
 1.3871e+00	 2.8916e-01	
 1.3923e+00	 2.8844e-01	
 1.4016e+00	 2.8672e-01	
 1.3975e+00	 2.8904e-01	
 1.3734e+00	 2.8775e-01	
 1.3647e+00	 2.8971e-01	
 1.3434e+00	 2.8790e-01	
 1.3740e+00	 2.9081e-01	
 1.4275e+00	 2.9045e-01	
 1.3791e+00	 2.8929e-01	
 1.3713e+00	 2.8522e-01	
 1.3872e+00	 2.8949e-01	
 1.3543e+00	 2.8754e-01	
 1.4097e+00	 2.9055e-01	
 1.3597e+00	 2.8952e-01	
 1.4128e+00	 2.8783e-01	
 1.3822e+00	 2.8647e-01	
 1.3834e+00	 2.8825e-01	
 1.3653e+00	 2.8478e-01	
 1.3982e+00	 2.8727e-01	
 1.4001e+00	 2.8527e-01	
 1.3770e+00	 2.8617e-01	
 1.4026e+00	 2.8843e-01	
 1.4050e+00	 2.9232e-01	
 1.4116e+00	 2.9127e-01	
 1.4053e+00	 2.8976e-01	
 1.4331e+00	 2.9173e-01	
 1.3627e+00	 2.8775e-01	
 1.3981e+00	 2.8818e-01	
 1.3981e+00	 2.9479e-01	
 1.3645e+00	 2.8559e-01	
 1.3961e+00	 2.8648e-01	
 1.4457e+00	 2.9100e-01	
 1.3356e+00	 2.8164e-01	
 1.3974e+00	 2.8989e-01	
 1.4116e+00	 2.8464e-01	
 1.3603e+00	 2.8925e-01	
 1.4381e+00	 2.8878e-01	
 1.3533e+00	 2.8797e-01	
 1.3897e+00	 2.8794e-01	
 1.4203e+00	 2.8933e-01	
 1.4089e+00	 2.9055e-01	
 1.3895e+00	 2.8570e-01	
 1.3962e+00	 2.9064e-01	
 1.3848e+00	 2.8764e-01	
 1.4120e+00	 2.9029e-01	
 1.4107e+00	 2.8813e-01	
 1.3782e+00	 2.8768e-01	
 1.3545e+00	 2.8283e-01	
 1.3972e+00	 2.8828e-01	
 1.3726e+00	 2.8745e-01	
 1.4075e+00	 2.9074e-01	
 1.4033e+00	 2.8876e-01	
 1.3668e+00	 2.8696e-01	
 1.3879e+00	 2.8917e-01	
 1.4159e+00	 2.8940e-01	
 1.3569e+00	 2.8885e-01	
 1.3539e+00	 2.8591e-01	
 1.3639e+00	 2.8624e-01	
 1.4039e+00	 2.8934e-01	
 1.3956e+00	 2.9199e-01	
 1.4362e+00	 2.9389e-01	
 1.3878e+00	 2.8872e-01	
 1.4008e+00	 2.8833e-01	
 1.3561e+00	 2.8685e-01	
 1.4056e+00	 2.8994e-01	
 1.4212e+00	 2.9577e-01	
 1.3888e+00	 2.8872e-01	
 1.4471e+00	 2.9017e-01	
 1.3468e+00	 2.8808e-01	
 1.3770e+00	 2.8944e-01	
 1.4371e+00	 2.9313e-01	
 1.3530e+00	 2.8620e-01	
 1.3651e+00	 2.8663e-01	
 1.4508e+00	 2.9045e-01	
 1.3961e+00	 2.9162e-01	
 1.4103e+00	 2.9059e-01	
 1.3840e+00	 2.9146e-01	
 1.3727e+00	 2.9007e-01	
 1.3528e+00	 2.8708e-01	
 1.3779e+00	 2.8626e-01	
 1.3876e+00	 2.8830e-01	
 1.4267e+00	 2.9034e-01	
 1.3883e+00	 2.8867e-01	
 1.3652e+00	 2.8610e-01	
 1.3679e+00	 2.8799e-01	
 1.3887e+00	 2.8743e-01	
 1.3579e+00	 2.8905e-01	
 1.3421e+00	 2.8503e-01	
 1.3870e+00	 2.8813e-01	
 1.3966e+00	 2.9256e-01	
 1.4162e+00	 2.8728e-01	
 1.3500e+00	 2.8787e-01	
 1.3986e+00	 2.8862e-01	
 1.3899e+00	 2.9183e-01	
 1.4263e+00	 2.9172e-01	
 1.3591e+00	 2.9026e-01	
 1.3933e+00	 2.8647e-01	
 1.4113e+00	 2.8850e-01	
 1.3614e+00	 2.8831e-01	
 1.3905e+00	 2.8651e-01	
 1.3885e+00	 2.9135e-01	
 1.3657e+00	 2.8685e-01	
 1.3687e+00	 2.8544e-01	
 1.3451e+00	 2.8182e-01	
 1.3842e+00	 2.8952e-01	
 1.3924e+00	 2.8803e-01	
 1.3746e+00	 2.8463e-01	
 1.3757e+00	 2.8638e-01	
 1.4039e+00	 2.8882e-01	
 1.3753e+00	 2.8700e-01	
 1.3491e+00	 2.8423e-01	
 1.4087e+00	 2.8994e-01	
 1.3639e+00	 2.8660e-01	
 1.4152e+00	 2.8669e-01	
 1.3888e+00	 2.8786e-01	
 1.4032e+00	 2.9012e-01	
 1.3723e+00	 2.8379e-01	
 1.4123e+00	 2.8809e-01	
 1.3764e+00	 2.9198e-01	
 1.3994e+00	 2.9049e-01	
 1.4068e+00	 2.9041e-01	
 1.3797e+00	 2.8412e-01	
 1.4014e+00	 2.8528e-01	
 1.4163e+00	 2.9192e-01	
 1.4126e+00	 2.8873e-01	
 1.3756e+00	 2.9024e-01	
 1.3984e+00	 2.8931e-01	
 1.3494e+00	 2.8727e-01	
 1.4009e+00	 2.8996e-01	
 1.4078e+00	 2.9042e-01	
 1.3887e+00	 2.8905e-01	
 1.3729e+00	 2.9054e-01	
 1.4214e+00	 2.9162e-01	
 1.3840e+00	 2.9276e-01	
 1.3705e+00	 2.9283e-01	
 1.3990e+00	 2.9073e-01	
 1.3957e+00	 2.9039e-01	
 1.3499e+00	 2.8893e-01	
 1.4436e+00	 2.9092e-01	
 1.3682e+00	 2.8607e-01	
 1.3862e+00	 2.8630e-01	
 1.4192e+00	 2.9049e-01	
 1.3422e+00	 2.8610e-01	
 1.4092e+00	 2.8838e-01	
 1.4082e+00	 2.9155e-01	
 1.3799e+00	 2.8905e-01	
 1.4169e+00	 2.9330e-01	
 1.3807e+00	 2.8910e-01	
 1.4227e+00	 2.8920e-01	
 1.3774e+00	 2.8727e-01	
 1.4066e+00	 2.9029e-01	
 1.3877e+00	 2.8948e-01	
 1.4137e+00	 2.8843e-01	
 1.3685e+00	 2.8674e-01	
 1.4219e+00	 2.9192e-01	
 1.3818e+00	 2.8748e-01	
 1.3875e+00	 2.9019e-01	
 1.3814e+00	 2.8791e-01	
 1.3752e+00	 2.9145e-01	
 1.3891e+00	 2.9447e-01	
 1.3764e+00	 2.8834e-01	
 1.3847e+00	 2.9210e-01	
 1.4502e+00	 2.8921e-01	
 1.3715e+00	 2.8737e-01	
 1.3659e+00	 2.8940e-01	
 1.4156e+00	 2.8900e-01	
 1.3908e+00	 2.8883e-01	
 1.3844e+00	 2.8910e-01	
 1.4022e+00	 2.8603e-01	
 1.4356e+00	 2.9072e-01	
 1.3115e+00	 2.8796e-01	
 1.4050e+00	 2.8877e-01	
 1.3455e+00	 2.9148e-01	
 1.3906e+00	 2.8912e-01	
 1.4109e+00	 2.9293e-01	
 1.3871e+00	 2.8869e-01	
 1.3576e+00	 2.8506e-01	
 1.4094e+00	 2.9213e-01	
 1.4042e+00	 2.8808e-01	
 1.3415e+00	 2.8826e-01	
 1.3857e+00	 2.8997e-01	
 1.4262e+00	 2.9076e-01	
 1.3632e+00	 2.8835e-01	
 1.4258e+00	 2.9079e-01	
 1.3887e+00	 2.8827e-01	
 1.3835e+00	 2.8878e-01	
 1.3985e+00	 2.8958e-01	
 1.4113e+00	 2.8817e-01	
 1.3547e+00	 2.8935e-01	
 1.3979e+00	 2.9151e-01	
 1.4134e+00	 2.8960e-01	
 1.3947e+00	 2.8692e-01	
 1.4185e+00	 2.8758e-01	
 1.3536e+00	 2.8552e-01	
 1.4227e+00	 2.8745e-01	
 1.3790e+00	 2.8730e-01	
 1.4093e+00	 2.8995e-01	
 1.4292e+00	 2.9153e-01	
 1.3620e+00	 2.8732e-01	
 1.3535e+00	 2.8530e-01	
 1.4040e+00	 2.8781e-01	
 1.4048e+00	 2.8976e-01	
 1.3876e+00	 2.8791e-01	
 1.3894e+00	 2.8581e-01	
 1.4020e+00	 2.8760e-01	
 1.3859e+00	 2.8909e-01	
 1.4002e+00	 2.9388e-01	
 1.4128e+00	 2.8501e-01	
 1.3787e+00	 2.8748e-01	
 1.3948e+00	 2.8825e-01	
 1.4410e+00	 2.8959e-01	
 1.3942e+00	 2.8953e-01	
 1.3784e+00	 2.8914e-01	
 1.3791e+00	 2.9091e-01	
 1.3817e+00	 2.9198e-01	
 1.3851e+00	 2.8828e-01	
 1.3866e+00	 2.9198e-01	
 1.4037e+00	 2.8904e-01	
 1.3604e+00	 2.8746e-01	
 1.3862e+00	 2.8797e-01	
 1.3704e+00	 2.8503e-01	
 1.3624e+00	 2.8370e-01	
 1.4026e+00	 2.8828e-01	
 1.3976e+00	 2.9029e-01	
 1.3683e+00	 2.9003e-01	
 1.4237e+00	 2.8978e-01	
 1.3959e+00	 2.8834e-01	
 1.4144e+00	 2.9206e-01	
 1.3848e+00	 2.8727e-01	
 1.3811e+00	 2.8883e-01	
 1.4326e+00	 2.9003e-01	
 1.3841e+00	 2.8632e-01	
 1.4121e+00	 2.9204e-01	
 1.4089e+00	 2.8870e-01	
 1.3736e+00	 2.8790e-01	
 1.3634e+00	 2.8574e-01	
 1.3813e+00	 2.8992e-01	
 1.3924e+00	 2.8655e-01	
 1.3580e+00	 2.8845e-01	
 1.4288e+00	 2.9014e-01	
 1.3412e+00	 2.8513e-01	
 1.3852e+00	 2.9102e-01	
 1.3574e+00	 2.8999e-01	
 1.3650e+00	 2.8700e-01	
 1.3710e+00	 2.8561e-01	
 1.4093e+00	 2.8703e-01	
 1.3665e+00	 2.8724e-01	
 1.3999e+00	 2.9005e-01	
 1.3904e+00	 2.8710e-01	
 1.3545e+00	 2.8919e-01	
 1.4263e+00	 2.8845e-01	
 1.3917e+00	 2.8530e-01	
 1.3973e+00	 2.9028e-01	
 1.3939e+00	 2.8732e-01	
 1.4050e+00	 2.8977e-01	
 1.3963e+00	 2.8731e-01	
 1.3772e+00	 2.8803e-01	
 1.4012e+00	 2.9082e-01	
 1.3902e+00	 2.9128e-01	
 1.4032e+00	 2.9303e-01	
 1.4018e+00	 2.8871e-01	
 1.4053e+00	 2.8671e-01	
 1.3674e+00	 2.8747e-01	
 1.3933e+00	 2.8888e-01	
 1.4145e+00	 2.9168e-01	
 1.3887e+00	 2.9012e-01	
 1.4206e+00	 2.9174e-01	
 1.3738e+00	 2.8917e-01	
 1.3745e+00	 2.8770e-01	
 1.3622e+00	 2.8762e-01	
 1.3737e+00	 2.8921e-01	
 1.4101e+00	 2.8793e-01	
 1.3801e+00	 2.8713e-01	
 1.3603e+00	 2.8573e-01	
 1.4027e+00	 2.9027e-01	
 1.3714e+00	 2.8563e-01	
 1.4229e+00	 2.8695e-01	
 1.3568e+00	 2.8485e-01	
 1.3675e+00	 2.9064e-01	
 1.3970e+00	 2.8867e-01	
 1.3837e+00	 2.8846e-01	
 1.4234e+00	 2.8726e-01	
 1.3537e+00	 2.8669e-01	
 1.3754e+00	 2.8509e-01	
 1.3950e+00	 2.8997e-01	
 1.3636e+00	 2.8680e-01	
 1.3580e+00	 2.8941e-01	
 1.3944e+00	 2.8666e-01	
 1.4109e+00	 2.8714e-01	
 1.3636e+00	 2.8572e-01	
 1.3662e+00	 2.8509e-01	
 1.4041e+00	 2.8786e-01	
 1.3956e+00	 2.8688e-01	
 1.3458e+00	 2.8380e-01	
 1.3873e+00	 2.8930e-01	
 1.3935e+00	 2.8752e-01	
 1.3601e+00	 2.9097e-01	
 1.4173e+00	 2.8618e-01	
 1.3959e+00	 2.9049e-01	
 1.3968e+00	 2.8521e-01	
 1.4103e+00	 2.8633e-01	
 1.3752e+00	 2.9186e-01	
 1.3585e+00	 2.8697e-01	
 1.4006e+00	 2.8380e-01	
 1.3686e+00	 2.8740e-01	
 1.3961e+00	 2.8778e-01	
 1.4016e+00	 2.8438e-01	
 1.4094e+00	 2.8771e-01	
 1.3506e+00	 2.8891e-01	
 1.3618e+00	 2.8602e-01	
 1.3541e+00	 2.8784e-01	
 1.3765e+00	 2.8979e-01	
 1.3626e+00	 2.8945e-01	
 1.3844e+00	 2.8972e-01	
 1.4389e+00	 2.9011e-01	
 1.3946e+00	 2.8815e-01	
 1.3870e+00	 2.8859e-01	
 1.3878e+00	 2.8700e-01	
 1.4035e+00	 2.9076e-01	
 1.3578e+00	 2.9007e-01	
 1.3763e+00	 2.8777e-01	
 1.4098e+00	 2.8743e-01	
 1.3671e+00	 2.9033e-01	
 1.3847e+00	 2.8692e-01	
 1.3818e+00	 2.9316e-01	
 1.3787e+00	 2.8680e-01	
 1.3988e+00	 2.9043e-01	
 1.4016e+00	 2.8763e-01	
 1.3897e+00	 2.8497e-01	
 1.3493e+00	 2.8735e-01	
 1.3727e+00	 2.8775e-01	
 1.3753e+00	 2.8984e-01	
 1.3891e+00	 2.9052e-01	
 1.3875e+00	 2.8776e-01	
 1.3657e+00	 2.8706e-01	
 1.3572e+00	 2.8834e-01	
 1.4204e+00	 2.9110e-01	
 1.4056e+00	 2.8817e-01	
 1.3710e+00	 2.8501e-01	
 1.4036e+00	 2.8658e-01	
 1.4135e+00	 2.8686e-01	
 1.3462e+00	 2.8653e-01	
 1.3977e+00	 2.8765e-01	
 1.3776e+00	 2.8700e-01	
 1.3840e+00	 2.8792e-01	
 1.3538e+00	 2.9057e-01	
 1.3889e+00	 2.8876e-01	
 1.4145e+00	 2.9141e-01	
 1.3854e+00	 2.8515e-01	
 1.4255e+00	 2.9189e-01	
 1.4140e+00	 2.9019e-01	
 1.3666e+00	 2.8543e-01	
 1.4086e+00	 2.8978e-01	
 1.4056e+00	 2.8783e-01	
 1.3745e+00	 2.8634e-01	
 1.4012e+00	 2.9041e-01	
 1.3397e+00	 2.8423e-01	
 1.4067e+00	 2.8442e-01	
 1.4074e+00	 2.8660e-01	
 1.3812e+00	 2.8513e-01	
 1.3518e+00	 2.8504e-01	
 1.3751e+00	 2.8850e-01	
 1.3783e+00	 2.8892e-01	
 1.3675e+00	 2.8901e-01	
 1.3881e+00	 2.8661e-01	
 1.3912e+00	 2.8737e-01	
 1.3927e+00	 2.8771e-01	
 1.3554e+00	 2.8650e-01	
 1.3952e+00	 2.8846e-01	
 1.3505e+00	 2.8797e-01	
 1.3683e+00	 2.8859e-01	
 1.3690e+00	 2.8733e-01	
 1.3817e+00	 2.8564e-01	
 1.3373e+00	 2.8723e-01	
 1.4249e+00	 2.8927e-01	
 1.3527e+00	 2.8409e-01	
 1.3697e+00	 2.8598e-01	
 1.3809e+00	 2.8474e-01	
 1.3610e+00	 2.8171e-01	
 1.3791e+00	 2.8860e-01	
 1.3823e+00	 2.8414e-01	
 1.4089e+00	 2.8872e-01	
 1.3621e+00	 2.8547e-01	
 1.3503e+00	 2.8318e-01	
 1.3757e+00	 2.8846e-01	
 1.3636e+00	 2.8241e-01	
 1.4056e+00	 2.9012e-01	
 1.3933e+00	 2.8936e-01	
 1.3617e+00	 2.8785e-01	
 1.4335e+00	 2.9214e-01	
 1.3777e+00	 2.8860e-01	
 1.3859e+00	 2.8968e-01	
 1.4094e+00	 2.9051e-01	
 1.3685e+00	 2.8708e-01	
 1.4060e+00	 2.8718e-01	
 1.4118e+00	 2.9020e-01	
 1.4121e+00	 2.8397e-01	
 1.3846e+00	 2.8984e-01	
 1.3777e+00	 2.8684e-01	
 1.3594e+00	 2.8703e-01	
 1.3834e+00	 2.8515e-01	
 1.4106e+00	 2.8817e-01	
 1.3269e+00	 2.8518e-01	
 1.4070e+00	 2.8933e-01	
 1.4357e+00	 2.8933e-01	
 1.3223e+00	 2.8472e-01	
 1.3518e+00	 2.8592e-01	
 1.4513e+00	 2.9038e-01	
 1.3685e+00	 2.8430e-01	
 1.3968e+00	 2.8768e-01	
 1.3984e+00	 2.8957e-01	
 1.3973e+00	 2.8748e-01	
 1.3765e+00	 2.8739e-01	
 1.3856e+00	 2.8615e-01	
 1.3893e+00	 2.9165e-01	
 1.3983e+00	 2.8573e-01	
 1.3760e+00	 2.8552e-01	
 1.4048e+00	 2.8513e-01	
 1.3447e+00	 2.8466e-01	
 1.4100e+00	 2.8768e-01	
 1.4001e+00	 2.8894e-01	
 1.3939e+00	 2.8934e-01	
 1.3871e+00	 2.9082e-01	
 1.3752e+00	 2.8516e-01	
 1.3935e+00	 2.8591e-01	
 1.3449e+00	 2.8078e-01	
 1.3705e+00	 2.8936e-01	
 1.3674e+00	 2.8533e-01	
 1.3575e+00	 2.9042e-01	
 1.4290e+00	 2.8805e-01	
 1.3947e+00	 2.8869e-01	
 1.3609e+00	 2.8677e-01	
 1.4273e+00	 2.9120e-01	
 1.4244e+00	 2.8469e-01	
 1.4043e+00	 2.8893e-01	
 1.4021e+00	 2.8697e-01	
 1.3994e+00	 2.9028e-01	
 1.3710e+00	 2.8671e-01	
 1.4048e+00	 2.9015e-01	
 1.3643e+00	 2.8624e-01	
 1.3778e+00	 2.8473e-01	
 1.3918e+00	 2.8766e-01	
 1.3897e+00	 2.8854e-01	
 1.3746e+00	 2.8922e-01	
 1.3893e+00	 2.8790e-01	
 1.3642e+00	 2.8501e-01	
 1.3751e+00	 2.8498e-01	
 1.3981e+00	 2.9263e-01	
 1.3839e+00	 2.8853e-01	
 1.3867e+00	 2.8847e-01	
 1.3843e+00	 2.8797e-01	
 1.4206e+00	 2.8624e-01	
 1.3968e+00	 2.9079e-01	
 1.4319e+00	 2.9175e-01	
 1.3823e+00	 2.8888e-01	
 1.3527e+00	 2.8941e-01	
 1.3683e+00	 2.8761e-01	
 1.3934e+00	 2.9015e-01	
 1.4179e+00	 2.8896e-01	
 1.3687e+00	 2.8851e-01	
 1.3892e+00	 2.8240e-01	
 1.3732e+00	 2.8735e-01	
 1.3679e+00	 2.8675e-01	
 1.3884e+00	 2.8916e-01	
 1.3764e+00	 2.8928e-01	
 1.3735e+00	 2.8578e-01	
 1.4084e+00	 2.8867e-01	
 1.3754e+00	 2.8835e-01	
 1.4131e+00	 2.8805e-01	
 1.3483e+00	 2.9021e-01	
 1.4015e+00	 2.8663e-01	
 1.3895e+00	 2.8815e-01	
 1.3420e+00	 2.8510e-01	
 1.3930e+00	 2.8872e-01	
 1.3707e+00	 2.8753e-01	
 1.3802e+00	 2.8835e-01	
 1.3807e+00	 2.8561e-01	
 1.3886e+00	 2.8602e-01	
 1.3712e+00	 2.8837e-01	
 1.3546e+00	 2.8372e-01	
 1.3818e+00	 2.8650e-01	
 1.3840e+00	 2.9097e-01	
 1.3579e+00	 2.8647e-01	
 1.4224e+00	 2.8878e-01	
 1.3894e+00	 2.8616e-01	
 1.3800e+00	 2.8604e-01	
 1.3770e+00	 2.8619e-01	
 1.3578e+00	 2.8573e-01	
 1.3690e+00	 2.8666e-01	
 1.3489e+00	 2.8810e-01	
 1.3730e+00	 2.8495e-01	
 1.4198e+00	 2.8828e-01	
 1.3796e+00	 2.8710e-01	
 1.4155e+00	 2.8937e-01	
 1.3356e+00	 2.8415e-01	
 1.3904e+00	 2.8826e-01	
 1.3522e+00	 2.8633e-01	
 1.3631e+00	 2.8631e-01	
 1.3827e+00	 2.8426e-01	
 1.3997e+00	 2.8820e-01	
 1.4179e+00	 2.8902e-01	
 1.3881e+00	 2.8983e-01	
 1.3950e+00	 2.8916e-01	
 1.3314e+00	 2.8988e-01	
 1.3848e+00	 2.8767e-01	
 1.3945e+00	 2.8613e-01	
 1.4004e+00	 2.8988e-01	
 1.3991e+00	 2.8926e-01	
 1.4047e+00	 2.8755e-01	
 1.3930e+00	 2.8764e-01	
 1.3947e+00	 2.8786e-01	
 1.3557e+00	 2.8826e-01	
 1.3769e+00	 2.9018e-01	
 1.3639e+00	 2.8520e-01	
 1.3725e+00	 2.8831e-01	
 1.4064e+00	 2.8684e-01	
 1.3927e+00	 2.8753e-01	
 1.3573e+00	 2.8465e-01	
 1.3557e+00	 2.8275e-01	
 1.3746e+00	 2.8731e-01	
 1.3681e+00	 2.8601e-01	
 1.3807e+00	 2.8676e-01	
 1.4051e+00	 2.8828e-01	
 1.3696e+00	 2.8629e-01	
 1.3547e+00	 2.8615e-01	
 1.3868e+00	 2.8926e-01	
 1.4149e+00	 2.9101e-01	
 1.4228e+00	 2.8888e-01	
 1.3679e+00	 2.8421e-01	
 1.4055e+00	 2.8759e-01	
 1.3855e+00	 2.9045e-01	
 1.3890e+00	 2.8507e-01	
 1.3333e+00	 2.8029e-01	
 1.3884e+00	 2.8067e-01	
 1.3411e+00	 2.8774e-01	
 1.3786e+00	 2.8369e-01	
 1.3732e+00	 2.9018e-01	
 1.3370e+00	 2.8667e-01	
 1.3604e+00	 2.8831e-01	
 1.3907e+00	 2.8684e-01	
 1.3751e+00	 2.8792e-01	
 1.3954e+00	 2.9084e-01	
 1.3929e+00	 2.9009e-01	
 1.3666e+00	 2.8487e-01	
 1.4080e+00	 2.8812e-01	
 1.3653e+00	 2.8584e-01	
 1.3549e+00	 2.8837e-01	
 1.3983e+00	 2.9029e-01	
 1.3948e+00	 2.8752e-01	
 1.3859e+00	 2.8936e-01	
 1.3585e+00	 2.8604e-01	
 1.3848e+00	 2.9095e-01	
 1.3725e+00	 2.9074e-01	
 1.4086e+00	 2.9024e-01	
 1.4092e+00	 2.8787e-01	
 1.3764e+00	 2.8997e-01	
 1.3496e+00	 2.9010e-01	
 1.3777e+00	 2.8721e-01	
 1.3773e+00	 2.8670e-01	
 1.4130e+00	 2.8773e-01	
 1.4039e+00	 2.9151e-01	
 1.3979e+00	 2.8859e-01	
 1.3896e+00	 2.9014e-01	
 1.4000e+00	 2.8465e-01	
 1.3742e+00	 2.8966e-01	
 1.3893e+00	 2.8967e-01	
 1.4048e+00	 2.8799e-01	
 1.3856e+00	 2.9040e-01	
 1.3790e+00	 2.8793e-01	
 1.4048e+00	 2.9166e-01	
 1.3455e+00	 2.8925e-01	
 1.4118e+00	 2.8587e-01	
 1.3561e+00	 2.8681e-01	
 1.3383e+00	 2.8518e-01	
 1.3714e+00	 2.8746e-01	
 1.4021e+00	 2.8596e-01	
 1.3842e+00	 2.8719e-01	
 1.3880e+00	 2.9234e-01	
 1.3764e+00	 2.8523e-01	
 1.3978e+00	 2.8567e-01	
 1.3779e+00	 2.8778e-01	
 1.3902e+00	 2.8693e-01	
 1.3690e+00	 2.8786e-01	
 1.4028e+00	 2.8943e-01	
 1.3601e+00	 2.8888e-01	
 1.4027e+00	 2.8728e-01	
 1.3887e+00	 2.8669e-01	
 1.4215e+00	 2.9012e-01	
 1.3894e+00	 2.8992e-01	
 1.4111e+00	 2.8751e-01	
 1.3929e+00	 2.8872e-01	
 1.3719e+00	 2.8730e-01	
 1.3609e+00	 2.8719e-01	
 1.3469e+00	 2.8253e-01	
 1.3818e+00	 2.8740e-01	
 1.3451e+00	 2.8604e-01	
 1.3933e+00	 2.8871e-01	
 1.3757e+00	 2.8956e-01	
 1.3772e+00	 2.8623e-01	
 1.3408e+00	 2.8613e-01	
 1.3768e+00	 2.8710e-01	
 1.3870e+00	 2.8685e-01	
 1.4049e+00	 2.8818e-01	
 1.3682e+00	 2.8977e-01	
 1.3839e+00	 2.8935e-01	
 1.3922e+00	 2.8567e-01	
 1.3629e+00	 2.8539e-01	
 1.4006e+00	 2.8861e-01	
 1.3851e+00	 2.8700e-01	
 1.3677e+00	 2.8286e-01	
 1.3808e+00	 2.8731e-01	
 1.3872e+00	 2.8624e-01	
 1.4312e+00	 2.8945e-01	
 1.4100e+00	 2.8788e-01	
 1.3481e+00	 2.8570e-01	
 1.3865e+00	 2.8637e-01	
 1.3519e+00	 2.8133e-01	
 1.3997e+00	 2.8889e-01	
 1.3710e+00	 2.8799e-01	
 1.4107e+00	 2.8810e-01	
 1.4139e+00	 2.9107e-01	
 1.3781e+00	 2.8899e-01	
 1.3648e+00	 2.8953e-01	
 1.4191e+00	 2.8855e-01	
 1.3554e+00	 2.8385e-01	
 1.3999e+00	 2.8696e-01	
 1.3790e+00	 2.8647e-01	
 1.4068e+00	 2.8977e-01	
 1.3687e+00	 2.8730e-01	
 1.3506e+00	 2.8530e-01	
 1.3964e+00	 2.8793e-01	
 1.3650e+00	 2.8703e-01	
 1.3345e+00	 2.8708e-01	
 1.3764e+00	 2.8603e-01	
 1.3855e+00	 2.8460e-01	
 1.3879e+00	 2.8705e-01	
 1.3878e+00	 2.8656e-01	
 1.4342e+00	 2.8905e-01	
 1.4136e+00	 2.8757e-01	
 1.3642e+00	 2.8802e-01	
 1.3749e+00	 2.9203e-01	
 1.4306e+00	 2.8844e-01	
 1.3650e+00	 2.8809e-01	
 1.3990e+00	 2.8780e-01	
 1.3744e+00	 2.8953e-01	
 1.3981e+00	 2.8679e-01	
 1.4161e+00	 2.8988e-01	
 1.3972e+00	 2.9086e-01	
 1.3725e+00	 2.8912e-01	
 1.3707e+00	 2.8749e-01	
 1.3877e+00	 2.8705e-01	
 1.3844e+00	 2.8905e-01	
 1.3760e+00	 2.8706e-01	
 1.3958e+00	 2.9023e-01	
 1.3943e+00	 2.9216e-01	
 1.4026e+00	 2.8728e-01	
 1.3814e+00	 2.8720e-01	
 1.3788e+00	 2.8729e-01	
 1.3447e+00	 2.8708e-01	
 1.4081e+00	 2.8823e-01	
 1.3952e+00	 2.9007e-01	
 1.3907e+00	 2.8591e-01	
 1.3708e+00	 2.8799e-01	
 1.3885e+00	 2.8633e-01	
 1.3424e+00	 2.8572e-01	
 1.3898e+00	 2.8553e-01	
 1.3509e+00	 2.8865e-01	
 1.3768e+00	 2.8875e-01	
 1.4051e+00	 2.9086e-01	
 1.3994e+00	 2.9000e-01	
 1.3587e+00	 2.8483e-01	
 1.3608e+00	 2.8824e-01	
 1.3936e+00	 2.9085e-01	
 1.3843e+00	 2.9015e-01	
 1.3972e+00	 2.8898e-01	
 1.4306e+00	 2.8692e-01	
 1.3982e+00	 2.9052e-01	
 1.3575e+00	 2.8706e-01	
 1.3746e+00	 2.8690e-01	
 1.3879e+00	 2.8905e-01	
 1.3953e+00	 2.8745e-01	
 1.3914e+00	 2.8743e-01	
 1.3665e+00	 2.8920e-01	
 1.3593e+00	 2.8517e-01	
 1.4063e+00	 2.8761e-01	
 1.4124e+00	 2.8597e-01	
 1.3882e+00	 2.8867e-01	
 1.4025e+00	 2.9069e-01	
 1.4123e+00	 2.8700e-01	
 1.3709e+00	 2.8584e-01	
 1.3973e+00	 2.8555e-01	
 1.3903e+00	 2.8786e-01	
 1.3733e+00	 2.8789e-01	
 1.3472e+00	 2.8479e-01	
 1.3916e+00	 2.8907e-01	
 1.3874e+00	 2.8709e-01	
 1.4054e+00	 2.8944e-01	
 1.3730e+00	 2.8406e-01	
 1.3426e+00	 2.8261e-01	
 1.3420e+00	 2.8359e-01	
 1.3849e+00	 2.8920e-01	
 1.3618e+00	 2.8598e-01	
 1.3644e+00	 2.8738e-01	
 1.3902e+00	 2.8273e-01	
 1.3644e+00	 2.8546e-01	
 1.3525e+00	 2.8828e-01	
 1.4211e+00	 2.9087e-01	
 1.3500e+00	 2.8670e-01	
 1.3776e+00	 2.8359e-01	
 1.3845e+00	 2.8992e-01	
 1.3757e+00	 2.8680e-01	
 1.3907e+00	 2.8675e-01	
 1.4509e+00	 2.8733e-01	
 1.3900e+00	 2.8773e-01	
 1.4076e+00	 2.8827e-01	
 1.3799e+00	 2.8907e-01	
 1.3766e+00	 2.8648e-01	
 1.3697e+00	 2.8588e-01	
 1.3772e+00	 2.8364e-01	
 1.3805e+00	 2.8617e-01	
 1.3591e+00	 2.8316e-01	
 1.3918e+00	 2.8520e-01	
 1.3973e+00	 2.8505e-01	
 1.3611e+00	 2.8907e-01	
 1.3862e+00	 2.9202e-01	
 1.3740e+00	 2.9091e-01	
 1.3898e+00	 2.8522e-01	
 1.3746e+00	 2.8697e-01	
 1.3556e+00	 2.8543e-01	
 1.3741e+00	 2.8926e-01	
 1.3821e+00	 2.8910e-01	
 1.3902e+00	 2.8675e-01	
 1.4000e+00	 2.9012e-01	
 1.3713e+00	 2.8573e-01	
 1.3882e+00	 2.8441e-01	
 1.3535e+00	 2.8395e-01	
 1.3918e+00	 2.8606e-01	
 1.3888e+00	 2.8831e-01	
 1.3717e+00	 2.8797e-01	
 1.3918e+00	 2.8698e-01	
 1.3723e+00	 2.8732e-01	
 1.3701e+00	 2.8783e-01	
 1.3491e+00	 2.8778e-01	
 1.4013e+00	 2.8824e-01	
 1.3561e+00	 2.8545e-01	
 1.3728e+00	 2.9119e-01	
 1.3972e+00	 2.8854e-01	
 1.4126e+00	 2.8591e-01	
 1.3700e+00	 2.8388e-01	
 1.4026e+00	 2.9042e-01	
 1.3499e+00	 2.8786e-01	
 1.3994e+00	 2.8678e-01	
 1.3625e+00	 2.8197e-01	
 1.3942e+00	 2.8967e-01	
 1.3690e+00	 2.8727e-01	
 1.3710e+00	 2.8654e-01	
 1.3747e+00	 2.8878e-01	
 1.3713e+00	 2.8654e-01	
 1.3818e+00	 2.8494e-01	
 1.3638e+00	 2.9036e-01	
 1.4139e+00	 2.8854e-01	
 1.3869e+00	 2.8482e-01	
 1.4053e+00	 2.8701e-01	
 1.3445e+00	 2.8458e-01	
 1.3728e+00	 2.8784e-01	
 1.3716e+00	 2.8615e-01	
 1.3691e+00	 2.8754e-01	
 1.4076e+00	 2.8751e-01	
 1.4120e+00	 2.8943e-01	
 1.3394e+00	 2.8336e-01	
 1.3684e+00	 2.8776e-01	
 1.4179e+00	 2.8699e-01	
 1.3833e+00	 2.8659e-01	
