Loss	
 6.9918e-01	
 6.9758e-01	
 6.9598e-01	
 6.9426e-01	
 6.9262e-01	
 6.9087e-01	
 6.8879e-01	
 6.8672e-01	
 6.8499e-01	
 6.8409e-01	
 6.8230e-01	
 6.8046e-01	
 6.7845e-01	
 6.7633e-01	
 6.7411e-01	
 6.7203e-01	
 6.6999e-01	
 6.6822e-01	
 6.6626e-01	
 6.6431e-01	
 6.6216e-01	
 6.5995e-01	
 6.5769e-01	
 6.5552e-01	
 6.5331e-01	
 6.5123e-01	
 6.4901e-01	
 6.4669e-01	
 6.4416e-01	
 6.4163e-01	
 6.3909e-01	
 6.3660e-01	
 6.3414e-01	
 6.3191e-01	
 6.2962e-01	
 6.2724e-01	
 6.2472e-01	
 6.2226e-01	
 6.1993e-01	
 6.1743e-01	
 6.1475e-01	
 6.1246e-01	
 6.0988e-01	
 6.0740e-01	
 6.0457e-01	
 6.0196e-01	
 5.9905e-01	
 5.9639e-01	
 5.9403e-01	
 5.9123e-01	
 5.8856e-01	
 5.8608e-01	
 5.8329e-01	
 5.8050e-01	
 5.7784e-01	
 5.7535e-01	
 5.7235e-01	
 5.6961e-01	
 5.6697e-01	
 5.6385e-01	
 5.6086e-01	
 5.5802e-01	
 5.5504e-01	
 5.5211e-01	
 5.4896e-01	
 5.4594e-01	
 5.4271e-01	
 5.3955e-01	
 5.3646e-01	
 5.3324e-01	
 5.3015e-01	
 5.2722e-01	
 5.2391e-01	
 5.2080e-01	
 5.1719e-01	
 5.1383e-01	
 5.0990e-01	
 5.0648e-01	
 5.0246e-01	
 4.9901e-01	
 4.9523e-01	
 4.9117e-01	
 4.8705e-01	
 4.8353e-01	
 4.7943e-01	
 4.7524e-01	
 4.7084e-01	
 4.6617e-01	
 4.6176e-01	
 4.5704e-01	
 4.5213e-01	
 4.4732e-01	
 4.4199e-01	
 4.3749e-01	
 4.3212e-01	
 4.2685e-01	
 4.2205e-01	
 4.1634e-01	
 4.1165e-01	
 4.0599e-01	
 4.0070e-01	
 3.9583e-01	
 3.9063e-01	
 3.8601e-01	
 3.8166e-01	
 3.7738e-01	
 3.7357e-01	
 3.6939e-01	
 3.6572e-01	
 3.6211e-01	
 3.5900e-01	
 3.5576e-01	
 3.5286e-01	
 3.5038e-01	
 3.4873e-01	
 3.4679e-01	
 3.4472e-01	
 3.4359e-01	
 3.4217e-01	
 3.4094e-01	
 3.4021e-01	
 3.3942e-01	
 3.3857e-01	
 3.3807e-01	
 3.3693e-01	
 3.3647e-01	
 3.3655e-01	
 3.3641e-01	
 3.3601e-01	
 3.3568e-01	
 3.3575e-01	
 3.3534e-01	
 3.3557e-01	
 3.3488e-01	
 3.3526e-01	
 3.3500e-01	
 3.3480e-01	
 3.3488e-01	
 3.3527e-01	
 3.3496e-01	
 3.3494e-01	
 3.3507e-01	
 3.3431e-01	
 3.3466e-01	
 3.3419e-01	
 3.3381e-01	
 3.3360e-01	
 3.3324e-01	
 3.3305e-01	
 3.3360e-01	
 3.3363e-01	
 3.3297e-01	
 3.3338e-01	
 3.3290e-01	
 3.3300e-01	
 3.3258e-01	
 3.3190e-01	
 3.3160e-01	
 3.3137e-01	
 3.3129e-01	
 3.3107e-01	
 3.3171e-01	
 3.3215e-01	
 3.3184e-01	
 3.3060e-01	
 3.3069e-01	
 3.3031e-01	
 3.3044e-01	
 3.3031e-01	
 3.3110e-01	
 3.3119e-01	
 3.3098e-01	
 3.3119e-01	
 3.3130e-01	
 3.3107e-01	
 3.3040e-01	
 3.3056e-01	
 3.2987e-01	
 3.2933e-01	
 3.3009e-01	
 3.3022e-01	
 3.3056e-01	
 3.3043e-01	
 3.3063e-01	
 3.3026e-01	
 3.3049e-01	
 3.3023e-01	
 3.2999e-01	
 3.2994e-01	
 3.2957e-01	
 3.2968e-01	
 3.2914e-01	
 3.2912e-01	
 3.2863e-01	
 3.2811e-01	
 3.2892e-01	
 3.2900e-01	
 3.2868e-01	
 3.2789e-01	
 3.2795e-01	
 3.2888e-01	
 3.2916e-01	
 3.2844e-01	
 3.2761e-01	
 3.2758e-01	
 3.2797e-01	
 3.2754e-01	
 3.2786e-01	
 3.2781e-01	
 3.2723e-01	
 3.2634e-01	
 3.2689e-01	
 3.2627e-01	
 3.2612e-01	
 3.2462e-01	
 3.2432e-01	
 3.2552e-01	
 3.2523e-01	
 3.2564e-01	
 3.2563e-01	
 3.2601e-01	
 3.2697e-01	
 3.2797e-01	
 3.2779e-01	
 3.2752e-01	
 3.2727e-01	
 3.2710e-01	
 3.2710e-01	
 3.2665e-01	
 3.2596e-01	
 3.2624e-01	
 3.2579e-01	
 3.2583e-01	
 3.2646e-01	
 3.2650e-01	
 3.2618e-01	
 3.2640e-01	
 3.2749e-01	
 3.2676e-01	
 3.2661e-01	
 3.2679e-01	
 3.2646e-01	
 3.2655e-01	
 3.2685e-01	
 3.2647e-01	
 3.2628e-01	
 3.2641e-01	
 3.2592e-01	
 3.2626e-01	
 3.2596e-01	
 3.2567e-01	
 3.2570e-01	
 3.2572e-01	
 3.2604e-01	
 3.2553e-01	
 3.2496e-01	
 3.2504e-01	
 3.2488e-01	
 3.2399e-01	
 3.2384e-01	
 3.2388e-01	
 3.2419e-01	
 3.2498e-01	
 3.2521e-01	
 3.2484e-01	
 3.2466e-01	
 3.2615e-01	
 3.2640e-01	
 3.2622e-01	
 3.2597e-01	
 3.2600e-01	
 3.2616e-01	
 3.2600e-01	
 3.2527e-01	
 3.2483e-01	
 3.2544e-01	
 3.2571e-01	
 3.2566e-01	
 3.2529e-01	
 3.2473e-01	
 3.2352e-01	
 3.2411e-01	
 3.2461e-01	
 3.2431e-01	
 3.2415e-01	
 3.2421e-01	
 3.2413e-01	
 3.2395e-01	
 3.2342e-01	
 3.2346e-01	
 3.2364e-01	
 3.2429e-01	
 3.2376e-01	
 3.2402e-01	
 3.2393e-01	
 3.2382e-01	
 3.2358e-01	
 3.2380e-01	
 3.2454e-01	
 3.2360e-01	
 3.2462e-01	
 3.2491e-01	
 3.2454e-01	
 3.2493e-01	
 3.2483e-01	
 3.2595e-01	
 3.2555e-01	
 3.2551e-01	
 3.2534e-01	
 3.2531e-01	
 3.2538e-01	
 3.2547e-01	
 3.2503e-01	
 3.2443e-01	
 3.2476e-01	
 3.2451e-01	
 3.2393e-01	
 3.2390e-01	
 3.2417e-01	
 3.2442e-01	
 3.2498e-01	
 3.2409e-01	
 3.2350e-01	
 3.2257e-01	
 3.2217e-01	
 3.2393e-01	
 3.2291e-01	
 3.2335e-01	
 3.2385e-01	
 3.2255e-01	
 3.2040e-01	
 3.1940e-01	
 3.1959e-01	
 3.2072e-01	
 3.2151e-01	
 3.2316e-01	
 3.1938e-01	
 3.1700e-01	
 3.1562e-01	
 3.1534e-01	
 3.1446e-01	
 3.1528e-01	
 3.1606e-01	
 3.1782e-01	
 3.1423e-01	
 3.1296e-01	
 3.1344e-01	
 3.1131e-01	
 3.1364e-01	
 3.1418e-01	
 3.1373e-01	
 3.1473e-01	
 3.1164e-01	
 3.0932e-01	
 3.1045e-01	
 3.0818e-01	
 3.1062e-01	
 3.0920e-01	
 3.1219e-01	
 3.1035e-01	
 3.1100e-01	
 3.0711e-01	
 3.0527e-01	
 3.0517e-01	
 3.0367e-01	
 3.0477e-01	
 3.1381e-01	
 3.0345e-01	
 3.0375e-01	
 3.0425e-01	
 3.0356e-01	
 3.0186e-01	
 2.9724e-01	
 2.9797e-01	
 3.0250e-01	
 3.0552e-01	
 3.0128e-01	
 3.0085e-01	
 2.9872e-01	
 2.9468e-01	
 2.9436e-01	
 2.9597e-01	
 2.9573e-01	
 3.0181e-01	
 2.9434e-01	
 2.9335e-01	
 2.9282e-01	
 2.9422e-01	
 2.8813e-01	
 2.9040e-01	
 2.9469e-01	
 2.9786e-01	
 2.9804e-01	
 2.9328e-01	
 2.9490e-01	
 2.9105e-01	
 2.8677e-01	
 2.9072e-01	
 2.9188e-01	
 2.9492e-01	
 2.9339e-01	
 2.8886e-01	
 2.8981e-01	
 2.9154e-01	
 2.9467e-01	
 2.9295e-01	
 2.9192e-01	
 2.9112e-01	
 2.9093e-01	
 2.9173e-01	
 2.8714e-01	
 2.8948e-01	
 2.8721e-01	
 2.8726e-01	
 2.8194e-01	
 2.8241e-01	
 2.8120e-01	
 2.8295e-01	
 2.8680e-01	
 2.8188e-01	
 2.8083e-01	
 2.8139e-01	
 2.7985e-01	
 2.7785e-01	
 2.8394e-01	
 2.7891e-01	
 2.8072e-01	
 2.8215e-01	
 2.7905e-01	
 2.7938e-01	
 2.7532e-01	
 2.7771e-01	
 2.7739e-01	
 2.7526e-01	
 2.8079e-01	
 2.8722e-01	
 2.8336e-01	
 2.7981e-01	
 2.7622e-01	
 2.7310e-01	
 2.7601e-01	
 2.7784e-01	
 2.7529e-01	
 2.7496e-01	
 2.7052e-01	
 2.7486e-01	
 2.7309e-01	
 2.7660e-01	
 2.7338e-01	
 2.7033e-01	
 2.7169e-01	
 2.7354e-01	
 2.6956e-01	
 2.7227e-01	
 2.6845e-01	
 2.7218e-01	
 2.6962e-01	
 2.7151e-01	
 2.6903e-01	
 2.7070e-01	
 2.6568e-01	
 2.6798e-01	
 2.6918e-01	
 2.6955e-01	
 2.6668e-01	
 2.6721e-01	
 2.6308e-01	
 2.6726e-01	
 2.6832e-01	
 2.6304e-01	
 2.6445e-01	
 2.6866e-01	
 2.6615e-01	
 2.6939e-01	
 2.6396e-01	
 2.6619e-01	
 2.6122e-01	
 2.6446e-01	
 2.6680e-01	
 2.6674e-01	
 2.6649e-01	
 2.6461e-01	
 2.6653e-01	
 2.6379e-01	
 2.6494e-01	
 2.6414e-01	
 2.6435e-01	
 2.6640e-01	
 2.6276e-01	
 2.6474e-01	
 2.6407e-01	
 2.6595e-01	
 2.6361e-01	
 2.6351e-01	
 2.5955e-01	
 2.7002e-01	
 2.6155e-01	
 2.6237e-01	
 2.6055e-01	
 2.6218e-01	
 2.6068e-01	
 2.6440e-01	
 2.5838e-01	
 2.6276e-01	
 2.6063e-01	
 2.6260e-01	
 2.5902e-01	
 2.6124e-01	
 2.6128e-01	
 2.6205e-01	
 2.6066e-01	
 2.6079e-01	
 2.6009e-01	
 2.5906e-01	
 2.6113e-01	
 2.5511e-01	
 2.6187e-01	
 2.5649e-01	
 2.5765e-01	
 2.5706e-01	
 2.5855e-01	
 2.5674e-01	
 2.6079e-01	
 2.6121e-01	
 2.6329e-01	
 2.5548e-01	
 2.5666e-01	
 2.5776e-01	
 2.5822e-01	
 2.6124e-01	
 2.5729e-01	
 2.5668e-01	
 2.6059e-01	
 2.5755e-01	
 2.5746e-01	
 2.5545e-01	
 2.5646e-01	
 2.5340e-01	
 2.5335e-01	
 2.5263e-01	
 2.5440e-01	
 2.5291e-01	
 2.5539e-01	
 2.4915e-01	
 2.5355e-01	
 2.5934e-01	
 2.5838e-01	
 2.5872e-01	
 2.5295e-01	
 2.5458e-01	
 2.5324e-01	
 2.5399e-01	
 2.4756e-01	
 2.5052e-01	
 2.5143e-01	
 2.4881e-01	
 2.5674e-01	
 2.5031e-01	
 2.5378e-01	
 2.5204e-01	
 2.4633e-01	
 2.5351e-01	
 2.5061e-01	
 2.6191e-01	
 2.5380e-01	
 2.5183e-01	
 2.5618e-01	
 2.5150e-01	
 2.5276e-01	
 2.5971e-01	
 2.4762e-01	
 2.5112e-01	
 2.5314e-01	
 2.5675e-01	
 2.5320e-01	
 2.5171e-01	
 2.5126e-01	
 2.4736e-01	
 2.5138e-01	
 2.5199e-01	
 2.5524e-01	
 2.4846e-01	
 2.4811e-01	
 2.5084e-01	
 2.5722e-01	
 2.5187e-01	
 2.5342e-01	
 2.5239e-01	
 2.5150e-01	
 2.5245e-01	
 2.5409e-01	
 2.5533e-01	
 2.4705e-01	
 2.4613e-01	
 2.4894e-01	
 2.4619e-01	
 2.5400e-01	
 2.5034e-01	
 2.5199e-01	
 2.5444e-01	
 2.4844e-01	
 2.4583e-01	
 2.4269e-01	
 2.5226e-01	
 2.4796e-01	
 2.5247e-01	
 2.5125e-01	
 2.4827e-01	
 2.4588e-01	
 2.5694e-01	
 2.4686e-01	
 2.5340e-01	
 2.4772e-01	
 2.5444e-01	
 2.4944e-01	
 2.5450e-01	
 2.4498e-01	
 2.4734e-01	
 2.4581e-01	
 2.5280e-01	
 2.4826e-01	
 2.4534e-01	
 2.4429e-01	
 2.5136e-01	
 2.5749e-01	
 2.5210e-01	
 2.5251e-01	
 2.5221e-01	
 2.4819e-01	
 2.4993e-01	
 2.4912e-01	
 2.5423e-01	
 2.5431e-01	
 2.4791e-01	
 2.4681e-01	
 2.4817e-01	
 2.4987e-01	
 2.4334e-01	
 2.4954e-01	
 2.5052e-01	
 2.4909e-01	
 2.4971e-01	
 2.4283e-01	
 2.4887e-01	
 2.4802e-01	
 2.4445e-01	
 2.5209e-01	
 2.5158e-01	
 2.4540e-01	
 2.4368e-01	
 2.4625e-01	
 2.4902e-01	
 2.4710e-01	
 2.4706e-01	
 2.4636e-01	
 2.4747e-01	
 2.4716e-01	
 2.4814e-01	
 2.5032e-01	
 2.4510e-01	
 2.4948e-01	
 2.4409e-01	
 2.4222e-01	
 2.4262e-01	
 2.4321e-01	
 2.4245e-01	
 2.4643e-01	
 2.4070e-01	
 2.4850e-01	
 2.4426e-01	
 2.4936e-01	
 2.4099e-01	
 2.4725e-01	
 2.4237e-01	
 2.4310e-01	
 2.4408e-01	
 2.5108e-01	
 2.4924e-01	
 2.4874e-01	
 2.4668e-01	
 2.4270e-01	
 2.4387e-01	
 2.4514e-01	
 2.4742e-01	
 2.5173e-01	
 2.4491e-01	
 2.4669e-01	
 2.4393e-01	
 2.4774e-01	
 2.4382e-01	
 2.4425e-01	
 2.4584e-01	
 2.4280e-01	
 2.4263e-01	
 2.4180e-01	
 2.4608e-01	
 2.4585e-01	
 2.4123e-01	
 2.4841e-01	
 2.4207e-01	
 2.4472e-01	
 2.4559e-01	
 2.4653e-01	
 2.4866e-01	
 2.4068e-01	
 2.4099e-01	
 2.4480e-01	
 2.4984e-01	
 2.4690e-01	
 2.3554e-01	
 2.3962e-01	
 2.4395e-01	
 2.4123e-01	
 2.4824e-01	
 2.4006e-01	
 2.4342e-01	
 2.4273e-01	
 2.4526e-01	
 2.4432e-01	
 2.4813e-01	
 2.4265e-01	
 2.4110e-01	
 2.3959e-01	
 2.4458e-01	
 2.4328e-01	
 2.4425e-01	
 2.4459e-01	
 2.4257e-01	
 2.4879e-01	
 2.4615e-01	
 2.4391e-01	
 2.4880e-01	
 2.4677e-01	
 2.4648e-01	
 2.4033e-01	
 2.4672e-01	
 2.4986e-01	
 2.4567e-01	
 2.4850e-01	
 2.4393e-01	
 2.4083e-01	
 2.4481e-01	
 2.4013e-01	
 2.4795e-01	
 2.4740e-01	
 2.4316e-01	
 2.4729e-01	
 2.4509e-01	
 2.4362e-01	
 2.4437e-01	
 2.4178e-01	
 2.3876e-01	
 2.4321e-01	
 2.3974e-01	
 2.4442e-01	
 2.4388e-01	
 2.4382e-01	
 2.4247e-01	
 2.4064e-01	
 2.4345e-01	
 2.4335e-01	
 2.3979e-01	
 2.3735e-01	
 2.4205e-01	
 2.4637e-01	
 2.4877e-01	
 2.4123e-01	
 2.3795e-01	
 2.4287e-01	
 2.4437e-01	
 2.4051e-01	
 2.4085e-01	
 2.3840e-01	
 2.3846e-01	
 2.4111e-01	
 2.3949e-01	
 2.3647e-01	
 2.3978e-01	
 2.4379e-01	
 2.4276e-01	
 2.4155e-01	
 2.4356e-01	
 2.3905e-01	
 2.3844e-01	
 2.4229e-01	
 2.4000e-01	
 2.3845e-01	
 2.3924e-01	
 2.4240e-01	
 2.4074e-01	
 2.4228e-01	
 2.3924e-01	
 2.3985e-01	
 2.3216e-01	
 2.4220e-01	
 2.4477e-01	
 2.4200e-01	
 2.4166e-01	
 2.4127e-01	
 2.4518e-01	
 2.4682e-01	
 2.3701e-01	
 2.4277e-01	
 2.4018e-01	
 2.4096e-01	
 2.3863e-01	
 2.4136e-01	
 2.3765e-01	
 2.4013e-01	
 2.3641e-01	
 2.3599e-01	
 2.4266e-01	
 2.4245e-01	
 2.3745e-01	
 2.3914e-01	
 2.3929e-01	
 2.4211e-01	
 2.4536e-01	
 2.4332e-01	
 2.4365e-01	
 2.3858e-01	
 2.4543e-01	
 2.3769e-01	
 2.4226e-01	
 2.3948e-01	
 2.4102e-01	
 2.4184e-01	
 2.3876e-01	
 2.4022e-01	
 2.3942e-01	
 2.3918e-01	
 2.4410e-01	
 2.3908e-01	
 2.3987e-01	
 2.3638e-01	
 2.3668e-01	
 2.4331e-01	
 2.4218e-01	
 2.3083e-01	
 2.4131e-01	
 2.3476e-01	
 2.3347e-01	
 2.3656e-01	
 2.4018e-01	
 2.3703e-01	
 2.3897e-01	
 2.4396e-01	
 2.3377e-01	
 2.4441e-01	
 2.4139e-01	
 2.4144e-01	
 2.4012e-01	
 2.4388e-01	
 2.4443e-01	
 2.3853e-01	
 2.3703e-01	
 2.3909e-01	
 2.4023e-01	
 2.3721e-01	
 2.4084e-01	
 2.3682e-01	
 2.3958e-01	
 2.4086e-01	
 2.4276e-01	
 2.4295e-01	
 2.4513e-01	
 2.3519e-01	
 2.3869e-01	
 2.3557e-01	
 2.3948e-01	
 2.3593e-01	
 2.3885e-01	
 2.4151e-01	
 2.4053e-01	
 2.2974e-01	
 2.3385e-01	
 2.3469e-01	
 2.4064e-01	
 2.3598e-01	
 2.3985e-01	
 2.3571e-01	
 2.3485e-01	
 2.4392e-01	
 2.4009e-01	
 2.4092e-01	
 2.3630e-01	
 2.3914e-01	
 2.3808e-01	
 2.3748e-01	
 2.3604e-01	
 2.4473e-01	
 2.4073e-01	
 2.3786e-01	
 2.3311e-01	
 2.3092e-01	
 2.2983e-01	
 2.3863e-01	
 2.3201e-01	
 2.3830e-01	
 2.3461e-01	
 2.4264e-01	
 2.4023e-01	
 2.4112e-01	
 2.3085e-01	
 2.3969e-01	
 2.3302e-01	
 2.3980e-01	
 2.4177e-01	
 2.3854e-01	
 2.4049e-01	
 2.3996e-01	
 2.3668e-01	
 2.3826e-01	
 2.3422e-01	
 2.3833e-01	
 2.4172e-01	
 2.3632e-01	
 2.3104e-01	
 2.3895e-01	
 2.3832e-01	
 2.3612e-01	
 2.3678e-01	
 2.3915e-01	
 2.3658e-01	
 2.3829e-01	
 2.3629e-01	
 2.3976e-01	
 2.3764e-01	
 2.3492e-01	
 2.2930e-01	
 2.4149e-01	
 2.3892e-01	
 2.3885e-01	
 2.3923e-01	
 2.3574e-01	
 2.3281e-01	
 2.3898e-01	
 2.3872e-01	
 2.3380e-01	
 2.3565e-01	
 2.3368e-01	
 2.4172e-01	
 2.3939e-01	
 2.3863e-01	
 2.3909e-01	
 2.3720e-01	
 2.3708e-01	
 2.3801e-01	
 2.3685e-01	
 2.3651e-01	
 2.3539e-01	
 2.5229e-01	
 2.5097e-01	
 2.6362e-01	
 2.4044e-01	
 2.3464e-01	
 2.3724e-01	
 2.4069e-01	
 2.4434e-01	
 2.4164e-01	
 2.4479e-01	
 2.3714e-01	
 2.3509e-01	
 2.3388e-01	
 2.3368e-01	
 2.3410e-01	
 2.4085e-01	
 2.3881e-01	
 2.3668e-01	
 2.3348e-01	
 2.3165e-01	
 2.3260e-01	
 2.2976e-01	
 2.3632e-01	
 2.3515e-01	
 2.3817e-01	
 2.4235e-01	
 2.3237e-01	
 2.3715e-01	
 2.3718e-01	
 2.3353e-01	
 2.3646e-01	
 2.4443e-01	
 2.4037e-01	
 2.3391e-01	
 2.3556e-01	
 2.3480e-01	
 2.3480e-01	
 2.4032e-01	
 2.3271e-01	
 2.3378e-01	
 2.3309e-01	
 2.3626e-01	
 2.3888e-01	
 2.3531e-01	
 2.3819e-01	
 2.3213e-01	
 2.3602e-01	
 2.3792e-01	
 2.3800e-01	
 2.3552e-01	
 2.3642e-01	
 2.4024e-01	
 2.3194e-01	
 2.3802e-01	
 2.3346e-01	
 2.3792e-01	
 2.3384e-01	
 2.4024e-01	
 2.4052e-01	
 2.3224e-01	
 2.3586e-01	
 2.3812e-01	
 2.3192e-01	
 2.3611e-01	
 2.3547e-01	
 2.3149e-01	
 2.2983e-01	
 2.3463e-01	
 2.3667e-01	
 2.3446e-01	
 2.3546e-01	
 2.4239e-01	
 2.3800e-01	
 2.3412e-01	
 2.3552e-01	
 2.3703e-01	
 2.3659e-01	
 2.3900e-01	
 2.3666e-01	
 2.3386e-01	
 2.3394e-01	
 2.3582e-01	
 2.4165e-01	
 2.3851e-01	
 2.3836e-01	
 2.3600e-01	
 2.3531e-01	
 2.3657e-01	
 2.3561e-01	
 2.3499e-01	
 2.3922e-01	
 2.3664e-01	
 2.3796e-01	
 2.3827e-01	
 2.3255e-01	
 2.3540e-01	
 2.3830e-01	
 2.3592e-01	
 2.3730e-01	
 2.4159e-01	
 2.4097e-01	
 2.3662e-01	
 2.3240e-01	
 2.3532e-01	
 2.4259e-01	
 2.3474e-01	
 2.3270e-01	
 2.3222e-01	
 2.3886e-01	
 2.3052e-01	
 2.4017e-01	
 2.3617e-01	
 2.3365e-01	
 2.3340e-01	
 2.3133e-01	
 2.3260e-01	
 2.3432e-01	
 2.3850e-01	
 2.4103e-01	
 2.4416e-01	
 2.3544e-01	
 2.3754e-01	
 2.3148e-01	
 2.3465e-01	
 2.3016e-01	
 2.3592e-01	
 2.3535e-01	
 2.3197e-01	
 2.3508e-01	
 2.3851e-01	
 2.3777e-01	
 2.3385e-01	
 2.3904e-01	
 2.3948e-01	
 2.3950e-01	
 2.3538e-01	
 2.3497e-01	
 2.3838e-01	
 2.3329e-01	
 2.3112e-01	
 2.3456e-01	
 2.3516e-01	
 2.3803e-01	
 2.3655e-01	
 2.3465e-01	
 2.3882e-01	
 2.4050e-01	
 2.3777e-01	
 2.3503e-01	
 2.3236e-01	
 2.3302e-01	
 2.3135e-01	
 2.3819e-01	
 2.3980e-01	
 2.3970e-01	
 2.3271e-01	
 2.3123e-01	
 2.3487e-01	
 2.3436e-01	
 2.3459e-01	
 2.3149e-01	
 2.3928e-01	
 2.3691e-01	
 2.3691e-01	
 2.3368e-01	
 2.3017e-01	
 2.4099e-01	
 2.3899e-01	
 2.3529e-01	
 2.2832e-01	
 2.3363e-01	
 2.3635e-01	
 2.3813e-01	
 2.3134e-01	
 2.3864e-01	
 2.3672e-01	
 2.3165e-01	
 2.3584e-01	
 2.3725e-01	
 2.3439e-01	
 2.3631e-01	
 2.3281e-01	
 2.3268e-01	
 2.3731e-01	
 2.3613e-01	
 2.2909e-01	
 2.3497e-01	
 2.3254e-01	
 2.3371e-01	
 2.3729e-01	
 2.3708e-01	
 2.2901e-01	
 2.3325e-01	
 2.3304e-01	
 2.3297e-01	
 2.2998e-01	
 2.2977e-01	
 2.3606e-01	
 2.4056e-01	
 2.3415e-01	
 2.3744e-01	
 2.2956e-01	
 2.3384e-01	
 2.2990e-01	
 2.4419e-01	
 2.3397e-01	
 2.3117e-01	
 2.3645e-01	
 2.2915e-01	
 2.3844e-01	
 2.2900e-01	
 2.3346e-01	
 2.3442e-01	
 2.3252e-01	
 2.3139e-01	
 2.3663e-01	
 2.3457e-01	
 2.3452e-01	
 2.3559e-01	
 2.3430e-01	
 2.3683e-01	
 2.2992e-01	
 2.3852e-01	
 2.2756e-01	
 2.3605e-01	
 2.3608e-01	
 2.3565e-01	
 2.3773e-01	
 2.3736e-01	
 2.3330e-01	
 2.3207e-01	
 2.3432e-01	
 2.3080e-01	
 2.2664e-01	
 2.3747e-01	
 2.3817e-01	
 2.4147e-01	
 2.3466e-01	
 2.3369e-01	
 2.2657e-01	
 2.3633e-01	
 2.4233e-01	
 2.3592e-01	
 2.3229e-01	
 2.3612e-01	
 2.3676e-01	
 2.3698e-01	
 2.2725e-01	
 2.3202e-01	
 2.3576e-01	
 2.4012e-01	
 2.3472e-01	
 2.3617e-01	
 2.3749e-01	
 2.3180e-01	
 2.2911e-01	
 2.3277e-01	
 2.3646e-01	
 2.3658e-01	
 2.2559e-01	
 2.3308e-01	
 2.3577e-01	
 2.3621e-01	
 2.3124e-01	
 2.2983e-01	
 2.3790e-01	
 2.3311e-01	
 2.3391e-01	
 2.3333e-01	
 2.3254e-01	
 2.3704e-01	
 2.3655e-01	
 2.3156e-01	
 2.3537e-01	
 2.3167e-01	
 2.3507e-01	
 2.3632e-01	
 2.3229e-01	
 2.2840e-01	
 2.2332e-01	
 2.3243e-01	
 2.3945e-01	
 2.2831e-01	
 2.3504e-01	
 2.3167e-01	
 2.3523e-01	
 2.2658e-01	
 2.3397e-01	
 2.3115e-01	
 2.3153e-01	
 2.3411e-01	
 2.3248e-01	
 2.3157e-01	
 2.3249e-01	
 2.3752e-01	
 2.3981e-01	
 2.3878e-01	
 2.3217e-01	
 2.3141e-01	
 2.4000e-01	
 2.3515e-01	
 2.3239e-01	
 2.3337e-01	
 2.3681e-01	
 2.3532e-01	
 2.3512e-01	
 2.3454e-01	
 2.3312e-01	
 2.3965e-01	
 2.3694e-01	
 2.3835e-01	
 2.3839e-01	
 2.3273e-01	
 2.3644e-01	
 2.3490e-01	
 2.3293e-01	
 2.2981e-01	
 2.3685e-01	
 2.3315e-01	
 2.3154e-01	
 2.3161e-01	
 2.3397e-01	
 2.4002e-01	
 2.3446e-01	
 2.3544e-01	
 2.3323e-01	
 2.3338e-01	
 2.3669e-01	
 2.3504e-01	
 2.3505e-01	
 2.3650e-01	
 2.3179e-01	
 2.3332e-01	
 2.3302e-01	
 2.3718e-01	
 2.3041e-01	
 2.3347e-01	
 2.3555e-01	
 2.3111e-01	
 2.3389e-01	
 2.3603e-01	
 2.3597e-01	
 2.3344e-01	
 2.3620e-01	
 2.3144e-01	
 2.3850e-01	
 2.2979e-01	
 2.3530e-01	
 2.3315e-01	
 2.3010e-01	
 2.3718e-01	
 2.3235e-01	
 2.2986e-01	
 2.3533e-01	
 2.3394e-01	
 2.3506e-01	
 2.3164e-01	
 2.3655e-01	
 2.3248e-01	
 2.4062e-01	
 2.3468e-01	
 2.3506e-01	
 2.2889e-01	
 2.3227e-01	
 2.3650e-01	
 2.3416e-01	
 2.3505e-01	
 2.3149e-01	
 2.3243e-01	
 2.3496e-01	
 2.3224e-01	
 2.3128e-01	
 2.3413e-01	
 2.3888e-01	
 2.3329e-01	
 2.3454e-01	
 2.3402e-01	
 2.3602e-01	
 2.3336e-01	
 2.3220e-01	
 2.3374e-01	
 2.3067e-01	
 2.4033e-01	
 2.3118e-01	
 2.3257e-01	
 2.2983e-01	
 2.3652e-01	
 2.3084e-01	
 2.2928e-01	
 2.3507e-01	
 2.3924e-01	
 2.2902e-01	
 2.3484e-01	
 2.3440e-01	
 2.3715e-01	
 2.3042e-01	
 2.3199e-01	
 2.2747e-01	
 2.3046e-01	
 2.3672e-01	
 2.3461e-01	
 2.3504e-01	
 2.3447e-01	
 2.3741e-01	
 2.3137e-01	
 2.3358e-01	
 2.3330e-01	
 2.3258e-01	
 2.4033e-01	
 2.3671e-01	
 2.3328e-01	
 2.2658e-01	
 2.3728e-01	
 2.2776e-01	
 2.2907e-01	
 2.3513e-01	
 2.3087e-01	
 2.3273e-01	
 2.3425e-01	
 2.3024e-01	
 2.3410e-01	
 2.3246e-01	
 2.3130e-01	
 2.3621e-01	
 2.3229e-01	
 2.3259e-01	
 2.3697e-01	
 2.2966e-01	
 2.3413e-01	
 2.3059e-01	
 2.3288e-01	
 2.3383e-01	
 2.3046e-01	
 2.3836e-01	
 2.3249e-01	
 2.3520e-01	
 2.3552e-01	
 2.3257e-01	
 2.3238e-01	
 2.3470e-01	
 2.3454e-01	
 2.3565e-01	
 2.3862e-01	
 2.3109e-01	
 2.3322e-01	
 2.2875e-01	
 2.3443e-01	
 2.3325e-01	
 2.3211e-01	
 2.3181e-01	
 2.3396e-01	
 2.3321e-01	
 2.3070e-01	
 2.2976e-01	
 2.3395e-01	
 2.3196e-01	
 2.3652e-01	
 2.2882e-01	
 2.3363e-01	
 2.2832e-01	
 2.3167e-01	
 2.3207e-01	
 2.3103e-01	
 2.3014e-01	
 2.3339e-01	
 2.2593e-01	
 2.3604e-01	
 2.3413e-01	
 2.2738e-01	
 2.2737e-01	
 2.3257e-01	
 2.3242e-01	
 2.3434e-01	
 2.2901e-01	
 2.3233e-01	
 2.3170e-01	
 2.3566e-01	
 2.3485e-01	
 2.3289e-01	
 2.3217e-01	
 2.2919e-01	
 2.3619e-01	
 2.3109e-01	
 2.3268e-01	
 2.3396e-01	
 2.2955e-01	
 2.3500e-01	
 2.3266e-01	
 2.3035e-01	
 2.3376e-01	
 2.3433e-01	
 2.3400e-01	
 2.3476e-01	
 2.2950e-01	
 2.3787e-01	
 2.3242e-01	
 2.3071e-01	
 2.2948e-01	
 2.3253e-01	
 2.3416e-01	
 2.3800e-01	
 2.2895e-01	
 2.3502e-01	
 2.3221e-01	
 2.3140e-01	
 2.2655e-01	
 2.3258e-01	
 2.3076e-01	
 2.3729e-01	
 2.2949e-01	
 2.3160e-01	
 2.3187e-01	
 2.3139e-01	
 2.3382e-01	
 2.2618e-01	
 2.3450e-01	
 2.2673e-01	
 2.2996e-01	
 2.2913e-01	
 2.3362e-01	
 2.3071e-01	
 2.3341e-01	
 2.3484e-01	
 2.3510e-01	
 2.2925e-01	
 2.3273e-01	
 2.3344e-01	
 2.3184e-01	
 2.3560e-01	
 2.3206e-01	
 2.3042e-01	
 2.3457e-01	
 2.3207e-01	
 2.3204e-01	
 2.3216e-01	
 2.3311e-01	
 2.2721e-01	
 2.3240e-01	
 2.3233e-01	
 2.3256e-01	
 2.2922e-01	
 2.3186e-01	
 2.2417e-01	
 2.3093e-01	
 2.3319e-01	
 2.3539e-01	
 2.3469e-01	
 2.3075e-01	
 2.2826e-01	
 2.3013e-01	
 2.2945e-01	
 2.2742e-01	
 2.2727e-01	
 2.2772e-01	
 2.2592e-01	
 2.3445e-01	
 2.2712e-01	
 2.3250e-01	
 2.2804e-01	
 2.2451e-01	
 2.3086e-01	
 2.2974e-01	
 2.3673e-01	
 2.3239e-01	
 2.3003e-01	
 2.3470e-01	
 2.3023e-01	
 2.3164e-01	
 2.4114e-01	
 2.2528e-01	
 2.3185e-01	
 2.3206e-01	
 2.3372e-01	
 2.3085e-01	
 2.3151e-01	
 2.3205e-01	
 2.2832e-01	
 2.3172e-01	
 2.3218e-01	
 2.3232e-01	
 2.2732e-01	
 2.2841e-01	
 2.3272e-01	
 2.3444e-01	
 2.3035e-01	
 2.3162e-01	
 2.3334e-01	
 2.3099e-01	
 2.2977e-01	
 2.3291e-01	
 2.3715e-01	
 2.2757e-01	
 2.2612e-01	
 2.2961e-01	
 2.2726e-01	
 2.3421e-01	
 2.2966e-01	
 2.3158e-01	
 2.3834e-01	
 2.2975e-01	
 2.2567e-01	
 2.2334e-01	
 2.3420e-01	
 2.2849e-01	
 2.3320e-01	
 2.3263e-01	
 2.3164e-01	
 2.2920e-01	
 2.3785e-01	
 2.2886e-01	
 2.3467e-01	
 2.3060e-01	
 2.3528e-01	
 2.2957e-01	
 2.3399e-01	
 2.2433e-01	
 2.3044e-01	
 2.2718e-01	
 2.3455e-01	
 2.3229e-01	
 2.2823e-01	
 2.2610e-01	
 2.3438e-01	
 2.4070e-01	
 2.3607e-01	
 2.3751e-01	
 2.3366e-01	
 2.3158e-01	
 2.3353e-01	
 2.3259e-01	
 2.3662e-01	
 2.3564e-01	
 2.3136e-01	
 2.3287e-01	
 2.3195e-01	
 2.3091e-01	
 2.2656e-01	
 2.3358e-01	
 2.3392e-01	
 2.3252e-01	
 2.3242e-01	
 2.2707e-01	
 2.3183e-01	
 2.3179e-01	
 2.2662e-01	
 2.3622e-01	
 2.3452e-01	
 2.2967e-01	
 2.2887e-01	
 2.3153e-01	
 2.3224e-01	
 2.3158e-01	
 2.3064e-01	
 2.2948e-01	
 2.3142e-01	
 2.3037e-01	
 2.3107e-01	
 2.3486e-01	
 2.2980e-01	
 2.3335e-01	
 2.3086e-01	
 2.2381e-01	
 2.2835e-01	
 2.2772e-01	
 2.2738e-01	
 2.3185e-01	
 2.2470e-01	
 2.3365e-01	
 2.3005e-01	
 2.3610e-01	
 2.2669e-01	
 2.3332e-01	
 2.2750e-01	
 2.2849e-01	
 2.2924e-01	
 2.3601e-01	
 2.3467e-01	
 2.3454e-01	
 2.3209e-01	
 2.2821e-01	
 2.2961e-01	
 2.2986e-01	
 2.3143e-01	
 2.3607e-01	
 2.2993e-01	
 2.3245e-01	
 2.2956e-01	
 2.3402e-01	
 2.3078e-01	
 2.2916e-01	
 2.3091e-01	
 2.3006e-01	
 2.3153e-01	
 2.2886e-01	
 2.3023e-01	
 2.2953e-01	
 2.2845e-01	
 2.3294e-01	
 2.2837e-01	
 2.2946e-01	
 2.3009e-01	
 2.3409e-01	
 2.3551e-01	
 2.2747e-01	
 2.2685e-01	
 2.2928e-01	
 2.3653e-01	
 2.3319e-01	
 2.2354e-01	
 2.2614e-01	
 2.3065e-01	
 2.2978e-01	
 2.3398e-01	
 2.2679e-01	
 2.2995e-01	
 2.2859e-01	
 2.3318e-01	
 2.3151e-01	
 2.3465e-01	
 2.3042e-01	
 2.3057e-01	
 2.2779e-01	
 2.3294e-01	
 2.3117e-01	
 2.3367e-01	
 2.3288e-01	
 2.2945e-01	
 2.3713e-01	
 2.3460e-01	
 2.2909e-01	
 2.3829e-01	
 2.3531e-01	
 2.3367e-01	
 2.2732e-01	
 2.3356e-01	
 2.3831e-01	
 2.3381e-01	
 2.3577e-01	
 2.3117e-01	
 2.2913e-01	
 2.3277e-01	
 2.2919e-01	
 2.3391e-01	
 2.3596e-01	
 2.3187e-01	
 2.3462e-01	
 2.3322e-01	
 2.3183e-01	
 2.3477e-01	
 2.3166e-01	
 2.2776e-01	
 2.3188e-01	
 2.2589e-01	
 2.3308e-01	
 2.3105e-01	
 2.3517e-01	
 2.3066e-01	
 2.2739e-01	
 2.3096e-01	
 2.3370e-01	
 2.2630e-01	
 2.2588e-01	
 2.3030e-01	
 2.3622e-01	
 2.3686e-01	
 2.3180e-01	
 2.2775e-01	
 2.3226e-01	
 2.3478e-01	
 2.2913e-01	
 2.2777e-01	
 2.2836e-01	
 2.2585e-01	
 2.3147e-01	
 2.2935e-01	
 2.2504e-01	
 2.2992e-01	
 2.3426e-01	
 2.3226e-01	
 2.3263e-01	
 2.3446e-01	
 2.2815e-01	
 2.2675e-01	
 2.3134e-01	
 2.2950e-01	
 2.2692e-01	
 2.3162e-01	
 2.3142e-01	
 2.3027e-01	
 2.3061e-01	
 2.2571e-01	
 2.2855e-01	
 2.2225e-01	
 2.3548e-01	
 2.3426e-01	
 2.3042e-01	
 2.3097e-01	
 2.3130e-01	
 2.3460e-01	
 2.3731e-01	
 2.2791e-01	
 2.3236e-01	
 2.2934e-01	
 2.3225e-01	
 2.2950e-01	
 2.3208e-01	
 2.2780e-01	
 2.3114e-01	
 2.2774e-01	
 2.2542e-01	
 2.2950e-01	
 2.3291e-01	
 2.2872e-01	
 2.2853e-01	
 2.3152e-01	
 2.3186e-01	
 2.3552e-01	
 2.3233e-01	
 2.3404e-01	
 2.2929e-01	
 2.3600e-01	
 2.2584e-01	
 2.3099e-01	
 2.2900e-01	
 2.3280e-01	
 2.3286e-01	
 2.3076e-01	
 2.2987e-01	
 2.2967e-01	
 2.3095e-01	
 2.3485e-01	
 2.2863e-01	
 2.3110e-01	
 2.2674e-01	
 2.2892e-01	
 2.3391e-01	
 2.2919e-01	
 2.2394e-01	
 2.3440e-01	
 2.2712e-01	
 2.2496e-01	
 2.2700e-01	
 2.3193e-01	
 2.2825e-01	
 2.3200e-01	
 2.3554e-01	
 2.2448e-01	
 2.3487e-01	
 2.3256e-01	
 2.3159e-01	
 2.3298e-01	
 2.3414e-01	
 2.3606e-01	
 2.3050e-01	
 2.2867e-01	
 2.2909e-01	
 2.3207e-01	
 2.3051e-01	
 2.3265e-01	
 2.2791e-01	
 2.3170e-01	
 2.3141e-01	
 2.3443e-01	
 2.3432e-01	
 2.3610e-01	
 2.2577e-01	
 2.2824e-01	
 2.2703e-01	
 2.3065e-01	
 2.2704e-01	
 2.2852e-01	
 2.3265e-01	
 2.3121e-01	
 2.2404e-01	
 2.2689e-01	
 2.2706e-01	
 2.3226e-01	
 2.2906e-01	
 2.3127e-01	
 2.2746e-01	
 2.2560e-01	
 2.3703e-01	
 2.3113e-01	
 2.3124e-01	
 2.2744e-01	
 2.3104e-01	
 2.2837e-01	
 2.2998e-01	
 2.2879e-01	
 2.3742e-01	
 2.3416e-01	
 2.3069e-01	
 2.2488e-01	
 2.2468e-01	
 2.2263e-01	
 2.3048e-01	
 2.2842e-01	
 2.2919e-01	
 2.2635e-01	
 2.3655e-01	
 2.3244e-01	
 2.3529e-01	
 2.2542e-01	
 2.3056e-01	
 2.2765e-01	
 2.3265e-01	
 2.3304e-01	
 2.3110e-01	
 2.3524e-01	
 2.3393e-01	
 2.2976e-01	
 2.3113e-01	
 2.2477e-01	
 2.3094e-01	
 2.3487e-01	
 2.3016e-01	
 2.2497e-01	
 2.3080e-01	
 2.3017e-01	
 2.2796e-01	
 2.2811e-01	
 2.3337e-01	
 2.2964e-01	
 2.3116e-01	
 2.2934e-01	
 2.3230e-01	
 2.2969e-01	
 2.2750e-01	
 2.2448e-01	
 2.3468e-01	
 2.2952e-01	
 2.3196e-01	
 2.3261e-01	
 2.2818e-01	
 2.2570e-01	
 2.3207e-01	
 2.3231e-01	
 2.2897e-01	
 2.2955e-01	
 2.2740e-01	
 2.3244e-01	
 2.3255e-01	
 2.3115e-01	
 2.3220e-01	
 2.3157e-01	
 2.2969e-01	
 2.3217e-01	
 2.2856e-01	
 2.2843e-01	
 2.2668e-01	
 2.4503e-01	
 2.4167e-01	
 2.5227e-01	
 2.2553e-01	
 2.2290e-01	
 2.2641e-01	
 2.3214e-01	
 2.3804e-01	
 2.3486e-01	
 2.3759e-01	
 2.2844e-01	
 2.2766e-01	
 2.2680e-01	
 2.2710e-01	
 2.2729e-01	
 2.3556e-01	
 2.3350e-01	
 2.3090e-01	
 2.2771e-01	
 2.2533e-01	
 2.2781e-01	
 2.2508e-01	
 2.3051e-01	
 2.3026e-01	
 2.3310e-01	
 2.3636e-01	
 2.2535e-01	
 2.3059e-01	
 2.3004e-01	
 2.2680e-01	
 2.3000e-01	
 2.3819e-01	
 2.3380e-01	
 2.2809e-01	
 2.2950e-01	
 2.2937e-01	
 2.2906e-01	
 2.3509e-01	
 2.2626e-01	
 2.2559e-01	
 2.2640e-01	
 2.3101e-01	
 2.3399e-01	
 2.2859e-01	
 2.3448e-01	
 2.2791e-01	
 2.3083e-01	
 2.3213e-01	
 2.3185e-01	
 2.2851e-01	
 2.2807e-01	
 2.3243e-01	
 2.2603e-01	
 2.3168e-01	
 2.2803e-01	
 2.3201e-01	
 2.2867e-01	
 2.3425e-01	
 2.3341e-01	
 2.2687e-01	
 2.3029e-01	
 2.3212e-01	
 2.2769e-01	
 2.2802e-01	
 2.3039e-01	
 2.2576e-01	
 2.2426e-01	
 2.2826e-01	
 2.3067e-01	
 2.2866e-01	
 2.3036e-01	
 2.3738e-01	
 2.3232e-01	
 2.2758e-01	
 2.3081e-01	
 2.3168e-01	
 2.2951e-01	
 2.3316e-01	
 2.3199e-01	
 2.2873e-01	
 2.2855e-01	
 2.2990e-01	
 2.3493e-01	
 2.3159e-01	
 2.3390e-01	
 2.3023e-01	
 2.3085e-01	
 2.3044e-01	
 2.3055e-01	
 2.2877e-01	
 2.3406e-01	
 2.2854e-01	
 2.3274e-01	
 2.3720e-01	
 2.2789e-01	
 2.2967e-01	
 2.3261e-01	
 2.3025e-01	
 2.3222e-01	
 2.3405e-01	
 2.3669e-01	
 2.2937e-01	
 2.2621e-01	
 2.3049e-01	
 2.3708e-01	
 2.2875e-01	
 2.2551e-01	
 2.2697e-01	
 2.3247e-01	
 2.2712e-01	
 2.3569e-01	
 2.3199e-01	
 2.2845e-01	
 2.2728e-01	
 2.2645e-01	
 2.2684e-01	
 2.2763e-01	
 2.3302e-01	
 2.3528e-01	
 2.3675e-01	
 2.3175e-01	
 2.3236e-01	
 2.2500e-01	
 2.2942e-01	
 2.2439e-01	
 2.2826e-01	
 2.2948e-01	
 2.2747e-01	
 2.2923e-01	
 2.3177e-01	
 2.3190e-01	
 2.2933e-01	
 2.3313e-01	
 2.3600e-01	
 2.3395e-01	
 2.3004e-01	
 2.3090e-01	
 2.3457e-01	
 2.2911e-01	
 2.2792e-01	
 2.2998e-01	
 2.2822e-01	
 2.3391e-01	
 2.3106e-01	
 2.2889e-01	
 2.3425e-01	
 2.3383e-01	
 2.3341e-01	
 2.3006e-01	
 2.2713e-01	
 2.2713e-01	
 2.2384e-01	
 2.3338e-01	
 2.3453e-01	
 2.3525e-01	
 2.2792e-01	
 2.2621e-01	
 2.2945e-01	
 2.3007e-01	
 2.2938e-01	
 2.2452e-01	
 2.3548e-01	
 2.3072e-01	
 2.3156e-01	
 2.3005e-01	
 2.2516e-01	
 2.3465e-01	
 2.3425e-01	
 2.2964e-01	
 2.2351e-01	
 2.2892e-01	
 2.3285e-01	
 2.3276e-01	
 2.2518e-01	
 2.3382e-01	
 2.3144e-01	
 2.2612e-01	
 2.3227e-01	
 2.3163e-01	
 2.2814e-01	
 2.3032e-01	
 2.2605e-01	
 2.2788e-01	
 2.3268e-01	
 2.3099e-01	
 2.2399e-01	
 2.3016e-01	
 2.2708e-01	
 2.2960e-01	
 2.3256e-01	
 2.3125e-01	
 2.2539e-01	
 2.2766e-01	
 2.2894e-01	
 2.2792e-01	
 2.2515e-01	
 2.2478e-01	
 2.3237e-01	
 2.3493e-01	
 2.3066e-01	
 2.3348e-01	
 2.2549e-01	
 2.2928e-01	
 2.2540e-01	
 2.3751e-01	
 2.2920e-01	
 2.2814e-01	
 2.3198e-01	
 2.2436e-01	
 2.3400e-01	
 2.2471e-01	
 2.2925e-01	
 2.2952e-01	
 2.2849e-01	
 2.2656e-01	
 2.3130e-01	
 2.3006e-01	
 2.3064e-01	
 2.3070e-01	
 2.2851e-01	
 2.3170e-01	
 2.2668e-01	
 2.3317e-01	
 2.2211e-01	
 2.3119e-01	
 2.3133e-01	
 2.2972e-01	
 2.3461e-01	
 2.3309e-01	
 2.2917e-01	
 2.2877e-01	
 2.2869e-01	
 2.2393e-01	
 2.2282e-01	
 2.3252e-01	
 2.3285e-01	
 2.3550e-01	
 2.3071e-01	
 2.2830e-01	
 2.2188e-01	
 2.2993e-01	
 2.3864e-01	
 2.3259e-01	
 2.2682e-01	
 2.3171e-01	
 2.3025e-01	
 2.3357e-01	
 2.2323e-01	
 2.2768e-01	
 2.3061e-01	
 2.3548e-01	
 2.3089e-01	
 2.3066e-01	
 2.3230e-01	
 2.2732e-01	
 2.2628e-01	
 2.2922e-01	
 2.3248e-01	
 2.3220e-01	
 2.2135e-01	
 2.2933e-01	
 2.3090e-01	
 2.3349e-01	
 2.2840e-01	
 2.2376e-01	
 2.3151e-01	
 2.2911e-01	
 2.2942e-01	
 2.2895e-01	
 2.2744e-01	
 2.3183e-01	
 2.3108e-01	
 2.2564e-01	
 2.2932e-01	
 2.2784e-01	
 2.2957e-01	
 2.3318e-01	
 2.2687e-01	
 2.2428e-01	
 2.1799e-01	
 2.2881e-01	
 2.3514e-01	
 2.2505e-01	
 2.3078e-01	
 2.2770e-01	
 2.3100e-01	
 2.2384e-01	
 2.2928e-01	
 2.2693e-01	
 2.2690e-01	
 2.2959e-01	
 2.2806e-01	
 2.2673e-01	
 2.2901e-01	
 2.3256e-01	
 2.3598e-01	
 2.3451e-01	
 2.2774e-01	
 2.2738e-01	
 2.3612e-01	
 2.3036e-01	
 2.2792e-01	
 2.2889e-01	
 2.3085e-01	
 2.3166e-01	
 2.3157e-01	
 2.3053e-01	
 2.2707e-01	
 2.3650e-01	
 2.3219e-01	
 2.3477e-01	
 2.3379e-01	
 2.3075e-01	
 2.3257e-01	
 2.3052e-01	
 2.2910e-01	
 2.2443e-01	
 2.3295e-01	
 2.2903e-01	
 2.2673e-01	
 2.2889e-01	
 2.3068e-01	
 2.3706e-01	
 2.3204e-01	
 2.3010e-01	
 2.2836e-01	
 2.2822e-01	
 2.3236e-01	
 2.3034e-01	
 2.3089e-01	
 2.3357e-01	
 2.2963e-01	
 2.3024e-01	
 2.2892e-01	
 2.3258e-01	
 2.2633e-01	
 2.3012e-01	
 2.3241e-01	
 2.2870e-01	
 2.3064e-01	
 2.3195e-01	
 2.3234e-01	
 2.3073e-01	
 2.3190e-01	
 2.3135e-01	
 2.3447e-01	
 2.2709e-01	
 2.3045e-01	
 2.2857e-01	
 2.2632e-01	
 2.3277e-01	
 2.2779e-01	
 2.2494e-01	
 2.3249e-01	
 2.2990e-01	
 2.3162e-01	
 2.2879e-01	
 2.3212e-01	
 2.2977e-01	
 2.3538e-01	
 2.3223e-01	
 2.3118e-01	
 2.2389e-01	
 2.2910e-01	
 2.3121e-01	
 2.3083e-01	
 2.3040e-01	
 2.2826e-01	
 2.2934e-01	
 2.3084e-01	
 2.2892e-01	
 2.2798e-01	
 2.3256e-01	
 2.3556e-01	
 2.3066e-01	
 2.3151e-01	
 2.3025e-01	
 2.3132e-01	
 2.2993e-01	
 2.2899e-01	
 2.3000e-01	
 2.2772e-01	
 2.3591e-01	
 2.2704e-01	
 2.2786e-01	
 2.2797e-01	
 2.3452e-01	
 2.2761e-01	
 2.2538e-01	
 2.3108e-01	
 2.3479e-01	
 2.2436e-01	
 2.3191e-01	
 2.2938e-01	
 2.3284e-01	
 2.2807e-01	
 2.2916e-01	
 2.2298e-01	
 2.2668e-01	
 2.3398e-01	
 2.3090e-01	
 2.3042e-01	
 2.3163e-01	
 2.3482e-01	
 2.2910e-01	
 2.3070e-01	
 2.2943e-01	
 2.2942e-01	
 2.3694e-01	
 2.3474e-01	
 2.3024e-01	
 2.2287e-01	
 2.3364e-01	
 2.2530e-01	
 2.2844e-01	
 2.3265e-01	
 2.2767e-01	
 2.2932e-01	
 2.3019e-01	
 2.2729e-01	
 2.3029e-01	
 2.2781e-01	
 2.2713e-01	
 2.3385e-01	
 2.2899e-01	
 2.2942e-01	
 2.3450e-01	
 2.2523e-01	
 2.3038e-01	
 2.2675e-01	
 2.2934e-01	
 2.3061e-01	
 2.2558e-01	
 2.3642e-01	
 2.2949e-01	
 2.3191e-01	
 2.3254e-01	
 2.2932e-01	
 2.2972e-01	
 2.2910e-01	
 2.3273e-01	
 2.2990e-01	
 2.3552e-01	
 2.2832e-01	
 2.2974e-01	
 2.2557e-01	
 2.3071e-01	
 2.3135e-01	
 2.2648e-01	
 2.2805e-01	
 2.3077e-01	
 2.2927e-01	
 2.2593e-01	
 2.2647e-01	
 2.3096e-01	
 2.2990e-01	
 2.3274e-01	
 2.2651e-01	
 2.3163e-01	
 2.2430e-01	
 2.3002e-01	
 2.2832e-01	
 2.2857e-01	
 2.2734e-01	
 2.3001e-01	
 2.2097e-01	
 2.3217e-01	
 2.3175e-01	
 2.2454e-01	
 2.2510e-01	
 2.2978e-01	
 2.2781e-01	
 2.3232e-01	
 2.2620e-01	
 2.3014e-01	
 2.2773e-01	
 2.3179e-01	
 2.3182e-01	
 2.2951e-01	
 2.3014e-01	
 2.2598e-01	
 2.3388e-01	
 2.2759e-01	
 2.3112e-01	
 2.3143e-01	
 2.2603e-01	
 2.3074e-01	
 2.2749e-01	
 2.2685e-01	
 2.3017e-01	
 2.3072e-01	
 2.3083e-01	
 2.3030e-01	
 2.2704e-01	
 2.3433e-01	
 2.3064e-01	
 2.2754e-01	
 2.2642e-01	
 2.3093e-01	
 2.2978e-01	
 2.3481e-01	
 2.2441e-01	
 2.3240e-01	
 2.2988e-01	
 2.2941e-01	
 2.2345e-01	
 2.2926e-01	
 2.2755e-01	
 2.3434e-01	
 2.2710e-01	
 2.2823e-01	
 2.2972e-01	
 2.3004e-01	
 2.3022e-01	
 2.2256e-01	
 2.2974e-01	
 2.2522e-01	
 2.2658e-01	
 2.2742e-01	
 2.3085e-01	
 2.2882e-01	
 2.3071e-01	
 2.3176e-01	
 2.3279e-01	
 2.2489e-01	
 2.3009e-01	
 2.2897e-01	
 2.2911e-01	
 2.3182e-01	
 2.2822e-01	
 2.2687e-01	
 2.3079e-01	
 2.2903e-01	
 2.2861e-01	
 2.2869e-01	
 2.2845e-01	
 2.2419e-01	
 2.2672e-01	
 2.2933e-01	
 2.2992e-01	
 2.2786e-01	
 2.2853e-01	
 2.2292e-01	
 2.2725e-01	
 2.3023e-01	
 2.3145e-01	
 2.3367e-01	
 2.2798e-01	
 2.2576e-01	
 2.2722e-01	
 2.2661e-01	
 2.2468e-01	
 2.2322e-01	
 2.2332e-01	
 2.2232e-01	
 2.3121e-01	
 2.2399e-01	
 2.2922e-01	
 2.2562e-01	
 2.2087e-01	
 2.2899e-01	
 2.2612e-01	
 2.3457e-01	
 2.3010e-01	
 2.2815e-01	
 2.3220e-01	
 2.2656e-01	
 2.2669e-01	
 2.3801e-01	
 2.2322e-01	
 2.2879e-01	
 2.2884e-01	
 2.3211e-01	
 2.2742e-01	
 2.2846e-01	
 2.3012e-01	
 2.2486e-01	
 2.2853e-01	
 2.2917e-01	
 2.3119e-01	
 2.2422e-01	
 2.2535e-01	
 2.2879e-01	
 2.3178e-01	
 2.2750e-01	
 2.2957e-01	
 2.3152e-01	
 2.2743e-01	
 2.2680e-01	
 2.3057e-01	
 2.3406e-01	
 2.2519e-01	
 2.2416e-01	
 2.2686e-01	
 2.2149e-01	
 2.3016e-01	
 2.2496e-01	
 2.2829e-01	
 2.3435e-01	
 2.2618e-01	
 2.2216e-01	
 2.2022e-01	
 2.3175e-01	
 2.2662e-01	
 2.3097e-01	
 2.2973e-01	
 2.2587e-01	
 2.2672e-01	
 2.3670e-01	
 2.2698e-01	
 2.3161e-01	
 2.2774e-01	
 2.3242e-01	
 2.2815e-01	
 2.3261e-01	
 2.2188e-01	
 2.2855e-01	
 2.2435e-01	
 2.3248e-01	
 2.2996e-01	
 2.2580e-01	
 2.2352e-01	
 2.3151e-01	
 2.3606e-01	
 2.3477e-01	
 2.3424e-01	
 2.3057e-01	
 2.2891e-01	
 2.2969e-01	
 2.3028e-01	
 2.3287e-01	
 2.3225e-01	
 2.2774e-01	
 2.3050e-01	
 2.2908e-01	
 2.2803e-01	
 2.2405e-01	
 2.3070e-01	
 2.3153e-01	
 2.2977e-01	
 2.2973e-01	
 2.2376e-01	
 2.2864e-01	
 2.2944e-01	
 2.2488e-01	
 2.3433e-01	
 2.3162e-01	
 2.2844e-01	
 2.2680e-01	
 2.3051e-01	
 2.2811e-01	
 2.3091e-01	
 2.2719e-01	
 2.2775e-01	
 2.3037e-01	
 2.2940e-01	
 2.2717e-01	
 2.3219e-01	
 2.2584e-01	
 2.3055e-01	
 2.2828e-01	
 2.2153e-01	
 2.2477e-01	
 2.2538e-01	
 2.2280e-01	
 2.2837e-01	
 2.2278e-01	
 2.3095e-01	
 2.2765e-01	
 2.3317e-01	
 2.2178e-01	
 2.3157e-01	
 2.2461e-01	
 2.2642e-01	
 2.2530e-01	
 2.3356e-01	
 2.3215e-01	
 2.3217e-01	
 2.2987e-01	
 2.2558e-01	
 2.2844e-01	
 2.2702e-01	
 2.2857e-01	
 2.3355e-01	
 2.2680e-01	
 2.3015e-01	
 2.2905e-01	
 2.3156e-01	
 2.2888e-01	
 2.2646e-01	
 2.2870e-01	
 2.2693e-01	
 2.2877e-01	
 2.2576e-01	
 2.2833e-01	
 2.2711e-01	
 2.2598e-01	
 2.3039e-01	
 2.2683e-01	
 2.2607e-01	
 2.2790e-01	
 2.3270e-01	
 2.3371e-01	
 2.2515e-01	
 2.2561e-01	
 2.2728e-01	
 2.3402e-01	
 2.2940e-01	
 2.1976e-01	
 2.2377e-01	
 2.2702e-01	
 2.2656e-01	
 2.3278e-01	
 2.2444e-01	
 2.2711e-01	
 2.2718e-01	
 2.2916e-01	
 2.3006e-01	
 2.3124e-01	
 2.2655e-01	
 2.2710e-01	
 2.2462e-01	
 2.3021e-01	
 2.2873e-01	
 2.3128e-01	
 2.3218e-01	
 2.2577e-01	
 2.3458e-01	
 2.3271e-01	
 2.2710e-01	
 2.3512e-01	
 2.3286e-01	
 2.3268e-01	
 2.2498e-01	
 2.3018e-01	
 2.3486e-01	
 2.3122e-01	
 2.3402e-01	
 2.3029e-01	
 2.2617e-01	
 2.2931e-01	
 2.2601e-01	
 2.3155e-01	
 2.3152e-01	
 2.2982e-01	
 2.3144e-01	
 2.3155e-01	
 2.3026e-01	
 2.3192e-01	
 2.2825e-01	
 2.2447e-01	
 2.3082e-01	
 2.2376e-01	
 2.3103e-01	
 2.2888e-01	
 2.3191e-01	
 2.2834e-01	
 2.2493e-01	
 2.2892e-01	
 2.3192e-01	
 2.2489e-01	
 2.2292e-01	
 2.2791e-01	
 2.3320e-01	
 2.3435e-01	
 2.2755e-01	
 2.2451e-01	
 2.2872e-01	
 2.3212e-01	
 2.2672e-01	
 2.2608e-01	
 2.2593e-01	
 2.2478e-01	
 2.2952e-01	
 2.2802e-01	
 2.2390e-01	
 2.2736e-01	
 2.3053e-01	
 2.2975e-01	
 2.2923e-01	
 2.3283e-01	
 2.2472e-01	
 2.2359e-01	
 2.2958e-01	
 2.2769e-01	
 2.2338e-01	
 2.2880e-01	
 2.2891e-01	
 2.2838e-01	
 2.2696e-01	
 2.2266e-01	
 2.2681e-01	
 2.1941e-01	
 2.3245e-01	
 2.3060e-01	
 2.2850e-01	
 2.2809e-01	
 2.2854e-01	
 2.3078e-01	
 2.3416e-01	
 2.2656e-01	
 2.2974e-01	
 2.2740e-01	
 2.3006e-01	
 2.2688e-01	
 2.2922e-01	
 2.2493e-01	
 2.2843e-01	
 2.2589e-01	
 2.2240e-01	
 2.2723e-01	
 2.3144e-01	
 2.2543e-01	
 2.2668e-01	
 2.2824e-01	
 2.3092e-01	
 2.3436e-01	
 2.3068e-01	
 2.3296e-01	
 2.2688e-01	
 2.3291e-01	
 2.2417e-01	
 2.2963e-01	
 2.2768e-01	
 2.2956e-01	
 2.3052e-01	
 2.2871e-01	
 2.2770e-01	
 2.2752e-01	
 2.2979e-01	
 2.3169e-01	
 2.2649e-01	
 2.2887e-01	
 2.2493e-01	
 2.2688e-01	
 2.3125e-01	
 2.2866e-01	
 2.2074e-01	
 2.3024e-01	
 2.2351e-01	
 2.2234e-01	
 2.2593e-01	
 2.3108e-01	
 2.2829e-01	
 2.3241e-01	
 2.3407e-01	
 2.2381e-01	
 2.3407e-01	
 2.3002e-01	
 2.2985e-01	
 2.2980e-01	
 2.3298e-01	
 2.3453e-01	
 2.2840e-01	
 2.2748e-01	
 2.2728e-01	
 2.2988e-01	
 2.2725e-01	
 2.3127e-01	
 2.2629e-01	
 2.2917e-01	
 2.3033e-01	
 2.3255e-01	
 2.3300e-01	
 2.3492e-01	
 2.2503e-01	
 2.2849e-01	
 2.2543e-01	
 2.2689e-01	
 2.2637e-01	
 2.2629e-01	
 2.3143e-01	
 2.2879e-01	
 2.2190e-01	
 2.2430e-01	
 2.2248e-01	
 2.3056e-01	
 2.2907e-01	
 2.3065e-01	
 2.2583e-01	
 2.2446e-01	
 2.3251e-01	
 2.2922e-01	
 2.2992e-01	
 2.2655e-01	
 2.2930e-01	
 2.2647e-01	
 2.2882e-01	
 2.2873e-01	
 2.3546e-01	
 2.3226e-01	
 2.2780e-01	
 2.2495e-01	
 2.2224e-01	
 2.2136e-01	
 2.2836e-01	
 2.2457e-01	
 2.2664e-01	
 2.2413e-01	
 2.3347e-01	
 2.3080e-01	
 2.3320e-01	
 2.2259e-01	
 2.2836e-01	
 2.2427e-01	
 2.2975e-01	
 2.3220e-01	
 2.2951e-01	
 2.3357e-01	
 2.3268e-01	
 2.2788e-01	
 2.2816e-01	
 2.2428e-01	
 2.2869e-01	
 2.3293e-01	
 2.2618e-01	
 2.2342e-01	
 2.2887e-01	
 2.2765e-01	
 2.2560e-01	
 2.2659e-01	
 2.3204e-01	
 2.2722e-01	
 2.2994e-01	
 2.2739e-01	
 2.3134e-01	
 2.2874e-01	
 2.2549e-01	
 2.2114e-01	
 2.3380e-01	
 2.3071e-01	
 2.2950e-01	
 2.3135e-01	
 2.2566e-01	
 2.2414e-01	
 2.3170e-01	
 2.3064e-01	
 2.2591e-01	
 2.2689e-01	
 2.2536e-01	
 2.3085e-01	
 2.3110e-01	
 2.2971e-01	
 2.3110e-01	
 2.2975e-01	
 2.2892e-01	
 2.2969e-01	
 2.2703e-01	
 2.2689e-01	
 2.2445e-01	
 2.4107e-01	
 2.3755e-01	
 2.4911e-01	
 2.2259e-01	
 2.1952e-01	
 2.2468e-01	
 2.2707e-01	
 2.3690e-01	
 2.3340e-01	
 2.3517e-01	
 2.2600e-01	
 2.2690e-01	
 2.2422e-01	
 2.2399e-01	
 2.2512e-01	
 2.3293e-01	
 2.3134e-01	
 2.2854e-01	
 2.2613e-01	
 2.2298e-01	
 2.2733e-01	
 2.2222e-01	
 2.2951e-01	
 2.2891e-01	
 2.3002e-01	
 2.3354e-01	
 2.2346e-01	
 2.2945e-01	
 2.2890e-01	
 2.2425e-01	
 2.2834e-01	
 2.3552e-01	
 2.3335e-01	
 2.2536e-01	
 2.2689e-01	
 2.2789e-01	
 2.2680e-01	
 2.3429e-01	
 2.2359e-01	
 2.2502e-01	
 2.2485e-01	
 2.2934e-01	
 2.3177e-01	
 2.2650e-01	
 2.3230e-01	
 2.2534e-01	
 2.2944e-01	
 2.2871e-01	
 2.3213e-01	
 2.2648e-01	
 2.2759e-01	
 2.3113e-01	
 2.2553e-01	
 2.2931e-01	
 2.2624e-01	
 2.3027e-01	
 2.2634e-01	
 2.3186e-01	
 2.3044e-01	
 2.2486e-01	
 2.2883e-01	
 2.2973e-01	
 2.2553e-01	
 2.2733e-01	
 2.2767e-01	
 2.2528e-01	
 2.2221e-01	
 2.2605e-01	
 2.3096e-01	
 2.2740e-01	
 2.2700e-01	
 2.3356e-01	
 2.3142e-01	
 2.2741e-01	
 2.2908e-01	
 2.2995e-01	
 2.2795e-01	
 2.3005e-01	
 2.2852e-01	
 2.2677e-01	
 2.2481e-01	
 2.2815e-01	
 2.3351e-01	
 2.3081e-01	
 2.3146e-01	
 2.2916e-01	
 2.2660e-01	
 2.2926e-01	
 2.2824e-01	
 2.2808e-01	
 2.3158e-01	
 2.2858e-01	
 2.3118e-01	
 2.3228e-01	
 2.2563e-01	
 2.2879e-01	
 2.2973e-01	
 2.2856e-01	
 2.2965e-01	
 2.3279e-01	
 2.3606e-01	
 2.2990e-01	
 2.2366e-01	
 2.2861e-01	
 2.3682e-01	
 2.2820e-01	
 2.2401e-01	
 2.2635e-01	
 2.3157e-01	
 2.2525e-01	
 2.3341e-01	
 2.3038e-01	
 2.2871e-01	
 2.2581e-01	
 2.2468e-01	
 2.2445e-01	
 2.2449e-01	
 2.3273e-01	
 2.3428e-01	
 2.3635e-01	
 2.2942e-01	
 2.3220e-01	
 2.2313e-01	
 2.2841e-01	
 2.2196e-01	
 2.2858e-01	
 2.2790e-01	
 2.2396e-01	
 2.2678e-01	
 2.3192e-01	
 2.3061e-01	
 2.2732e-01	
 2.3214e-01	
 2.3333e-01	
 2.3212e-01	
 2.2820e-01	
 2.2917e-01	
 2.3264e-01	
 2.2865e-01	
 2.2512e-01	
 2.2724e-01	
 2.2832e-01	
 2.3066e-01	
 2.2863e-01	
 2.2684e-01	
 2.3143e-01	
 2.3396e-01	
 2.3233e-01	
 2.2730e-01	
 2.2665e-01	
 2.2625e-01	
 2.2118e-01	
 2.3287e-01	
 2.3196e-01	
 2.3340e-01	
 2.2612e-01	
 2.2331e-01	
 2.2809e-01	
 2.2876e-01	
 2.2699e-01	
 2.2292e-01	
 2.3270e-01	
 2.3217e-01	
 2.2926e-01	
 2.2880e-01	
 2.2406e-01	
 2.3510e-01	
 2.3275e-01	
 2.2992e-01	
 2.2165e-01	
 2.2621e-01	
 2.3090e-01	
 2.2946e-01	
 2.2389e-01	
 2.3200e-01	
 2.3114e-01	
 2.2618e-01	
 2.3082e-01	
 2.3010e-01	
 2.2790e-01	
 2.2897e-01	
 2.2325e-01	
 2.2594e-01	
 2.3138e-01	
 2.2906e-01	
 2.2302e-01	
 2.2723e-01	
 2.2632e-01	
 2.2792e-01	
 2.3071e-01	
 2.3024e-01	
 2.2422e-01	
 2.2732e-01	
 2.2771e-01	
 2.2747e-01	
 2.2195e-01	
 2.2513e-01	
 2.3148e-01	
 2.3318e-01	
 2.2906e-01	
 2.3203e-01	
 2.2328e-01	
 2.2755e-01	
 2.2507e-01	
 2.3550e-01	
 2.2698e-01	
 2.2530e-01	
 2.3233e-01	
 2.2301e-01	
 2.3078e-01	
 2.2403e-01	
 2.2816e-01	
 2.2791e-01	
 2.2615e-01	
 2.2573e-01	
 2.2976e-01	
 2.2849e-01	
 2.2906e-01	
 2.2940e-01	
 2.2793e-01	
 2.3115e-01	
 2.2534e-01	
 2.3331e-01	
 2.2161e-01	
 2.2982e-01	
 2.2940e-01	
 2.2762e-01	
 2.3262e-01	
 2.3116e-01	
 2.2825e-01	
 2.2887e-01	
 2.2869e-01	
 2.2358e-01	
 2.2082e-01	
 2.3198e-01	
 2.3302e-01	
 2.3473e-01	
 2.2999e-01	
 2.2872e-01	
 2.1931e-01	
 2.2813e-01	
 2.3721e-01	
 2.3031e-01	
 2.2695e-01	
 2.2950e-01	
 2.2977e-01	
 2.3184e-01	
 2.2107e-01	
 2.2560e-01	
 2.2932e-01	
 2.3407e-01	
 2.2921e-01	
 2.3122e-01	
 2.2986e-01	
 2.2600e-01	
 2.2467e-01	
 2.2727e-01	
 2.3129e-01	
 2.3184e-01	
 2.1914e-01	
 2.2723e-01	
 2.3109e-01	
 2.3072e-01	
 2.2592e-01	
 2.2424e-01	
 2.3123e-01	
 2.2666e-01	
 2.2854e-01	
 2.2757e-01	
 2.2634e-01	
 2.3027e-01	
 2.2849e-01	
 2.2548e-01	
 2.2966e-01	
 2.2507e-01	
 2.2951e-01	
 2.2965e-01	
 2.2492e-01	
 2.2283e-01	
 2.1684e-01	
 2.2820e-01	
 2.3488e-01	
 2.2289e-01	
 2.2861e-01	
 2.2550e-01	
 2.2910e-01	
 2.2033e-01	
 2.2878e-01	
 2.2631e-01	
 2.2554e-01	
 2.2833e-01	
 2.2591e-01	
 2.2661e-01	
 2.2810e-01	
 2.3179e-01	
 2.3388e-01	
 2.3292e-01	
 2.2513e-01	
 2.2675e-01	
 2.3274e-01	
 2.3011e-01	
 2.2781e-01	
 2.2742e-01	
 2.2985e-01	
 2.2912e-01	
 2.2985e-01	
 2.2963e-01	
 2.2586e-01	
 2.3417e-01	
 2.3072e-01	
 2.3351e-01	
 2.3265e-01	
 2.2809e-01	
 2.3263e-01	
 2.2878e-01	
 2.2809e-01	
 2.2326e-01	
 2.3240e-01	
 2.2685e-01	
 2.2708e-01	
 2.2745e-01	
 2.2844e-01	
 2.3471e-01	
 2.3126e-01	
 2.2854e-01	
 2.2757e-01	
 2.2739e-01	
 2.3153e-01	
 2.2980e-01	
 2.2905e-01	
 2.3149e-01	
 2.2747e-01	
 2.2821e-01	
 2.2665e-01	
 2.3028e-01	
 2.2589e-01	
 2.2888e-01	
 2.3041e-01	
 2.2591e-01	
 2.2925e-01	
 2.3003e-01	
 2.3083e-01	
 2.2856e-01	
 2.3107e-01	
 2.2635e-01	
 2.3236e-01	
 2.2701e-01	
 2.2930e-01	
 2.2834e-01	
 2.2524e-01	
 2.2990e-01	
 2.2684e-01	
 2.2463e-01	
 2.2957e-01	
 2.2924e-01	
 2.3116e-01	
 2.2606e-01	
 2.3191e-01	
 2.2745e-01	
 2.3529e-01	
 2.3013e-01	
 2.3035e-01	
 2.2309e-01	
 2.2798e-01	
 2.3031e-01	
 2.2917e-01	
 2.2865e-01	
 2.2726e-01	
 2.2891e-01	
 2.3090e-01	
 2.2844e-01	
 2.2561e-01	
 2.3030e-01	
 2.3395e-01	
 2.2743e-01	
 2.2951e-01	
 2.2874e-01	
 2.3012e-01	
 2.2777e-01	
 2.2635e-01	
 2.2876e-01	
 2.2588e-01	
 2.3467e-01	
 2.2542e-01	
 2.2632e-01	
 2.2516e-01	
 2.3240e-01	
 2.2629e-01	
 2.2482e-01	
 2.3004e-01	
 2.3211e-01	
 2.2318e-01	
 2.3261e-01	
 2.2924e-01	
 2.3170e-01	
 2.2633e-01	
 2.2710e-01	
 2.2138e-01	
 2.2562e-01	
 2.3276e-01	
 2.3087e-01	
 2.3044e-01	
 2.2983e-01	
 2.3197e-01	
 2.2737e-01	
 2.2933e-01	
 2.2927e-01	
 2.2677e-01	
 2.3495e-01	
 2.3230e-01	
 2.2753e-01	
 2.2214e-01	
 2.3342e-01	
 2.2527e-01	
 2.2653e-01	
 2.3269e-01	
 2.2710e-01	
 2.2859e-01	
 2.2989e-01	
 2.2521e-01	
 2.2958e-01	
 2.2700e-01	
 2.2641e-01	
 2.3128e-01	
 2.2677e-01	
 2.2839e-01	
 2.3481e-01	
 2.2468e-01	
 2.2877e-01	
 2.2525e-01	
 2.2932e-01	
 2.2954e-01	
 2.2490e-01	
 2.3369e-01	
 2.2924e-01	
 2.3065e-01	
 2.3148e-01	
 2.2891e-01	
 2.2746e-01	
 2.2903e-01	
 2.3176e-01	
 2.2982e-01	
 2.3352e-01	
 2.2661e-01	
 2.2911e-01	
 2.2475e-01	
 2.3039e-01	
 2.2910e-01	
 2.2585e-01	
 2.2575e-01	
 2.3018e-01	
 2.2528e-01	
 2.2598e-01	
 2.2512e-01	
 2.2998e-01	
 2.2909e-01	
 2.3235e-01	
 2.2444e-01	
 2.3138e-01	
 2.2369e-01	
 2.2715e-01	
 2.2709e-01	
 2.2675e-01	
 2.2483e-01	
 2.2869e-01	
 2.2164e-01	
 2.3132e-01	
 2.2991e-01	
 2.2365e-01	
 2.2282e-01	
 2.2816e-01	
 2.2776e-01	
 2.3015e-01	
 2.2536e-01	
 2.2875e-01	
 2.2736e-01	
 2.3211e-01	
 2.2932e-01	
 2.2858e-01	
 2.2762e-01	
 2.2414e-01	
 2.3118e-01	
 2.2746e-01	
 2.3002e-01	
 2.2994e-01	
 2.2437e-01	
 2.3045e-01	
 2.2754e-01	
 2.2656e-01	
 2.2837e-01	
 2.2895e-01	
 2.2956e-01	
 2.2920e-01	
 2.2523e-01	
 2.3323e-01	
 2.2811e-01	
 2.2794e-01	
 2.2313e-01	
 2.2989e-01	
 2.2973e-01	
 2.3422e-01	
 2.2468e-01	
 2.2866e-01	
 2.2805e-01	
 2.2560e-01	
 2.2266e-01	
 2.2836e-01	
 2.2625e-01	
 2.3221e-01	
 2.2519e-01	
 2.2777e-01	
 2.2874e-01	
 2.2657e-01	
 2.3004e-01	
 2.2134e-01	
 2.2898e-01	
 2.2393e-01	
 2.2678e-01	
 2.2540e-01	
 2.3109e-01	
 2.2892e-01	
 2.2815e-01	
 2.3051e-01	
 2.3093e-01	
 2.2345e-01	
 2.2792e-01	
 2.2841e-01	
 2.2712e-01	
 2.3123e-01	
 2.2616e-01	
 2.2495e-01	
 2.2926e-01	
 2.2763e-01	
 2.2771e-01	
 2.2735e-01	
 2.2906e-01	
 2.2532e-01	
 2.2673e-01	
 2.2857e-01	
 2.2976e-01	
 2.2581e-01	
 2.2862e-01	
 2.2115e-01	
 2.2754e-01	
 2.3039e-01	
 2.3015e-01	
 2.3273e-01	
 2.2650e-01	
 2.2519e-01	
 2.2632e-01	
 2.2631e-01	
 2.2351e-01	
 2.2231e-01	
 2.2142e-01	
 2.2317e-01	
 2.3043e-01	
 2.2338e-01	
 2.2944e-01	
 2.2564e-01	
 2.2147e-01	
 2.2678e-01	
 2.2491e-01	
 2.3287e-01	
 2.2885e-01	
 2.2565e-01	
 2.3220e-01	
 2.2633e-01	
 2.2740e-01	
 2.3667e-01	
 2.2211e-01	
 2.2806e-01	
 2.2866e-01	
 2.3108e-01	
 2.2593e-01	
 2.2816e-01	
 2.2860e-01	
 2.2425e-01	
 2.2770e-01	
 2.2718e-01	
 2.2906e-01	
 2.2368e-01	
 2.2360e-01	
 2.2819e-01	
 2.3043e-01	
 2.2522e-01	
 2.2797e-01	
 2.3059e-01	
 2.2737e-01	
 2.2615e-01	
 2.2907e-01	
 2.3372e-01	
 2.2423e-01	
 2.2308e-01	
 2.2570e-01	
 2.1994e-01	
 2.2783e-01	
 2.2573e-01	
 2.2859e-01	
 2.3284e-01	
 2.2433e-01	
 2.2192e-01	
 2.1878e-01	
 2.3058e-01	
 2.2549e-01	
 2.3052e-01	
 2.2873e-01	
 2.2620e-01	
 2.2545e-01	
 2.3362e-01	
 2.2380e-01	
 2.3022e-01	
 2.2671e-01	
 2.3241e-01	
 2.2670e-01	
 2.2979e-01	
 2.2076e-01	
 2.2746e-01	
 2.2286e-01	
 2.3152e-01	
 2.2775e-01	
 2.2509e-01	
 2.2204e-01	
 2.3024e-01	
 2.3540e-01	
 2.3323e-01	
 2.3413e-01	
 2.3072e-01	
 2.2800e-01	
 2.2975e-01	
 2.2868e-01	
 2.3217e-01	
 2.3090e-01	
 2.2640e-01	
 2.2906e-01	
 2.2856e-01	
 2.2758e-01	
 2.2322e-01	
 2.2945e-01	
 2.3090e-01	
 2.2989e-01	
 2.2861e-01	
 2.2483e-01	
 2.2907e-01	
 2.2922e-01	
 2.2428e-01	
 2.3315e-01	
 2.3178e-01	
 2.2682e-01	
 2.2567e-01	
 2.2829e-01	
 2.2718e-01	
 2.2768e-01	
 2.2681e-01	
 2.2587e-01	
 2.2764e-01	
 2.2693e-01	
 2.2632e-01	
 2.3244e-01	
 2.2462e-01	
 2.2967e-01	
 2.2803e-01	
 2.2197e-01	
 2.2464e-01	
 2.2329e-01	
 2.2294e-01	
 2.2593e-01	
 2.2161e-01	
 2.2989e-01	
 2.2764e-01	
 2.3265e-01	
 2.2185e-01	
 2.2969e-01	
 2.2419e-01	
 2.2628e-01	
 2.2654e-01	
 2.3337e-01	
 2.3121e-01	
 2.3135e-01	
 2.2879e-01	
 2.2466e-01	
 2.2751e-01	
 2.2586e-01	
 2.2764e-01	
 2.3310e-01	
 2.2715e-01	
 2.3113e-01	
 2.2596e-01	
 2.3048e-01	
 2.2797e-01	
 2.2660e-01	
 2.2728e-01	
 2.2765e-01	
 2.2783e-01	
 2.2556e-01	
 2.2724e-01	
 2.2710e-01	
 2.2570e-01	
 2.2992e-01	
 2.2539e-01	
 2.2604e-01	
 2.2605e-01	
 2.3132e-01	
 2.3256e-01	
 2.2396e-01	
 2.2403e-01	
 2.2584e-01	
 2.3269e-01	
 2.2861e-01	
 2.1842e-01	
 2.2185e-01	
 2.2666e-01	
 2.2627e-01	
 2.2970e-01	
 2.2301e-01	
 2.2650e-01	
 2.2768e-01	
 2.2956e-01	
 2.2727e-01	
 2.3050e-01	
 2.2695e-01	
 2.2622e-01	
 2.2483e-01	
 2.2893e-01	
 2.2684e-01	
 2.3015e-01	
 2.2957e-01	
 2.2428e-01	
 2.3281e-01	
 2.3162e-01	
 2.2742e-01	
 2.3470e-01	
 2.3231e-01	
 2.3266e-01	
 2.2497e-01	
 2.2859e-01	
 2.3415e-01	
 2.2962e-01	
 2.3425e-01	
 2.2895e-01	
 2.2662e-01	
 2.2887e-01	
 2.2563e-01	
 2.3135e-01	
 2.3127e-01	
 2.2963e-01	
 2.3047e-01	
 2.3105e-01	
 2.2869e-01	
 2.3131e-01	
 2.2603e-01	
 2.2424e-01	
 2.2850e-01	
 2.2348e-01	
 2.2964e-01	
 2.2832e-01	
 2.3134e-01	
 2.2754e-01	
 2.2553e-01	
 2.2917e-01	
 2.3199e-01	
 2.2453e-01	
 2.2223e-01	
 2.2872e-01	
 2.3316e-01	
 2.3233e-01	
 2.2761e-01	
 2.2402e-01	
 2.2787e-01	
 2.3141e-01	
 2.2642e-01	
 2.2579e-01	
 2.2485e-01	
 2.2476e-01	
 2.2856e-01	
 2.2696e-01	
 2.2274e-01	
 2.2713e-01	
 2.3035e-01	
 2.2950e-01	
 2.2884e-01	
 2.3125e-01	
 2.2231e-01	
 2.2305e-01	
 2.2872e-01	
 2.2623e-01	
 2.2265e-01	
 2.2785e-01	
 2.2871e-01	
 2.2680e-01	
 2.2668e-01	
 2.2288e-01	
 2.2598e-01	
 2.2006e-01	
 2.3232e-01	
 2.3108e-01	
 2.2685e-01	
 2.2706e-01	
 2.2818e-01	
 2.3201e-01	
 2.3432e-01	
 2.2610e-01	
 2.2739e-01	
 2.2524e-01	
 2.2967e-01	
 2.2545e-01	
 2.2849e-01	
 2.2445e-01	
 2.2749e-01	
 2.2487e-01	
 2.2143e-01	
 2.2632e-01	
 2.2989e-01	
 2.2593e-01	
 2.2633e-01	
 2.2802e-01	
 2.3060e-01	
 2.3228e-01	
 2.2930e-01	
 2.3244e-01	
 2.2519e-01	
 2.3277e-01	
 2.2425e-01	
 2.2952e-01	
 2.2648e-01	
 2.2962e-01	
 2.2890e-01	
 2.2747e-01	
 2.2758e-01	
 2.2679e-01	
 2.2769e-01	
 2.3123e-01	
 2.2648e-01	
 2.2799e-01	
 2.2466e-01	
 2.2608e-01	
 2.2940e-01	
 2.2748e-01	
 2.1986e-01	
 2.3094e-01	
 2.2426e-01	
 2.2288e-01	
 2.2597e-01	
 2.3298e-01	
 2.2586e-01	
 2.3107e-01	
 2.3308e-01	
 2.2274e-01	
 2.3306e-01	
 2.2903e-01	
 2.2836e-01	
 2.3002e-01	
 2.3323e-01	
 2.3369e-01	
 2.2714e-01	
 2.2550e-01	
 2.2548e-01	
 2.2856e-01	
 2.2757e-01	
 2.3025e-01	
 2.2503e-01	
 2.2869e-01	
 2.2848e-01	
 2.3106e-01	
 2.3217e-01	
 2.3312e-01	
 2.2380e-01	
 2.2763e-01	
 2.2557e-01	
 2.2776e-01	
 2.2408e-01	
 2.2556e-01	
 2.3232e-01	
 2.2860e-01	
 2.2242e-01	
 2.2252e-01	
 2.2122e-01	
 2.2903e-01	
 2.2683e-01	
 2.2816e-01	
 2.2570e-01	
 2.2372e-01	
 2.3218e-01	
 2.2934e-01	
 2.2973e-01	
 2.2432e-01	
 2.2829e-01	
 2.2617e-01	
 2.2910e-01	
 2.2682e-01	
 2.3490e-01	
 2.3271e-01	
 2.2763e-01	
 2.2349e-01	
 2.2115e-01	
 2.2312e-01	
 2.2870e-01	
 2.2497e-01	
 2.2537e-01	
 2.2178e-01	
 2.3356e-01	
 2.2989e-01	
 2.3255e-01	
 2.2176e-01	
 2.2851e-01	
 2.2386e-01	
 2.3034e-01	
 2.3160e-01	
 2.2943e-01	
 2.3275e-01	
 2.3114e-01	
 2.2626e-01	
 2.2777e-01	
 2.2514e-01	
 2.2746e-01	
 2.3247e-01	
 2.2639e-01	
 2.2286e-01	
 2.2722e-01	
 2.2853e-01	
 2.2434e-01	
 2.2600e-01	
 2.3070e-01	
 2.2850e-01	
 2.2856e-01	
 2.2678e-01	
 2.2998e-01	
 2.2765e-01	
 2.2453e-01	
 2.2122e-01	
 2.3304e-01	
 2.2954e-01	
 2.2931e-01	
 2.2993e-01	
 2.2514e-01	
 2.2356e-01	
 2.2964e-01	
 2.3030e-01	
 2.2681e-01	
 2.2726e-01	
 2.2349e-01	
 2.3015e-01	
 2.3106e-01	
 2.3005e-01	
 2.2957e-01	
 2.2955e-01	
 2.2694e-01	
 2.2986e-01	
 2.2576e-01	
 2.2577e-01	
