Loss	
 6.9949e-01	
 6.9890e-01	
 6.9828e-01	
 6.9766e-01	
 6.9702e-01	
 6.9637e-01	
 6.9615e-01	
 6.9614e-01	
 6.9537e-01	
 6.9401e-01	
 6.9320e-01	
 6.9248e-01	
 6.9182e-01	
 6.9127e-01	
 6.9089e-01	
 6.9014e-01	
 6.8932e-01	
 6.8823e-01	
 6.8734e-01	
 6.8634e-01	
 6.8553e-01	
 6.8470e-01	
 6.8386e-01	
 6.8296e-01	
 6.8212e-01	
 6.8108e-01	
 6.8011e-01	
 6.7911e-01	
 6.7822e-01	
 6.7727e-01	
 6.7627e-01	
 6.7526e-01	
 6.7433e-01	
 6.7331e-01	
 6.7214e-01	
 6.7107e-01	
 6.7004e-01	
 6.6899e-01	
 6.6791e-01	
 6.6677e-01	
 6.6562e-01	
 6.6444e-01	
 6.6331e-01	
 6.6211e-01	
 6.6083e-01	
 6.5958e-01	
 6.5829e-01	
 6.5708e-01	
 6.5587e-01	
 6.5463e-01	
 6.5332e-01	
 6.5205e-01	
 6.5080e-01	
 6.4965e-01	
 6.4844e-01	
 6.4712e-01	
 6.4581e-01	
 6.4459e-01	
 6.4334e-01	
 6.4193e-01	
 6.4045e-01	
 6.3919e-01	
 6.3774e-01	
 6.3629e-01	
 6.3488e-01	
 6.3339e-01	
 6.3211e-01	
 6.3077e-01	
 6.2961e-01	
 6.2832e-01	
 6.2718e-01	
 6.2591e-01	
 6.2467e-01	
 6.2324e-01	
 6.2170e-01	
 6.2030e-01	
 6.1855e-01	
 6.1706e-01	
 6.1562e-01	
 6.1443e-01	
 6.1307e-01	
 6.1162e-01	
 6.1028e-01	
 6.0905e-01	
 6.0782e-01	
 6.0677e-01	
 6.0511e-01	
 6.0413e-01	
 6.0285e-01	
 6.0165e-01	
 6.0027e-01	
 5.9897e-01	
 5.9804e-01	
 5.9689e-01	
 5.9536e-01	
 5.9421e-01	
 5.9300e-01	
 5.9128e-01	
 5.9003e-01	
 5.8844e-01	
 5.8764e-01	
 5.8652e-01	
 5.8536e-01	
 5.8432e-01	
 5.8319e-01	
 5.8239e-01	
 5.8163e-01	
 5.8067e-01	
 5.7934e-01	
 5.7850e-01	
 5.7753e-01	
 5.7651e-01	
 5.7513e-01	
 5.7412e-01	
 5.7352e-01	
 5.7258e-01	
 5.7169e-01	
 5.7085e-01	
 5.6982e-01	
 5.6890e-01	
 5.6831e-01	
 5.6750e-01	
 5.6645e-01	
 5.6545e-01	
 5.6440e-01	
 5.6393e-01	
 5.6378e-01	
 5.6315e-01	
 5.6249e-01	
 5.6191e-01	
 5.6163e-01	
 5.6088e-01	
 5.6053e-01	
 5.6015e-01	
 5.5955e-01	
 5.5894e-01	
 5.5837e-01	
 5.5819e-01	
 5.5785e-01	
 5.5730e-01	
 5.5674e-01	
 5.5587e-01	
 5.5538e-01	
 5.5475e-01	
 5.5478e-01	
 5.5415e-01	
 5.5406e-01	
 5.5356e-01	
 5.5329e-01	
 5.5364e-01	
 5.5375e-01	
 5.5299e-01	
 5.5282e-01	
 5.5274e-01	
 5.5258e-01	
 5.5182e-01	
 5.5112e-01	
 5.5104e-01	
 5.5127e-01	
 5.5143e-01	
 5.5101e-01	
 5.5156e-01	
 5.5175e-01	
 5.5119e-01	
 5.5045e-01	
 5.5047e-01	
 5.5017e-01	
 5.5021e-01	
 5.5016e-01	
 5.5095e-01	
 5.5096e-01	
 5.5064e-01	
 5.5100e-01	
 5.5112e-01	
 5.5085e-01	
 5.5018e-01	
 5.5066e-01	
 5.5041e-01	
 5.5016e-01	
 5.5050e-01	
 5.5091e-01	
 5.5092e-01	
 5.5066e-01	
 5.5099e-01	
 5.5046e-01	
 5.5028e-01	
 5.4963e-01	
 5.4913e-01	
 5.4900e-01	
 5.4877e-01	
 5.4919e-01	
 5.4885e-01	
 5.4871e-01	
 5.4853e-01	
 5.4814e-01	
 5.4889e-01	
 5.4900e-01	
 5.4824e-01	
 5.4759e-01	
 5.4795e-01	
 5.4890e-01	
 5.4895e-01	
 5.4857e-01	
 5.4796e-01	
 5.4816e-01	
 5.4716e-01	
 5.4657e-01	
 5.4622e-01	
 5.4605e-01	
 5.4583e-01	
 5.4517e-01	
 5.4579e-01	
 5.4569e-01	
 5.4596e-01	
 5.4536e-01	
 5.4535e-01	
 5.4629e-01	
 5.4624e-01	
 5.4662e-01	
 5.4625e-01	
 5.4670e-01	
 5.4793e-01	
 5.4868e-01	
 5.4884e-01	
 5.4895e-01	
 5.4901e-01	
 5.4918e-01	
 5.4926e-01	
 5.4900e-01	
 5.4852e-01	
 5.4942e-01	
 5.4917e-01	
 5.4882e-01	
 5.4922e-01	
 5.4870e-01	
 5.4838e-01	
 5.4835e-01	
 5.4862e-01	
 5.4847e-01	
 5.4765e-01	
 5.4777e-01	
 5.4811e-01	
 5.4852e-01	
 5.4894e-01	
 5.4910e-01	
 5.4978e-01	
 5.5028e-01	
 5.5007e-01	
 5.5037e-01	
 5.4987e-01	
 5.4947e-01	
 5.4914e-01	
 5.4871e-01	
 5.4877e-01	
 5.4825e-01	
 5.4740e-01	
 5.4683e-01	
 5.4646e-01	
 5.4573e-01	
 5.4589e-01	
 5.4618e-01	
 5.4661e-01	
 5.4763e-01	
 5.4811e-01	
 5.4775e-01	
 5.4791e-01	
 5.4937e-01	
 5.4989e-01	
 5.5055e-01	
 5.5089e-01	
 5.5163e-01	
 5.5239e-01	
 5.5286e-01	
 5.5257e-01	
 5.5284e-01	
 5.5327e-01	
 5.5288e-01	
 5.5183e-01	
 5.5082e-01	
 5.4997e-01	
 5.4910e-01	
 5.4948e-01	
 5.4915e-01	
 5.4842e-01	
 5.4883e-01	
 5.4920e-01	
 5.4875e-01	
 5.4812e-01	
 5.4720e-01	
 5.4637e-01	
 5.4552e-01	
 5.4510e-01	
 5.4292e-01	
 5.4195e-01	
 5.4412e-01	
 5.3683e-01	
 5.4209e-01	
 5.2862e-01	
 5.3649e-01	
 5.2284e-01	
 5.4101e-01	
 5.1854e-01	
 5.2487e-01	
 5.2765e-01	
 5.2766e-01	
 5.2126e-01	
 5.1554e-01	
 5.2370e-01	
 5.1235e-01	
 5.1482e-01	
 5.2765e-01	
 5.2446e-01	
 5.2700e-01	
 5.1029e-01	
 5.2925e-01	
 4.9547e-01	
 5.1112e-01	
 4.8219e-01	
 5.0151e-01	
 4.6903e-01	
 5.0335e-01	
 4.7726e-01	
 4.6045e-01	
 4.9144e-01	
 4.4900e-01	
 4.7356e-01	
 4.4622e-01	
 4.5367e-01	
 4.7305e-01	
 4.5313e-01	
 4.6078e-01	
 4.5385e-01	
 4.5280e-01	
 4.4169e-01	
 4.5341e-01	
 4.2888e-01	
 4.4566e-01	
 4.3342e-01	
 4.3363e-01	
 4.4832e-01	
 4.2892e-01	
 4.2708e-01	
 4.3859e-01	
 4.2679e-01	
 4.4139e-01	
 4.3447e-01	
 4.2700e-01	
 4.2389e-01	
 4.2237e-01	
 4.2692e-01	
 4.4247e-01	
 4.1924e-01	
 4.3689e-01	
 3.9576e-01	
 4.3238e-01	
 4.2187e-01	
 4.1877e-01	
 4.0856e-01	
 4.4063e-01	
 4.0862e-01	
 4.0873e-01	
 4.2430e-01	
 3.9075e-01	
 4.3476e-01	
 3.9864e-01	
 4.4120e-01	
 4.2086e-01	
 4.0857e-01	
 4.0247e-01	
 4.0530e-01	
 4.0580e-01	
 4.1193e-01	
 3.9780e-01	
 4.0728e-01	
 4.1361e-01	
 4.1630e-01	
 4.2824e-01	
 3.9564e-01	
 4.0342e-01	
 4.2119e-01	
 3.9366e-01	
 4.0314e-01	
 3.9969e-01	
 4.1440e-01	
 4.0182e-01	
 3.9124e-01	
 4.0821e-01	
 4.0805e-01	
 4.0697e-01	
 3.9009e-01	
 4.2671e-01	
 3.9897e-01	
 4.1062e-01	
 3.9183e-01	
 4.0555e-01	
 4.0030e-01	
 4.0081e-01	
 3.9227e-01	
 3.9334e-01	
 3.9294e-01	
 4.0603e-01	
 3.9949e-01	
 3.9902e-01	
 4.1431e-01	
 4.0695e-01	
 3.9225e-01	
 4.0471e-01	
 3.9238e-01	
 3.9598e-01	
 4.1521e-01	
 3.9447e-01	
 3.9946e-01	
 3.8444e-01	
 4.0723e-01	
 3.8525e-01	
 3.9490e-01	
 3.9567e-01	
 3.9834e-01	
 3.8672e-01	
 4.0171e-01	
 4.0286e-01	
 4.0428e-01	
 3.9285e-01	
 3.9748e-01	
 3.9346e-01	
 4.0651e-01	
 3.8506e-01	
 4.1102e-01	
 3.7875e-01	
 3.9961e-01	
 3.9120e-01	
 3.8892e-01	
 3.9845e-01	
 3.8710e-01	
 3.9364e-01	
 4.0286e-01	
 3.9815e-01	
 4.0143e-01	
 3.8705e-01	
 3.8735e-01	
 3.9496e-01	
 3.8996e-01	
 3.9407e-01	
 4.0115e-01	
 3.9109e-01	
 3.9630e-01	
 3.8298e-01	
 3.8798e-01	
 3.9090e-01	
 3.9814e-01	
 3.9785e-01	
 4.0257e-01	
 3.9576e-01	
 3.8657e-01	
 3.8719e-01	
 3.9750e-01	
 3.8458e-01	
 3.9791e-01	
 3.8875e-01	
 3.8275e-01	
 3.8868e-01	
 3.8770e-01	
 3.9128e-01	
 3.8458e-01	
 3.9269e-01	
 3.9678e-01	
 3.7967e-01	
 3.9744e-01	
 3.9355e-01	
 3.8122e-01	
 3.7412e-01	
 3.9659e-01	
 3.9061e-01	
 3.9180e-01	
 3.8021e-01	
 3.8403e-01	
 3.9234e-01	
 3.9042e-01	
 3.8394e-01	
 3.9069e-01	
 3.9793e-01	
 3.7436e-01	
 4.0219e-01	
 3.7480e-01	
 3.9808e-01	
 3.8732e-01	
 3.8655e-01	
 3.8372e-01	
 3.9697e-01	
 3.8288e-01	
 4.0227e-01	
 3.8655e-01	
 3.9680e-01	
 3.9289e-01	
 3.8870e-01	
 3.8905e-01	
 3.9359e-01	
 3.8758e-01	
 3.8407e-01	
 3.8795e-01	
 3.8732e-01	
 3.9667e-01	
 3.8424e-01	
 3.8503e-01	
 3.9477e-01	
 3.8486e-01	
 3.7929e-01	
 3.9275e-01	
 3.8300e-01	
 3.9307e-01	
 3.8200e-01	
 3.9565e-01	
 3.8060e-01	
 3.8537e-01	
 3.9396e-01	
 3.7852e-01	
 3.8230e-01	
 3.8676e-01	
 3.7669e-01	
 3.8940e-01	
 3.8123e-01	
 3.8799e-01	
 3.8847e-01	
 3.9102e-01	
 3.9495e-01	
 3.8088e-01	
 3.9021e-01	
 3.8630e-01	
 3.8703e-01	
 3.9388e-01	
 3.8554e-01	
 3.8374e-01	
 3.8934e-01	
 3.8754e-01	
 3.7442e-01	
 3.9213e-01	
 3.8200e-01	
 3.8500e-01	
 3.7601e-01	
 3.9381e-01	
 3.8302e-01	
 3.7643e-01	
 3.8360e-01	
 3.7906e-01	
 3.7919e-01	
 3.8690e-01	
 3.9506e-01	
 3.8276e-01	
 3.8692e-01	
 3.7821e-01	
 3.8390e-01	
 3.7621e-01	
 3.8457e-01	
 3.6862e-01	
 3.7081e-01	
 3.8644e-01	
 3.8234e-01	
 3.7700e-01	
 3.8412e-01	
 3.8044e-01	
 3.7600e-01	
 3.7411e-01	
 3.8136e-01	
 3.8745e-01	
 3.8794e-01	
 3.8702e-01	
 3.8082e-01	
 3.8515e-01	
 3.8108e-01	
 3.9293e-01	
 3.8095e-01	
 3.7728e-01	
 3.8643e-01	
 3.9229e-01	
 3.7249e-01	
 3.8384e-01	
 3.7997e-01	
 3.7257e-01	
 3.8262e-01	
 3.8609e-01	
 3.7662e-01	
 3.7971e-01	
 3.7980e-01	
 3.8040e-01	
 3.9152e-01	
 3.7908e-01	
 3.8239e-01	
 3.8951e-01	
 3.8495e-01	
 3.7641e-01	
 3.8895e-01	
 3.9544e-01	
 3.7151e-01	
 3.7412e-01	
 3.7867e-01	
 3.7535e-01	
 3.8160e-01	
 3.7661e-01	
 3.9068e-01	
 3.9009e-01	
 3.7958e-01	
 3.7285e-01	
 3.7326e-01	
 3.8173e-01	
 3.7921e-01	
 3.8264e-01	
 3.9120e-01	
 3.7539e-01	
 3.8364e-01	
 3.8667e-01	
 3.8174e-01	
 3.7899e-01	
 3.8368e-01	
 3.9145e-01	
 3.8572e-01	
 3.9242e-01	
 3.6868e-01	
 3.7660e-01	
 3.7872e-01	
 3.7906e-01	
 3.9993e-01	
 3.6297e-01	
 3.6942e-01	
 3.9150e-01	
 3.9037e-01	
 3.9657e-01	
 3.8686e-01	
 3.8316e-01	
 3.7425e-01	
 3.9470e-01	
 3.7313e-01	
 3.9423e-01	
 3.9002e-01	
 3.7969e-01	
 3.8189e-01	
 3.7639e-01	
 3.8135e-01	
 3.7858e-01	
 3.7638e-01	
 3.8516e-01	
 3.8357e-01	
 3.8504e-01	
 3.7162e-01	
 3.7821e-01	
 3.8816e-01	
 3.7970e-01	
 3.9338e-01	
 3.8225e-01	
 3.8039e-01	
 3.7149e-01	
 3.8314e-01	
 3.7929e-01	
 3.8425e-01	
 3.7923e-01	
 3.6903e-01	
 3.8140e-01	
 3.8157e-01	
 3.7763e-01	
 3.7479e-01	
 3.8704e-01	
 3.7772e-01	
 3.8220e-01	
 3.6918e-01	
 3.7570e-01	
 3.7238e-01	
 3.6967e-01	
 3.7804e-01	
 3.6784e-01	
 3.8064e-01	
 3.8626e-01	
 3.7948e-01	
 3.7165e-01	
 3.8704e-01	
 3.7390e-01	
 3.7379e-01	
 3.6896e-01	
 3.8801e-01	
 3.9309e-01	
 3.8188e-01	
 3.8168e-01	
 3.7191e-01	
 3.7813e-01	
 3.7403e-01	
 3.7830e-01	
 3.8834e-01	
 3.7530e-01	
 3.8848e-01	
 3.6928e-01	
 3.9091e-01	
 3.7043e-01	
 3.8212e-01	
 3.7616e-01	
 3.7809e-01	
 3.7298e-01	
 3.7170e-01	
 3.8024e-01	
 3.7721e-01	
 3.7047e-01	
 3.8169e-01	
 3.7638e-01	
 3.7467e-01	
 3.6985e-01	
 3.8598e-01	
 3.8302e-01	
 3.7394e-01	
 3.7003e-01	
 3.7395e-01	
 3.8989e-01	
 3.7971e-01	
 3.6601e-01	
 3.6715e-01	
 3.7403e-01	
 3.7659e-01	
 3.8055e-01	
 3.7556e-01	
 3.7063e-01	
 3.7318e-01	
 3.8795e-01	
 3.8087e-01	
 3.7899e-01	
 3.7902e-01	
 3.7274e-01	
 3.7487e-01	
 3.7400e-01	
 3.8107e-01	
 3.8595e-01	
 3.7718e-01	
 3.7401e-01	
 3.8877e-01	
 3.8191e-01	
 3.7197e-01	
 3.8495e-01	
 3.7879e-01	
 3.8821e-01	
 3.6875e-01	
 3.7666e-01	
 3.8533e-01	
 3.7826e-01	
 3.9062e-01	
 3.8218e-01	
 3.6945e-01	
 3.7847e-01	
 3.7631e-01	
 3.7517e-01	
 3.8472e-01	
 3.8538e-01	
 3.7455e-01	
 3.8495e-01	
 3.8164e-01	
 3.7565e-01	
 3.8114e-01	
 3.6677e-01	
 3.7481e-01	
 3.6930e-01	
 3.8434e-01	
 3.6962e-01	
 3.8013e-01	
 3.7574e-01	
 3.6776e-01	
 3.8109e-01	
 3.6649e-01	
 3.7533e-01	
 3.6314e-01	
 3.8056e-01	
 3.8265e-01	
 3.8364e-01	
 3.8028e-01	
 3.6289e-01	
 3.7701e-01	
 3.7264e-01	
 3.7921e-01	
 3.6499e-01	
 3.7156e-01	
 3.6934e-01	
 3.7182e-01	
 3.7324e-01	
 3.6105e-01	
 3.7406e-01	
 3.7424e-01	
 3.7474e-01	
 3.8050e-01	
 3.7527e-01	
 3.6663e-01	
 3.5830e-01	
 3.7598e-01	
 3.7489e-01	
 3.7067e-01	
 3.7793e-01	
 3.7103e-01	
 3.7295e-01	
 3.7784e-01	
 3.6938e-01	
 3.6573e-01	
 3.5746e-01	
 3.8331e-01	
 3.8129e-01	
 3.6864e-01	
 3.6920e-01	
 3.7244e-01	
 3.7803e-01	
 3.8263e-01	
 3.7186e-01	
 3.7558e-01	
 3.6703e-01	
 3.8159e-01	
 3.7138e-01	
 3.7532e-01	
 3.6729e-01	
 3.7463e-01	
 3.7118e-01	
 3.6144e-01	
 3.6720e-01	
 3.7157e-01	
 3.8026e-01	
 3.6358e-01	
 3.7582e-01	
 3.7100e-01	
 3.8799e-01	
 3.6702e-01	
 3.8582e-01	
 3.7209e-01	
 3.8005e-01	
 3.6609e-01	
 3.7578e-01	
 3.7161e-01	
 3.7674e-01	
 3.7758e-01	
 3.6401e-01	
 3.6896e-01	
 3.7318e-01	
 3.6860e-01	
 3.8511e-01	
 3.6502e-01	
 3.6955e-01	
 3.7274e-01	
 3.6458e-01	
 3.7374e-01	
 3.7111e-01	
 3.6096e-01	
 3.7325e-01	
 3.7108e-01	
 3.6015e-01	
 3.6531e-01	
 3.7479e-01	
 3.6844e-01	
 3.6788e-01	
 3.7256e-01	
 3.6004e-01	
 3.7860e-01	
 3.7764e-01	
 3.7613e-01	
 3.6863e-01	
 3.7935e-01	
 3.8157e-01	
 3.6878e-01	
 3.6773e-01	
 3.6556e-01	
 3.7653e-01	
 3.6649e-01	
 3.7912e-01	
 3.6241e-01	
 3.6844e-01	
 3.7220e-01	
 3.7897e-01	
 3.7562e-01	
 3.7999e-01	
 3.6843e-01	
 3.6488e-01	
 3.6627e-01	
 3.6830e-01	
 3.6692e-01	
 3.6290e-01	
 3.7623e-01	
 3.7664e-01	
 3.5474e-01	
 3.5592e-01	
 3.6178e-01	
 3.7395e-01	
 3.6583e-01	
 3.7370e-01	
 3.6739e-01	
 3.6252e-01	
 3.7602e-01	
 3.7303e-01	
 3.7649e-01	
 3.6108e-01	
 3.6737e-01	
 3.6739e-01	
 3.7284e-01	
 3.6573e-01	
 3.7845e-01	
 3.7983e-01	
 3.6487e-01	
 3.7632e-01	
 3.5233e-01	
 3.6096e-01	
 3.6037e-01	
 3.6542e-01	
 3.6448e-01	
 3.7119e-01	
 3.6738e-01	
 3.7748e-01	
 3.7408e-01	
 3.6646e-01	
 3.6381e-01	
 3.6268e-01	
 3.6868e-01	
 3.7441e-01	
 3.7163e-01	
 3.8271e-01	
 3.6576e-01	
 3.7065e-01	
 3.7198e-01	
 3.6205e-01	
 3.6765e-01	
 3.7938e-01	
 3.6571e-01	
 3.5959e-01	
 3.7276e-01	
 3.6778e-01	
 3.6293e-01	
 3.6560e-01	
 3.7651e-01	
 3.6589e-01	
 3.6733e-01	
 3.6839e-01	
 3.6515e-01	
 3.7291e-01	
 3.7056e-01	
 3.5246e-01	
 3.7136e-01	
 3.7089e-01	
 3.6934e-01	
 3.7084e-01	
 3.7035e-01	
 3.5331e-01	
 3.7233e-01	
 3.7151e-01	
 3.6368e-01	
 3.6862e-01	
 3.6369e-01	
 3.6671e-01	
 3.7282e-01	
 3.7025e-01	
 3.7230e-01	
 3.6982e-01	
 3.6791e-01	
 3.6699e-01	
 3.6649e-01	
 3.6379e-01	
 3.6254e-01	
 4.1453e-01	
 4.0187e-01	
 4.1402e-01	
 3.5655e-01	
 3.5668e-01	
 3.6664e-01	
 3.7449e-01	
 3.8488e-01	
 3.7910e-01	
 3.8558e-01	
 3.6587e-01	
 3.6617e-01	
 3.6299e-01	
 3.6407e-01	
 3.6608e-01	
 3.7568e-01	
 3.7527e-01	
 3.7286e-01	
 3.6157e-01	
 3.6419e-01	
 3.6479e-01	
 3.5781e-01	
 3.6830e-01	
 3.7214e-01	
 3.7058e-01	
 3.7810e-01	
 3.6258e-01	
 3.7120e-01	
 3.6821e-01	
 3.6314e-01	
 3.6707e-01	
 3.7825e-01	
 3.6987e-01	
 3.6152e-01	
 3.6092e-01	
 3.6521e-01	
 3.6220e-01	
 3.7373e-01	
 3.6091e-01	
 3.5802e-01	
 3.6291e-01	
 3.6692e-01	
 3.7068e-01	
 3.6303e-01	
 3.7179e-01	
 3.6237e-01	
 3.6458e-01	
 3.6810e-01	
 3.7060e-01	
 3.6324e-01	
 3.6595e-01	
 3.7263e-01	
 3.6121e-01	
 3.6641e-01	
 3.6302e-01	
 3.6800e-01	
 3.6316e-01	
 3.7463e-01	
 3.7163e-01	
 3.5833e-01	
 3.6797e-01	
 3.6593e-01	
 3.6386e-01	
 3.6423e-01	
 3.6629e-01	
 3.5950e-01	
 3.6017e-01	
 3.6312e-01	
 3.6629e-01	
 3.6483e-01	
 3.6442e-01	
 3.7693e-01	
 3.6989e-01	
 3.5949e-01	
 3.6520e-01	
 3.6730e-01	
 3.6706e-01	
 3.7349e-01	
 3.6589e-01	
 3.6418e-01	
 3.6337e-01	
 3.6610e-01	
 3.7566e-01	
 3.7055e-01	
 3.7421e-01	
 3.6924e-01	
 3.6719e-01	
 3.6503e-01	
 3.6868e-01	
 3.6625e-01	
 3.6864e-01	
 3.6335e-01	
 3.7259e-01	
 3.6896e-01	
 3.6129e-01	
 3.6380e-01	
 3.6609e-01	
 3.6746e-01	
 3.6982e-01	
 3.7288e-01	
 3.7476e-01	
 3.6636e-01	
 3.6002e-01	
 3.6860e-01	
 3.7813e-01	
 3.6524e-01	
 3.5858e-01	
 3.6267e-01	
 3.7340e-01	
 3.6237e-01	
 3.7165e-01	
 3.6604e-01	
 3.6459e-01	
 3.6045e-01	
 3.6090e-01	
 3.5748e-01	
 3.5998e-01	
 3.7007e-01	
 3.7390e-01	
 3.7545e-01	
 3.6942e-01	
 3.6989e-01	
 3.6004e-01	
 3.6544e-01	
 3.6112e-01	
 3.6499e-01	
 3.6267e-01	
 3.6098e-01	
 3.6439e-01	
 3.7028e-01	
 3.6680e-01	
 3.6037e-01	
 3.7103e-01	
 3.7099e-01	
 3.7012e-01	
 3.6715e-01	
 3.6545e-01	
 3.7361e-01	
 3.6146e-01	
 3.6183e-01	
 3.6438e-01	
 3.6461e-01	
 3.6660e-01	
 3.6694e-01	
 3.6412e-01	
 3.6935e-01	
 3.7343e-01	
 3.7174e-01	
 3.6555e-01	
 3.6375e-01	
 3.6635e-01	
 3.5928e-01	
 3.7086e-01	
 3.7275e-01	
 3.7245e-01	
 3.6080e-01	
 3.5884e-01	
 3.6857e-01	
 3.6774e-01	
 3.6600e-01	
 3.5930e-01	
 3.7392e-01	
 3.7135e-01	
 3.6909e-01	
 3.6662e-01	
 3.5928e-01	
 3.7609e-01	
 3.7497e-01	
 3.6996e-01	
 3.5857e-01	
 3.6137e-01	
 3.6985e-01	
 3.7002e-01	
 3.6160e-01	
 3.7296e-01	
 3.6978e-01	
 3.5727e-01	
 3.7120e-01	
 3.6938e-01	
 3.6706e-01	
 3.6611e-01	
 3.5996e-01	
 3.6325e-01	
 3.6820e-01	
 3.6783e-01	
 3.5758e-01	
 3.6245e-01	
 3.6130e-01	
 3.6656e-01	
 3.6775e-01	
 3.6754e-01	
 3.5451e-01	
 3.6292e-01	
 3.6520e-01	
 3.6324e-01	
 3.5609e-01	
 3.5547e-01	
 3.7099e-01	
 3.7277e-01	
 3.6480e-01	
 3.7000e-01	
 3.5554e-01	
 3.6283e-01	
 3.6120e-01	
 3.7809e-01	
 3.6373e-01	
 3.6247e-01	
 3.6726e-01	
 3.5560e-01	
 3.7134e-01	
 3.5766e-01	
 3.6642e-01	
 3.6749e-01	
 3.6383e-01	
 3.6026e-01	
 3.6558e-01	
 3.6511e-01	
 3.6362e-01	
 3.6766e-01	
 3.6411e-01	
 3.6940e-01	
 3.5989e-01	
 3.6907e-01	
 3.5329e-01	
 3.6670e-01	
 3.6587e-01	
 3.6608e-01	
 3.7400e-01	
 3.7041e-01	
 3.6126e-01	
 3.6404e-01	
 3.6579e-01	
 3.5786e-01	
 3.5266e-01	
 3.6670e-01	
 3.6981e-01	
 3.7368e-01	
 3.6284e-01	
 3.6182e-01	
 3.5326e-01	
 3.6497e-01	
 3.7908e-01	
 3.6797e-01	
 3.5974e-01	
 3.6640e-01	
 3.6716e-01	
 3.6956e-01	
 3.5264e-01	
 3.6384e-01	
 3.6670e-01	
 3.7544e-01	
 3.6614e-01	
 3.6664e-01	
 3.6820e-01	
 3.6288e-01	
 3.5985e-01	
 3.6314e-01	
 3.7094e-01	
 3.6914e-01	
 3.5461e-01	
 3.6208e-01	
 3.6609e-01	
 3.6884e-01	
 3.6128e-01	
 3.5825e-01	
 3.7067e-01	
 3.6178e-01	
 3.6307e-01	
 3.6201e-01	
 3.6384e-01	
 3.6839e-01	
 3.6757e-01	
 3.6015e-01	
 3.6574e-01	
 3.6019e-01	
 3.6616e-01	
 3.7051e-01	
 3.6379e-01	
 3.5357e-01	
 3.4775e-01	
 3.6240e-01	
 3.7216e-01	
 3.5543e-01	
 3.6340e-01	
 3.6360e-01	
 3.6912e-01	
 3.5425e-01	
 3.6406e-01	
 3.6009e-01	
 3.5900e-01	
 3.6167e-01	
 3.6031e-01	
 3.6272e-01	
 3.6226e-01	
 3.7340e-01	
 3.7226e-01	
 3.7261e-01	
 3.6244e-01	
 3.6138e-01	
 3.7361e-01	
 3.6765e-01	
 3.6223e-01	
 3.6352e-01	
 3.6740e-01	
 3.6409e-01	
 3.6798e-01	
 3.6580e-01	
 3.6222e-01	
 3.7053e-01	
 3.6883e-01	
 3.7586e-01	
 3.7038e-01	
 3.6324e-01	
 3.7293e-01	
 3.6725e-01	
 3.6602e-01	
 3.5740e-01	
 3.7135e-01	
 3.6054e-01	
 3.6157e-01	
 3.6332e-01	
 3.6810e-01	
 3.7764e-01	
 3.6863e-01	
 3.6743e-01	
 3.6380e-01	
 3.6526e-01	
 3.6910e-01	
 3.6476e-01	
 3.6858e-01	
 3.7008e-01	
 3.6562e-01	
 3.6441e-01	
 3.6471e-01	
 3.6493e-01	
 3.6031e-01	
 3.6340e-01	
 3.6966e-01	
 3.6186e-01	
 3.6850e-01	
 3.6896e-01	
 3.6795e-01	
 3.6640e-01	
 3.6917e-01	
 3.6490e-01	
 3.7113e-01	
 3.6063e-01	
 3.6220e-01	
 3.6453e-01	
 3.6081e-01	
 3.6895e-01	
 3.6279e-01	
 3.5876e-01	
 3.6778e-01	
 3.6981e-01	
 3.6906e-01	
 3.6228e-01	
 3.6634e-01	
 3.6458e-01	
 3.7039e-01	
 3.6957e-01	
 3.6701e-01	
 3.5742e-01	
 3.6110e-01	
 3.6989e-01	
 3.7115e-01	
 3.6347e-01	
 3.6628e-01	
 3.6566e-01	
 3.6868e-01	
 3.6439e-01	
 3.5996e-01	
 3.6862e-01	
 3.7356e-01	
 3.6264e-01	
 3.6759e-01	
 3.6346e-01	
 3.6653e-01	
 3.6709e-01	
 3.6104e-01	
 3.6531e-01	
 3.5913e-01	
 3.7475e-01	
 3.6164e-01	
 3.5973e-01	
 3.5584e-01	
 3.7087e-01	
 3.6181e-01	
 3.5788e-01	
 3.6995e-01	
 3.6982e-01	
 3.5544e-01	
 3.6513e-01	
 3.6579e-01	
 3.6942e-01	
 3.6217e-01	
 3.6375e-01	
 3.5685e-01	
 3.6007e-01	
 3.7041e-01	
 3.6656e-01	
 3.6343e-01	
 3.6449e-01	
 3.7058e-01	
 3.6255e-01	
 3.6307e-01	
 3.6376e-01	
 3.6331e-01	
 3.7421e-01	
 3.7294e-01	
 3.6501e-01	
 3.5462e-01	
 3.6878e-01	
 3.5999e-01	
 3.6127e-01	
 3.6968e-01	
 3.5901e-01	
 3.6563e-01	
 3.6722e-01	
 3.6053e-01	
 3.6370e-01	
 3.6007e-01	
 3.5990e-01	
 3.6835e-01	
 3.6096e-01	
 3.6543e-01	
 3.7449e-01	
 3.5826e-01	
 3.6408e-01	
 3.5940e-01	
 3.6457e-01	
 3.6531e-01	
 3.5978e-01	
 3.6902e-01	
 3.5954e-01	
 3.6668e-01	
 3.7024e-01	
 3.6357e-01	
 3.6112e-01	
 3.6260e-01	
 3.6748e-01	
 3.6709e-01	
 3.7136e-01	
 3.6113e-01	
 3.6567e-01	
 3.5837e-01	
 3.6592e-01	
 3.6343e-01	
 3.6090e-01	
 3.5933e-01	
 3.6862e-01	
 3.6152e-01	
 3.6153e-01	
 3.6031e-01	
 3.6773e-01	
 3.6517e-01	
 3.6797e-01	
 3.5979e-01	
 3.6804e-01	
 3.5878e-01	
 3.6537e-01	
 3.6243e-01	
 3.5984e-01	
 3.6099e-01	
 3.6609e-01	
 3.5415e-01	
 3.7143e-01	
 3.7097e-01	
 3.5740e-01	
 3.5731e-01	
 3.6409e-01	
 3.6335e-01	
 3.6939e-01	
 3.5547e-01	
 3.6322e-01	
 3.6097e-01	
 3.6863e-01	
 3.6366e-01	
 3.6136e-01	
 3.6303e-01	
 3.5745e-01	
 3.6963e-01	
 3.5914e-01	
 3.6591e-01	
 3.6472e-01	
 3.5650e-01	
 3.6503e-01	
 3.6348e-01	
 3.6072e-01	
 3.6702e-01	
 3.6912e-01	
 3.6753e-01	
 3.6845e-01	
 3.6452e-01	
 3.7186e-01	
 3.6431e-01	
 3.6327e-01	
 3.6010e-01	
 3.6696e-01	
 3.6410e-01	
 3.7027e-01	
 3.5827e-01	
 3.6598e-01	
 3.6496e-01	
 3.5957e-01	
 3.5479e-01	
 3.6296e-01	
 3.6316e-01	
 3.6822e-01	
 3.5860e-01	
 3.6186e-01	
 3.6172e-01	
 3.6073e-01	
 3.6533e-01	
 3.5288e-01	
 3.6615e-01	
 3.5366e-01	
 3.6130e-01	
 3.6186e-01	
 3.6813e-01	
 3.6274e-01	
 3.6630e-01	
 3.6775e-01	
 3.6863e-01	
 3.5553e-01	
 3.6775e-01	
 3.6351e-01	
 3.6260e-01	
 3.6861e-01	
 3.5997e-01	
 3.5884e-01	
 3.6821e-01	
 3.6510e-01	
 3.6019e-01	
 3.6197e-01	
 3.6598e-01	
 3.5980e-01	
 3.5927e-01	
 3.6186e-01	
 3.6653e-01	
 3.5953e-01	
 3.6211e-01	
 3.5096e-01	
 3.6045e-01	
 3.6399e-01	
 3.6845e-01	
 3.6866e-01	
 3.6308e-01	
 3.6036e-01	
 3.6154e-01	
 3.6235e-01	
 3.5725e-01	
 3.5690e-01	
 3.5231e-01	
 3.5479e-01	
 3.6643e-01	
 3.5344e-01	
 3.6581e-01	
 3.5858e-01	
 3.5184e-01	
 3.6057e-01	
 3.5550e-01	
 3.6815e-01	
 3.6360e-01	
 3.5852e-01	
 3.6484e-01	
 3.5847e-01	
 3.6191e-01	
 3.7737e-01	
 3.5460e-01	
 3.6453e-01	
 3.6331e-01	
 3.6846e-01	
 3.6237e-01	
 3.6440e-01	
 3.6434e-01	
 3.5487e-01	
 3.6192e-01	
 3.5868e-01	
 3.6175e-01	
 3.5182e-01	
 3.5487e-01	
 3.6320e-01	
 3.6569e-01	
 3.5637e-01	
 3.6086e-01	
 3.6920e-01	
 3.6383e-01	
 3.5856e-01	
 3.6541e-01	
 3.7429e-01	
 3.5589e-01	
 3.5644e-01	
 3.6266e-01	
 3.5508e-01	
 3.6585e-01	
 3.6011e-01	
 3.6269e-01	
 3.7038e-01	
 3.6017e-01	
 3.5333e-01	
 3.5002e-01	
 3.6745e-01	
 3.5903e-01	
 3.6571e-01	
 3.6508e-01	
 3.5921e-01	
 3.5969e-01	
 3.7345e-01	
 3.5739e-01	
 3.6684e-01	
 3.6040e-01	
 3.6698e-01	
 3.6372e-01	
 3.6891e-01	
 3.5517e-01	
 3.6093e-01	
 3.5589e-01	
 3.6811e-01	
 3.6498e-01	
 3.5780e-01	
 3.5170e-01	
 3.6779e-01	
 3.7215e-01	
 3.7230e-01	
 3.7307e-01	
 3.6586e-01	
 3.6122e-01	
 3.6509e-01	
 3.6355e-01	
 3.7211e-01	
 3.6942e-01	
 3.6316e-01	
 3.6537e-01	
 3.6315e-01	
 3.6485e-01	
 3.5499e-01	
 3.6363e-01	
 3.6762e-01	
 3.6352e-01	
 3.6560e-01	
 3.5809e-01	
 3.6185e-01	
 3.6556e-01	
 3.5846e-01	
 3.7143e-01	
 3.6695e-01	
 3.5929e-01	
 3.5613e-01	
 3.6239e-01	
 3.6238e-01	
 3.6308e-01	
 3.6245e-01	
 3.5692e-01	
 3.6078e-01	
 3.6475e-01	
 3.5922e-01	
 3.6711e-01	
 3.5905e-01	
 3.6880e-01	
 3.6483e-01	
 3.5346e-01	
 3.6267e-01	
 3.5968e-01	
 3.5470e-01	
 3.6231e-01	
 3.5269e-01	
 3.6590e-01	
 3.6376e-01	
 3.7031e-01	
 3.5300e-01	
 3.6673e-01	
 3.5851e-01	
 3.6001e-01	
 3.5997e-01	
 3.6784e-01	
 3.6933e-01	
 3.6749e-01	
 3.6338e-01	
 3.5632e-01	
 3.5980e-01	
 3.6018e-01	
 3.6194e-01	
 3.6902e-01	
 3.5920e-01	
 3.6839e-01	
 3.5935e-01	
 3.6550e-01	
 3.6017e-01	
 3.5968e-01	
 3.6300e-01	
 3.6385e-01	
 3.6124e-01	
 3.5804e-01	
 3.6242e-01	
 3.5962e-01	
 3.5933e-01	
 3.6466e-01	
 3.5657e-01	
 3.5875e-01	
 3.5888e-01	
 3.6423e-01	
 3.6869e-01	
 3.5506e-01	
 3.5494e-01	
 3.5795e-01	
 3.7216e-01	
 3.6554e-01	
 3.5020e-01	
 3.5736e-01	
 3.6320e-01	
 3.6018e-01	
 3.6873e-01	
 3.5733e-01	
 3.6117e-01	
 3.5682e-01	
 3.6427e-01	
 3.6544e-01	
 3.6904e-01	
 3.6071e-01	
 3.6194e-01	
 3.5350e-01	
 3.6364e-01	
 3.6220e-01	
 3.6257e-01	
 3.6545e-01	
 3.5856e-01	
 3.7211e-01	
 3.6833e-01	
 3.6010e-01	
 3.7282e-01	
 3.6821e-01	
 3.6976e-01	
 3.5538e-01	
 3.6380e-01	
 3.7307e-01	
 3.6601e-01	
 3.7223e-01	
 3.6694e-01	
 3.5708e-01	
 3.6565e-01	
 3.6011e-01	
 3.6303e-01	
 3.6520e-01	
 3.6471e-01	
 3.6856e-01	
 3.6608e-01	
 3.6469e-01	
 3.7042e-01	
 3.6338e-01	
 3.5920e-01	
 3.6371e-01	
 3.5560e-01	
 3.6766e-01	
 3.6269e-01	
 3.6891e-01	
 3.6058e-01	
 3.6024e-01	
 3.6625e-01	
 3.6505e-01	
 3.5591e-01	
 3.5257e-01	
 3.6279e-01	
 3.6985e-01	
 3.6954e-01	
 3.6320e-01	
 3.5468e-01	
 3.6293e-01	
 3.6766e-01	
 3.6075e-01	
 3.5890e-01	
 3.5798e-01	
 3.5434e-01	
 3.6350e-01	
 3.5923e-01	
 3.5255e-01	
 3.6133e-01	
 3.6518e-01	
 3.6162e-01	
 3.6521e-01	
 3.6593e-01	
 3.5461e-01	
 3.5283e-01	
 3.6192e-01	
 3.6021e-01	
 3.5478e-01	
 3.6270e-01	
 3.6358e-01	
 3.5672e-01	
 3.6009e-01	
 3.5433e-01	
 3.6206e-01	
 3.4789e-01	
 3.6749e-01	
 3.6719e-01	
 3.6107e-01	
 3.5950e-01	
 3.6141e-01	
 3.6558e-01	
 3.7026e-01	
 3.6017e-01	
 3.5812e-01	
 3.5959e-01	
 3.6378e-01	
 3.5841e-01	
 3.6275e-01	
 3.5655e-01	
 3.6055e-01	
 3.5992e-01	
 3.5134e-01	
 3.5798e-01	
 3.6384e-01	
 3.6056e-01	
 3.6038e-01	
 3.6229e-01	
 3.6619e-01	
 3.6615e-01	
 3.6225e-01	
 3.6857e-01	
 3.5906e-01	
 3.7191e-01	
 3.5290e-01	
 3.6372e-01	
 3.6014e-01	
 3.6569e-01	
 3.6492e-01	
 3.6042e-01	
 3.5996e-01	
 3.6143e-01	
 3.6516e-01	
 3.6776e-01	
 3.5924e-01	
 3.6285e-01	
 3.5921e-01	
 3.6184e-01	
 3.6620e-01	
 3.6262e-01	
 3.4955e-01	
 3.6336e-01	
 3.5641e-01	
 3.5301e-01	
 3.5530e-01	
 3.6558e-01	
 3.6013e-01	
 3.6558e-01	
 3.6563e-01	
 3.5093e-01	
 3.6981e-01	
 3.6276e-01	
 3.6435e-01	
 3.6428e-01	
 3.6592e-01	
 3.6978e-01	
 3.5824e-01	
 3.5732e-01	
 3.5585e-01	
 3.6286e-01	
 3.5768e-01	
 3.6224e-01	
 3.5542e-01	
 3.6260e-01	
 3.6196e-01	
 3.6606e-01	
 3.6456e-01	
 3.6929e-01	
 3.5572e-01	
 3.5917e-01	
 3.5467e-01	
 3.6047e-01	
 3.5604e-01	
 3.5497e-01	
 3.6652e-01	
 3.6484e-01	
 3.5260e-01	
 3.5399e-01	
 3.5320e-01	
 3.6496e-01	
 3.6031e-01	
 3.6086e-01	
 3.5601e-01	
 3.5575e-01	
 3.6831e-01	
 3.6319e-01	
 3.6451e-01	
 3.5562e-01	
 3.6301e-01	
 3.5966e-01	
 3.6185e-01	
 3.6005e-01	
 3.7208e-01	
 3.6613e-01	
 3.6284e-01	
 3.5573e-01	
 3.5446e-01	
 3.5264e-01	
 3.6059e-01	
 3.5511e-01	
 3.5796e-01	
 3.5443e-01	
 3.7050e-01	
 3.6668e-01	
 3.6875e-01	
 3.5321e-01	
 3.5828e-01	
 3.5325e-01	
 3.6330e-01	
 3.6660e-01	
 3.6361e-01	
 3.6900e-01	
 3.6500e-01	
 3.6050e-01	
 3.6154e-01	
 3.5642e-01	
 3.6088e-01	
 3.6829e-01	
 3.6101e-01	
 3.5171e-01	
 3.6415e-01	
 3.6174e-01	
 3.5742e-01	
 3.5787e-01	
 3.6489e-01	
 3.6303e-01	
 3.5991e-01	
 3.5882e-01	
 3.6360e-01	
 3.5927e-01	
 3.5825e-01	
 3.4839e-01	
 3.6856e-01	
 3.6240e-01	
 3.6548e-01	
 3.6428e-01	
 3.5975e-01	
 3.5554e-01	
 3.6350e-01	
 3.6656e-01	
 3.5970e-01	
 3.5976e-01	
 3.5612e-01	
 3.6381e-01	
 3.6296e-01	
 3.6285e-01	
 3.6685e-01	
 3.6591e-01	
 3.6072e-01	
 3.6494e-01	
 3.5596e-01	
 3.5740e-01	
 3.5165e-01	
 3.7560e-01	
 3.7789e-01	
 3.8751e-01	
 3.4410e-01	
 3.4092e-01	
 3.5132e-01	
 3.5793e-01	
 3.7235e-01	
 3.6863e-01	
 3.6959e-01	
 3.5241e-01	
 3.5426e-01	
