Loss	
 6.9949e-01	
 6.9945e-01	
 6.9940e-01	
 6.9936e-01	
 6.9931e-01	
 6.9926e-01	
 6.9965e-01	
 7.0025e-01	
 7.0014e-01	
 6.9947e-01	
 6.9932e-01	
 6.9929e-01	
 6.9930e-01	
 6.9944e-01	
 6.9976e-01	
 6.9973e-01	
 6.9965e-01	
 6.9935e-01	
 6.9924e-01	
 6.9903e-01	
 6.9901e-01	
 6.9896e-01	
 6.9891e-01	
 6.9888e-01	
 6.9887e-01	
 6.9872e-01	
 6.9865e-01	
 6.9853e-01	
 6.9850e-01	
 6.9844e-01	
 6.9835e-01	
 6.9827e-01	
 6.9831e-01	
 6.9830e-01	
 6.9814e-01	
 6.9805e-01	
 6.9802e-01	
 6.9795e-01	
 6.9791e-01	
 6.9779e-01	
 6.9770e-01	
 6.9764e-01	
 6.9761e-01	
 6.9754e-01	
 6.9731e-01	
 6.9714e-01	
 6.9686e-01	
 6.9680e-01	
 6.9674e-01	
 6.9666e-01	
 6.9646e-01	
 6.9634e-01	
 6.9628e-01	
 6.9638e-01	
 6.9641e-01	
 6.9634e-01	
 6.9622e-01	
 6.9633e-01	
 6.9642e-01	
 6.9620e-01	
 6.9587e-01	
 6.9588e-01	
 6.9565e-01	
 6.9541e-01	
 6.9520e-01	
 6.9488e-01	
 6.9483e-01	
 6.9472e-01	
 6.9489e-01	
 6.9489e-01	
 6.9518e-01	
 6.9529e-01	
 6.9545e-01	
 6.9533e-01	
 6.9506e-01	
 6.9498e-01	
 6.9431e-01	
 6.9397e-01	
 6.9367e-01	
 6.9377e-01	
 6.9363e-01	
 6.9334e-01	
 6.9317e-01	
 6.9309e-01	
 6.9309e-01	
 6.9334e-01	
 6.9283e-01	
 6.9322e-01	
 6.9321e-01	
 6.9336e-01	
